[0.063s] Invoking command in '/home/lur/controller/build/manual_pubsub': CMAKE_PREFIX_PATH=${CMAKE_PREFIX_PATH}:/opt/ros/foxy /usr/bin/cmake --build /home/lur/controller/build/manual_pubsub -- -j4 -l4
[0.221s] [35m[1mScanning dependencies of target talker[0m
[0.290s] [ 50%] Built target listener
[0.329s] [ 75%] [32mBuilding CXX object CMakeFiles/talker.dir/src/publisher_member_function.cpp.o[0m
[4.500s] [01m[K/home/lur/controller/src/manual_pubsub/src/publisher_member_function.cpp:[m[K In member function ‘[01m[Kvoid MinimalPublisher::timer_callback()[m[K’:
[4.501s] [01m[K/home/lur/controller/src/manual_pubsub/src/publisher_member_function.cpp:82:8:[m[K [01;31m[Kerror: [m[K‘[01m[Khead[m[K’ was not declared in this scope
[4.502s]    82 |        [01;31m[Khead[m[K,
[4.502s]       |        [01;31m[K^~~~[m[K
[4.502s] [01m[K/home/lur/controller/src/manual_pubsub/src/publisher_member_function.cpp:88:5:[m[K [01;31m[Kerror: [m[Kcould not convert ‘[01m[K{<expression error>, 1000, 500, 500, 0, 0}[m[K’ from ‘[01m[K<brace-enclosed initializer list>[m[K’ to ‘[01m[KmanualMsg[m[K’ {aka ‘[01m[Kmavros_msgs::msg::ManualControl_<std::allocator<void> >[m[K’}
[4.503s]    88 |     [01;31m[K}[m[K;
[4.503s]       |     [01;31m[K^[m[K
[4.503s]       |     [01;31m[K|[m[K
[4.503s]       |     [01;31m[K<brace-enclosed initializer list>[m[K
[4.504s] [01m[K/home/lur/controller/src/manual_pubsub/src/publisher_member_function.cpp:90:84:[m[K [01;31m[Kerror: [m[K‘[01m[KmanualMsg[m[K’ {aka ‘[01m[Kstruct mavros_msgs::msg::ManualControl_<std::allocator<void> >[m[K’} has no member named ‘[01m[Kmsg[m[K’
[4.504s]    90 |     message.data = "Message " + std::to_string(count_++) + " (x,y,z,r,b): (" + msg.[01;31m[Kmsg[m[K.x + "," + msg.msg.y + "," + msg.msg.z + "," + msg.r + "," + msg.buttons + ")";
[4.504s]       |                                                                                    [01;31m[K^~~[m[K
[4.505s] [01m[K/home/lur/controller/src/manual_pubsub/src/publisher_member_function.cpp:90:102:[m[K [01;31m[Kerror: [m[K‘[01m[KmanualMsg[m[K’ {aka ‘[01m[Kstruct mavros_msgs::msg::ManualControl_<std::allocator<void> >[m[K’} has no member named ‘[01m[Kmsg[m[K’
[4.505s]    90 |     message.data = "Message " + std::to_string(count_++) + " (x,y,z,r,b): (" + msg.msg.x + "," + msg.[01;31m[Kmsg[m[K.y + "," + msg.msg.z + "," + msg.r + "," + msg.buttons + ")";
[4.505s]       |                                                                                                      [01;31m[K^~~[m[K
[4.505s] [01m[K/home/lur/controller/src/manual_pubsub/src/publisher_member_function.cpp:90:120:[m[K [01;31m[Kerror: [m[K‘[01m[KmanualMsg[m[K’ {aka ‘[01m[Kstruct mavros_msgs::msg::ManualControl_<std::allocator<void> >[m[K’} has no member named ‘[01m[Kmsg[m[K’
[4.506s]    90 |     message.data = "Message " + std::to_string(count_++) + " (x,y,z,r,b): (" + msg.msg.x + "," + msg.msg.y + "," + msg.[01;31m[Kmsg[m[K.z + "," + msg.r + "," + msg.buttons + ")";
[4.506s]       |                                                                                                                        [01;31m[K^~~[m[K
[7.132s] make[2]: *** [CMakeFiles/talker.dir/build.make:63: CMakeFiles/talker.dir/src/publisher_member_function.cpp.o] Error 1
[7.133s] make[1]: *** [CMakeFiles/Makefile2:107: CMakeFiles/talker.dir/all] Error 2
[7.133s] make: *** [Makefile:141: all] Error 2
[7.144s] Invoked command in '/home/lur/controller/build/manual_pubsub' returned '2': CMAKE_PREFIX_PATH=${CMAKE_PREFIX_PATH}:/opt/ros/foxy /usr/bin/cmake --build /home/lur/controller/build/manual_pubsub -- -j4 -l4
