[0.530s] DEBUG:colcon:Command line arguments: ['/usr/bin/colcon', 'build']
[0.531s] DEBUG:colcon:Parsed command line arguments: Namespace(allow_overriding=[], ament_cmake_args=None, base_paths=['.'], build_base='build', catkin_cmake_args=None, catkin_skip_building_tests=False, cmake_args=None, cmake_clean_cache=False, cmake_clean_first=False, cmake_force_configure=False, cmake_target=None, cmake_target_skip_unavailable=False, continue_on_error=False, event_handlers=None, executor='parallel', ignore_user_meta=False, install_base='install', log_base=None, log_level=None, main=<bound method BuildVerb.main of <colcon_core.verb.build.BuildVerb object at 0xffff9cac4580>>, merge_install=False, metas=['./colcon.meta'], packages_above=None, packages_above_and_dependencies=None, packages_above_depth=None, packages_end=None, packages_ignore=None, packages_ignore_regex=None, packages_select=None, packages_select_build_failed=False, packages_select_by_dep=None, packages_select_regex=None, packages_select_test_failures=False, packages_skip=None, packages_skip_build_finished=False, packages_skip_by_dep=None, packages_skip_regex=None, packages_skip_test_passed=False, packages_skip_up_to=None, packages_start=None, packages_up_to=None, packages_up_to_regex=None, parallel_workers=4, paths=None, symlink_install=False, test_result_base=None, verb_extension=<colcon_core.verb.build.BuildVerb object at 0xffff9cac4580>, verb_name='build', verb_parser=<colcon_defaults.argument_parser.defaults.DefaultArgumentsDecorator object at 0xffff9cac4ac0>)
[0.642s] Level 1:colcon.colcon_core.package_discovery:discover_packages(colcon_meta) check parameters
[0.642s] Level 1:colcon.colcon_core.package_discovery:discover_packages(recursive) check parameters
[0.642s] Level 1:colcon.colcon_core.package_discovery:discover_packages(ignore) check parameters
[0.643s] Level 1:colcon.colcon_core.package_discovery:discover_packages(path) check parameters
[0.643s] Level 1:colcon.colcon_core.package_discovery:discover_packages(colcon_meta) discover
[0.643s] Level 1:colcon.colcon_core.package_discovery:discover_packages(recursive) discover
[0.644s] INFO:colcon.colcon_core.package_discovery:Crawling recursively for packages in '/home/lur/controller'
[0.644s] Level 1:colcon.colcon_core.package_identification:_identify(.) by extensions ['ignore', 'ignore_ament_install']
[0.645s] Level 1:colcon.colcon_core.package_identification:_identify(.) by extension 'ignore'
[0.645s] Level 1:colcon.colcon_core.package_identification:_identify(.) by extension 'ignore_ament_install'
[0.645s] Level 1:colcon.colcon_core.package_identification:_identify(.) by extensions ['colcon_pkg']
[0.646s] Level 1:colcon.colcon_core.package_identification:_identify(.) by extension 'colcon_pkg'
[0.646s] Level 1:colcon.colcon_core.package_identification:_identify(.) by extensions ['colcon_meta']
[0.646s] Level 1:colcon.colcon_core.package_identification:_identify(.) by extension 'colcon_meta'
[0.646s] Level 1:colcon.colcon_core.package_identification:_identify(.) by extensions ['ros']
[0.646s] Level 1:colcon.colcon_core.package_identification:_identify(.) by extension 'ros'
[0.695s] Level 1:colcon.colcon_core.package_identification:_identify(.) by extensions ['cmake', 'python']
[0.696s] Level 1:colcon.colcon_core.package_identification:_identify(.) by extension 'cmake'
[0.696s] Level 1:colcon.colcon_core.package_identification:_identify(.) by extension 'python'
[0.696s] Level 1:colcon.colcon_core.package_identification:_identify(.) by extensions ['python_setup_py']
[0.696s] Level 1:colcon.colcon_core.package_identification:_identify(.) by extension 'python_setup_py'
[0.697s] Level 1:colcon.colcon_core.package_identification:_identify(build) by extensions ['ignore', 'ignore_ament_install']
[0.697s] Level 1:colcon.colcon_core.package_identification:_identify(build) by extension 'ignore'
[0.698s] Level 1:colcon.colcon_core.package_identification:_identify(build) ignored
[0.698s] Level 1:colcon.colcon_core.package_identification:_identify(install) by extensions ['ignore', 'ignore_ament_install']
[0.699s] Level 1:colcon.colcon_core.package_identification:_identify(install) by extension 'ignore'
[0.699s] Level 1:colcon.colcon_core.package_identification:_identify(install) ignored
[0.699s] Level 1:colcon.colcon_core.package_identification:_identify(log) by extensions ['ignore', 'ignore_ament_install']
[0.700s] Level 1:colcon.colcon_core.package_identification:_identify(log) by extension 'ignore'
[0.700s] Level 1:colcon.colcon_core.package_identification:_identify(log) ignored
[0.700s] Level 1:colcon.colcon_core.package_identification:_identify(src) by extensions ['ignore', 'ignore_ament_install']
[0.700s] Level 1:colcon.colcon_core.package_identification:_identify(src) by extension 'ignore'
[0.701s] Level 1:colcon.colcon_core.package_identification:_identify(src) by extension 'ignore_ament_install'
[0.701s] Level 1:colcon.colcon_core.package_identification:_identify(src) by extensions ['colcon_pkg']
[0.701s] Level 1:colcon.colcon_core.package_identification:_identify(src) by extension 'colcon_pkg'
[0.701s] Level 1:colcon.colcon_core.package_identification:_identify(src) by extensions ['colcon_meta']
[0.701s] Level 1:colcon.colcon_core.package_identification:_identify(src) by extension 'colcon_meta'
[0.702s] Level 1:colcon.colcon_core.package_identification:_identify(src) by extensions ['ros']
[0.702s] Level 1:colcon.colcon_core.package_identification:_identify(src) by extension 'ros'
[0.702s] Level 1:colcon.colcon_core.package_identification:_identify(src) by extensions ['cmake', 'python']
[0.702s] Level 1:colcon.colcon_core.package_identification:_identify(src) by extension 'cmake'
[0.703s] Level 1:colcon.colcon_core.package_identification:_identify(src) by extension 'python'
[0.703s] Level 1:colcon.colcon_core.package_identification:_identify(src) by extensions ['python_setup_py']
[0.703s] Level 1:colcon.colcon_core.package_identification:_identify(src) by extension 'python_setup_py'
[0.703s] Level 1:colcon.colcon_core.package_identification:_identify(src/robosub) by extensions ['ignore', 'ignore_ament_install']
[0.705s] Level 1:colcon.colcon_core.package_identification:_identify(src/robosub) by extension 'ignore'
[0.705s] Level 1:colcon.colcon_core.package_identification:_identify(src/robosub) by extension 'ignore_ament_install'
[0.705s] Level 1:colcon.colcon_core.package_identification:_identify(src/robosub) by extensions ['colcon_pkg']
[0.706s] Level 1:colcon.colcon_core.package_identification:_identify(src/robosub) by extension 'colcon_pkg'
[0.706s] Level 1:colcon.colcon_core.package_identification:_identify(src/robosub) by extensions ['colcon_meta']
[0.706s] Level 1:colcon.colcon_core.package_identification:_identify(src/robosub) by extension 'colcon_meta'
[0.706s] Level 1:colcon.colcon_core.package_identification:_identify(src/robosub) by extensions ['ros']
[0.706s] Level 1:colcon.colcon_core.package_identification:_identify(src/robosub) by extension 'ros'
[0.720s] DEBUG:colcon.colcon_core.package_identification:Package 'src/robosub' with type 'ros.ament_cmake' and name 'robosub'
[0.721s] Level 1:colcon.colcon_core.package_discovery:discover_packages(recursive) using defaults
[0.721s] Level 1:colcon.colcon_core.package_discovery:discover_packages(ignore) discover
[0.721s] Level 1:colcon.colcon_core.package_discovery:discover_packages(ignore) using defaults
[0.721s] Level 1:colcon.colcon_core.package_discovery:discover_packages(path) discover
[0.721s] Level 1:colcon.colcon_core.package_discovery:discover_packages(path) using defaults
[0.784s] Level 1:colcon.colcon_core.package_discovery:discover_packages(prefix_path) check parameters
[0.785s] Level 1:colcon.colcon_core.package_discovery:discover_packages(prefix_path) discover
[0.792s] DEBUG:colcon.colcon_installed_package_information.package_discovery:Found 1 installed packages in /home/lur/controller/install
[0.798s] DEBUG:colcon.colcon_installed_package_information.package_discovery:Found 263 installed packages in /opt/ros/foxy
[0.804s] Level 1:colcon.colcon_core.package_discovery:discover_packages(prefix_path) using defaults
[1.088s] Level 5:colcon.colcon_core.verb:set package 'robosub' build argument 'cmake_args' from command line to 'None'
[1.089s] Level 5:colcon.colcon_core.verb:set package 'robosub' build argument 'cmake_target' from command line to 'None'
[1.089s] Level 5:colcon.colcon_core.verb:set package 'robosub' build argument 'cmake_target_skip_unavailable' from command line to 'False'
[1.089s] Level 5:colcon.colcon_core.verb:set package 'robosub' build argument 'cmake_clean_cache' from command line to 'False'
[1.089s] Level 5:colcon.colcon_core.verb:set package 'robosub' build argument 'cmake_clean_first' from command line to 'False'
[1.089s] Level 5:colcon.colcon_core.verb:set package 'robosub' build argument 'cmake_force_configure' from command line to 'False'
[1.089s] Level 5:colcon.colcon_core.verb:set package 'robosub' build argument 'ament_cmake_args' from command line to 'None'
[1.090s] Level 5:colcon.colcon_core.verb:set package 'robosub' build argument 'catkin_cmake_args' from command line to 'None'
[1.090s] Level 5:colcon.colcon_core.verb:set package 'robosub' build argument 'catkin_skip_building_tests' from command line to 'False'
[1.090s] DEBUG:colcon.colcon_core.verb:Building package 'robosub' with the following arguments: {'ament_cmake_args': None, 'build_base': '/home/lur/controller/build/robosub', 'catkin_cmake_args': None, 'catkin_skip_building_tests': False, 'cmake_args': None, 'cmake_clean_cache': False, 'cmake_clean_first': False, 'cmake_force_configure': False, 'cmake_target': None, 'cmake_target_skip_unavailable': False, 'install_base': '/home/lur/controller/install/robosub', 'merge_install': False, 'path': '/home/lur/controller/src/robosub', 'symlink_install': False, 'test_result_base': None}
[1.091s] INFO:colcon.colcon_core.executor:Executing jobs using 'parallel' executor
[1.098s] DEBUG:colcon.colcon_parallel_executor.executor.parallel:run_until_complete
[1.099s] INFO:colcon.colcon_ros.task.ament_cmake.build:Building ROS package in '/home/lur/controller/src/robosub' with build type 'ament_cmake'
[1.100s] INFO:colcon.colcon_cmake.task.cmake.build:Building CMake package in '/home/lur/controller/src/robosub'
[1.112s] INFO:colcon.colcon_core.plugin_system:Skipping extension 'colcon_core.shell.bat': Not used on non-Windows systems
[1.113s] INFO:colcon.colcon_core.shell:Skip shell extension 'powershell' for command environment: Not usable outside of PowerShell
[1.114s] DEBUG:colcon.colcon_core.shell:Skip shell extension 'dsv' for command environment
[1.177s] DEBUG:colcon.colcon_core.event_handler.log_command:Invoking command in '/home/lur/controller/build/robosub': CMAKE_PREFIX_PATH=${CMAKE_PREFIX_PATH}:/opt/ros/foxy /usr/bin/cmake --build /home/lur/controller/build/robosub -- -j4 -l4
[19.293s] DEBUG:colcon.colcon_core.event_handler.log_command:Invoked command in '/home/lur/controller/build/robosub' returned '0': CMAKE_PREFIX_PATH=${CMAKE_PREFIX_PATH}:/opt/ros/foxy /usr/bin/cmake --build /home/lur/controller/build/robosub -- -j4 -l4
[19.435s] DEBUG:colcon.colcon_core.event_handler.log_command:Invoking command in '/home/lur/controller/build/robosub': CMAKE_PREFIX_PATH=${CMAKE_PREFIX_PATH}:/opt/ros/foxy /usr/bin/cmake --install /home/lur/controller/build/robosub
[19.493s] Level 1:colcon.colcon_core.environment:create_environment_scripts_only(robosub)
[19.499s] DEBUG:colcon.colcon_core.event_handler.log_command:Invoked command in '/home/lur/controller/build/robosub' returned '0': CMAKE_PREFIX_PATH=${CMAKE_PREFIX_PATH}:/opt/ros/foxy /usr/bin/cmake --install /home/lur/controller/build/robosub
[19.521s] Level 1:colcon.colcon_core.environment:checking '/home/lur/controller/install/robosub' for CMake module files
[19.523s] Level 1:colcon.colcon_core.environment:checking '/home/lur/controller/install/robosub' for CMake config files
[19.525s] Level 1:colcon.colcon_core.shell:create_environment_hook('robosub', 'cmake_prefix_path')
[19.528s] INFO:colcon.colcon_core.shell:Creating environment hook '/home/lur/controller/install/robosub/share/robosub/hook/cmake_prefix_path.ps1'
[19.531s] INFO:colcon.colcon_core.shell:Creating environment descriptor '/home/lur/controller/install/robosub/share/robosub/hook/cmake_prefix_path.dsv'
[19.534s] INFO:colcon.colcon_core.shell:Creating environment hook '/home/lur/controller/install/robosub/share/robosub/hook/cmake_prefix_path.sh'
[19.539s] Level 1:colcon.colcon_core.environment:checking '/home/lur/controller/install/robosub/lib'
[19.539s] Level 1:colcon.colcon_core.environment:checking '/home/lur/controller/install/robosub/bin'
[19.540s] Level 1:colcon.colcon_core.environment:checking '/home/lur/controller/install/robosub/lib/pkgconfig/robosub.pc'
[19.541s] Level 1:colcon.colcon_core.environment:checking '/home/lur/controller/install/robosub/lib/python3.8/site-packages'
[19.542s] Level 1:colcon.colcon_core.environment:checking '/home/lur/controller/install/robosub/bin'
[19.544s] INFO:colcon.colcon_core.shell:Creating package script '/home/lur/controller/install/robosub/share/robosub/package.ps1'
[19.549s] INFO:colcon.colcon_core.shell:Creating package descriptor '/home/lur/controller/install/robosub/share/robosub/package.dsv'
[19.552s] INFO:colcon.colcon_core.shell:Creating package script '/home/lur/controller/install/robosub/share/robosub/package.sh'
[19.555s] INFO:colcon.colcon_core.shell:Creating package script '/home/lur/controller/install/robosub/share/robosub/package.bash'
[19.557s] INFO:colcon.colcon_core.shell:Creating package script '/home/lur/controller/install/robosub/share/robosub/package.zsh'
[19.560s] Level 1:colcon.colcon_core.environment:create_file_with_runtime_dependencies(/home/lur/controller/install/robosub/share/colcon-core/packages/robosub)
[19.656s] Level 1:colcon.colcon_core.environment:create_environment_scripts_only(robosub)
[19.662s] Level 1:colcon.colcon_core.environment:checking '/home/lur/controller/install/robosub' for CMake module files
[19.666s] Level 1:colcon.colcon_core.environment:checking '/home/lur/controller/install/robosub' for CMake config files
[19.668s] Level 1:colcon.colcon_core.shell:create_environment_hook('robosub', 'cmake_prefix_path')
[19.670s] INFO:colcon.colcon_core.shell:Creating environment hook '/home/lur/controller/install/robosub/share/robosub/hook/cmake_prefix_path.ps1'
[19.673s] INFO:colcon.colcon_core.shell:Creating environment descriptor '/home/lur/controller/install/robosub/share/robosub/hook/cmake_prefix_path.dsv'
[19.675s] INFO:colcon.colcon_core.shell:Creating environment hook '/home/lur/controller/install/robosub/share/robosub/hook/cmake_prefix_path.sh'
[19.678s] Level 1:colcon.colcon_core.environment:checking '/home/lur/controller/install/robosub/lib'
[19.679s] Level 1:colcon.colcon_core.environment:checking '/home/lur/controller/install/robosub/bin'
[19.679s] Level 1:colcon.colcon_core.environment:checking '/home/lur/controller/install/robosub/lib/pkgconfig/robosub.pc'
[19.680s] Level 1:colcon.colcon_core.environment:checking '/home/lur/controller/install/robosub/lib/python3.8/site-packages'
[19.681s] Level 1:colcon.colcon_core.environment:checking '/home/lur/controller/install/robosub/bin'
[19.683s] INFO:colcon.colcon_core.shell:Creating package script '/home/lur/controller/install/robosub/share/robosub/package.ps1'
[19.685s] INFO:colcon.colcon_core.shell:Creating package descriptor '/home/lur/controller/install/robosub/share/robosub/package.dsv'
[19.687s] INFO:colcon.colcon_core.shell:Creating package script '/home/lur/controller/install/robosub/share/robosub/package.sh'
[19.689s] INFO:colcon.colcon_core.shell:Creating package script '/home/lur/controller/install/robosub/share/robosub/package.bash'
[19.691s] INFO:colcon.colcon_core.shell:Creating package script '/home/lur/controller/install/robosub/share/robosub/package.zsh'
[19.693s] Level 1:colcon.colcon_core.environment:create_file_with_runtime_dependencies(/home/lur/controller/install/robosub/share/colcon-core/packages/robosub)
[19.695s] DEBUG:colcon.colcon_parallel_executor.executor.parallel:closing loop
[19.696s] DEBUG:colcon.colcon_parallel_executor.executor.parallel:loop closed
[19.697s] DEBUG:colcon.colcon_parallel_executor.executor.parallel:run_until_complete finished with '0'
[19.698s] DEBUG:colcon.colcon_core.event_reactor:joining thread
[19.728s] INFO:colcon.colcon_core.plugin_system:Skipping extension 'colcon_notification.desktop_notification.terminal_notifier': Not used on non-Darwin systems
[19.729s] INFO:colcon.colcon_core.plugin_system:Skipping extension 'colcon_notification.desktop_notification.win32': Not used on non-Windows systems
[19.729s] INFO:colcon.colcon_notification.desktop_notification:Sending desktop notification using 'notify2'
[19.812s] DEBUG:colcon.colcon_core.event_reactor:joined thread
[19.815s] INFO:colcon.colcon_core.shell:Creating prefix script '/home/lur/controller/install/local_setup.ps1'
[19.819s] INFO:colcon.colcon_core.shell:Creating prefix util module '/home/lur/controller/install/_local_setup_util_ps1.py'
[19.825s] INFO:colcon.colcon_core.shell:Creating prefix chain script '/home/lur/controller/install/setup.ps1'
[19.830s] INFO:colcon.colcon_core.shell:Creating prefix script '/home/lur/controller/install/local_setup.sh'
[19.833s] INFO:colcon.colcon_core.shell:Creating prefix util module '/home/lur/controller/install/_local_setup_util_sh.py'
[19.835s] INFO:colcon.colcon_core.shell:Creating prefix chain script '/home/lur/controller/install/setup.sh'
[19.840s] INFO:colcon.colcon_core.shell:Creating prefix script '/home/lur/controller/install/local_setup.bash'
[19.842s] INFO:colcon.colcon_core.shell:Creating prefix chain script '/home/lur/controller/install/setup.bash'
[19.846s] INFO:colcon.colcon_core.shell:Creating prefix script '/home/lur/controller/install/local_setup.zsh'
[19.848s] INFO:colcon.colcon_core.shell:Creating prefix chain script '/home/lur/controller/install/setup.zsh'
