[0.075s] Invoking command in '/home/lur/controller/build/robosub': CMAKE_PREFIX_PATH=${CMAKE_PREFIX_PATH}:/opt/ros/foxy /usr/bin/cmake --build /home/lur/controller/build/robosub -- -j4 -l4
[0.181s] -- Found ament_cmake: 0.9.9 (/opt/ros/foxy/share/ament_cmake/cmake)
[0.268s] -- Using PYTHON_EXECUTABLE: /usr/bin/python3
[1.006s] -- Found mavros: 2.1.1 (/opt/ros/foxy/share/mavros/cmake)
[1.029s] -- Found rclcpp: 2.4.1 (/opt/ros/foxy/share/rclcpp/cmake)
[1.175s] -- Using all available rosidl_typesupport_c: rosidl_typesupport_fastrtps_c;rosidl_typesupport_introspection_c
[1.188s] -- Found rosidl_adapter: 1.2.1 (/opt/ros/foxy/share/rosidl_adapter/cmake)
[1.593s] -- Using all available rosidl_typesupport_cpp: rosidl_typesupport_fastrtps_cpp;rosidl_typesupport_introspection_cpp
[1.819s] -- Found rmw_implementation_cmake: 1.0.3 (/opt/ros/foxy/share/rmw_implementation_cmake/cmake)
[1.826s] -- Using RMW implementation 'rmw_fastrtps_cpp' as default
[1.833s] -- Looking for pthread.h
[2.504s] -- Looking for pthread.h - found
[2.508s] -- Performing Test CMAKE_HAVE_LIBC_PTHREAD
[2.850s] -- Performing Test CMAKE_HAVE_LIBC_PTHREAD - Failed
[2.851s] -- Looking for pthread_create in pthreads
[3.118s] -- Looking for pthread_create in pthreads - not found
[3.120s] -- Looking for pthread_create in pthread
[3.449s] -- Looking for pthread_create in pthread - found
[3.456s] -- Found Threads: TRUE  
[4.004s] CMake Error at /opt/ros/foxy/share/ament_cmake_target_dependencies/cmake/ament_target_dependencies.cmake:77 (message):
[4.005s]   ament_target_dependencies() the passed package name 'sensor_msgs' was not
[4.005s]   found before
[4.006s] Call Stack (most recent call first):
[4.006s]   CMakeLists.txt:30 (ament_target_dependencies)
[4.006s] 
[4.006s] 
[4.010s] -- Configuring incomplete, errors occurred!
[4.011s] See also "/home/lur/controller/build/robosub/CMakeFiles/CMakeOutput.log".
[4.011s] See also "/home/lur/controller/build/robosub/CMakeFiles/CMakeError.log".
[4.034s] make: *** [Makefile:266: cmake_check_build_system] Error 1
[4.043s] Invoked command in '/home/lur/controller/build/robosub' returned '2': CMAKE_PREFIX_PATH=${CMAKE_PREFIX_PATH}:/opt/ros/foxy /usr/bin/cmake --build /home/lur/controller/build/robosub -- -j4 -l4
