[0.447s] DEBUG:colcon:Command line arguments: ['/usr/bin/colcon', 'build', '--packages-select', 'manual_pubsub']
[0.447s] DEBUG:colcon:Parsed command line arguments: Namespace(allow_overriding=[], ament_cmake_args=None, base_paths=['.'], build_base='build', catkin_cmake_args=None, catkin_skip_building_tests=False, cmake_args=None, cmake_clean_cache=False, cmake_clean_first=False, cmake_force_configure=False, cmake_target=None, cmake_target_skip_unavailable=False, continue_on_error=False, event_handlers=None, executor='parallel', ignore_user_meta=False, install_base='install', log_base=None, log_level=None, main=<bound method BuildVerb.main of <colcon_core.verb.build.BuildVerb object at 0xffffa40ff0a0>>, merge_install=False, metas=['./colcon.meta'], packages_above=None, packages_above_and_dependencies=None, packages_above_depth=None, packages_end=None, packages_ignore=None, packages_ignore_regex=None, packages_select=['manual_pubsub'], packages_select_build_failed=False, packages_select_by_dep=None, packages_select_regex=None, packages_select_test_failures=False, packages_skip=None, packages_skip_build_finished=False, packages_skip_by_dep=None, packages_skip_regex=None, packages_skip_test_passed=False, packages_skip_up_to=None, packages_start=None, packages_up_to=None, packages_up_to_regex=None, parallel_workers=4, paths=None, symlink_install=False, test_result_base=None, verb_extension=<colcon_core.verb.build.BuildVerb object at 0xffffa40ff0a0>, verb_name='build', verb_parser=<colcon_defaults.argument_parser.defaults.DefaultArgumentsDecorator object at 0xffffa40ff550>)
[0.526s] Level 1:colcon.colcon_core.package_discovery:discover_packages(colcon_meta) check parameters
[0.527s] Level 1:colcon.colcon_core.package_discovery:discover_packages(recursive) check parameters
[0.527s] Level 1:colcon.colcon_core.package_discovery:discover_packages(ignore) check parameters
[0.527s] Level 1:colcon.colcon_core.package_discovery:discover_packages(path) check parameters
[0.527s] Level 1:colcon.colcon_core.package_discovery:discover_packages(colcon_meta) discover
[0.527s] Level 1:colcon.colcon_core.package_discovery:discover_packages(recursive) discover
[0.528s] INFO:colcon.colcon_core.package_discovery:Crawling recursively for packages in '/home/lur/controller'
[0.528s] Level 1:colcon.colcon_core.package_identification:_identify(.) by extensions ['ignore', 'ignore_ament_install']
[0.528s] Level 1:colcon.colcon_core.package_identification:_identify(.) by extension 'ignore'
[0.528s] Level 1:colcon.colcon_core.package_identification:_identify(.) by extension 'ignore_ament_install'
[0.529s] Level 1:colcon.colcon_core.package_identification:_identify(.) by extensions ['colcon_pkg']
[0.529s] Level 1:colcon.colcon_core.package_identification:_identify(.) by extension 'colcon_pkg'
[0.529s] Level 1:colcon.colcon_core.package_identification:_identify(.) by extensions ['colcon_meta']
[0.529s] Level 1:colcon.colcon_core.package_identification:_identify(.) by extension 'colcon_meta'
[0.529s] Level 1:colcon.colcon_core.package_identification:_identify(.) by extensions ['ros']
[0.529s] Level 1:colcon.colcon_core.package_identification:_identify(.) by extension 'ros'
[0.569s] Level 1:colcon.colcon_core.package_identification:_identify(.) by extensions ['cmake', 'python']
[0.569s] Level 1:colcon.colcon_core.package_identification:_identify(.) by extension 'cmake'
[0.569s] Level 1:colcon.colcon_core.package_identification:_identify(.) by extension 'python'
[0.570s] Level 1:colcon.colcon_core.package_identification:_identify(.) by extensions ['python_setup_py']
[0.570s] Level 1:colcon.colcon_core.package_identification:_identify(.) by extension 'python_setup_py'
[0.570s] Level 1:colcon.colcon_core.package_identification:_identify(build) by extensions ['ignore', 'ignore_ament_install']
[0.571s] Level 1:colcon.colcon_core.package_identification:_identify(build) by extension 'ignore'
[0.571s] Level 1:colcon.colcon_core.package_identification:_identify(build) ignored
[0.571s] Level 1:colcon.colcon_core.package_identification:_identify(examples) by extensions ['ignore', 'ignore_ament_install']
[0.571s] Level 1:colcon.colcon_core.package_identification:_identify(examples) by extension 'ignore'
[0.572s] Level 1:colcon.colcon_core.package_identification:_identify(examples) by extension 'ignore_ament_install'
[0.572s] Level 1:colcon.colcon_core.package_identification:_identify(examples) by extensions ['colcon_pkg']
[0.572s] Level 1:colcon.colcon_core.package_identification:_identify(examples) by extension 'colcon_pkg'
[0.572s] Level 1:colcon.colcon_core.package_identification:_identify(examples) by extensions ['colcon_meta']
[0.572s] Level 1:colcon.colcon_core.package_identification:_identify(examples) by extension 'colcon_meta'
[0.572s] Level 1:colcon.colcon_core.package_identification:_identify(examples) by extensions ['ros']
[0.573s] Level 1:colcon.colcon_core.package_identification:_identify(examples) by extension 'ros'
[0.573s] Level 1:colcon.colcon_core.package_identification:_identify(examples) by extensions ['cmake', 'python']
[0.573s] Level 1:colcon.colcon_core.package_identification:_identify(examples) by extension 'cmake'
[0.573s] Level 1:colcon.colcon_core.package_identification:_identify(examples) by extension 'python'
[0.573s] Level 1:colcon.colcon_core.package_identification:_identify(examples) by extensions ['python_setup_py']
[0.573s] Level 1:colcon.colcon_core.package_identification:_identify(examples) by extension 'python_setup_py'
[0.574s] Level 1:colcon.colcon_core.package_identification:_identify(examples/launch_testing) by extensions ['ignore', 'ignore_ament_install']
[0.574s] Level 1:colcon.colcon_core.package_identification:_identify(examples/launch_testing) by extension 'ignore'
[0.574s] Level 1:colcon.colcon_core.package_identification:_identify(examples/launch_testing) by extension 'ignore_ament_install'
[0.574s] Level 1:colcon.colcon_core.package_identification:_identify(examples/launch_testing) by extensions ['colcon_pkg']
[0.575s] Level 1:colcon.colcon_core.package_identification:_identify(examples/launch_testing) by extension 'colcon_pkg'
[0.575s] Level 1:colcon.colcon_core.package_identification:_identify(examples/launch_testing) by extensions ['colcon_meta']
[0.575s] Level 1:colcon.colcon_core.package_identification:_identify(examples/launch_testing) by extension 'colcon_meta'
[0.575s] Level 1:colcon.colcon_core.package_identification:_identify(examples/launch_testing) by extensions ['ros']
[0.575s] Level 1:colcon.colcon_core.package_identification:_identify(examples/launch_testing) by extension 'ros'
[0.575s] Level 1:colcon.colcon_core.package_identification:_identify(examples/launch_testing) by extensions ['cmake', 'python']
[0.576s] Level 1:colcon.colcon_core.package_identification:_identify(examples/launch_testing) by extension 'cmake'
[0.576s] Level 1:colcon.colcon_core.package_identification:_identify(examples/launch_testing) by extension 'python'
[0.576s] Level 1:colcon.colcon_core.package_identification:_identify(examples/launch_testing) by extensions ['python_setup_py']
[0.576s] Level 1:colcon.colcon_core.package_identification:_identify(examples/launch_testing) by extension 'python_setup_py'
[0.576s] Level 1:colcon.colcon_core.package_identification:_identify(examples/launch_testing/launch_testing_examples) by extensions ['ignore', 'ignore_ament_install']
[0.577s] Level 1:colcon.colcon_core.package_identification:_identify(examples/launch_testing/launch_testing_examples) by extension 'ignore'
[0.577s] Level 1:colcon.colcon_core.package_identification:_identify(examples/launch_testing/launch_testing_examples) by extension 'ignore_ament_install'
[0.577s] Level 1:colcon.colcon_core.package_identification:_identify(examples/launch_testing/launch_testing_examples) by extensions ['colcon_pkg']
[0.577s] Level 1:colcon.colcon_core.package_identification:_identify(examples/launch_testing/launch_testing_examples) by extension 'colcon_pkg'
[0.577s] Level 1:colcon.colcon_core.package_identification:_identify(examples/launch_testing/launch_testing_examples) by extensions ['colcon_meta']
[0.577s] Level 1:colcon.colcon_core.package_identification:_identify(examples/launch_testing/launch_testing_examples) by extension 'colcon_meta'
[0.578s] Level 1:colcon.colcon_core.package_identification:_identify(examples/launch_testing/launch_testing_examples) by extensions ['ros']
[0.578s] Level 1:colcon.colcon_core.package_identification:_identify(examples/launch_testing/launch_testing_examples) by extension 'ros'
[0.591s] DEBUG:colcon.colcon_core.package_identification:Package 'examples/launch_testing/launch_testing_examples' with type 'ros.ament_python' and name 'launch_testing_examples'
[0.592s] Level 1:colcon.colcon_core.package_identification:_identify(examples/rclcpp) by extensions ['ignore', 'ignore_ament_install']
[0.592s] Level 1:colcon.colcon_core.package_identification:_identify(examples/rclcpp) by extension 'ignore'
[0.592s] Level 1:colcon.colcon_core.package_identification:_identify(examples/rclcpp) by extension 'ignore_ament_install'
[0.593s] Level 1:colcon.colcon_core.package_identification:_identify(examples/rclcpp) by extensions ['colcon_pkg']
[0.593s] Level 1:colcon.colcon_core.package_identification:_identify(examples/rclcpp) by extension 'colcon_pkg'
[0.593s] Level 1:colcon.colcon_core.package_identification:_identify(examples/rclcpp) by extensions ['colcon_meta']
[0.593s] Level 1:colcon.colcon_core.package_identification:_identify(examples/rclcpp) by extension 'colcon_meta'
[0.593s] Level 1:colcon.colcon_core.package_identification:_identify(examples/rclcpp) by extensions ['ros']
[0.593s] Level 1:colcon.colcon_core.package_identification:_identify(examples/rclcpp) by extension 'ros'
[0.594s] Level 1:colcon.colcon_core.package_identification:_identify(examples/rclcpp) by extensions ['cmake', 'python']
[0.594s] Level 1:colcon.colcon_core.package_identification:_identify(examples/rclcpp) by extension 'cmake'
[0.594s] Level 1:colcon.colcon_core.package_identification:_identify(examples/rclcpp) by extension 'python'
[0.594s] Level 1:colcon.colcon_core.package_identification:_identify(examples/rclcpp) by extensions ['python_setup_py']
[0.594s] Level 1:colcon.colcon_core.package_identification:_identify(examples/rclcpp) by extension 'python_setup_py'
[0.595s] Level 1:colcon.colcon_core.package_identification:_identify(examples/rclcpp/actions) by extensions ['ignore', 'ignore_ament_install']
[0.595s] Level 1:colcon.colcon_core.package_identification:_identify(examples/rclcpp/actions) by extension 'ignore'
[0.595s] Level 1:colcon.colcon_core.package_identification:_identify(examples/rclcpp/actions) by extension 'ignore_ament_install'
[0.596s] Level 1:colcon.colcon_core.package_identification:_identify(examples/rclcpp/actions) by extensions ['colcon_pkg']
[0.596s] Level 1:colcon.colcon_core.package_identification:_identify(examples/rclcpp/actions) by extension 'colcon_pkg'
[0.596s] Level 1:colcon.colcon_core.package_identification:_identify(examples/rclcpp/actions) by extensions ['colcon_meta']
[0.596s] Level 1:colcon.colcon_core.package_identification:_identify(examples/rclcpp/actions) by extension 'colcon_meta'
[0.596s] Level 1:colcon.colcon_core.package_identification:_identify(examples/rclcpp/actions) by extensions ['ros']
[0.597s] Level 1:colcon.colcon_core.package_identification:_identify(examples/rclcpp/actions) by extension 'ros'
[0.597s] Level 1:colcon.colcon_core.package_identification:_identify(examples/rclcpp/actions) by extensions ['cmake', 'python']
[0.597s] Level 1:colcon.colcon_core.package_identification:_identify(examples/rclcpp/actions) by extension 'cmake'
[0.597s] Level 1:colcon.colcon_core.package_identification:_identify(examples/rclcpp/actions) by extension 'python'
[0.597s] Level 1:colcon.colcon_core.package_identification:_identify(examples/rclcpp/actions) by extensions ['python_setup_py']
[0.597s] Level 1:colcon.colcon_core.package_identification:_identify(examples/rclcpp/actions) by extension 'python_setup_py'
[0.598s] Level 1:colcon.colcon_core.package_identification:_identify(examples/rclcpp/actions/minimal_action_client) by extensions ['ignore', 'ignore_ament_install']
[0.598s] Level 1:colcon.colcon_core.package_identification:_identify(examples/rclcpp/actions/minimal_action_client) by extension 'ignore'
[0.598s] Level 1:colcon.colcon_core.package_identification:_identify(examples/rclcpp/actions/minimal_action_client) by extension 'ignore_ament_install'
[0.599s] Level 1:colcon.colcon_core.package_identification:_identify(examples/rclcpp/actions/minimal_action_client) by extensions ['colcon_pkg']
[0.599s] Level 1:colcon.colcon_core.package_identification:_identify(examples/rclcpp/actions/minimal_action_client) by extension 'colcon_pkg'
[0.599s] Level 1:colcon.colcon_core.package_identification:_identify(examples/rclcpp/actions/minimal_action_client) by extensions ['colcon_meta']
[0.599s] Level 1:colcon.colcon_core.package_identification:_identify(examples/rclcpp/actions/minimal_action_client) by extension 'colcon_meta'
[0.599s] Level 1:colcon.colcon_core.package_identification:_identify(examples/rclcpp/actions/minimal_action_client) by extensions ['ros']
[0.599s] Level 1:colcon.colcon_core.package_identification:_identify(examples/rclcpp/actions/minimal_action_client) by extension 'ros'
[0.603s] DEBUG:colcon.colcon_core.package_identification:Package 'examples/rclcpp/actions/minimal_action_client' with type 'ros.ament_cmake' and name 'examples_rclcpp_minimal_action_client'
[0.603s] Level 1:colcon.colcon_core.package_identification:_identify(examples/rclcpp/actions/minimal_action_server) by extensions ['ignore', 'ignore_ament_install']
[0.603s] Level 1:colcon.colcon_core.package_identification:_identify(examples/rclcpp/actions/minimal_action_server) by extension 'ignore'
[0.604s] Level 1:colcon.colcon_core.package_identification:_identify(examples/rclcpp/actions/minimal_action_server) by extension 'ignore_ament_install'
[0.604s] Level 1:colcon.colcon_core.package_identification:_identify(examples/rclcpp/actions/minimal_action_server) by extensions ['colcon_pkg']
[0.604s] Level 1:colcon.colcon_core.package_identification:_identify(examples/rclcpp/actions/minimal_action_server) by extension 'colcon_pkg'
[0.604s] Level 1:colcon.colcon_core.package_identification:_identify(examples/rclcpp/actions/minimal_action_server) by extensions ['colcon_meta']
[0.604s] Level 1:colcon.colcon_core.package_identification:_identify(examples/rclcpp/actions/minimal_action_server) by extension 'colcon_meta'
[0.604s] Level 1:colcon.colcon_core.package_identification:_identify(examples/rclcpp/actions/minimal_action_server) by extensions ['ros']
[0.605s] Level 1:colcon.colcon_core.package_identification:_identify(examples/rclcpp/actions/minimal_action_server) by extension 'ros'
[0.607s] DEBUG:colcon.colcon_core.package_identification:Package 'examples/rclcpp/actions/minimal_action_server' with type 'ros.ament_cmake' and name 'examples_rclcpp_minimal_action_server'
[0.608s] Level 1:colcon.colcon_core.package_identification:_identify(examples/rclcpp/composition) by extensions ['ignore', 'ignore_ament_install']
[0.608s] Level 1:colcon.colcon_core.package_identification:_identify(examples/rclcpp/composition) by extension 'ignore'
[0.608s] Level 1:colcon.colcon_core.package_identification:_identify(examples/rclcpp/composition) by extension 'ignore_ament_install'
[0.608s] Level 1:colcon.colcon_core.package_identification:_identify(examples/rclcpp/composition) by extensions ['colcon_pkg']
[0.609s] Level 1:colcon.colcon_core.package_identification:_identify(examples/rclcpp/composition) by extension 'colcon_pkg'
[0.609s] Level 1:colcon.colcon_core.package_identification:_identify(examples/rclcpp/composition) by extensions ['colcon_meta']
[0.609s] Level 1:colcon.colcon_core.package_identification:_identify(examples/rclcpp/composition) by extension 'colcon_meta'
[0.609s] Level 1:colcon.colcon_core.package_identification:_identify(examples/rclcpp/composition) by extensions ['ros']
[0.609s] Level 1:colcon.colcon_core.package_identification:_identify(examples/rclcpp/composition) by extension 'ros'
[0.609s] Level 1:colcon.colcon_core.package_identification:_identify(examples/rclcpp/composition) by extensions ['cmake', 'python']
[0.610s] Level 1:colcon.colcon_core.package_identification:_identify(examples/rclcpp/composition) by extension 'cmake'
[0.610s] Level 1:colcon.colcon_core.package_identification:_identify(examples/rclcpp/composition) by extension 'python'
[0.610s] Level 1:colcon.colcon_core.package_identification:_identify(examples/rclcpp/composition) by extensions ['python_setup_py']
[0.610s] Level 1:colcon.colcon_core.package_identification:_identify(examples/rclcpp/composition) by extension 'python_setup_py'
[0.611s] Level 1:colcon.colcon_core.package_identification:_identify(examples/rclcpp/composition/minimal_composition) by extensions ['ignore', 'ignore_ament_install']
[0.611s] Level 1:colcon.colcon_core.package_identification:_identify(examples/rclcpp/composition/minimal_composition) by extension 'ignore'
[0.611s] Level 1:colcon.colcon_core.package_identification:_identify(examples/rclcpp/composition/minimal_composition) by extension 'ignore_ament_install'
[0.611s] Level 1:colcon.colcon_core.package_identification:_identify(examples/rclcpp/composition/minimal_composition) by extensions ['colcon_pkg']
[0.611s] Level 1:colcon.colcon_core.package_identification:_identify(examples/rclcpp/composition/minimal_composition) by extension 'colcon_pkg'
[0.612s] Level 1:colcon.colcon_core.package_identification:_identify(examples/rclcpp/composition/minimal_composition) by extensions ['colcon_meta']
[0.612s] Level 1:colcon.colcon_core.package_identification:_identify(examples/rclcpp/composition/minimal_composition) by extension 'colcon_meta'
[0.612s] Level 1:colcon.colcon_core.package_identification:_identify(examples/rclcpp/composition/minimal_composition) by extensions ['ros']
[0.612s] Level 1:colcon.colcon_core.package_identification:_identify(examples/rclcpp/composition/minimal_composition) by extension 'ros'
[0.614s] DEBUG:colcon.colcon_core.package_identification:Package 'examples/rclcpp/composition/minimal_composition' with type 'ros.ament_cmake' and name 'examples_rclcpp_minimal_composition'
[0.615s] Level 1:colcon.colcon_core.package_identification:_identify(examples/rclcpp/executors) by extensions ['ignore', 'ignore_ament_install']
[0.615s] Level 1:colcon.colcon_core.package_identification:_identify(examples/rclcpp/executors) by extension 'ignore'
[0.615s] Level 1:colcon.colcon_core.package_identification:_identify(examples/rclcpp/executors) by extension 'ignore_ament_install'
[0.615s] Level 1:colcon.colcon_core.package_identification:_identify(examples/rclcpp/executors) by extensions ['colcon_pkg']
[0.616s] Level 1:colcon.colcon_core.package_identification:_identify(examples/rclcpp/executors) by extension 'colcon_pkg'
[0.616s] Level 1:colcon.colcon_core.package_identification:_identify(examples/rclcpp/executors) by extensions ['colcon_meta']
[0.616s] Level 1:colcon.colcon_core.package_identification:_identify(examples/rclcpp/executors) by extension 'colcon_meta'
[0.616s] Level 1:colcon.colcon_core.package_identification:_identify(examples/rclcpp/executors) by extensions ['ros']
[0.616s] Level 1:colcon.colcon_core.package_identification:_identify(examples/rclcpp/executors) by extension 'ros'
[0.617s] Level 1:colcon.colcon_core.package_identification:_identify(examples/rclcpp/executors) by extensions ['cmake', 'python']
[0.617s] Level 1:colcon.colcon_core.package_identification:_identify(examples/rclcpp/executors) by extension 'cmake'
[0.617s] Level 1:colcon.colcon_core.package_identification:_identify(examples/rclcpp/executors) by extension 'python'
[0.617s] Level 1:colcon.colcon_core.package_identification:_identify(examples/rclcpp/executors) by extensions ['python_setup_py']
[0.617s] Level 1:colcon.colcon_core.package_identification:_identify(examples/rclcpp/executors) by extension 'python_setup_py'
[0.618s] Level 1:colcon.colcon_core.package_identification:_identify(examples/rclcpp/executors/cbg_executor) by extensions ['ignore', 'ignore_ament_install']
[0.618s] Level 1:colcon.colcon_core.package_identification:_identify(examples/rclcpp/executors/cbg_executor) by extension 'ignore'
[0.618s] Level 1:colcon.colcon_core.package_identification:_identify(examples/rclcpp/executors/cbg_executor) by extension 'ignore_ament_install'
[0.618s] Level 1:colcon.colcon_core.package_identification:_identify(examples/rclcpp/executors/cbg_executor) by extensions ['colcon_pkg']
[0.618s] Level 1:colcon.colcon_core.package_identification:_identify(examples/rclcpp/executors/cbg_executor) by extension 'colcon_pkg'
[0.619s] Level 1:colcon.colcon_core.package_identification:_identify(examples/rclcpp/executors/cbg_executor) by extensions ['colcon_meta']
[0.619s] Level 1:colcon.colcon_core.package_identification:_identify(examples/rclcpp/executors/cbg_executor) by extension 'colcon_meta'
[0.619s] Level 1:colcon.colcon_core.package_identification:_identify(examples/rclcpp/executors/cbg_executor) by extensions ['ros']
[0.619s] Level 1:colcon.colcon_core.package_identification:_identify(examples/rclcpp/executors/cbg_executor) by extension 'ros'
[0.621s] DEBUG:colcon.colcon_core.package_identification:Package 'examples/rclcpp/executors/cbg_executor' with type 'ros.ament_cmake' and name 'examples_rclcpp_cbg_executor'
[0.622s] Level 1:colcon.colcon_core.package_identification:_identify(examples/rclcpp/executors/multithreaded_executor) by extensions ['ignore', 'ignore_ament_install']
[0.622s] Level 1:colcon.colcon_core.package_identification:_identify(examples/rclcpp/executors/multithreaded_executor) by extension 'ignore'
[0.622s] Level 1:colcon.colcon_core.package_identification:_identify(examples/rclcpp/executors/multithreaded_executor) by extension 'ignore_ament_install'
[0.622s] Level 1:colcon.colcon_core.package_identification:_identify(examples/rclcpp/executors/multithreaded_executor) by extensions ['colcon_pkg']
[0.623s] Level 1:colcon.colcon_core.package_identification:_identify(examples/rclcpp/executors/multithreaded_executor) by extension 'colcon_pkg'
[0.623s] Level 1:colcon.colcon_core.package_identification:_identify(examples/rclcpp/executors/multithreaded_executor) by extensions ['colcon_meta']
[0.623s] Level 1:colcon.colcon_core.package_identification:_identify(examples/rclcpp/executors/multithreaded_executor) by extension 'colcon_meta'
[0.623s] Level 1:colcon.colcon_core.package_identification:_identify(examples/rclcpp/executors/multithreaded_executor) by extensions ['ros']
[0.623s] Level 1:colcon.colcon_core.package_identification:_identify(examples/rclcpp/executors/multithreaded_executor) by extension 'ros'
[0.625s] DEBUG:colcon.colcon_core.package_identification:Package 'examples/rclcpp/executors/multithreaded_executor' with type 'ros.ament_cmake' and name 'examples_rclcpp_multithreaded_executor'
[0.625s] Level 1:colcon.colcon_core.package_identification:_identify(examples/rclcpp/services) by extensions ['ignore', 'ignore_ament_install']
[0.626s] Level 1:colcon.colcon_core.package_identification:_identify(examples/rclcpp/services) by extension 'ignore'
[0.626s] Level 1:colcon.colcon_core.package_identification:_identify(examples/rclcpp/services) by extension 'ignore_ament_install'
[0.626s] Level 1:colcon.colcon_core.package_identification:_identify(examples/rclcpp/services) by extensions ['colcon_pkg']
[0.627s] Level 1:colcon.colcon_core.package_identification:_identify(examples/rclcpp/services) by extension 'colcon_pkg'
[0.627s] Level 1:colcon.colcon_core.package_identification:_identify(examples/rclcpp/services) by extensions ['colcon_meta']
[0.627s] Level 1:colcon.colcon_core.package_identification:_identify(examples/rclcpp/services) by extension 'colcon_meta'
[0.627s] Level 1:colcon.colcon_core.package_identification:_identify(examples/rclcpp/services) by extensions ['ros']
[0.627s] Level 1:colcon.colcon_core.package_identification:_identify(examples/rclcpp/services) by extension 'ros'
[0.628s] Level 1:colcon.colcon_core.package_identification:_identify(examples/rclcpp/services) by extensions ['cmake', 'python']
[0.628s] Level 1:colcon.colcon_core.package_identification:_identify(examples/rclcpp/services) by extension 'cmake'
[0.628s] Level 1:colcon.colcon_core.package_identification:_identify(examples/rclcpp/services) by extension 'python'
[0.628s] Level 1:colcon.colcon_core.package_identification:_identify(examples/rclcpp/services) by extensions ['python_setup_py']
[0.628s] Level 1:colcon.colcon_core.package_identification:_identify(examples/rclcpp/services) by extension 'python_setup_py'
[0.628s] Level 1:colcon.colcon_core.package_identification:_identify(examples/rclcpp/services/async_client) by extensions ['ignore', 'ignore_ament_install']
[0.629s] Level 1:colcon.colcon_core.package_identification:_identify(examples/rclcpp/services/async_client) by extension 'ignore'
[0.629s] Level 1:colcon.colcon_core.package_identification:_identify(examples/rclcpp/services/async_client) by extension 'ignore_ament_install'
[0.629s] Level 1:colcon.colcon_core.package_identification:_identify(examples/rclcpp/services/async_client) by extensions ['colcon_pkg']
[0.629s] Level 1:colcon.colcon_core.package_identification:_identify(examples/rclcpp/services/async_client) by extension 'colcon_pkg'
[0.629s] Level 1:colcon.colcon_core.package_identification:_identify(examples/rclcpp/services/async_client) by extensions ['colcon_meta']
[0.630s] Level 1:colcon.colcon_core.package_identification:_identify(examples/rclcpp/services/async_client) by extension 'colcon_meta'
[0.630s] Level 1:colcon.colcon_core.package_identification:_identify(examples/rclcpp/services/async_client) by extensions ['ros']
[0.630s] Level 1:colcon.colcon_core.package_identification:_identify(examples/rclcpp/services/async_client) by extension 'ros'
[0.632s] DEBUG:colcon.colcon_core.package_identification:Package 'examples/rclcpp/services/async_client' with type 'ros.ament_cmake' and name 'examples_rclcpp_async_client'
[0.632s] Level 1:colcon.colcon_core.package_identification:_identify(examples/rclcpp/services/minimal_client) by extensions ['ignore', 'ignore_ament_install']
[0.632s] Level 1:colcon.colcon_core.package_identification:_identify(examples/rclcpp/services/minimal_client) by extension 'ignore'
[0.633s] Level 1:colcon.colcon_core.package_identification:_identify(examples/rclcpp/services/minimal_client) by extension 'ignore_ament_install'
[0.633s] Level 1:colcon.colcon_core.package_identification:_identify(examples/rclcpp/services/minimal_client) by extensions ['colcon_pkg']
[0.633s] Level 1:colcon.colcon_core.package_identification:_identify(examples/rclcpp/services/minimal_client) by extension 'colcon_pkg'
[0.633s] Level 1:colcon.colcon_core.package_identification:_identify(examples/rclcpp/services/minimal_client) by extensions ['colcon_meta']
[0.633s] Level 1:colcon.colcon_core.package_identification:_identify(examples/rclcpp/services/minimal_client) by extension 'colcon_meta'
[0.633s] Level 1:colcon.colcon_core.package_identification:_identify(examples/rclcpp/services/minimal_client) by extensions ['ros']
[0.633s] Level 1:colcon.colcon_core.package_identification:_identify(examples/rclcpp/services/minimal_client) by extension 'ros'
[0.635s] DEBUG:colcon.colcon_core.package_identification:Package 'examples/rclcpp/services/minimal_client' with type 'ros.ament_cmake' and name 'examples_rclcpp_minimal_client'
[0.636s] Level 1:colcon.colcon_core.package_identification:_identify(examples/rclcpp/services/minimal_service) by extensions ['ignore', 'ignore_ament_install']
[0.636s] Level 1:colcon.colcon_core.package_identification:_identify(examples/rclcpp/services/minimal_service) by extension 'ignore'
[0.636s] Level 1:colcon.colcon_core.package_identification:_identify(examples/rclcpp/services/minimal_service) by extension 'ignore_ament_install'
[0.636s] Level 1:colcon.colcon_core.package_identification:_identify(examples/rclcpp/services/minimal_service) by extensions ['colcon_pkg']
[0.636s] Level 1:colcon.colcon_core.package_identification:_identify(examples/rclcpp/services/minimal_service) by extension 'colcon_pkg'
[0.637s] Level 1:colcon.colcon_core.package_identification:_identify(examples/rclcpp/services/minimal_service) by extensions ['colcon_meta']
[0.637s] Level 1:colcon.colcon_core.package_identification:_identify(examples/rclcpp/services/minimal_service) by extension 'colcon_meta'
[0.637s] Level 1:colcon.colcon_core.package_identification:_identify(examples/rclcpp/services/minimal_service) by extensions ['ros']
[0.637s] Level 1:colcon.colcon_core.package_identification:_identify(examples/rclcpp/services/minimal_service) by extension 'ros'
[0.639s] DEBUG:colcon.colcon_core.package_identification:Package 'examples/rclcpp/services/minimal_service' with type 'ros.ament_cmake' and name 'examples_rclcpp_minimal_service'
[0.639s] Level 1:colcon.colcon_core.package_identification:_identify(examples/rclcpp/timers) by extensions ['ignore', 'ignore_ament_install']
[0.640s] Level 1:colcon.colcon_core.package_identification:_identify(examples/rclcpp/timers) by extension 'ignore'
[0.640s] Level 1:colcon.colcon_core.package_identification:_identify(examples/rclcpp/timers) by extension 'ignore_ament_install'
[0.640s] Level 1:colcon.colcon_core.package_identification:_identify(examples/rclcpp/timers) by extensions ['colcon_pkg']
[0.640s] Level 1:colcon.colcon_core.package_identification:_identify(examples/rclcpp/timers) by extension 'colcon_pkg'
[0.640s] Level 1:colcon.colcon_core.package_identification:_identify(examples/rclcpp/timers) by extensions ['colcon_meta']
[0.640s] Level 1:colcon.colcon_core.package_identification:_identify(examples/rclcpp/timers) by extension 'colcon_meta'
[0.641s] Level 1:colcon.colcon_core.package_identification:_identify(examples/rclcpp/timers) by extensions ['ros']
[0.641s] Level 1:colcon.colcon_core.package_identification:_identify(examples/rclcpp/timers) by extension 'ros'
[0.641s] Level 1:colcon.colcon_core.package_identification:_identify(examples/rclcpp/timers) by extensions ['cmake', 'python']
[0.641s] Level 1:colcon.colcon_core.package_identification:_identify(examples/rclcpp/timers) by extension 'cmake'
[0.641s] Level 1:colcon.colcon_core.package_identification:_identify(examples/rclcpp/timers) by extension 'python'
[0.641s] Level 1:colcon.colcon_core.package_identification:_identify(examples/rclcpp/timers) by extensions ['python_setup_py']
[0.641s] Level 1:colcon.colcon_core.package_identification:_identify(examples/rclcpp/timers) by extension 'python_setup_py'
[0.642s] Level 1:colcon.colcon_core.package_identification:_identify(examples/rclcpp/timers/minimal_timer) by extensions ['ignore', 'ignore_ament_install']
[0.642s] Level 1:colcon.colcon_core.package_identification:_identify(examples/rclcpp/timers/minimal_timer) by extension 'ignore'
[0.642s] Level 1:colcon.colcon_core.package_identification:_identify(examples/rclcpp/timers/minimal_timer) by extension 'ignore_ament_install'
[0.642s] Level 1:colcon.colcon_core.package_identification:_identify(examples/rclcpp/timers/minimal_timer) by extensions ['colcon_pkg']
[0.643s] Level 1:colcon.colcon_core.package_identification:_identify(examples/rclcpp/timers/minimal_timer) by extension 'colcon_pkg'
[0.643s] Level 1:colcon.colcon_core.package_identification:_identify(examples/rclcpp/timers/minimal_timer) by extensions ['colcon_meta']
[0.643s] Level 1:colcon.colcon_core.package_identification:_identify(examples/rclcpp/timers/minimal_timer) by extension 'colcon_meta'
[0.643s] Level 1:colcon.colcon_core.package_identification:_identify(examples/rclcpp/timers/minimal_timer) by extensions ['ros']
[0.643s] Level 1:colcon.colcon_core.package_identification:_identify(examples/rclcpp/timers/minimal_timer) by extension 'ros'
[0.645s] DEBUG:colcon.colcon_core.package_identification:Package 'examples/rclcpp/timers/minimal_timer' with type 'ros.ament_cmake' and name 'examples_rclcpp_minimal_timer'
[0.645s] Level 1:colcon.colcon_core.package_identification:_identify(examples/rclcpp/topics) by extensions ['ignore', 'ignore_ament_install']
[0.646s] Level 1:colcon.colcon_core.package_identification:_identify(examples/rclcpp/topics) by extension 'ignore'
[0.646s] Level 1:colcon.colcon_core.package_identification:_identify(examples/rclcpp/topics) by extension 'ignore_ament_install'
[0.646s] Level 1:colcon.colcon_core.package_identification:_identify(examples/rclcpp/topics) by extensions ['colcon_pkg']
[0.646s] Level 1:colcon.colcon_core.package_identification:_identify(examples/rclcpp/topics) by extension 'colcon_pkg'
[0.646s] Level 1:colcon.colcon_core.package_identification:_identify(examples/rclcpp/topics) by extensions ['colcon_meta']
[0.646s] Level 1:colcon.colcon_core.package_identification:_identify(examples/rclcpp/topics) by extension 'colcon_meta'
[0.647s] Level 1:colcon.colcon_core.package_identification:_identify(examples/rclcpp/topics) by extensions ['ros']
[0.647s] Level 1:colcon.colcon_core.package_identification:_identify(examples/rclcpp/topics) by extension 'ros'
[0.647s] Level 1:colcon.colcon_core.package_identification:_identify(examples/rclcpp/topics) by extensions ['cmake', 'python']
[0.647s] Level 1:colcon.colcon_core.package_identification:_identify(examples/rclcpp/topics) by extension 'cmake'
[0.647s] Level 1:colcon.colcon_core.package_identification:_identify(examples/rclcpp/topics) by extension 'python'
[0.647s] Level 1:colcon.colcon_core.package_identification:_identify(examples/rclcpp/topics) by extensions ['python_setup_py']
[0.648s] Level 1:colcon.colcon_core.package_identification:_identify(examples/rclcpp/topics) by extension 'python_setup_py'
[0.648s] Level 1:colcon.colcon_core.package_identification:_identify(examples/rclcpp/topics/minimal_publisher) by extensions ['ignore', 'ignore_ament_install']
[0.648s] Level 1:colcon.colcon_core.package_identification:_identify(examples/rclcpp/topics/minimal_publisher) by extension 'ignore'
[0.649s] Level 1:colcon.colcon_core.package_identification:_identify(examples/rclcpp/topics/minimal_publisher) by extension 'ignore_ament_install'
[0.649s] Level 1:colcon.colcon_core.package_identification:_identify(examples/rclcpp/topics/minimal_publisher) by extensions ['colcon_pkg']
[0.649s] Level 1:colcon.colcon_core.package_identification:_identify(examples/rclcpp/topics/minimal_publisher) by extension 'colcon_pkg'
[0.649s] Level 1:colcon.colcon_core.package_identification:_identify(examples/rclcpp/topics/minimal_publisher) by extensions ['colcon_meta']
[0.649s] Level 1:colcon.colcon_core.package_identification:_identify(examples/rclcpp/topics/minimal_publisher) by extension 'colcon_meta'
[0.649s] Level 1:colcon.colcon_core.package_identification:_identify(examples/rclcpp/topics/minimal_publisher) by extensions ['ros']
[0.649s] Level 1:colcon.colcon_core.package_identification:_identify(examples/rclcpp/topics/minimal_publisher) by extension 'ros'
[0.652s] DEBUG:colcon.colcon_core.package_identification:Package 'examples/rclcpp/topics/minimal_publisher' with type 'ros.ament_cmake' and name 'examples_rclcpp_minimal_publisher'
[0.652s] Level 1:colcon.colcon_core.package_identification:_identify(examples/rclcpp/topics/minimal_subscriber) by extensions ['ignore', 'ignore_ament_install']
[0.652s] Level 1:colcon.colcon_core.package_identification:_identify(examples/rclcpp/topics/minimal_subscriber) by extension 'ignore'
[0.653s] Level 1:colcon.colcon_core.package_identification:_identify(examples/rclcpp/topics/minimal_subscriber) by extension 'ignore_ament_install'
[0.653s] Level 1:colcon.colcon_core.package_identification:_identify(examples/rclcpp/topics/minimal_subscriber) by extensions ['colcon_pkg']
[0.653s] Level 1:colcon.colcon_core.package_identification:_identify(examples/rclcpp/topics/minimal_subscriber) by extension 'colcon_pkg'
[0.653s] Level 1:colcon.colcon_core.package_identification:_identify(examples/rclcpp/topics/minimal_subscriber) by extensions ['colcon_meta']
[0.653s] Level 1:colcon.colcon_core.package_identification:_identify(examples/rclcpp/topics/minimal_subscriber) by extension 'colcon_meta'
[0.653s] Level 1:colcon.colcon_core.package_identification:_identify(examples/rclcpp/topics/minimal_subscriber) by extensions ['ros']
[0.653s] Level 1:colcon.colcon_core.package_identification:_identify(examples/rclcpp/topics/minimal_subscriber) by extension 'ros'
[0.655s] DEBUG:colcon.colcon_core.package_identification:Package 'examples/rclcpp/topics/minimal_subscriber' with type 'ros.ament_cmake' and name 'examples_rclcpp_minimal_subscriber'
[0.656s] Level 1:colcon.colcon_core.package_identification:_identify(examples/rclcpp/wait_set) by extensions ['ignore', 'ignore_ament_install']
[0.656s] Level 1:colcon.colcon_core.package_identification:_identify(examples/rclcpp/wait_set) by extension 'ignore'
[0.656s] Level 1:colcon.colcon_core.package_identification:_identify(examples/rclcpp/wait_set) by extension 'ignore_ament_install'
[0.656s] Level 1:colcon.colcon_core.package_identification:_identify(examples/rclcpp/wait_set) by extensions ['colcon_pkg']
[0.657s] Level 1:colcon.colcon_core.package_identification:_identify(examples/rclcpp/wait_set) by extension 'colcon_pkg'
[0.657s] Level 1:colcon.colcon_core.package_identification:_identify(examples/rclcpp/wait_set) by extensions ['colcon_meta']
[0.657s] Level 1:colcon.colcon_core.package_identification:_identify(examples/rclcpp/wait_set) by extension 'colcon_meta'
[0.657s] Level 1:colcon.colcon_core.package_identification:_identify(examples/rclcpp/wait_set) by extensions ['ros']
[0.657s] Level 1:colcon.colcon_core.package_identification:_identify(examples/rclcpp/wait_set) by extension 'ros'
[0.659s] DEBUG:colcon.colcon_core.package_identification:Package 'examples/rclcpp/wait_set' with type 'ros.ament_cmake' and name 'examples_rclcpp_wait_set'
[0.659s] Level 1:colcon.colcon_core.package_identification:_identify(examples/rclpy) by extensions ['ignore', 'ignore_ament_install']
[0.660s] Level 1:colcon.colcon_core.package_identification:_identify(examples/rclpy) by extension 'ignore'
[0.660s] Level 1:colcon.colcon_core.package_identification:_identify(examples/rclpy) by extension 'ignore_ament_install'
[0.660s] Level 1:colcon.colcon_core.package_identification:_identify(examples/rclpy) by extensions ['colcon_pkg']
[0.660s] Level 1:colcon.colcon_core.package_identification:_identify(examples/rclpy) by extension 'colcon_pkg'
[0.660s] Level 1:colcon.colcon_core.package_identification:_identify(examples/rclpy) by extensions ['colcon_meta']
[0.660s] Level 1:colcon.colcon_core.package_identification:_identify(examples/rclpy) by extension 'colcon_meta'
[0.660s] Level 1:colcon.colcon_core.package_identification:_identify(examples/rclpy) by extensions ['ros']
[0.661s] Level 1:colcon.colcon_core.package_identification:_identify(examples/rclpy) by extension 'ros'
[0.661s] Level 1:colcon.colcon_core.package_identification:_identify(examples/rclpy) by extensions ['cmake', 'python']
[0.661s] Level 1:colcon.colcon_core.package_identification:_identify(examples/rclpy) by extension 'cmake'
[0.661s] Level 1:colcon.colcon_core.package_identification:_identify(examples/rclpy) by extension 'python'
[0.661s] Level 1:colcon.colcon_core.package_identification:_identify(examples/rclpy) by extensions ['python_setup_py']
[0.661s] Level 1:colcon.colcon_core.package_identification:_identify(examples/rclpy) by extension 'python_setup_py'
[0.662s] Level 1:colcon.colcon_core.package_identification:_identify(examples/rclpy/actions) by extensions ['ignore', 'ignore_ament_install']
[0.662s] Level 1:colcon.colcon_core.package_identification:_identify(examples/rclpy/actions) by extension 'ignore'
[0.662s] Level 1:colcon.colcon_core.package_identification:_identify(examples/rclpy/actions) by extension 'ignore_ament_install'
[0.662s] Level 1:colcon.colcon_core.package_identification:_identify(examples/rclpy/actions) by extensions ['colcon_pkg']
[0.662s] Level 1:colcon.colcon_core.package_identification:_identify(examples/rclpy/actions) by extension 'colcon_pkg'
[0.663s] Level 1:colcon.colcon_core.package_identification:_identify(examples/rclpy/actions) by extensions ['colcon_meta']
[0.663s] Level 1:colcon.colcon_core.package_identification:_identify(examples/rclpy/actions) by extension 'colcon_meta'
[0.663s] Level 1:colcon.colcon_core.package_identification:_identify(examples/rclpy/actions) by extensions ['ros']
[0.663s] Level 1:colcon.colcon_core.package_identification:_identify(examples/rclpy/actions) by extension 'ros'
[0.663s] Level 1:colcon.colcon_core.package_identification:_identify(examples/rclpy/actions) by extensions ['cmake', 'python']
[0.663s] Level 1:colcon.colcon_core.package_identification:_identify(examples/rclpy/actions) by extension 'cmake'
[0.664s] Level 1:colcon.colcon_core.package_identification:_identify(examples/rclpy/actions) by extension 'python'
[0.664s] Level 1:colcon.colcon_core.package_identification:_identify(examples/rclpy/actions) by extensions ['python_setup_py']
[0.664s] Level 1:colcon.colcon_core.package_identification:_identify(examples/rclpy/actions) by extension 'python_setup_py'
[0.664s] Level 1:colcon.colcon_core.package_identification:_identify(examples/rclpy/actions/minimal_action_client) by extensions ['ignore', 'ignore_ament_install']
[0.665s] Level 1:colcon.colcon_core.package_identification:_identify(examples/rclpy/actions/minimal_action_client) by extension 'ignore'
[0.665s] Level 1:colcon.colcon_core.package_identification:_identify(examples/rclpy/actions/minimal_action_client) by extension 'ignore_ament_install'
[0.665s] Level 1:colcon.colcon_core.package_identification:_identify(examples/rclpy/actions/minimal_action_client) by extensions ['colcon_pkg']
[0.665s] Level 1:colcon.colcon_core.package_identification:_identify(examples/rclpy/actions/minimal_action_client) by extension 'colcon_pkg'
[0.665s] Level 1:colcon.colcon_core.package_identification:_identify(examples/rclpy/actions/minimal_action_client) by extensions ['colcon_meta']
[0.665s] Level 1:colcon.colcon_core.package_identification:_identify(examples/rclpy/actions/minimal_action_client) by extension 'colcon_meta'
[0.666s] Level 1:colcon.colcon_core.package_identification:_identify(examples/rclpy/actions/minimal_action_client) by extensions ['ros']
[0.666s] Level 1:colcon.colcon_core.package_identification:_identify(examples/rclpy/actions/minimal_action_client) by extension 'ros'
[0.668s] DEBUG:colcon.colcon_core.package_identification:Package 'examples/rclpy/actions/minimal_action_client' with type 'ros.ament_python' and name 'examples_rclpy_minimal_action_client'
[0.668s] Level 1:colcon.colcon_core.package_identification:_identify(examples/rclpy/actions/minimal_action_server) by extensions ['ignore', 'ignore_ament_install']
[0.668s] Level 1:colcon.colcon_core.package_identification:_identify(examples/rclpy/actions/minimal_action_server) by extension 'ignore'
[0.668s] Level 1:colcon.colcon_core.package_identification:_identify(examples/rclpy/actions/minimal_action_server) by extension 'ignore_ament_install'
[0.669s] Level 1:colcon.colcon_core.package_identification:_identify(examples/rclpy/actions/minimal_action_server) by extensions ['colcon_pkg']
[0.669s] Level 1:colcon.colcon_core.package_identification:_identify(examples/rclpy/actions/minimal_action_server) by extension 'colcon_pkg'
[0.669s] Level 1:colcon.colcon_core.package_identification:_identify(examples/rclpy/actions/minimal_action_server) by extensions ['colcon_meta']
[0.669s] Level 1:colcon.colcon_core.package_identification:_identify(examples/rclpy/actions/minimal_action_server) by extension 'colcon_meta'
[0.669s] Level 1:colcon.colcon_core.package_identification:_identify(examples/rclpy/actions/minimal_action_server) by extensions ['ros']
[0.669s] Level 1:colcon.colcon_core.package_identification:_identify(examples/rclpy/actions/minimal_action_server) by extension 'ros'
[0.671s] DEBUG:colcon.colcon_core.package_identification:Package 'examples/rclpy/actions/minimal_action_server' with type 'ros.ament_python' and name 'examples_rclpy_minimal_action_server'
[0.672s] Level 1:colcon.colcon_core.package_identification:_identify(examples/rclpy/executors) by extensions ['ignore', 'ignore_ament_install']
[0.672s] Level 1:colcon.colcon_core.package_identification:_identify(examples/rclpy/executors) by extension 'ignore'
[0.672s] Level 1:colcon.colcon_core.package_identification:_identify(examples/rclpy/executors) by extension 'ignore_ament_install'
[0.673s] Level 1:colcon.colcon_core.package_identification:_identify(examples/rclpy/executors) by extensions ['colcon_pkg']
[0.673s] Level 1:colcon.colcon_core.package_identification:_identify(examples/rclpy/executors) by extension 'colcon_pkg'
[0.673s] Level 1:colcon.colcon_core.package_identification:_identify(examples/rclpy/executors) by extensions ['colcon_meta']
[0.673s] Level 1:colcon.colcon_core.package_identification:_identify(examples/rclpy/executors) by extension 'colcon_meta'
[0.673s] Level 1:colcon.colcon_core.package_identification:_identify(examples/rclpy/executors) by extensions ['ros']
[0.673s] Level 1:colcon.colcon_core.package_identification:_identify(examples/rclpy/executors) by extension 'ros'
[0.675s] DEBUG:colcon.colcon_core.package_identification:Package 'examples/rclpy/executors' with type 'ros.ament_python' and name 'examples_rclpy_executors'
[0.675s] Level 1:colcon.colcon_core.package_identification:_identify(examples/rclpy/guard_conditions) by extensions ['ignore', 'ignore_ament_install']
[0.676s] Level 1:colcon.colcon_core.package_identification:_identify(examples/rclpy/guard_conditions) by extension 'ignore'
[0.676s] Level 1:colcon.colcon_core.package_identification:_identify(examples/rclpy/guard_conditions) by extension 'ignore_ament_install'
[0.676s] Level 1:colcon.colcon_core.package_identification:_identify(examples/rclpy/guard_conditions) by extensions ['colcon_pkg']
[0.676s] Level 1:colcon.colcon_core.package_identification:_identify(examples/rclpy/guard_conditions) by extension 'colcon_pkg'
[0.676s] Level 1:colcon.colcon_core.package_identification:_identify(examples/rclpy/guard_conditions) by extensions ['colcon_meta']
[0.676s] Level 1:colcon.colcon_core.package_identification:_identify(examples/rclpy/guard_conditions) by extension 'colcon_meta'
[0.677s] Level 1:colcon.colcon_core.package_identification:_identify(examples/rclpy/guard_conditions) by extensions ['ros']
[0.677s] Level 1:colcon.colcon_core.package_identification:_identify(examples/rclpy/guard_conditions) by extension 'ros'
[0.678s] DEBUG:colcon.colcon_core.package_identification:Package 'examples/rclpy/guard_conditions' with type 'ros.ament_python' and name 'examples_rclpy_guard_conditions'
[0.679s] Level 1:colcon.colcon_core.package_identification:_identify(examples/rclpy/services) by extensions ['ignore', 'ignore_ament_install']
[0.679s] Level 1:colcon.colcon_core.package_identification:_identify(examples/rclpy/services) by extension 'ignore'
[0.679s] Level 1:colcon.colcon_core.package_identification:_identify(examples/rclpy/services) by extension 'ignore_ament_install'
[0.679s] Level 1:colcon.colcon_core.package_identification:_identify(examples/rclpy/services) by extensions ['colcon_pkg']
[0.679s] Level 1:colcon.colcon_core.package_identification:_identify(examples/rclpy/services) by extension 'colcon_pkg'
[0.679s] Level 1:colcon.colcon_core.package_identification:_identify(examples/rclpy/services) by extensions ['colcon_meta']
[0.680s] Level 1:colcon.colcon_core.package_identification:_identify(examples/rclpy/services) by extension 'colcon_meta'
[0.680s] Level 1:colcon.colcon_core.package_identification:_identify(examples/rclpy/services) by extensions ['ros']
[0.680s] Level 1:colcon.colcon_core.package_identification:_identify(examples/rclpy/services) by extension 'ros'
[0.680s] Level 1:colcon.colcon_core.package_identification:_identify(examples/rclpy/services) by extensions ['cmake', 'python']
[0.680s] Level 1:colcon.colcon_core.package_identification:_identify(examples/rclpy/services) by extension 'cmake'
[0.680s] Level 1:colcon.colcon_core.package_identification:_identify(examples/rclpy/services) by extension 'python'
[0.681s] Level 1:colcon.colcon_core.package_identification:_identify(examples/rclpy/services) by extensions ['python_setup_py']
[0.681s] Level 1:colcon.colcon_core.package_identification:_identify(examples/rclpy/services) by extension 'python_setup_py'
[0.681s] Level 1:colcon.colcon_core.package_identification:_identify(examples/rclpy/services/minimal_client) by extensions ['ignore', 'ignore_ament_install']
[0.681s] Level 1:colcon.colcon_core.package_identification:_identify(examples/rclpy/services/minimal_client) by extension 'ignore'
[0.682s] Level 1:colcon.colcon_core.package_identification:_identify(examples/rclpy/services/minimal_client) by extension 'ignore_ament_install'
[0.682s] Level 1:colcon.colcon_core.package_identification:_identify(examples/rclpy/services/minimal_client) by extensions ['colcon_pkg']
[0.682s] Level 1:colcon.colcon_core.package_identification:_identify(examples/rclpy/services/minimal_client) by extension 'colcon_pkg'
[0.682s] Level 1:colcon.colcon_core.package_identification:_identify(examples/rclpy/services/minimal_client) by extensions ['colcon_meta']
[0.682s] Level 1:colcon.colcon_core.package_identification:_identify(examples/rclpy/services/minimal_client) by extension 'colcon_meta'
[0.682s] Level 1:colcon.colcon_core.package_identification:_identify(examples/rclpy/services/minimal_client) by extensions ['ros']
[0.683s] Level 1:colcon.colcon_core.package_identification:_identify(examples/rclpy/services/minimal_client) by extension 'ros'
[0.684s] DEBUG:colcon.colcon_core.package_identification:Package 'examples/rclpy/services/minimal_client' with type 'ros.ament_python' and name 'examples_rclpy_minimal_client'
[0.685s] Level 1:colcon.colcon_core.package_identification:_identify(examples/rclpy/services/minimal_service) by extensions ['ignore', 'ignore_ament_install']
[0.685s] Level 1:colcon.colcon_core.package_identification:_identify(examples/rclpy/services/minimal_service) by extension 'ignore'
[0.685s] Level 1:colcon.colcon_core.package_identification:_identify(examples/rclpy/services/minimal_service) by extension 'ignore_ament_install'
[0.685s] Level 1:colcon.colcon_core.package_identification:_identify(examples/rclpy/services/minimal_service) by extensions ['colcon_pkg']
[0.685s] Level 1:colcon.colcon_core.package_identification:_identify(examples/rclpy/services/minimal_service) by extension 'colcon_pkg'
[0.686s] Level 1:colcon.colcon_core.package_identification:_identify(examples/rclpy/services/minimal_service) by extensions ['colcon_meta']
[0.686s] Level 1:colcon.colcon_core.package_identification:_identify(examples/rclpy/services/minimal_service) by extension 'colcon_meta'
[0.686s] Level 1:colcon.colcon_core.package_identification:_identify(examples/rclpy/services/minimal_service) by extensions ['ros']
[0.686s] Level 1:colcon.colcon_core.package_identification:_identify(examples/rclpy/services/minimal_service) by extension 'ros'
[0.688s] DEBUG:colcon.colcon_core.package_identification:Package 'examples/rclpy/services/minimal_service' with type 'ros.ament_python' and name 'examples_rclpy_minimal_service'
[0.688s] Level 1:colcon.colcon_core.package_identification:_identify(examples/rclpy/topics) by extensions ['ignore', 'ignore_ament_install']
[0.688s] Level 1:colcon.colcon_core.package_identification:_identify(examples/rclpy/topics) by extension 'ignore'
[0.689s] Level 1:colcon.colcon_core.package_identification:_identify(examples/rclpy/topics) by extension 'ignore_ament_install'
[0.689s] Level 1:colcon.colcon_core.package_identification:_identify(examples/rclpy/topics) by extensions ['colcon_pkg']
[0.689s] Level 1:colcon.colcon_core.package_identification:_identify(examples/rclpy/topics) by extension 'colcon_pkg'
[0.689s] Level 1:colcon.colcon_core.package_identification:_identify(examples/rclpy/topics) by extensions ['colcon_meta']
[0.689s] Level 1:colcon.colcon_core.package_identification:_identify(examples/rclpy/topics) by extension 'colcon_meta'
[0.689s] Level 1:colcon.colcon_core.package_identification:_identify(examples/rclpy/topics) by extensions ['ros']
[0.689s] Level 1:colcon.colcon_core.package_identification:_identify(examples/rclpy/topics) by extension 'ros'
[0.690s] Level 1:colcon.colcon_core.package_identification:_identify(examples/rclpy/topics) by extensions ['cmake', 'python']
[0.690s] Level 1:colcon.colcon_core.package_identification:_identify(examples/rclpy/topics) by extension 'cmake'
[0.690s] Level 1:colcon.colcon_core.package_identification:_identify(examples/rclpy/topics) by extension 'python'
[0.690s] Level 1:colcon.colcon_core.package_identification:_identify(examples/rclpy/topics) by extensions ['python_setup_py']
[0.690s] Level 1:colcon.colcon_core.package_identification:_identify(examples/rclpy/topics) by extension 'python_setup_py'
[0.691s] Level 1:colcon.colcon_core.package_identification:_identify(examples/rclpy/topics/minimal_publisher) by extensions ['ignore', 'ignore_ament_install']
[0.691s] Level 1:colcon.colcon_core.package_identification:_identify(examples/rclpy/topics/minimal_publisher) by extension 'ignore'
[0.691s] Level 1:colcon.colcon_core.package_identification:_identify(examples/rclpy/topics/minimal_publisher) by extension 'ignore_ament_install'
[0.691s] Level 1:colcon.colcon_core.package_identification:_identify(examples/rclpy/topics/minimal_publisher) by extensions ['colcon_pkg']
[0.691s] Level 1:colcon.colcon_core.package_identification:_identify(examples/rclpy/topics/minimal_publisher) by extension 'colcon_pkg'
[0.692s] Level 1:colcon.colcon_core.package_identification:_identify(examples/rclpy/topics/minimal_publisher) by extensions ['colcon_meta']
[0.692s] Level 1:colcon.colcon_core.package_identification:_identify(examples/rclpy/topics/minimal_publisher) by extension 'colcon_meta'
[0.692s] Level 1:colcon.colcon_core.package_identification:_identify(examples/rclpy/topics/minimal_publisher) by extensions ['ros']
[0.692s] Level 1:colcon.colcon_core.package_identification:_identify(examples/rclpy/topics/minimal_publisher) by extension 'ros'
[0.694s] DEBUG:colcon.colcon_core.package_identification:Package 'examples/rclpy/topics/minimal_publisher' with type 'ros.ament_python' and name 'examples_rclpy_minimal_publisher'
[0.694s] Level 1:colcon.colcon_core.package_identification:_identify(examples/rclpy/topics/minimal_subscriber) by extensions ['ignore', 'ignore_ament_install']
[0.695s] Level 1:colcon.colcon_core.package_identification:_identify(examples/rclpy/topics/minimal_subscriber) by extension 'ignore'
[0.695s] Level 1:colcon.colcon_core.package_identification:_identify(examples/rclpy/topics/minimal_subscriber) by extension 'ignore_ament_install'
[0.695s] Level 1:colcon.colcon_core.package_identification:_identify(examples/rclpy/topics/minimal_subscriber) by extensions ['colcon_pkg']
[0.695s] Level 1:colcon.colcon_core.package_identification:_identify(examples/rclpy/topics/minimal_subscriber) by extension 'colcon_pkg'
[0.696s] Level 1:colcon.colcon_core.package_identification:_identify(examples/rclpy/topics/minimal_subscriber) by extensions ['colcon_meta']
[0.696s] Level 1:colcon.colcon_core.package_identification:_identify(examples/rclpy/topics/minimal_subscriber) by extension 'colcon_meta'
[0.696s] Level 1:colcon.colcon_core.package_identification:_identify(examples/rclpy/topics/minimal_subscriber) by extensions ['ros']
[0.696s] Level 1:colcon.colcon_core.package_identification:_identify(examples/rclpy/topics/minimal_subscriber) by extension 'ros'
[0.698s] DEBUG:colcon.colcon_core.package_identification:Package 'examples/rclpy/topics/minimal_subscriber' with type 'ros.ament_python' and name 'examples_rclpy_minimal_subscriber'
[0.698s] Level 1:colcon.colcon_core.package_identification:_identify(examples/rclpy/topics/pointcloud_publisher) by extensions ['ignore', 'ignore_ament_install']
[0.698s] Level 1:colcon.colcon_core.package_identification:_identify(examples/rclpy/topics/pointcloud_publisher) by extension 'ignore'
[0.698s] Level 1:colcon.colcon_core.package_identification:_identify(examples/rclpy/topics/pointcloud_publisher) by extension 'ignore_ament_install'
[0.699s] Level 1:colcon.colcon_core.package_identification:_identify(examples/rclpy/topics/pointcloud_publisher) by extensions ['colcon_pkg']
[0.699s] Level 1:colcon.colcon_core.package_identification:_identify(examples/rclpy/topics/pointcloud_publisher) by extension 'colcon_pkg'
[0.699s] Level 1:colcon.colcon_core.package_identification:_identify(examples/rclpy/topics/pointcloud_publisher) by extensions ['colcon_meta']
[0.699s] Level 1:colcon.colcon_core.package_identification:_identify(examples/rclpy/topics/pointcloud_publisher) by extension 'colcon_meta'
[0.699s] Level 1:colcon.colcon_core.package_identification:_identify(examples/rclpy/topics/pointcloud_publisher) by extensions ['ros']
[0.699s] Level 1:colcon.colcon_core.package_identification:_identify(examples/rclpy/topics/pointcloud_publisher) by extension 'ros'
[0.701s] DEBUG:colcon.colcon_core.package_identification:Package 'examples/rclpy/topics/pointcloud_publisher' with type 'ros.ament_python' and name 'examples_rclpy_pointcloud_publisher'
[0.701s] Level 1:colcon.colcon_core.package_identification:_identify(install) by extensions ['ignore', 'ignore_ament_install']
[0.702s] Level 1:colcon.colcon_core.package_identification:_identify(install) by extension 'ignore'
[0.702s] Level 1:colcon.colcon_core.package_identification:_identify(install) ignored
[0.703s] Level 1:colcon.colcon_core.package_identification:_identify(log) by extensions ['ignore', 'ignore_ament_install']
[0.703s] Level 1:colcon.colcon_core.package_identification:_identify(log) by extension 'ignore'
[0.703s] Level 1:colcon.colcon_core.package_identification:_identify(log) ignored
[0.703s] Level 1:colcon.colcon_core.package_identification:_identify(publisher_subscriber) by extensions ['ignore', 'ignore_ament_install']
[0.704s] Level 1:colcon.colcon_core.package_identification:_identify(publisher_subscriber) by extension 'ignore'
[0.704s] Level 1:colcon.colcon_core.package_identification:_identify(publisher_subscriber) by extension 'ignore_ament_install'
[0.704s] Level 1:colcon.colcon_core.package_identification:_identify(publisher_subscriber) by extensions ['colcon_pkg']
[0.704s] Level 1:colcon.colcon_core.package_identification:_identify(publisher_subscriber) by extension 'colcon_pkg'
[0.704s] Level 1:colcon.colcon_core.package_identification:_identify(publisher_subscriber) by extensions ['colcon_meta']
[0.704s] Level 1:colcon.colcon_core.package_identification:_identify(publisher_subscriber) by extension 'colcon_meta'
[0.704s] Level 1:colcon.colcon_core.package_identification:_identify(publisher_subscriber) by extensions ['ros']
[0.705s] Level 1:colcon.colcon_core.package_identification:_identify(publisher_subscriber) by extension 'ros'
[0.707s] DEBUG:colcon.colcon_core.package_identification:Package 'publisher_subscriber' with type 'ros.ament_cmake' and name 'publisher_subscriber'
[0.707s] Level 1:colcon.colcon_core.package_identification:_identify(src) by extensions ['ignore', 'ignore_ament_install']
[0.707s] Level 1:colcon.colcon_core.package_identification:_identify(src) by extension 'ignore'
[0.708s] Level 1:colcon.colcon_core.package_identification:_identify(src) by extension 'ignore_ament_install'
[0.708s] Level 1:colcon.colcon_core.package_identification:_identify(src) by extensions ['colcon_pkg']
[0.708s] Level 1:colcon.colcon_core.package_identification:_identify(src) by extension 'colcon_pkg'
[0.708s] Level 1:colcon.colcon_core.package_identification:_identify(src) by extensions ['colcon_meta']
[0.708s] Level 1:colcon.colcon_core.package_identification:_identify(src) by extension 'colcon_meta'
[0.708s] Level 1:colcon.colcon_core.package_identification:_identify(src) by extensions ['ros']
[0.708s] Level 1:colcon.colcon_core.package_identification:_identify(src) by extension 'ros'
[0.709s] Level 1:colcon.colcon_core.package_identification:_identify(src) by extensions ['cmake', 'python']
[0.709s] Level 1:colcon.colcon_core.package_identification:_identify(src) by extension 'cmake'
[0.709s] Level 1:colcon.colcon_core.package_identification:_identify(src) by extension 'python'
[0.709s] Level 1:colcon.colcon_core.package_identification:_identify(src) by extensions ['python_setup_py']
[0.709s] Level 1:colcon.colcon_core.package_identification:_identify(src) by extension 'python_setup_py'
[0.710s] Level 1:colcon.colcon_core.package_identification:_identify(src/cpp_pubsub) by extensions ['ignore', 'ignore_ament_install']
[0.710s] Level 1:colcon.colcon_core.package_identification:_identify(src/cpp_pubsub) by extension 'ignore'
[0.710s] Level 1:colcon.colcon_core.package_identification:_identify(src/cpp_pubsub) by extension 'ignore_ament_install'
[0.710s] Level 1:colcon.colcon_core.package_identification:_identify(src/cpp_pubsub) by extensions ['colcon_pkg']
[0.710s] Level 1:colcon.colcon_core.package_identification:_identify(src/cpp_pubsub) by extension 'colcon_pkg'
[0.710s] Level 1:colcon.colcon_core.package_identification:_identify(src/cpp_pubsub) by extensions ['colcon_meta']
[0.710s] Level 1:colcon.colcon_core.package_identification:_identify(src/cpp_pubsub) by extension 'colcon_meta'
[0.711s] Level 1:colcon.colcon_core.package_identification:_identify(src/cpp_pubsub) by extensions ['ros']
[0.711s] Level 1:colcon.colcon_core.package_identification:_identify(src/cpp_pubsub) by extension 'ros'
[0.712s] DEBUG:colcon.colcon_core.package_identification:Package 'src/cpp_pubsub' with type 'ros.ament_cmake' and name 'cpp_pubsub'
[0.713s] Level 1:colcon.colcon_core.package_identification:_identify(src/manual_pubsub) by extensions ['ignore', 'ignore_ament_install']
[0.713s] Level 1:colcon.colcon_core.package_identification:_identify(src/manual_pubsub) by extension 'ignore'
[0.713s] Level 1:colcon.colcon_core.package_identification:_identify(src/manual_pubsub) by extension 'ignore_ament_install'
[0.713s] Level 1:colcon.colcon_core.package_identification:_identify(src/manual_pubsub) by extensions ['colcon_pkg']
[0.713s] Level 1:colcon.colcon_core.package_identification:_identify(src/manual_pubsub) by extension 'colcon_pkg'
[0.714s] Level 1:colcon.colcon_core.package_identification:_identify(src/manual_pubsub) by extensions ['colcon_meta']
[0.714s] Level 1:colcon.colcon_core.package_identification:_identify(src/manual_pubsub) by extension 'colcon_meta'
[0.714s] Level 1:colcon.colcon_core.package_identification:_identify(src/manual_pubsub) by extensions ['ros']
[0.714s] Level 1:colcon.colcon_core.package_identification:_identify(src/manual_pubsub) by extension 'ros'
[0.716s] DEBUG:colcon.colcon_core.package_identification:Package 'src/manual_pubsub' with type 'ros.ament_cmake' and name 'manual_pubsub'
[0.716s] Level 1:colcon.colcon_core.package_identification:_identify(src/robosub) by extensions ['ignore', 'ignore_ament_install']
[0.716s] Level 1:colcon.colcon_core.package_identification:_identify(src/robosub) by extension 'ignore'
[0.716s] Level 1:colcon.colcon_core.package_identification:_identify(src/robosub) by extension 'ignore_ament_install'
[0.716s] Level 1:colcon.colcon_core.package_identification:_identify(src/robosub) by extensions ['colcon_pkg']
[0.717s] Level 1:colcon.colcon_core.package_identification:_identify(src/robosub) by extension 'colcon_pkg'
[0.717s] Level 1:colcon.colcon_core.package_identification:_identify(src/robosub) by extensions ['colcon_meta']
[0.717s] Level 1:colcon.colcon_core.package_identification:_identify(src/robosub) by extension 'colcon_meta'
[0.717s] Level 1:colcon.colcon_core.package_identification:_identify(src/robosub) by extensions ['ros']
[0.717s] Level 1:colcon.colcon_core.package_identification:_identify(src/robosub) by extension 'ros'
[0.720s] DEBUG:colcon.colcon_core.package_identification:Package 'src/robosub' with type 'ros.ament_cmake' and name 'robosub'
[0.720s] Level 1:colcon.colcon_core.package_discovery:discover_packages(recursive) using defaults
[0.720s] Level 1:colcon.colcon_core.package_discovery:discover_packages(ignore) discover
[0.720s] Level 1:colcon.colcon_core.package_discovery:discover_packages(ignore) using defaults
[0.720s] Level 1:colcon.colcon_core.package_discovery:discover_packages(path) discover
[0.720s] Level 1:colcon.colcon_core.package_discovery:discover_packages(path) using defaults
[0.816s] INFO:colcon.colcon_core.package_selection:Skipping not selected package 'cpp_pubsub' in 'src/cpp_pubsub'
[0.816s] INFO:colcon.colcon_core.package_selection:Skipping not selected package 'examples_rclcpp_async_client' in 'examples/rclcpp/services/async_client'
[0.816s] INFO:colcon.colcon_core.package_selection:Skipping not selected package 'examples_rclcpp_cbg_executor' in 'examples/rclcpp/executors/cbg_executor'
[0.816s] INFO:colcon.colcon_core.package_selection:Skipping not selected package 'examples_rclcpp_minimal_action_client' in 'examples/rclcpp/actions/minimal_action_client'
[0.817s] INFO:colcon.colcon_core.package_selection:Skipping not selected package 'examples_rclcpp_minimal_action_server' in 'examples/rclcpp/actions/minimal_action_server'
[0.817s] INFO:colcon.colcon_core.package_selection:Skipping not selected package 'examples_rclcpp_minimal_client' in 'examples/rclcpp/services/minimal_client'
[0.817s] INFO:colcon.colcon_core.package_selection:Skipping not selected package 'examples_rclcpp_minimal_composition' in 'examples/rclcpp/composition/minimal_composition'
[0.817s] INFO:colcon.colcon_core.package_selection:Skipping not selected package 'examples_rclcpp_minimal_publisher' in 'examples/rclcpp/topics/minimal_publisher'
[0.817s] INFO:colcon.colcon_core.package_selection:Skipping not selected package 'examples_rclcpp_minimal_service' in 'examples/rclcpp/services/minimal_service'
[0.817s] INFO:colcon.colcon_core.package_selection:Skipping not selected package 'examples_rclcpp_minimal_subscriber' in 'examples/rclcpp/topics/minimal_subscriber'
[0.817s] INFO:colcon.colcon_core.package_selection:Skipping not selected package 'examples_rclcpp_minimal_timer' in 'examples/rclcpp/timers/minimal_timer'
[0.817s] INFO:colcon.colcon_core.package_selection:Skipping not selected package 'examples_rclcpp_multithreaded_executor' in 'examples/rclcpp/executors/multithreaded_executor'
[0.817s] INFO:colcon.colcon_core.package_selection:Skipping not selected package 'examples_rclcpp_wait_set' in 'examples/rclcpp/wait_set'
[0.818s] INFO:colcon.colcon_core.package_selection:Skipping not selected package 'examples_rclpy_executors' in 'examples/rclpy/executors'
[0.818s] INFO:colcon.colcon_core.package_selection:Skipping not selected package 'examples_rclpy_guard_conditions' in 'examples/rclpy/guard_conditions'
[0.818s] INFO:colcon.colcon_core.package_selection:Skipping not selected package 'examples_rclpy_minimal_action_client' in 'examples/rclpy/actions/minimal_action_client'
[0.818s] INFO:colcon.colcon_core.package_selection:Skipping not selected package 'examples_rclpy_minimal_action_server' in 'examples/rclpy/actions/minimal_action_server'
[0.818s] INFO:colcon.colcon_core.package_selection:Skipping not selected package 'examples_rclpy_minimal_client' in 'examples/rclpy/services/minimal_client'
[0.818s] INFO:colcon.colcon_core.package_selection:Skipping not selected package 'examples_rclpy_minimal_publisher' in 'examples/rclpy/topics/minimal_publisher'
[0.818s] INFO:colcon.colcon_core.package_selection:Skipping not selected package 'examples_rclpy_minimal_service' in 'examples/rclpy/services/minimal_service'
[0.818s] INFO:colcon.colcon_core.package_selection:Skipping not selected package 'examples_rclpy_minimal_subscriber' in 'examples/rclpy/topics/minimal_subscriber'
[0.818s] INFO:colcon.colcon_core.package_selection:Skipping not selected package 'examples_rclpy_pointcloud_publisher' in 'examples/rclpy/topics/pointcloud_publisher'
[0.818s] INFO:colcon.colcon_core.package_selection:Skipping not selected package 'launch_testing_examples' in 'examples/launch_testing/launch_testing_examples'
[0.819s] INFO:colcon.colcon_core.package_selection:Skipping not selected package 'publisher_subscriber' in 'publisher_subscriber'
[0.819s] INFO:colcon.colcon_core.package_selection:Skipping not selected package 'robosub' in 'src/robosub'
[0.821s] Level 1:colcon.colcon_core.package_discovery:discover_packages(prefix_path) check parameters
[0.821s] Level 1:colcon.colcon_core.package_discovery:discover_packages(prefix_path) discover
[0.828s] DEBUG:colcon.colcon_installed_package_information.package_discovery:Found 4 installed packages in /home/lur/controller/install
[0.834s] DEBUG:colcon.colcon_installed_package_information.package_discovery:Found 263 installed packages in /opt/ros/foxy
[0.841s] Level 1:colcon.colcon_core.package_discovery:discover_packages(prefix_path) using defaults
[1.069s] Level 5:colcon.colcon_core.verb:set package 'manual_pubsub' build argument 'cmake_args' from command line to 'None'
[1.069s] Level 5:colcon.colcon_core.verb:set package 'manual_pubsub' build argument 'cmake_target' from command line to 'None'
[1.069s] Level 5:colcon.colcon_core.verb:set package 'manual_pubsub' build argument 'cmake_target_skip_unavailable' from command line to 'False'
[1.069s] Level 5:colcon.colcon_core.verb:set package 'manual_pubsub' build argument 'cmake_clean_cache' from command line to 'False'
[1.069s] Level 5:colcon.colcon_core.verb:set package 'manual_pubsub' build argument 'cmake_clean_first' from command line to 'False'
[1.070s] Level 5:colcon.colcon_core.verb:set package 'manual_pubsub' build argument 'cmake_force_configure' from command line to 'False'
[1.070s] Level 5:colcon.colcon_core.verb:set package 'manual_pubsub' build argument 'ament_cmake_args' from command line to 'None'
[1.070s] Level 5:colcon.colcon_core.verb:set package 'manual_pubsub' build argument 'catkin_cmake_args' from command line to 'None'
[1.070s] Level 5:colcon.colcon_core.verb:set package 'manual_pubsub' build argument 'catkin_skip_building_tests' from command line to 'False'
[1.070s] DEBUG:colcon.colcon_core.verb:Building package 'manual_pubsub' with the following arguments: {'ament_cmake_args': None, 'build_base': '/home/lur/controller/build/manual_pubsub', 'catkin_cmake_args': None, 'catkin_skip_building_tests': False, 'cmake_args': None, 'cmake_clean_cache': False, 'cmake_clean_first': False, 'cmake_force_configure': False, 'cmake_target': None, 'cmake_target_skip_unavailable': False, 'install_base': '/home/lur/controller/install/manual_pubsub', 'merge_install': False, 'path': '/home/lur/controller/src/manual_pubsub', 'symlink_install': False, 'test_result_base': None}
[1.071s] INFO:colcon.colcon_core.executor:Executing jobs using 'parallel' executor
[1.078s] DEBUG:colcon.colcon_parallel_executor.executor.parallel:run_until_complete
[1.080s] INFO:colcon.colcon_ros.task.ament_cmake.build:Building ROS package in '/home/lur/controller/src/manual_pubsub' with build type 'ament_cmake'
[1.080s] INFO:colcon.colcon_cmake.task.cmake.build:Building CMake package in '/home/lur/controller/src/manual_pubsub'
[1.095s] INFO:colcon.colcon_core.plugin_system:Skipping extension 'colcon_core.shell.bat': Not used on non-Windows systems
[1.096s] INFO:colcon.colcon_core.shell:Skip shell extension 'powershell' for command environment: Not usable outside of PowerShell
[1.096s] DEBUG:colcon.colcon_core.shell:Skip shell extension 'dsv' for command environment
[1.150s] DEBUG:colcon.colcon_core.event_handler.log_command:Invoking command in '/home/lur/controller/build/manual_pubsub': CMAKE_PREFIX_PATH=${CMAKE_PREFIX_PATH}:/opt/ros/foxy /usr/bin/cmake --build /home/lur/controller/build/manual_pubsub -- -j4 -l4
[12.214s] DEBUG:colcon.colcon_core.event_handler.log_command:Invoked command in '/home/lur/controller/build/manual_pubsub' returned '0': CMAKE_PREFIX_PATH=${CMAKE_PREFIX_PATH}:/opt/ros/foxy /usr/bin/cmake --build /home/lur/controller/build/manual_pubsub -- -j4 -l4
[12.370s] DEBUG:colcon.colcon_core.event_handler.log_command:Invoking command in '/home/lur/controller/build/manual_pubsub': CMAKE_PREFIX_PATH=${CMAKE_PREFIX_PATH}:/opt/ros/foxy /usr/bin/cmake --install /home/lur/controller/build/manual_pubsub
[12.426s] Level 1:colcon.colcon_core.environment:create_environment_scripts_only(manual_pubsub)
[12.430s] DEBUG:colcon.colcon_core.event_handler.log_command:Invoked command in '/home/lur/controller/build/manual_pubsub' returned '0': CMAKE_PREFIX_PATH=${CMAKE_PREFIX_PATH}:/opt/ros/foxy /usr/bin/cmake --install /home/lur/controller/build/manual_pubsub
[12.449s] Level 1:colcon.colcon_core.environment:checking '/home/lur/controller/install/manual_pubsub' for CMake module files
[12.452s] Level 1:colcon.colcon_core.environment:checking '/home/lur/controller/install/manual_pubsub' for CMake config files
[12.453s] Level 1:colcon.colcon_core.shell:create_environment_hook('manual_pubsub', 'cmake_prefix_path')
[12.455s] INFO:colcon.colcon_core.shell:Creating environment hook '/home/lur/controller/install/manual_pubsub/share/manual_pubsub/hook/cmake_prefix_path.ps1'
[12.459s] INFO:colcon.colcon_core.shell:Creating environment descriptor '/home/lur/controller/install/manual_pubsub/share/manual_pubsub/hook/cmake_prefix_path.dsv'
[12.462s] INFO:colcon.colcon_core.shell:Creating environment hook '/home/lur/controller/install/manual_pubsub/share/manual_pubsub/hook/cmake_prefix_path.sh'
[12.466s] Level 1:colcon.colcon_core.environment:checking '/home/lur/controller/install/manual_pubsub/lib'
[12.467s] Level 1:colcon.colcon_core.environment:checking '/home/lur/controller/install/manual_pubsub/bin'
[12.467s] Level 1:colcon.colcon_core.environment:checking '/home/lur/controller/install/manual_pubsub/lib/pkgconfig/manual_pubsub.pc'
[12.468s] Level 1:colcon.colcon_core.environment:checking '/home/lur/controller/install/manual_pubsub/lib/python3.8/site-packages'
[12.469s] Level 1:colcon.colcon_core.environment:checking '/home/lur/controller/install/manual_pubsub/bin'
[12.471s] INFO:colcon.colcon_core.shell:Creating package script '/home/lur/controller/install/manual_pubsub/share/manual_pubsub/package.ps1'
[12.474s] INFO:colcon.colcon_core.shell:Creating package descriptor '/home/lur/controller/install/manual_pubsub/share/manual_pubsub/package.dsv'
[12.476s] INFO:colcon.colcon_core.shell:Creating package script '/home/lur/controller/install/manual_pubsub/share/manual_pubsub/package.sh'
[12.479s] INFO:colcon.colcon_core.shell:Creating package script '/home/lur/controller/install/manual_pubsub/share/manual_pubsub/package.bash'
[12.483s] INFO:colcon.colcon_core.shell:Creating package script '/home/lur/controller/install/manual_pubsub/share/manual_pubsub/package.zsh'
[12.486s] Level 1:colcon.colcon_core.environment:create_file_with_runtime_dependencies(/home/lur/controller/install/manual_pubsub/share/colcon-core/packages/manual_pubsub)
[12.586s] Level 1:colcon.colcon_core.environment:create_environment_scripts_only(manual_pubsub)
[12.591s] Level 1:colcon.colcon_core.environment:checking '/home/lur/controller/install/manual_pubsub' for CMake module files
[12.593s] Level 1:colcon.colcon_core.environment:checking '/home/lur/controller/install/manual_pubsub' for CMake config files
[12.595s] Level 1:colcon.colcon_core.shell:create_environment_hook('manual_pubsub', 'cmake_prefix_path')
[12.596s] INFO:colcon.colcon_core.shell:Creating environment hook '/home/lur/controller/install/manual_pubsub/share/manual_pubsub/hook/cmake_prefix_path.ps1'
[12.599s] INFO:colcon.colcon_core.shell:Creating environment descriptor '/home/lur/controller/install/manual_pubsub/share/manual_pubsub/hook/cmake_prefix_path.dsv'
[12.601s] INFO:colcon.colcon_core.shell:Creating environment hook '/home/lur/controller/install/manual_pubsub/share/manual_pubsub/hook/cmake_prefix_path.sh'
[12.604s] Level 1:colcon.colcon_core.environment:checking '/home/lur/controller/install/manual_pubsub/lib'
[12.604s] Level 1:colcon.colcon_core.environment:checking '/home/lur/controller/install/manual_pubsub/bin'
[12.604s] Level 1:colcon.colcon_core.environment:checking '/home/lur/controller/install/manual_pubsub/lib/pkgconfig/manual_pubsub.pc'
[12.605s] Level 1:colcon.colcon_core.environment:checking '/home/lur/controller/install/manual_pubsub/lib/python3.8/site-packages'
[12.606s] Level 1:colcon.colcon_core.environment:checking '/home/lur/controller/install/manual_pubsub/bin'
[12.608s] INFO:colcon.colcon_core.shell:Creating package script '/home/lur/controller/install/manual_pubsub/share/manual_pubsub/package.ps1'
[12.610s] INFO:colcon.colcon_core.shell:Creating package descriptor '/home/lur/controller/install/manual_pubsub/share/manual_pubsub/package.dsv'
[12.612s] INFO:colcon.colcon_core.shell:Creating package script '/home/lur/controller/install/manual_pubsub/share/manual_pubsub/package.sh'
[12.613s] INFO:colcon.colcon_core.shell:Creating package script '/home/lur/controller/install/manual_pubsub/share/manual_pubsub/package.bash'
[12.615s] INFO:colcon.colcon_core.shell:Creating package script '/home/lur/controller/install/manual_pubsub/share/manual_pubsub/package.zsh'
[12.616s] Level 1:colcon.colcon_core.environment:create_file_with_runtime_dependencies(/home/lur/controller/install/manual_pubsub/share/colcon-core/packages/manual_pubsub)
[12.617s] DEBUG:colcon.colcon_parallel_executor.executor.parallel:closing loop
[12.619s] DEBUG:colcon.colcon_parallel_executor.executor.parallel:loop closed
[12.619s] DEBUG:colcon.colcon_parallel_executor.executor.parallel:run_until_complete finished with '0'
[12.619s] DEBUG:colcon.colcon_core.event_reactor:joining thread
[12.644s] INFO:colcon.colcon_core.plugin_system:Skipping extension 'colcon_notification.desktop_notification.terminal_notifier': Not used on non-Darwin systems
[12.644s] INFO:colcon.colcon_core.plugin_system:Skipping extension 'colcon_notification.desktop_notification.win32': Not used on non-Windows systems
[12.645s] INFO:colcon.colcon_notification.desktop_notification:Sending desktop notification using 'notify2'
[12.703s] DEBUG:colcon.colcon_core.event_reactor:joined thread
[12.706s] INFO:colcon.colcon_core.shell:Creating prefix script '/home/lur/controller/install/local_setup.ps1'
[12.709s] INFO:colcon.colcon_core.shell:Creating prefix util module '/home/lur/controller/install/_local_setup_util_ps1.py'
[12.715s] INFO:colcon.colcon_core.shell:Creating prefix chain script '/home/lur/controller/install/setup.ps1'
[12.719s] INFO:colcon.colcon_core.shell:Creating prefix script '/home/lur/controller/install/local_setup.sh'
[12.721s] INFO:colcon.colcon_core.shell:Creating prefix util module '/home/lur/controller/install/_local_setup_util_sh.py'
[12.723s] INFO:colcon.colcon_core.shell:Creating prefix chain script '/home/lur/controller/install/setup.sh'
[12.728s] INFO:colcon.colcon_core.shell:Creating prefix script '/home/lur/controller/install/local_setup.bash'
[12.729s] INFO:colcon.colcon_core.shell:Creating prefix chain script '/home/lur/controller/install/setup.bash'
[12.733s] INFO:colcon.colcon_core.shell:Creating prefix script '/home/lur/controller/install/local_setup.zsh'
[12.735s] INFO:colcon.colcon_core.shell:Creating prefix chain script '/home/lur/controller/install/setup.zsh'
