[0.065s] Invoking command in '/home/lur/controller/build/manual_pubsub': CMAKE_PREFIX_PATH=${CMAKE_PREFIX_PATH}:/opt/ros/foxy /usr/bin/cmake --build /home/lur/controller/build/manual_pubsub -- -j4 -l4
[0.223s] [35m[1mScanning dependencies of target talker[0m
[0.293s] [ 50%] Built target listener
[0.332s] [ 75%] [32mBuilding CXX object CMakeFiles/talker.dir/src/publisher_member_function.cpp.o[0m
[4.544s] [01m[K/home/lur/controller/src/manual_pubsub/src/publisher_member_function.cpp:[m[K In member function ‘[01m[Kvoid MinimalPublisher::timer_callback()[m[K’:
[4.545s] [01m[K/home/lur/controller/src/manual_pubsub/src/publisher_member_function.cpp:82:8:[m[K [01;31m[Kerror: [m[K‘[01m[Khead[m[K’ was not declared in this scope
[4.546s]    82 |        [01;31m[Khead[m[K,
[4.547s]       |        [01;31m[K^~~~[m[K
[4.547s] [01m[K/home/lur/controller/src/manual_pubsub/src/publisher_member_function.cpp:88:5:[m[K [01;31m[Kerror: [m[Kcould not convert ‘[01m[K{<expression error>, 1000, 500, 500, 0, 0}[m[K’ from ‘[01m[K<brace-enclosed initializer list>[m[K’ to ‘[01m[KmanualMsg[m[K’ {aka ‘[01m[Kmavros_msgs::msg::ManualControl_<std::allocator<void> >[m[K’}
[4.548s]    88 |     [01;31m[K}[m[K;
[4.549s]       |     [01;31m[K^[m[K
[4.550s]       |     [01;31m[K|[m[K
[4.551s]       |     [01;31m[K<brace-enclosed initializer list>[m[K
[4.551s] [01m[K/home/lur/controller/src/manual_pubsub/src/publisher_member_function.cpp:90:78:[m[K [01;31m[Kerror: [m[Kno match for ‘[01m[Koperator+[m[K’ (operand types are ‘[01m[Kstd::__cxx11::basic_string<char>[m[K’ and ‘[01m[Kmavros_msgs::msg::ManualControl_<std::allocator<void> >::_x_type[m[K’ {aka ‘[01m[Kfloat[m[K’})
[4.551s]    90 |     message.data = [32m[K"Message " + std::to_string(count_++) + " (x,y,z,r,b): ("[m[K [01;31m[K+[m[K [34m[Kmsg.x[m[K + "," + msg.y + "," + msg.z + "," + msg.r + "," + msg.buttons + ")";
[4.552s]       |                    [32m[K~~~~~~~~~~~~~~~~~~~~~~~~~~~~~~~~~~~~~~~~~~~~~~~~~~~~~~~~~[m[K [01;31m[K^[m[K [34m[K~~~~~[m[K
[4.552s]       |                                                          [32m[K|[m[K                         [34m[K|[m[K
[4.552s]       |                                                          [32m[K|[m[K                         [34m[Kmavros_msgs::msg::ManualControl_<std::allocator<void> >::_x_type {aka float}[m[K
[4.552s]       |                                                          [32m[Kstd::__cxx11::basic_string<char>[m[K
[4.553s] In file included from [01m[K/usr/include/c++/9/bits/stl_algobase.h:67[m[K,
[4.554s]                  from [01m[K/usr/include/c++/9/memory:62[m[K,
[4.554s]                  from [01m[K/home/lur/controller/src/manual_pubsub/src/publisher_member_function.cpp:16[m[K:
[4.555s] [01m[K/usr/include/c++/9/bits/stl_iterator.h:423:5:[m[K [01;36m[Knote: [m[Kcandidate: ‘[01m[Ktemplate<class _Iterator> std::reverse_iterator<_Iterator> std::operator+(typename std::reverse_iterator<_Iterator>::difference_type, const std::reverse_iterator<_Iterator>&)[m[K’
[4.555s]   423 |     [01;36m[Koperator[m[K+(typename reverse_iterator<_Iterator>::difference_type __n,
[4.555s]       |     [01;36m[K^~~~~~~~[m[K
[4.556s] [01m[K/usr/include/c++/9/bits/stl_iterator.h:423:5:[m[K [01;36m[Knote: [m[K  template argument deduction/substitution failed:
[4.556s] [01m[K/home/lur/controller/src/manual_pubsub/src/publisher_member_function.cpp:90:84:[m[K [01;36m[Knote: [m[K  mismatched types ‘[01m[Kconst std::reverse_iterator<_Iterator>[m[K’ and ‘[01m[Kmavros_msgs::msg::ManualControl_<std::allocator<void> >::_x_type[m[K’ {aka ‘[01m[Kfloat[m[K’}
[4.556s]    90 |     message.data = "Message " + std::to_string(count_++) + " (x,y,z,r,b): (" + msg.[01;36m[Kx[m[K + "," + msg.y + "," + msg.z + "," + msg.r + "," + msg.buttons + ")";
[4.556s]       |                                                                                    [01;36m[K^[m[K
[4.557s] In file included from [01m[K/usr/include/c++/9/bits/stl_algobase.h:67[m[K,
[4.557s]                  from [01m[K/usr/include/c++/9/memory:62[m[K,
[4.557s]                  from [01m[K/home/lur/controller/src/manual_pubsub/src/publisher_member_function.cpp:16[m[K:
[4.558s] [01m[K/usr/include/c++/9/bits/stl_iterator.h:1216:5:[m[K [01;36m[Knote: [m[Kcandidate: ‘[01m[Ktemplate<class _Iterator> std::move_iterator<_IteratorL> std::operator+(typename std::move_iterator<_IteratorL>::difference_type, const std::move_iterator<_IteratorL>&)[m[K’
[4.558s]  1216 |     [01;36m[Koperator[m[K+(typename move_iterator<_Iterator>::difference_type __n,
[4.558s]       |     [01;36m[K^~~~~~~~[m[K
[4.558s] [01m[K/usr/include/c++/9/bits/stl_iterator.h:1216:5:[m[K [01;36m[Knote: [m[K  template argument deduction/substitution failed:
[4.559s] [01m[K/home/lur/controller/src/manual_pubsub/src/publisher_member_function.cpp:90:84:[m[K [01;36m[Knote: [m[K  mismatched types ‘[01m[Kconst std::move_iterator<_IteratorL>[m[K’ and ‘[01m[Kmavros_msgs::msg::ManualControl_<std::allocator<void> >::_x_type[m[K’ {aka ‘[01m[Kfloat[m[K’}
[4.559s]    90 |     message.data = "Message " + std::to_string(count_++) + " (x,y,z,r,b): (" + msg.[01;36m[Kx[m[K + "," + msg.y + "," + msg.z + "," + msg.r + "," + msg.buttons + ")";
[4.559s]       |                                                                                    [01;36m[K^[m[K
[4.559s] In file included from [01m[K/usr/include/c++/9/string:55[m[K,
[4.560s]                  from [01m[K/usr/include/c++/9/stdexcept:39[m[K,
[4.560s]                  from [01m[K/usr/include/c++/9/array:39[m[K,
[4.560s]                  from [01m[K/usr/include/c++/9/tuple:39[m[K,
[4.560s]                  from [01m[K/usr/include/c++/9/bits/unique_ptr.h:37[m[K,
[4.560s]                  from [01m[K/usr/include/c++/9/memory:80[m[K,
[4.561s]                  from [01m[K/home/lur/controller/src/manual_pubsub/src/publisher_member_function.cpp:16[m[K:
[4.561s] [01m[K/usr/include/c++/9/bits/basic_string.h:6023:5:[m[K [01;36m[Knote: [m[Kcandidate: ‘[01m[Ktemplate<class _CharT, class _Traits, class _Alloc> std::__cxx11::basic_string<_CharT, _Traits, _Alloc> std::operator+(const std::__cxx11::basic_string<_CharT, _Traits, _Alloc>&, const std::__cxx11::basic_string<_CharT, _Traits, _Alloc>&)[m[K’
[4.561s]  6023 |     [01;36m[Koperator[m[K+(const basic_string<_CharT, _Traits, _Alloc>& __lhs,
[4.562s]       |     [01;36m[K^~~~~~~~[m[K
[4.562s] [01m[K/usr/include/c++/9/bits/basic_string.h:6023:5:[m[K [01;36m[Knote: [m[K  template argument deduction/substitution failed:
[4.562s] [01m[K/home/lur/controller/src/manual_pubsub/src/publisher_member_function.cpp:90:84:[m[K [01;36m[Knote: [m[K  mismatched types ‘[01m[Kconst std::__cxx11::basic_string<_CharT, _Traits, _Alloc>[m[K’ and ‘[01m[Kmavros_msgs::msg::ManualControl_<std::allocator<void> >::_x_type[m[K’ {aka ‘[01m[Kfloat[m[K’}
[4.562s]    90 |     message.data = "Message " + std::to_string(count_++) + " (x,y,z,r,b): (" + msg.[01;36m[Kx[m[K + "," + msg.y + "," + msg.z + "," + msg.r + "," + msg.buttons + ")";
[4.563s]       |                                                                                    [01;36m[K^[m[K
[4.563s] In file included from [01m[K/usr/include/c++/9/string:56[m[K,
[4.563s]                  from [01m[K/usr/include/c++/9/stdexcept:39[m[K,
[4.563s]                  from [01m[K/usr/include/c++/9/array:39[m[K,
[4.564s]                  from [01m[K/usr/include/c++/9/tuple:39[m[K,
[4.564s]                  from [01m[K/usr/include/c++/9/bits/unique_ptr.h:37[m[K,
[4.564s]                  from [01m[K/usr/include/c++/9/memory:80[m[K,
[4.564s]                  from [01m[K/home/lur/controller/src/manual_pubsub/src/publisher_member_function.cpp:16[m[K:
[4.565s] [01m[K/usr/include/c++/9/bits/basic_string.tcc:1158:5:[m[K [01;36m[Knote: [m[Kcandidate: ‘[01m[Ktemplate<class _CharT, class _Traits, class _Alloc> std::__cxx11::basic_string<_CharT, _Traits, _Alloc> std::operator+(const _CharT*, const std::__cxx11::basic_string<_CharT, _Traits, _Alloc>&)[m[K’
[4.565s]  1158 |     [01;36m[Koperator[m[K+(const _CharT* __lhs,
[4.565s]       |     [01;36m[K^~~~~~~~[m[K
[4.566s] [01m[K/usr/include/c++/9/bits/basic_string.tcc:1158:5:[m[K [01;36m[Knote: [m[K  template argument deduction/substitution failed:
[4.566s] [01m[K/home/lur/controller/src/manual_pubsub/src/publisher_member_function.cpp:90:84:[m[K [01;36m[Knote: [m[K  mismatched types ‘[01m[Kconst _CharT*[m[K’ and ‘[01m[Kstd::__cxx11::basic_string<char>[m[K’
[4.566s]    90 |     message.data = "Message " + std::to_string(count_++) + " (x,y,z,r,b): (" + msg.[01;36m[Kx[m[K + "," + msg.y + "," + msg.z + "," + msg.r + "," + msg.buttons + ")";
[4.566s]       |                                                                                    [01;36m[K^[m[K
[4.567s] In file included from [01m[K/usr/include/c++/9/string:56[m[K,
[4.567s]                  from [01m[K/usr/include/c++/9/stdexcept:39[m[K,
[4.567s]                  from [01m[K/usr/include/c++/9/array:39[m[K,
[4.567s]                  from [01m[K/usr/include/c++/9/tuple:39[m[K,
[4.568s]                  from [01m[K/usr/include/c++/9/bits/unique_ptr.h:37[m[K,
[4.568s]                  from [01m[K/usr/include/c++/9/memory:80[m[K,
[4.568s]                  from [01m[K/home/lur/controller/src/manual_pubsub/src/publisher_member_function.cpp:16[m[K:
[4.568s] [01m[K/usr/include/c++/9/bits/basic_string.tcc:1174:5:[m[K [01;36m[Knote: [m[Kcandidate: ‘[01m[Ktemplate<class _CharT, class _Traits, class _Alloc> std::__cxx11::basic_string<_CharT, _Traits, _Alloc> std::operator+(_CharT, const std::__cxx11::basic_string<_CharT, _Traits, _Alloc>&)[m[K’
[4.569s]  1174 |     [01;36m[Koperator[m[K+(_CharT __lhs, const basic_string<_CharT, _Traits, _Alloc>& __rhs)
[4.569s]       |     [01;36m[K^~~~~~~~[m[K
[4.569s] [01m[K/usr/include/c++/9/bits/basic_string.tcc:1174:5:[m[K [01;36m[Knote: [m[K  template argument deduction/substitution failed:
[4.569s] [01m[K/home/lur/controller/src/manual_pubsub/src/publisher_member_function.cpp:90:84:[m[K [01;36m[Knote: [m[K  mismatched types ‘[01m[Kconst std::__cxx11::basic_string<_CharT, _Traits, _Alloc>[m[K’ and ‘[01m[Kmavros_msgs::msg::ManualControl_<std::allocator<void> >::_x_type[m[K’ {aka ‘[01m[Kfloat[m[K’}
[4.570s]    90 |     message.data = "Message " + std::to_string(count_++) + " (x,y,z,r,b): (" + msg.[01;36m[Kx[m[K + "," + msg.y + "," + msg.z + "," + msg.r + "," + msg.buttons + ")";
[4.570s]       |                                                                                    [01;36m[K^[m[K
[4.570s] In file included from [01m[K/usr/include/c++/9/string:55[m[K,
[4.570s]                  from [01m[K/usr/include/c++/9/stdexcept:39[m[K,
[4.571s]                  from [01m[K/usr/include/c++/9/array:39[m[K,
[4.571s]                  from [01m[K/usr/include/c++/9/tuple:39[m[K,
[4.571s]                  from [01m[K/usr/include/c++/9/bits/unique_ptr.h:37[m[K,
[4.571s]                  from [01m[K/usr/include/c++/9/memory:80[m[K,
[4.572s]                  from [01m[K/home/lur/controller/src/manual_pubsub/src/publisher_member_function.cpp:16[m[K:
[4.572s] [01m[K/usr/include/c++/9/bits/basic_string.h:6060:5:[m[K [01;36m[Knote: [m[Kcandidate: ‘[01m[Ktemplate<class _CharT, class _Traits, class _Alloc> std::__cxx11::basic_string<_CharT, _Traits, _Alloc> std::operator+(const std::__cxx11::basic_string<_CharT, _Traits, _Alloc>&, const _CharT*)[m[K’
[4.572s]  6060 |     [01;36m[Koperator[m[K+(const basic_string<_CharT, _Traits, _Alloc>& __lhs,
[4.572s]       |     [01;36m[K^~~~~~~~[m[K
[4.573s] [01m[K/usr/include/c++/9/bits/basic_string.h:6060:5:[m[K [01;36m[Knote: [m[K  template argument deduction/substitution failed:
[4.573s] [01m[K/home/lur/controller/src/manual_pubsub/src/publisher_member_function.cpp:90:84:[m[K [01;36m[Knote: [m[K  mismatched types ‘[01m[Kconst _CharT*[m[K’ and ‘[01m[Kfloat[m[K’
[4.573s]    90 |     message.data = "Message " + std::to_string(count_++) + " (x,y,z,r,b): (" + msg.[01;36m[Kx[m[K + "," + msg.y + "," + msg.z + "," + msg.r + "," + msg.buttons + ")";
[4.574s]       |                                                                                    [01;36m[K^[m[K
[4.574s] In file included from [01m[K/usr/include/c++/9/string:55[m[K,
[4.574s]                  from [01m[K/usr/include/c++/9/stdexcept:39[m[K,
[4.574s]                  from [01m[K/usr/include/c++/9/array:39[m[K,
[4.575s]                  from [01m[K/usr/include/c++/9/tuple:39[m[K,
[4.575s]                  from [01m[K/usr/include/c++/9/bits/unique_ptr.h:37[m[K,
[4.575s]                  from [01m[K/usr/include/c++/9/memory:80[m[K,
[4.575s]                  from [01m[K/home/lur/controller/src/manual_pubsub/src/publisher_member_function.cpp:16[m[K:
[4.576s] [01m[K/usr/include/c++/9/bits/basic_string.h:6076:5:[m[K [01;36m[Knote: [m[Kcandidate: ‘[01m[Ktemplate<class _CharT, class _Traits, class _Alloc> std::__cxx11::basic_string<_CharT, _Traits, _Alloc> std::operator+(const std::__cxx11::basic_string<_CharT, _Traits, _Alloc>&, _CharT)[m[K’
[4.576s]  6076 |     [01;36m[Koperator[m[K+(const basic_string<_CharT, _Traits, _Alloc>& __lhs, _CharT __rhs)
[4.576s]       |     [01;36m[K^~~~~~~~[m[K
[4.576s] [01m[K/usr/include/c++/9/bits/basic_string.h:6076:5:[m[K [01;36m[Knote: [m[K  template argument deduction/substitution failed:
[4.577s] [01m[K/home/lur/controller/src/manual_pubsub/src/publisher_member_function.cpp:90:84:[m[K [01;36m[Knote: [m[K  deduced conflicting types for parameter ‘[01m[K_CharT[m[K’ (‘[01m[Kchar[m[K’ and ‘[01m[Kfloat[m[K’)
[4.577s]    90 |     message.data = "Message " + std::to_string(count_++) + " (x,y,z,r,b): (" + msg.[01;36m[Kx[m[K + "," + msg.y + "," + msg.z + "," + msg.r + "," + msg.buttons + ")";
[4.577s]       |                                                                                    [01;36m[K^[m[K
[4.577s] In file included from [01m[K/usr/include/c++/9/string:55[m[K,
[4.578s]                  from [01m[K/usr/include/c++/9/stdexcept:39[m[K,
[4.578s]                  from [01m[K/usr/include/c++/9/array:39[m[K,
[4.578s]                  from [01m[K/usr/include/c++/9/tuple:39[m[K,
[4.578s]                  from [01m[K/usr/include/c++/9/bits/unique_ptr.h:37[m[K,
[4.579s]                  from [01m[K/usr/include/c++/9/memory:80[m[K,
[4.579s]                  from [01m[K/home/lur/controller/src/manual_pubsub/src/publisher_member_function.cpp:16[m[K:
[4.579s] [01m[K/usr/include/c++/9/bits/basic_string.h:6088:5:[m[K [01;36m[Knote: [m[Kcandidate: ‘[01m[Ktemplate<class _CharT, class _Traits, class _Alloc> std::__cxx11::basic_string<_CharT, _Traits, _Alloc> std::operator+(std::__cxx11::basic_string<_CharT, _Traits, _Alloc>&&, const std::__cxx11::basic_string<_CharT, _Traits, _Alloc>&)[m[K’
[4.579s]  6088 |     [01;36m[Koperator[m[K+(basic_string<_CharT, _Traits, _Alloc>&& __lhs,
[4.580s]       |     [01;36m[K^~~~~~~~[m[K
[4.580s] [01m[K/usr/include/c++/9/bits/basic_string.h:6088:5:[m[K [01;36m[Knote: [m[K  template argument deduction/substitution failed:
[4.580s] [01m[K/home/lur/controller/src/manual_pubsub/src/publisher_member_function.cpp:90:84:[m[K [01;36m[Knote: [m[K  mismatched types ‘[01m[Kconst std::__cxx11::basic_string<_CharT, _Traits, _Alloc>[m[K’ and ‘[01m[Kmavros_msgs::msg::ManualControl_<std::allocator<void> >::_x_type[m[K’ {aka ‘[01m[Kfloat[m[K’}
[4.580s]    90 |     message.data = "Message " + std::to_string(count_++) + " (x,y,z,r,b): (" + msg.[01;36m[Kx[m[K + "," + msg.y + "," + msg.z + "," + msg.r + "," + msg.buttons + ")";
[4.581s]       |                                                                                    [01;36m[K^[m[K
[4.581s] In file included from [01m[K/usr/include/c++/9/string:55[m[K,
[4.581s]                  from [01m[K/usr/include/c++/9/stdexcept:39[m[K,
[4.582s]                  from [01m[K/usr/include/c++/9/array:39[m[K,
[4.582s]                  from [01m[K/usr/include/c++/9/tuple:39[m[K,
[4.582s]                  from [01m[K/usr/include/c++/9/bits/unique_ptr.h:37[m[K,
[4.582s]                  from [01m[K/usr/include/c++/9/memory:80[m[K,
[4.583s]                  from [01m[K/home/lur/controller/src/manual_pubsub/src/publisher_member_function.cpp:16[m[K:
[4.583s] [01m[K/usr/include/c++/9/bits/basic_string.h:6094:5:[m[K [01;36m[Knote: [m[Kcandidate: ‘[01m[Ktemplate<class _CharT, class _Traits, class _Alloc> std::__cxx11::basic_string<_CharT, _Traits, _Alloc> std::operator+(const std::__cxx11::basic_string<_CharT, _Traits, _Alloc>&, std::__cxx11::basic_string<_CharT, _Traits, _Alloc>&&)[m[K’
[4.583s]  6094 |     [01;36m[Koperator[m[K+(const basic_string<_CharT, _Traits, _Alloc>& __lhs,
[4.584s]       |     [01;36m[K^~~~~~~~[m[K
[4.584s] [01m[K/usr/include/c++/9/bits/basic_string.h:6094:5:[m[K [01;36m[Knote: [m[K  template argument deduction/substitution failed:
[4.584s] [01m[K/home/lur/controller/src/manual_pubsub/src/publisher_member_function.cpp:90:84:[m[K [01;36m[Knote: [m[K  mismatched types ‘[01m[Kstd::__cxx11::basic_string<_CharT, _Traits, _Alloc>[m[K’ and ‘[01m[Kmavros_msgs::msg::ManualControl_<std::allocator<void> >::_x_type[m[K’ {aka ‘[01m[Kfloat[m[K’}
[4.584s]    90 |     message.data = "Message " + std::to_string(count_++) + " (x,y,z,r,b): (" + msg.[01;36m[Kx[m[K + "," + msg.y + "," + msg.z + "," + msg.r + "," + msg.buttons + ")";
[4.585s]       |                                                                                    [01;36m[K^[m[K
[4.585s] In file included from [01m[K/usr/include/c++/9/string:55[m[K,
[4.585s]                  from [01m[K/usr/include/c++/9/stdexcept:39[m[K,
[4.585s]                  from [01m[K/usr/include/c++/9/array:39[m[K,
[4.586s]                  from [01m[K/usr/include/c++/9/tuple:39[m[K,
[4.586s]                  from [01m[K/usr/include/c++/9/bits/unique_ptr.h:37[m[K,
[4.586s]                  from [01m[K/usr/include/c++/9/memory:80[m[K,
[4.586s]                  from [01m[K/home/lur/controller/src/manual_pubsub/src/publisher_member_function.cpp:16[m[K:
[4.587s] [01m[K/usr/include/c++/9/bits/basic_string.h:6100:5:[m[K [01;36m[Knote: [m[Kcandidate: ‘[01m[Ktemplate<class _CharT, class _Traits, class _Alloc> std::__cxx11::basic_string<_CharT, _Traits, _Alloc> std::operator+(std::__cxx11::basic_string<_CharT, _Traits, _Alloc>&&, std::__cxx11::basic_string<_CharT, _Traits, _Alloc>&&)[m[K’
[4.587s]  6100 |     [01;36m[Koperator[m[K+(basic_string<_CharT, _Traits, _Alloc>&& __lhs,
[4.587s]       |     [01;36m[K^~~~~~~~[m[K
[4.587s] [01m[K/usr/include/c++/9/bits/basic_string.h:6100:5:[m[K [01;36m[Knote: [m[K  template argument deduction/substitution failed:
[4.588s] [01m[K/home/lur/controller/src/manual_pubsub/src/publisher_member_function.cpp:90:84:[m[K [01;36m[Knote: [m[K  mismatched types ‘[01m[Kstd::__cxx11::basic_string<_CharT, _Traits, _Alloc>[m[K’ and ‘[01m[Kmavros_msgs::msg::ManualControl_<std::allocator<void> >::_x_type[m[K’ {aka ‘[01m[Kfloat[m[K’}
[4.588s]    90 |     message.data = "Message " + std::to_string(count_++) + " (x,y,z,r,b): (" + msg.[01;36m[Kx[m[K + "," + msg.y + "," + msg.z + "," + msg.r + "," + msg.buttons + ")";
[4.588s]       |                                                                                    [01;36m[K^[m[K
[4.589s] In file included from [01m[K/usr/include/c++/9/string:55[m[K,
[4.589s]                  from [01m[K/usr/include/c++/9/stdexcept:39[m[K,
[4.589s]                  from [01m[K/usr/include/c++/9/array:39[m[K,
[4.589s]                  from [01m[K/usr/include/c++/9/tuple:39[m[K,
[4.590s]                  from [01m[K/usr/include/c++/9/bits/unique_ptr.h:37[m[K,
[4.590s]                  from [01m[K/usr/include/c++/9/memory:80[m[K,
[4.590s]                  from [01m[K/home/lur/controller/src/manual_pubsub/src/publisher_member_function.cpp:16[m[K:
[4.590s] [01m[K/usr/include/c++/9/bits/basic_string.h:6112:5:[m[K [01;36m[Knote: [m[Kcandidate: ‘[01m[Ktemplate<class _CharT, class _Traits, class _Alloc> std::__cxx11::basic_string<_CharT, _Traits, _Alloc> std::operator+(const _CharT*, std::__cxx11::basic_string<_CharT, _Traits, _Alloc>&&)[m[K’
[4.591s]  6112 |     [01;36m[Koperator[m[K+(const _CharT* __lhs,
[4.591s]       |     [01;36m[K^~~~~~~~[m[K
[4.591s] [01m[K/usr/include/c++/9/bits/basic_string.h:6112:5:[m[K [01;36m[Knote: [m[K  template argument deduction/substitution failed:
[4.591s] [01m[K/home/lur/controller/src/manual_pubsub/src/publisher_member_function.cpp:90:84:[m[K [01;36m[Knote: [m[K  mismatched types ‘[01m[Kconst _CharT*[m[K’ and ‘[01m[Kstd::__cxx11::basic_string<char>[m[K’
[4.592s]    90 |     message.data = "Message " + std::to_string(count_++) + " (x,y,z,r,b): (" + msg.[01;36m[Kx[m[K + "," + msg.y + "," + msg.z + "," + msg.r + "," + msg.buttons + ")";
[4.592s]       |                                                                                    [01;36m[K^[m[K
[4.592s] In file included from [01m[K/usr/include/c++/9/string:55[m[K,
[4.592s]                  from [01m[K/usr/include/c++/9/stdexcept:39[m[K,
[4.593s]                  from [01m[K/usr/include/c++/9/array:39[m[K,
[4.593s]                  from [01m[K/usr/include/c++/9/tuple:39[m[K,
[4.593s]                  from [01m[K/usr/include/c++/9/bits/unique_ptr.h:37[m[K,
[4.594s]                  from [01m[K/usr/include/c++/9/memory:80[m[K,
[4.594s]                  from [01m[K/home/lur/controller/src/manual_pubsub/src/publisher_member_function.cpp:16[m[K:
[4.594s] [01m[K/usr/include/c++/9/bits/basic_string.h:6118:5:[m[K [01;36m[Knote: [m[Kcandidate: ‘[01m[Ktemplate<class _CharT, class _Traits, class _Alloc> std::__cxx11::basic_string<_CharT, _Traits, _Alloc> std::operator+(_CharT, std::__cxx11::basic_string<_CharT, _Traits, _Alloc>&&)[m[K’
[4.594s]  6118 |     [01;36m[Koperator[m[K+(_CharT __lhs,
[4.594s]       |     [01;36m[K^~~~~~~~[m[K
[4.595s] [01m[K/usr/include/c++/9/bits/basic_string.h:6118:5:[m[K [01;36m[Knote: [m[K  template argument deduction/substitution failed:
[4.595s] [01m[K/home/lur/controller/src/manual_pubsub/src/publisher_member_function.cpp:90:84:[m[K [01;36m[Knote: [m[K  mismatched types ‘[01m[Kstd::__cxx11::basic_string<_CharT, _Traits, _Alloc>[m[K’ and ‘[01m[Kmavros_msgs::msg::ManualControl_<std::allocator<void> >::_x_type[m[K’ {aka ‘[01m[Kfloat[m[K’}
[4.595s]    90 |     message.data = "Message " + std::to_string(count_++) + " (x,y,z,r,b): (" + msg.[01;36m[Kx[m[K + "," + msg.y + "," + msg.z + "," + msg.r + "," + msg.buttons + ")";
[4.596s]       |                                                                                    [01;36m[K^[m[K
[4.596s] In file included from [01m[K/usr/include/c++/9/string:55[m[K,
[4.596s]                  from [01m[K/usr/include/c++/9/stdexcept:39[m[K,
[4.596s]                  from [01m[K/usr/include/c++/9/array:39[m[K,
[4.596s]                  from [01m[K/usr/include/c++/9/tuple:39[m[K,
[4.597s]                  from [01m[K/usr/include/c++/9/bits/unique_ptr.h:37[m[K,
[4.597s]                  from [01m[K/usr/include/c++/9/memory:80[m[K,
[4.597s]                  from [01m[K/home/lur/controller/src/manual_pubsub/src/publisher_member_function.cpp:16[m[K:
[4.598s] [01m[K/usr/include/c++/9/bits/basic_string.h:6124:5:[m[K [01;36m[Knote: [m[Kcandidate: ‘[01m[Ktemplate<class _CharT, class _Traits, class _Alloc> std::__cxx11::basic_string<_CharT, _Traits, _Alloc> std::operator+(std::__cxx11::basic_string<_CharT, _Traits, _Alloc>&&, const _CharT*)[m[K’
[4.598s]  6124 |     [01;36m[Koperator[m[K+(basic_string<_CharT, _Traits, _Alloc>&& __lhs,
[4.598s]       |     [01;36m[K^~~~~~~~[m[K
[4.598s] [01m[K/usr/include/c++/9/bits/basic_string.h:6124:5:[m[K [01;36m[Knote: [m[K  template argument deduction/substitution failed:
[4.599s] [01m[K/home/lur/controller/src/manual_pubsub/src/publisher_member_function.cpp:90:84:[m[K [01;36m[Knote: [m[K  mismatched types ‘[01m[Kconst _CharT*[m[K’ and ‘[01m[Kfloat[m[K’
[4.599s]    90 |     message.data = "Message " + std::to_string(count_++) + " (x,y,z,r,b): (" + msg.[01;36m[Kx[m[K + "," + msg.y + "," + msg.z + "," + msg.r + "," + msg.buttons + ")";
[4.599s]       |                                                                                    [01;36m[K^[m[K
[4.599s] In file included from [01m[K/usr/include/c++/9/string:55[m[K,
[4.600s]                  from [01m[K/usr/include/c++/9/stdexcept:39[m[K,
[4.600s]                  from [01m[K/usr/include/c++/9/array:39[m[K,
[4.600s]                  from [01m[K/usr/include/c++/9/tuple:39[m[K,
[4.600s]                  from [01m[K/usr/include/c++/9/bits/unique_ptr.h:37[m[K,
[4.601s]                  from [01m[K/usr/include/c++/9/memory:80[m[K,
[4.601s]                  from [01m[K/home/lur/controller/src/manual_pubsub/src/publisher_member_function.cpp:16[m[K:
[4.601s] [01m[K/usr/include/c++/9/bits/basic_string.h:6130:5:[m[K [01;36m[Knote: [m[Kcandidate: ‘[01m[Ktemplate<class _CharT, class _Traits, class _Alloc> std::__cxx11::basic_string<_CharT, _Traits, _Alloc> std::operator+(std::__cxx11::basic_string<_CharT, _Traits, _Alloc>&&, _CharT)[m[K’
[4.601s]  6130 |     [01;36m[Koperator[m[K+(basic_string<_CharT, _Traits, _Alloc>&& __lhs,
[4.602s]       |     [01;36m[K^~~~~~~~[m[K
[4.602s] [01m[K/usr/include/c++/9/bits/basic_string.h:6130:5:[m[K [01;36m[Knote: [m[K  template argument deduction/substitution failed:
[4.602s] [01m[K/home/lur/controller/src/manual_pubsub/src/publisher_member_function.cpp:90:84:[m[K [01;36m[Knote: [m[K  deduced conflicting types for parameter ‘[01m[K_CharT[m[K’ (‘[01m[Kchar[m[K’ and ‘[01m[Kfloat[m[K’)
[4.602s]    90 |     message.data = "Message " + std::to_string(count_++) + " (x,y,z,r,b): (" + msg.[01;36m[Kx[m[K + "," + msg.y + "," + msg.z + "," + msg.r + "," + msg.buttons + ")";
[4.603s]       |                                                                                    [01;36m[K^[m[K
[4.603s] In file included from [01m[K/usr/include/c++/9/vector:68[m[K,
[4.603s]                  from [01m[K/opt/ros/foxy/include/rclcpp/executor.hpp:27[m[K,
[4.603s]                  from [01m[K/opt/ros/foxy/include/rclcpp/executors/multi_threaded_executor.hpp:26[m[K,
[4.604s]                  from [01m[K/opt/ros/foxy/include/rclcpp/executors.hpp:21[m[K,
[4.604s]                  from [01m[K/opt/ros/foxy/include/rclcpp/rclcpp.hpp:146[m[K,
[4.604s]                  from [01m[K/home/lur/controller/src/manual_pubsub/src/publisher_member_function.cpp:18[m[K:
[4.604s] [01m[K/usr/include/c++/9/bits/stl_bvector.h:303:3:[m[K [01;36m[Knote: [m[Kcandidate: ‘[01m[Kstd::_Bit_iterator std::operator+(std::ptrdiff_t, const std::_Bit_iterator&)[m[K’
[4.605s]   303 |   [01;36m[Koperator[m[K+(ptrdiff_t __n, const _Bit_iterator& __x)
[4.605s]       |   [01;36m[K^~~~~~~~[m[K
[4.605s] [01m[K/usr/include/c++/9/bits/stl_bvector.h:303:23:[m[K [01;36m[Knote: [m[K  no known conversion for argument 1 from ‘[01m[Kstd::__cxx11::basic_string<char>[m[K’ to ‘[01m[Kstd::ptrdiff_t[m[K’ {aka ‘[01m[Klong int[m[K’}
[4.606s]   303 |   operator+([01;36m[Kptrdiff_t __n[m[K, const _Bit_iterator& __x)
[4.606s]       |             [01;36m[K~~~~~~~~~~^~~[m[K
[4.606s] [01m[K/usr/include/c++/9/bits/stl_bvector.h:393:3:[m[K [01;36m[Knote: [m[Kcandidate: ‘[01m[Kstd::_Bit_const_iterator std::operator+(std::ptrdiff_t, const std::_Bit_const_iterator&)[m[K’
[4.606s]   393 |   [01;36m[Koperator[m[K+(ptrdiff_t __n, const _Bit_const_iterator& __x)
[4.607s]       |   [01;36m[K^~~~~~~~[m[K
[4.607s] [01m[K/usr/include/c++/9/bits/stl_bvector.h:393:23:[m[K [01;36m[Knote: [m[K  no known conversion for argument 1 from ‘[01m[Kstd::__cxx11::basic_string<char>[m[K’ to ‘[01m[Kstd::ptrdiff_t[m[K’ {aka ‘[01m[Klong int[m[K’}
[4.607s]   393 |   operator+([01;36m[Kptrdiff_t __n[m[K, const _Bit_const_iterator& __x)
[4.607s]       |             [01;36m[K~~~~~~~~~~^~~[m[K
[4.608s] In file included from [01m[K/usr/include/c++/9/bits/stl_algobase.h:67[m[K,
[4.608s]                  from [01m[K/usr/include/c++/9/memory:62[m[K,
[4.608s]                  from [01m[K/home/lur/controller/src/manual_pubsub/src/publisher_member_function.cpp:16[m[K:
[4.608s] [01m[K/usr/include/c++/9/bits/stl_iterator.h:993:5:[m[K [01;36m[Knote: [m[Kcandidate: ‘[01m[Ktemplate<class _Iterator, class _Container> __gnu_cxx::__normal_iterator<_Iterator, _Container> __gnu_cxx::operator+(typename __gnu_cxx::__normal_iterator<_Iterator, _Container>::difference_type, const __gnu_cxx::__normal_iterator<_Iterator, _Container>&)[m[K’
[4.608s]   993 |     [01;36m[Koperator[m[K+(typename __normal_iterator<_Iterator, _Container>::difference_type
[4.609s]       |     [01;36m[K^~~~~~~~[m[K
[4.609s] [01m[K/usr/include/c++/9/bits/stl_iterator.h:993:5:[m[K [01;36m[Knote: [m[K  template argument deduction/substitution failed:
[4.609s] [01m[K/home/lur/controller/src/manual_pubsub/src/publisher_member_function.cpp:90:84:[m[K [01;36m[Knote: [m[K  mismatched types ‘[01m[Kconst __gnu_cxx::__normal_iterator<_Iterator, _Container>[m[K’ and ‘[01m[Kmavros_msgs::msg::ManualControl_<std::allocator<void> >::_x_type[m[K’ {aka ‘[01m[Kfloat[m[K’}
[4.610s]    90 |     message.data = "Message " + std::to_string(count_++) + " (x,y,z,r,b): (" + msg.[01;36m[Kx[m[K + "," + msg.y + "," + msg.z + "," + msg.r + "," + msg.buttons + ")";
[4.610s]       |                                                                                    [01;36m[K^[m[K
[7.198s] make[2]: *** [CMakeFiles/talker.dir/build.make:63: CMakeFiles/talker.dir/src/publisher_member_function.cpp.o] Error 1
[7.199s] make[1]: *** [CMakeFiles/Makefile2:107: CMakeFiles/talker.dir/all] Error 2
[7.200s] make: *** [Makefile:141: all] Error 2
[7.209s] Invoked command in '/home/lur/controller/build/manual_pubsub' returned '2': CMAKE_PREFIX_PATH=${CMAKE_PREFIX_PATH}:/opt/ros/foxy /usr/bin/cmake --build /home/lur/controller/build/manual_pubsub -- -j4 -l4
