[0.080s] Invoking command in '/home/lur/controller/build/robosub': CMAKE_PREFIX_PATH=${CMAKE_PREFIX_PATH}:/opt/ros/foxy /usr/bin/cmake --build /home/lur/controller/build/robosub -- -j4 -l4
[0.174s] -- Found ament_cmake: 0.9.9 (/opt/ros/foxy/share/ament_cmake/cmake)
[0.270s] -- Using PYTHON_EXECUTABLE: /usr/bin/python3
[0.940s] -- Found mavros: 2.1.1 (/opt/ros/foxy/share/mavros/cmake)
[0.957s] -- Found rclcpp: 2.4.1 (/opt/ros/foxy/share/rclcpp/cmake)
[1.080s] -- Using all available rosidl_typesupport_c: rosidl_typesupport_fastrtps_c;rosidl_typesupport_introspection_c
[1.092s] -- Found rosidl_adapter: 1.2.1 (/opt/ros/foxy/share/rosidl_adapter/cmake)
[1.498s] -- Using all available rosidl_typesupport_cpp: rosidl_typesupport_fastrtps_cpp;rosidl_typesupport_introspection_cpp
[1.673s] -- Found rmw_implementation_cmake: 1.0.3 (/opt/ros/foxy/share/rmw_implementation_cmake/cmake)
[1.677s] -- Using RMW implementation 'rmw_fastrtps_cpp' as default
[2.168s] -- Found ament_lint_auto: 0.9.6 (/opt/ros/foxy/share/ament_lint_auto/cmake)
[2.439s] -- Added test 'copyright' to check source files copyright and LICENSE
[2.444s] -- Added test 'cppcheck' to perform static code analysis on C / C++ code
[2.446s] -- Configured cppcheck include dirs: $<BUILD_INTERFACE:/home/lur/controller/src/robosub/include>
[2.447s] -- Configured cppcheck exclude dirs and/or files: 
[2.449s] -- Added test 'cpplint' to check C / C++ code against the Google style
[2.449s] -- Configured cpplint exclude dirs and/or files: 
[2.451s] -- Added test 'lint_cmake' to check CMake code style
[2.455s] -- Added test 'uncrustify' to check C / C++ code style
[2.456s] -- Configured uncrustify additional arguments: 
[2.456s] -- Added test 'xmllint' to check XML markup files
[2.467s] -- Configuring done
[2.510s] -- Generating done
[2.518s] -- Build files have been written to: /home/lur/controller/build/robosub
[2.620s] [35m[1mScanning dependencies of target controller_node[0m
[2.749s] [ 50%] [32mBuilding CXX object CMakeFiles/controller_node.dir/src/controller_node.cpp.o[0m
[19.042s] [100%] [32m[1mLinking CXX executable controller_node[0m
[19.847s] [100%] Built target controller_node
[19.892s] Invoked command in '/home/lur/controller/build/robosub' returned '0': CMAKE_PREFIX_PATH=${CMAKE_PREFIX_PATH}:/opt/ros/foxy /usr/bin/cmake --build /home/lur/controller/build/robosub -- -j4 -l4
[20.039s] Invoking command in '/home/lur/controller/build/robosub': CMAKE_PREFIX_PATH=${CMAKE_PREFIX_PATH}:/opt/ros/foxy /usr/bin/cmake --install /home/lur/controller/build/robosub
[20.073s] -- Install configuration: ""
[20.074s] -- Installing: /home/lur/controller/install/robosub/lib/robosub/controller_node
[20.089s] -- Set runtime path of "/home/lur/controller/install/robosub/lib/robosub/controller_node" to ""
[20.089s] -- Installing: /home/lur/controller/install/robosub/share/ament_index/resource_index/package_run_dependencies/robosub
[20.090s] -- Up-to-date: /home/lur/controller/install/robosub/share/ament_index/resource_index/parent_prefix_path/robosub
[20.091s] -- Up-to-date: /home/lur/controller/install/robosub/share/robosub/environment/ament_prefix_path.sh
[20.091s] -- Installing: /home/lur/controller/install/robosub/share/robosub/environment/ament_prefix_path.dsv
[20.092s] -- Up-to-date: /home/lur/controller/install/robosub/share/robosub/environment/path.sh
[20.092s] -- Installing: /home/lur/controller/install/robosub/share/robosub/environment/path.dsv
[20.093s] -- Up-to-date: /home/lur/controller/install/robosub/share/robosub/local_setup.bash
[20.093s] -- Up-to-date: /home/lur/controller/install/robosub/share/robosub/local_setup.sh
[20.094s] -- Up-to-date: /home/lur/controller/install/robosub/share/robosub/local_setup.zsh
[20.094s] -- Installing: /home/lur/controller/install/robosub/share/robosub/local_setup.dsv
[20.095s] -- Installing: /home/lur/controller/install/robosub/share/robosub/package.dsv
[20.096s] -- Up-to-date: /home/lur/controller/install/robosub/share/ament_index/resource_index/packages/robosub
[20.096s] -- Up-to-date: /home/lur/controller/install/robosub/share/robosub/cmake/robosubConfig.cmake
[20.097s] -- Up-to-date: /home/lur/controller/install/robosub/share/robosub/cmake/robosubConfig-version.cmake
[20.097s] -- Installing: /home/lur/controller/install/robosub/share/robosub/package.xml
[20.111s] Invoked command in '/home/lur/controller/build/robosub' returned '0': CMAKE_PREFIX_PATH=${CMAKE_PREFIX_PATH}:/opt/ros/foxy /usr/bin/cmake --install /home/lur/controller/build/robosub
