[0.083s] Invoking command in '/home/lur/controller/build/robosub': CMAKE_PREFIX_PATH=${CMAKE_PREFIX_PATH}:/opt/ros/foxy /usr/bin/cmake --build /home/lur/controller/build/robosub -- -j4 -l4
[0.179s] -- Found ament_cmake: 0.9.9 (/opt/ros/foxy/share/ament_cmake/cmake)
[0.262s] -- Using PYTHON_EXECUTABLE: /usr/bin/python3
[0.925s] -- Found mavros: 2.1.1 (/opt/ros/foxy/share/mavros/cmake)
[0.953s] -- Found sensor_msgs: 2.0.5 (/opt/ros/foxy/share/sensor_msgs/cmake)
[1.108s] -- Using all available rosidl_typesupport_c: rosidl_typesupport_fastrtps_c;rosidl_typesupport_introspection_c
[1.151s] -- Found rosidl_adapter: 1.2.1 (/opt/ros/foxy/share/rosidl_adapter/cmake)
[1.553s] -- Found OpenSSL: /usr/lib/aarch64-linux-gnu/libcrypto.so (found version "1.1.1f")  
[1.677s] -- Found FastRTPS: /opt/ros/foxy/include  
[2.042s] -- Using all available rosidl_typesupport_cpp: rosidl_typesupport_fastrtps_cpp;rosidl_typesupport_introspection_cpp
[2.785s] -- Found ament_lint_auto: 0.9.6 (/opt/ros/foxy/share/ament_lint_auto/cmake)
[3.039s] -- Added test 'copyright' to check source files copyright and LICENSE
[3.042s] -- Added test 'cppcheck' to perform static code analysis on C / C++ code
[3.043s] -- Configured cppcheck include dirs: $<BUILD_INTERFACE:/home/lur/controller/src/robosub/include>
[3.044s] -- Configured cppcheck exclude dirs and/or files: 
[3.047s] -- Added test 'cpplint' to check C / C++ code against the Google style
[3.047s] -- Configured cpplint exclude dirs and/or files: 
[3.050s] -- Added test 'lint_cmake' to check CMake code style
[3.054s] -- Added test 'uncrustify' to check C / C++ code style
[3.054s] -- Configured uncrustify additional arguments: 
[3.055s] -- Added test 'xmllint' to check XML markup files
[3.066s] -- Configuring done
[3.098s] -- Generating done
[3.104s] -- Build files have been written to: /home/lur/controller/build/robosub
[3.200s] [35m[1mScanning dependencies of target controller_node[0m
[3.241s] [ 50%] [32mBuilding CXX object CMakeFiles/controller_node.dir/src/controller_node.cpp.o[0m
[3.301s] [01m[K/home/lur/controller/src/robosub/src/controller_node.cpp:2:10:[m[K [01;31m[Kfatal error: [m[Ksensor_msgs/Imu.h: No such file or directory
[3.301s]     2 | #include [01;31m[K"sensor_msgs/Imu.h"[m[K
[3.302s]       |          [01;31m[K^~~~~~~~~~~~~~~~~~~[m[K
[3.302s] compilation terminated.
[3.310s] make[2]: *** [CMakeFiles/controller_node.dir/build.make:63: CMakeFiles/controller_node.dir/src/controller_node.cpp.o] Error 1
[3.312s] make[1]: *** [CMakeFiles/Makefile2:78: CMakeFiles/controller_node.dir/all] Error 2
[3.312s] make: *** [Makefile:141: all] Error 2
[3.326s] Invoked command in '/home/lur/controller/build/robosub' returned '2': CMAKE_PREFIX_PATH=${CMAKE_PREFIX_PATH}:/opt/ros/foxy /usr/bin/cmake --build /home/lur/controller/build/robosub -- -j4 -l4
