[0.053s] Invoking command in '/home/lur/controller/build/cpp_pubsub': CMAKE_PREFIX_PATH=${CMAKE_PREFIX_PATH}:/opt/ros/foxy /usr/bin/cmake /home/lur/controller/src/cpp_pubsub -DCMAKE_INSTALL_PREFIX=/home/lur/controller/install/cpp_pubsub
[0.292s] -- The C compiler identification is GNU 9.4.0
[0.519s] -- The CXX compiler identification is GNU 9.4.0
[0.535s] -- Check for working C compiler: /usr/bin/cc
[0.813s] -- Check for working C compiler: /usr/bin/cc -- works
[0.815s] -- Detecting C compiler ABI info
[1.106s] -- Detecting C compiler ABI info - done
[1.157s] -- Detecting C compile features
[1.158s] -- Detecting C compile features - done
[1.167s] -- Check for working CXX compiler: /usr/bin/c++
[1.483s] -- Check for working CXX compiler: /usr/bin/c++ -- works
[1.486s] -- Detecting CXX compiler ABI info
[1.801s] -- Detecting CXX compiler ABI info - done
[1.854s] -- Detecting CXX compile features
[1.856s] -- Detecting CXX compile features - done
[1.864s] -- Found ament_cmake: 0.9.9 (/opt/ros/foxy/share/ament_cmake/cmake)
[1.951s] -- Found PythonInterp: /usr/bin/python3 (found suitable version "3.8.10", minimum required is "3") 
[1.952s] -- Using PYTHON_EXECUTABLE: /usr/bin/python3
[2.625s] -- Found rclcpp: 2.4.1 (/opt/ros/foxy/share/rclcpp/cmake)
[2.772s] -- Using all available rosidl_typesupport_c: rosidl_typesupport_fastrtps_c;rosidl_typesupport_introspection_c
[2.794s] -- Found rosidl_adapter: 1.2.1 (/opt/ros/foxy/share/rosidl_adapter/cmake)
[3.097s] -- Found OpenSSL: /usr/lib/aarch64-linux-gnu/libcrypto.so (found version "1.1.1f")  
[3.201s] -- Found FastRTPS: /opt/ros/foxy/include  
[3.449s] -- Using all available rosidl_typesupport_cpp: rosidl_typesupport_fastrtps_cpp;rosidl_typesupport_introspection_cpp
[3.636s] -- Found rmw_implementation_cmake: 1.0.3 (/opt/ros/foxy/share/rmw_implementation_cmake/cmake)
[3.641s] -- Using RMW implementation 'rmw_fastrtps_cpp' as default
[3.644s] -- Looking for pthread.h
[3.951s] -- Looking for pthread.h - found
[3.952s] -- Performing Test CMAKE_HAVE_LIBC_PTHREAD
[4.270s] -- Performing Test CMAKE_HAVE_LIBC_PTHREAD - Failed
[4.271s] -- Looking for pthread_create in pthreads
[4.537s] -- Looking for pthread_create in pthreads - not found
[4.538s] -- Looking for pthread_create in pthread
[4.833s] -- Looking for pthread_create in pthread - found
[4.839s] -- Found Threads: TRUE  
[5.342s] -- Found ament_lint_auto: 0.9.6 (/opt/ros/foxy/share/ament_lint_auto/cmake)
[5.594s] -- Added test 'copyright' to check source files copyright and LICENSE
[5.598s] -- Added test 'cppcheck' to perform static code analysis on C / C++ code
[5.599s] -- Configured cppcheck include dirs: 
[5.599s] -- Configured cppcheck exclude dirs and/or files: 
[5.602s] -- Added test 'cpplint' to check C / C++ code against the Google style
[5.602s] -- Configured cpplint exclude dirs and/or files: 
[5.605s] -- Added test 'lint_cmake' to check CMake code style
[5.609s] -- Added test 'uncrustify' to check C / C++ code style
[5.609s] -- Configured uncrustify additional arguments: 
[5.610s] -- Added test 'xmllint' to check XML markup files
[5.624s] -- Configuring done
[5.669s] -- Generating done
[5.675s] -- Build files have been written to: /home/lur/controller/build/cpp_pubsub
[5.704s] Invoked command in '/home/lur/controller/build/cpp_pubsub' returned '0': CMAKE_PREFIX_PATH=${CMAKE_PREFIX_PATH}:/opt/ros/foxy /usr/bin/cmake /home/lur/controller/src/cpp_pubsub -DCMAKE_INSTALL_PREFIX=/home/lur/controller/install/cpp_pubsub
[5.717s] Invoking command in '/home/lur/controller/build/cpp_pubsub': CMAKE_PREFIX_PATH=${CMAKE_PREFIX_PATH}:/opt/ros/foxy /usr/bin/cmake --build /home/lur/controller/build/cpp_pubsub -- -j4 -l4
[5.869s] [35m[1mScanning dependencies of target talker[0m
[5.869s] [35m[1mScanning dependencies of target listener[0m
[6.021s] [ 25%] [32mBuilding CXX object CMakeFiles/talker.dir/src/publisher_member_function.cpp.o[0m
[6.022s] [ 50%] [32mBuilding CXX object CMakeFiles/listener.dir/src/subscriber_member_function.cpp.o[0m
[17.478s] [ 75%] [32m[1mLinking CXX executable talker[0m
[18.089s] [ 75%] Built target talker
[22.973s] [100%] [32m[1mLinking CXX executable listener[0m
[23.779s] [100%] Built target listener
[23.820s] Invoked command in '/home/lur/controller/build/cpp_pubsub' returned '0': CMAKE_PREFIX_PATH=${CMAKE_PREFIX_PATH}:/opt/ros/foxy /usr/bin/cmake --build /home/lur/controller/build/cpp_pubsub -- -j4 -l4
[23.968s] Invoking command in '/home/lur/controller/build/cpp_pubsub': CMAKE_PREFIX_PATH=${CMAKE_PREFIX_PATH}:/opt/ros/foxy /usr/bin/cmake --install /home/lur/controller/build/cpp_pubsub
[23.996s] -- Install configuration: ""
[23.997s] -- Installing: /home/lur/controller/install/cpp_pubsub/lib/cpp_pubsub/talker
[24.003s] -- Set runtime path of "/home/lur/controller/install/cpp_pubsub/lib/cpp_pubsub/talker" to ""
[24.004s] -- Installing: /home/lur/controller/install/cpp_pubsub/lib/cpp_pubsub/listener
[24.016s] -- Set runtime path of "/home/lur/controller/install/cpp_pubsub/lib/cpp_pubsub/listener" to ""
[24.017s] -- Installing: /home/lur/controller/install/cpp_pubsub/share/ament_index/resource_index/package_run_dependencies/cpp_pubsub
[24.018s] -- Installing: /home/lur/controller/install/cpp_pubsub/share/ament_index/resource_index/parent_prefix_path/cpp_pubsub
[24.019s] -- Installing: /home/lur/controller/install/cpp_pubsub/share/cpp_pubsub/environment/ament_prefix_path.sh
[24.019s] -- Installing: /home/lur/controller/install/cpp_pubsub/share/cpp_pubsub/environment/ament_prefix_path.dsv
[24.020s] -- Installing: /home/lur/controller/install/cpp_pubsub/share/cpp_pubsub/environment/path.sh
[24.021s] -- Installing: /home/lur/controller/install/cpp_pubsub/share/cpp_pubsub/environment/path.dsv
[24.021s] -- Installing: /home/lur/controller/install/cpp_pubsub/share/cpp_pubsub/local_setup.bash
[24.022s] -- Installing: /home/lur/controller/install/cpp_pubsub/share/cpp_pubsub/local_setup.sh
[24.022s] -- Installing: /home/lur/controller/install/cpp_pubsub/share/cpp_pubsub/local_setup.zsh
[24.023s] -- Installing: /home/lur/controller/install/cpp_pubsub/share/cpp_pubsub/local_setup.dsv
[24.024s] -- Installing: /home/lur/controller/install/cpp_pubsub/share/cpp_pubsub/package.dsv
[24.024s] -- Installing: /home/lur/controller/install/cpp_pubsub/share/ament_index/resource_index/packages/cpp_pubsub
[24.025s] -- Installing: /home/lur/controller/install/cpp_pubsub/share/cpp_pubsub/cmake/cpp_pubsubConfig.cmake
[24.026s] -- Installing: /home/lur/controller/install/cpp_pubsub/share/cpp_pubsub/cmake/cpp_pubsubConfig-version.cmake
[24.026s] -- Installing: /home/lur/controller/install/cpp_pubsub/share/cpp_pubsub/package.xml
[24.046s] Invoked command in '/home/lur/controller/build/cpp_pubsub' returned '0': CMAKE_PREFIX_PATH=${CMAKE_PREFIX_PATH}:/opt/ros/foxy /usr/bin/cmake --install /home/lur/controller/build/cpp_pubsub
