[01m[K/home/lur/controller/src/manual_pubsub/src/publisher_member_function.cpp:[m[K In member function ‘[01m[Kvoid MinimalPublisher::timer_callback()[m[K’:
[01m[K/home/lur/controller/src/manual_pubsub/src/publisher_member_function.cpp:85:78:[m[K [01;31m[Kerror: [m[Kno match for ‘[01m[Koperator+[m[K’ (operand types are ‘[01m[Kstd::__cxx11::basic_string<char>[m[K’ and ‘[01m[Kmavros_msgs::msg::ManualControl_<std::allocator<void> >::_x_type[m[K’ {aka ‘[01m[Kfloat[m[K’})
   85 |     message.data = [32m[K"Message " + std::to_string(count_++) + " (x,y,z,r,b): ("[m[K [01;31m[K+[m[K [34m[Kmsg.x[m[K + "," + msg.y + "," + msg.z + "," + msg.r + "," + msg.buttons + ")";
      |                    [32m[K~~~~~~~~~~~~~~~~~~~~~~~~~~~~~~~~~~~~~~~~~~~~~~~~~~~~~~~~~[m[K [01;31m[K^[m[K [34m[K~~~~~[m[K
      |                                                          [32m[K|[m[K                         [34m[K|[m[K
      |                                                          [32m[K|[m[K                         [34m[Kmavros_msgs::msg::ManualControl_<std::allocator<void> >::_x_type {aka float}[m[K
      |                                                          [32m[Kstd::__cxx11::basic_string<char>[m[K
In file included from [01m[K/usr/include/c++/9/bits/stl_algobase.h:67[m[K,
                 from [01m[K/usr/include/c++/9/memory:62[m[K,
                 from [01m[K/home/lur/controller/src/manual_pubsub/src/publisher_member_function.cpp:16[m[K:
[01m[K/usr/include/c++/9/bits/stl_iterator.h:423:5:[m[K [01;36m[Knote: [m[Kcandidate: ‘[01m[Ktemplate<class _Iterator> std::reverse_iterator<_Iterator> std::operator+(typename std::reverse_iterator<_Iterator>::difference_type, const std::reverse_iterator<_Iterator>&)[m[K’
  423 |     [01;36m[Koperator[m[K+(typename reverse_iterator<_Iterator>::difference_type __n,
      |     [01;36m[K^~~~~~~~[m[K
[01m[K/usr/include/c++/9/bits/stl_iterator.h:423:5:[m[K [01;36m[Knote: [m[K  template argument deduction/substitution failed:
[01m[K/home/lur/controller/src/manual_pubsub/src/publisher_member_function.cpp:85:84:[m[K [01;36m[Knote: [m[K  mismatched types ‘[01m[Kconst std::reverse_iterator<_Iterator>[m[K’ and ‘[01m[Kmavros_msgs::msg::ManualControl_<std::allocator<void> >::_x_type[m[K’ {aka ‘[01m[Kfloat[m[K’}
   85 |     message.data = "Message " + std::to_string(count_++) + " (x,y,z,r,b): (" + msg.[01;36m[Kx[m[K + "," + msg.y + "," + msg.z + "," + msg.r + "," + msg.buttons + ")";
      |                                                                                    [01;36m[K^[m[K
In file included from [01m[K/usr/include/c++/9/bits/stl_algobase.h:67[m[K,
                 from [01m[K/usr/include/c++/9/memory:62[m[K,
                 from [01m[K/home/lur/controller/src/manual_pubsub/src/publisher_member_function.cpp:16[m[K:
[01m[K/usr/include/c++/9/bits/stl_iterator.h:1216:5:[m[K [01;36m[Knote: [m[Kcandidate: ‘[01m[Ktemplate<class _Iterator> std::move_iterator<_IteratorL> std::operator+(typename std::move_iterator<_IteratorL>::difference_type, const std::move_iterator<_IteratorL>&)[m[K’
 1216 |     [01;36m[Koperator[m[K+(typename move_iterator<_Iterator>::difference_type __n,
      |     [01;36m[K^~~~~~~~[m[K
[01m[K/usr/include/c++/9/bits/stl_iterator.h:1216:5:[m[K [01;36m[Knote: [m[K  template argument deduction/substitution failed:
[01m[K/home/lur/controller/src/manual_pubsub/src/publisher_member_function.cpp:85:84:[m[K [01;36m[Knote: [m[K  mismatched types ‘[01m[Kconst std::move_iterator<_IteratorL>[m[K’ and ‘[01m[Kmavros_msgs::msg::ManualControl_<std::allocator<void> >::_x_type[m[K’ {aka ‘[01m[Kfloat[m[K’}
   85 |     message.data = "Message " + std::to_string(count_++) + " (x,y,z,r,b): (" + msg.[01;36m[Kx[m[K + "," + msg.y + "," + msg.z + "," + msg.r + "," + msg.buttons + ")";
      |                                                                                    [01;36m[K^[m[K
In file included from [01m[K/usr/include/c++/9/string:55[m[K,
                 from [01m[K/usr/include/c++/9/stdexcept:39[m[K,
                 from [01m[K/usr/include/c++/9/array:39[m[K,
                 from [01m[K/usr/include/c++/9/tuple:39[m[K,
                 from [01m[K/usr/include/c++/9/bits/unique_ptr.h:37[m[K,
                 from [01m[K/usr/include/c++/9/memory:80[m[K,
                 from [01m[K/home/lur/controller/src/manual_pubsub/src/publisher_member_function.cpp:16[m[K:
[01m[K/usr/include/c++/9/bits/basic_string.h:6023:5:[m[K [01;36m[Knote: [m[Kcandidate: ‘[01m[Ktemplate<class _CharT, class _Traits, class _Alloc> std::__cxx11::basic_string<_CharT, _Traits, _Alloc> std::operator+(const std::__cxx11::basic_string<_CharT, _Traits, _Alloc>&, const std::__cxx11::basic_string<_CharT, _Traits, _Alloc>&)[m[K’
 6023 |     [01;36m[Koperator[m[K+(const basic_string<_CharT, _Traits, _Alloc>& __lhs,
      |     [01;36m[K^~~~~~~~[m[K
[01m[K/usr/include/c++/9/bits/basic_string.h:6023:5:[m[K [01;36m[Knote: [m[K  template argument deduction/substitution failed:
[01m[K/home/lur/controller/src/manual_pubsub/src/publisher_member_function.cpp:85:84:[m[K [01;36m[Knote: [m[K  mismatched types ‘[01m[Kconst std::__cxx11::basic_string<_CharT, _Traits, _Alloc>[m[K’ and ‘[01m[Kmavros_msgs::msg::ManualControl_<std::allocator<void> >::_x_type[m[K’ {aka ‘[01m[Kfloat[m[K’}
   85 |     message.data = "Message " + std::to_string(count_++) + " (x,y,z,r,b): (" + msg.[01;36m[Kx[m[K + "," + msg.y + "," + msg.z + "," + msg.r + "," + msg.buttons + ")";
      |                                                                                    [01;36m[K^[m[K
In file included from [01m[K/usr/include/c++/9/string:56[m[K,
                 from [01m[K/usr/include/c++/9/stdexcept:39[m[K,
                 from [01m[K/usr/include/c++/9/array:39[m[K,
                 from [01m[K/usr/include/c++/9/tuple:39[m[K,
                 from [01m[K/usr/include/c++/9/bits/unique_ptr.h:37[m[K,
                 from [01m[K/usr/include/c++/9/memory:80[m[K,
                 from [01m[K/home/lur/controller/src/manual_pubsub/src/publisher_member_function.cpp:16[m[K:
[01m[K/usr/include/c++/9/bits/basic_string.tcc:1158:5:[m[K [01;36m[Knote: [m[Kcandidate: ‘[01m[Ktemplate<class _CharT, class _Traits, class _Alloc> std::__cxx11::basic_string<_CharT, _Traits, _Alloc> std::operator+(const _CharT*, const std::__cxx11::basic_string<_CharT, _Traits, _Alloc>&)[m[K’
 1158 |     [01;36m[Koperator[m[K+(const _CharT* __lhs,
      |     [01;36m[K^~~~~~~~[m[K
[01m[K/usr/include/c++/9/bits/basic_string.tcc:1158:5:[m[K [01;36m[Knote: [m[K  template argument deduction/substitution failed:
[01m[K/home/lur/controller/src/manual_pubsub/src/publisher_member_function.cpp:85:84:[m[K [01;36m[Knote: [m[K  mismatched types ‘[01m[Kconst _CharT*[m[K’ and ‘[01m[Kstd::__cxx11::basic_string<char>[m[K’
   85 |     message.data = "Message " + std::to_string(count_++) + " (x,y,z,r,b): (" + msg.[01;36m[Kx[m[K + "," + msg.y + "," + msg.z + "," + msg.r + "," + msg.buttons + ")";
      |                                                                                    [01;36m[K^[m[K
In file included from [01m[K/usr/include/c++/9/string:56[m[K,
                 from [01m[K/usr/include/c++/9/stdexcept:39[m[K,
                 from [01m[K/usr/include/c++/9/array:39[m[K,
                 from [01m[K/usr/include/c++/9/tuple:39[m[K,
                 from [01m[K/usr/include/c++/9/bits/unique_ptr.h:37[m[K,
                 from [01m[K/usr/include/c++/9/memory:80[m[K,
                 from [01m[K/home/lur/controller/src/manual_pubsub/src/publisher_member_function.cpp:16[m[K:
[01m[K/usr/include/c++/9/bits/basic_string.tcc:1174:5:[m[K [01;36m[Knote: [m[Kcandidate: ‘[01m[Ktemplate<class _CharT, class _Traits, class _Alloc> std::__cxx11::basic_string<_CharT, _Traits, _Alloc> std::operator+(_CharT, const std::__cxx11::basic_string<_CharT, _Traits, _Alloc>&)[m[K’
 1174 |     [01;36m[Koperator[m[K+(_CharT __lhs, const basic_string<_CharT, _Traits, _Alloc>& __rhs)
      |     [01;36m[K^~~~~~~~[m[K
[01m[K/usr/include/c++/9/bits/basic_string.tcc:1174:5:[m[K [01;36m[Knote: [m[K  template argument deduction/substitution failed:
[01m[K/home/lur/controller/src/manual_pubsub/src/publisher_member_function.cpp:85:84:[m[K [01;36m[Knote: [m[K  mismatched types ‘[01m[Kconst std::__cxx11::basic_string<_CharT, _Traits, _Alloc>[m[K’ and ‘[01m[Kmavros_msgs::msg::ManualControl_<std::allocator<void> >::_x_type[m[K’ {aka ‘[01m[Kfloat[m[K’}
   85 |     message.data = "Message " + std::to_string(count_++) + " (x,y,z,r,b): (" + msg.[01;36m[Kx[m[K + "," + msg.y + "," + msg.z + "," + msg.r + "," + msg.buttons + ")";
      |                                                                                    [01;36m[K^[m[K
In file included from [01m[K/usr/include/c++/9/string:55[m[K,
                 from [01m[K/usr/include/c++/9/stdexcept:39[m[K,
                 from [01m[K/usr/include/c++/9/array:39[m[K,
                 from [01m[K/usr/include/c++/9/tuple:39[m[K,
                 from [01m[K/usr/include/c++/9/bits/unique_ptr.h:37[m[K,
                 from [01m[K/usr/include/c++/9/memory:80[m[K,
                 from [01m[K/home/lur/controller/src/manual_pubsub/src/publisher_member_function.cpp:16[m[K:
[01m[K/usr/include/c++/9/bits/basic_string.h:6060:5:[m[K [01;36m[Knote: [m[Kcandidate: ‘[01m[Ktemplate<class _CharT, class _Traits, class _Alloc> std::__cxx11::basic_string<_CharT, _Traits, _Alloc> std::operator+(const std::__cxx11::basic_string<_CharT, _Traits, _Alloc>&, const _CharT*)[m[K’
 6060 |     [01;36m[Koperator[m[K+(const basic_string<_CharT, _Traits, _Alloc>& __lhs,
      |     [01;36m[K^~~~~~~~[m[K
[01m[K/usr/include/c++/9/bits/basic_string.h:6060:5:[m[K [01;36m[Knote: [m[K  template argument deduction/substitution failed:
[01m[K/home/lur/controller/src/manual_pubsub/src/publisher_member_function.cpp:85:84:[m[K [01;36m[Knote: [m[K  mismatched types ‘[01m[Kconst _CharT*[m[K’ and ‘[01m[Kfloat[m[K’
   85 |     message.data = "Message " + std::to_string(count_++) + " (x,y,z,r,b): (" + msg.[01;36m[Kx[m[K + "," + msg.y + "," + msg.z + "," + msg.r + "," + msg.buttons + ")";
      |                                                                                    [01;36m[K^[m[K
In file included from [01m[K/usr/include/c++/9/string:55[m[K,
                 from [01m[K/usr/include/c++/9/stdexcept:39[m[K,
                 from [01m[K/usr/include/c++/9/array:39[m[K,
                 from [01m[K/usr/include/c++/9/tuple:39[m[K,
                 from [01m[K/usr/include/c++/9/bits/unique_ptr.h:37[m[K,
                 from [01m[K/usr/include/c++/9/memory:80[m[K,
                 from [01m[K/home/lur/controller/src/manual_pubsub/src/publisher_member_function.cpp:16[m[K:
[01m[K/usr/include/c++/9/bits/basic_string.h:6076:5:[m[K [01;36m[Knote: [m[Kcandidate: ‘[01m[Ktemplate<class _CharT, class _Traits, class _Alloc> std::__cxx11::basic_string<_CharT, _Traits, _Alloc> std::operator+(const std::__cxx11::basic_string<_CharT, _Traits, _Alloc>&, _CharT)[m[K’
 6076 |     [01;36m[Koperator[m[K+(const basic_string<_CharT, _Traits, _Alloc>& __lhs, _CharT __rhs)
      |     [01;36m[K^~~~~~~~[m[K
[01m[K/usr/include/c++/9/bits/basic_string.h:6076:5:[m[K [01;36m[Knote: [m[K  template argument deduction/substitution failed:
[01m[K/home/lur/controller/src/manual_pubsub/src/publisher_member_function.cpp:85:84:[m[K [01;36m[Knote: [m[K  deduced conflicting types for parameter ‘[01m[K_CharT[m[K’ (‘[01m[Kchar[m[K’ and ‘[01m[Kfloat[m[K’)
   85 |     message.data = "Message " + std::to_string(count_++) + " (x,y,z,r,b): (" + msg.[01;36m[Kx[m[K + "," + msg.y + "," + msg.z + "," + msg.r + "," + msg.buttons + ")";
      |                                                                                    [01;36m[K^[m[K
In file included from [01m[K/usr/include/c++/9/string:55[m[K,
                 from [01m[K/usr/include/c++/9/stdexcept:39[m[K,
                 from [01m[K/usr/include/c++/9/array:39[m[K,
                 from [01m[K/usr/include/c++/9/tuple:39[m[K,
                 from [01m[K/usr/include/c++/9/bits/unique_ptr.h:37[m[K,
                 from [01m[K/usr/include/c++/9/memory:80[m[K,
                 from [01m[K/home/lur/controller/src/manual_pubsub/src/publisher_member_function.cpp:16[m[K:
[01m[K/usr/include/c++/9/bits/basic_string.h:6088:5:[m[K [01;36m[Knote: [m[Kcandidate: ‘[01m[Ktemplate<class _CharT, class _Traits, class _Alloc> std::__cxx11::basic_string<_CharT, _Traits, _Alloc> std::operator+(std::__cxx11::basic_string<_CharT, _Traits, _Alloc>&&, const std::__cxx11::basic_string<_CharT, _Traits, _Alloc>&)[m[K’
 6088 |     [01;36m[Koperator[m[K+(basic_string<_CharT, _Traits, _Alloc>&& __lhs,
      |     [01;36m[K^~~~~~~~[m[K
[01m[K/usr/include/c++/9/bits/basic_string.h:6088:5:[m[K [01;36m[Knote: [m[K  template argument deduction/substitution failed:
[01m[K/home/lur/controller/src/manual_pubsub/src/publisher_member_function.cpp:85:84:[m[K [01;36m[Knote: [m[K  mismatched types ‘[01m[Kconst std::__cxx11::basic_string<_CharT, _Traits, _Alloc>[m[K’ and ‘[01m[Kmavros_msgs::msg::ManualControl_<std::allocator<void> >::_x_type[m[K’ {aka ‘[01m[Kfloat[m[K’}
   85 |     message.data = "Message " + std::to_string(count_++) + " (x,y,z,r,b): (" + msg.[01;36m[Kx[m[K + "," + msg.y + "," + msg.z + "," + msg.r + "," + msg.buttons + ")";
      |                                                                                    [01;36m[K^[m[K
In file included from [01m[K/usr/include/c++/9/string:55[m[K,
                 from [01m[K/usr/include/c++/9/stdexcept:39[m[K,
                 from [01m[K/usr/include/c++/9/array:39[m[K,
                 from [01m[K/usr/include/c++/9/tuple:39[m[K,
                 from [01m[K/usr/include/c++/9/bits/unique_ptr.h:37[m[K,
                 from [01m[K/usr/include/c++/9/memory:80[m[K,
                 from [01m[K/home/lur/controller/src/manual_pubsub/src/publisher_member_function.cpp:16[m[K:
[01m[K/usr/include/c++/9/bits/basic_string.h:6094:5:[m[K [01;36m[Knote: [m[Kcandidate: ‘[01m[Ktemplate<class _CharT, class _Traits, class _Alloc> std::__cxx11::basic_string<_CharT, _Traits, _Alloc> std::operator+(const std::__cxx11::basic_string<_CharT, _Traits, _Alloc>&, std::__cxx11::basic_string<_CharT, _Traits, _Alloc>&&)[m[K’
 6094 |     [01;36m[Koperator[m[K+(const basic_string<_CharT, _Traits, _Alloc>& __lhs,
      |     [01;36m[K^~~~~~~~[m[K
[01m[K/usr/include/c++/9/bits/basic_string.h:6094:5:[m[K [01;36m[Knote: [m[K  template argument deduction/substitution failed:
[01m[K/home/lur/controller/src/manual_pubsub/src/publisher_member_function.cpp:85:84:[m[K [01;36m[Knote: [m[K  mismatched types ‘[01m[Kstd::__cxx11::basic_string<_CharT, _Traits, _Alloc>[m[K’ and ‘[01m[Kmavros_msgs::msg::ManualControl_<std::allocator<void> >::_x_type[m[K’ {aka ‘[01m[Kfloat[m[K’}
   85 |     message.data = "Message " + std::to_string(count_++) + " (x,y,z,r,b): (" + msg.[01;36m[Kx[m[K + "," + msg.y + "," + msg.z + "," + msg.r + "," + msg.buttons + ")";
      |                                                                                    [01;36m[K^[m[K
In file included from [01m[K/usr/include/c++/9/string:55[m[K,
                 from [01m[K/usr/include/c++/9/stdexcept:39[m[K,
                 from [01m[K/usr/include/c++/9/array:39[m[K,
                 from [01m[K/usr/include/c++/9/tuple:39[m[K,
                 from [01m[K/usr/include/c++/9/bits/unique_ptr.h:37[m[K,
                 from [01m[K/usr/include/c++/9/memory:80[m[K,
                 from [01m[K/home/lur/controller/src/manual_pubsub/src/publisher_member_function.cpp:16[m[K:
[01m[K/usr/include/c++/9/bits/basic_string.h:6100:5:[m[K [01;36m[Knote: [m[Kcandidate: ‘[01m[Ktemplate<class _CharT, class _Traits, class _Alloc> std::__cxx11::basic_string<_CharT, _Traits, _Alloc> std::operator+(std::__cxx11::basic_string<_CharT, _Traits, _Alloc>&&, std::__cxx11::basic_string<_CharT, _Traits, _Alloc>&&)[m[K’
 6100 |     [01;36m[Koperator[m[K+(basic_string<_CharT, _Traits, _Alloc>&& __lhs,
      |     [01;36m[K^~~~~~~~[m[K
[01m[K/usr/include/c++/9/bits/basic_string.h:6100:5:[m[K [01;36m[Knote: [m[K  template argument deduction/substitution failed:
[01m[K/home/lur/controller/src/manual_pubsub/src/publisher_member_function.cpp:85:84:[m[K [01;36m[Knote: [m[K  mismatched types ‘[01m[Kstd::__cxx11::basic_string<_CharT, _Traits, _Alloc>[m[K’ and ‘[01m[Kmavros_msgs::msg::ManualControl_<std::allocator<void> >::_x_type[m[K’ {aka ‘[01m[Kfloat[m[K’}
   85 |     message.data = "Message " + std::to_string(count_++) + " (x,y,z,r,b): (" + msg.[01;36m[Kx[m[K + "," + msg.y + "," + msg.z + "," + msg.r + "," + msg.buttons + ")";
      |                                                                                    [01;36m[K^[m[K
In file included from [01m[K/usr/include/c++/9/string:55[m[K,
                 from [01m[K/usr/include/c++/9/stdexcept:39[m[K,
                 from [01m[K/usr/include/c++/9/array:39[m[K,
                 from [01m[K/usr/include/c++/9/tuple:39[m[K,
                 from [01m[K/usr/include/c++/9/bits/unique_ptr.h:37[m[K,
                 from [01m[K/usr/include/c++/9/memory:80[m[K,
                 from [01m[K/home/lur/controller/src/manual_pubsub/src/publisher_member_function.cpp:16[m[K:
[01m[K/usr/include/c++/9/bits/basic_string.h:6112:5:[m[K [01;36m[Knote: [m[Kcandidate: ‘[01m[Ktemplate<class _CharT, class _Traits, class _Alloc> std::__cxx11::basic_string<_CharT, _Traits, _Alloc> std::operator+(const _CharT*, std::__cxx11::basic_string<_CharT, _Traits, _Alloc>&&)[m[K’
 6112 |     [01;36m[Koperator[m[K+(const _CharT* __lhs,
      |     [01;36m[K^~~~~~~~[m[K
[01m[K/usr/include/c++/9/bits/basic_string.h:6112:5:[m[K [01;36m[Knote: [m[K  template argument deduction/substitution failed:
[01m[K/home/lur/controller/src/manual_pubsub/src/publisher_member_function.cpp:85:84:[m[K [01;36m[Knote: [m[K  mismatched types ‘[01m[Kconst _CharT*[m[K’ and ‘[01m[Kstd::__cxx11::basic_string<char>[m[K’
   85 |     message.data = "Message " + std::to_string(count_++) + " (x,y,z,r,b): (" + msg.[01;36m[Kx[m[K + "," + msg.y + "," + msg.z + "," + msg.r + "," + msg.buttons + ")";
      |                                                                                    [01;36m[K^[m[K
In file included from [01m[K/usr/include/c++/9/string:55[m[K,
                 from [01m[K/usr/include/c++/9/stdexcept:39[m[K,
                 from [01m[K/usr/include/c++/9/array:39[m[K,
                 from [01m[K/usr/include/c++/9/tuple:39[m[K,
                 from [01m[K/usr/include/c++/9/bits/unique_ptr.h:37[m[K,
                 from [01m[K/usr/include/c++/9/memory:80[m[K,
                 from [01m[K/home/lur/controller/src/manual_pubsub/src/publisher_member_function.cpp:16[m[K:
[01m[K/usr/include/c++/9/bits/basic_string.h:6118:5:[m[K [01;36m[Knote: [m[Kcandidate: ‘[01m[Ktemplate<class _CharT, class _Traits, class _Alloc> std::__cxx11::basic_string<_CharT, _Traits, _Alloc> std::operator+(_CharT, std::__cxx11::basic_string<_CharT, _Traits, _Alloc>&&)[m[K’
 6118 |     [01;36m[Koperator[m[K+(_CharT __lhs,
      |     [01;36m[K^~~~~~~~[m[K
[01m[K/usr/include/c++/9/bits/basic_string.h:6118:5:[m[K [01;36m[Knote: [m[K  template argument deduction/substitution failed:
[01m[K/home/lur/controller/src/manual_pubsub/src/publisher_member_function.cpp:85:84:[m[K [01;36m[Knote: [m[K  mismatched types ‘[01m[Kstd::__cxx11::basic_string<_CharT, _Traits, _Alloc>[m[K’ and ‘[01m[Kmavros_msgs::msg::ManualControl_<std::allocator<void> >::_x_type[m[K’ {aka ‘[01m[Kfloat[m[K’}
   85 |     message.data = "Message " + std::to_string(count_++) + " (x,y,z,r,b): (" + msg.[01;36m[Kx[m[K + "," + msg.y + "," + msg.z + "," + msg.r + "," + msg.buttons + ")";
      |                                                                                    [01;36m[K^[m[K
In file included from [01m[K/usr/include/c++/9/string:55[m[K,
                 from [01m[K/usr/include/c++/9/stdexcept:39[m[K,
                 from [01m[K/usr/include/c++/9/array:39[m[K,
                 from [01m[K/usr/include/c++/9/tuple:39[m[K,
                 from [01m[K/usr/include/c++/9/bits/unique_ptr.h:37[m[K,
                 from [01m[K/usr/include/c++/9/memory:80[m[K,
                 from [01m[K/home/lur/controller/src/manual_pubsub/src/publisher_member_function.cpp:16[m[K:
[01m[K/usr/include/c++/9/bits/basic_string.h:6124:5:[m[K [01;36m[Knote: [m[Kcandidate: ‘[01m[Ktemplate<class _CharT, class _Traits, class _Alloc> std::__cxx11::basic_string<_CharT, _Traits, _Alloc> std::operator+(std::__cxx11::basic_string<_CharT, _Traits, _Alloc>&&, const _CharT*)[m[K’
 6124 |     [01;36m[Koperator[m[K+(basic_string<_CharT, _Traits, _Alloc>&& __lhs,
      |     [01;36m[K^~~~~~~~[m[K
[01m[K/usr/include/c++/9/bits/basic_string.h:6124:5:[m[K [01;36m[Knote: [m[K  template argument deduction/substitution failed:
[01m[K/home/lur/controller/src/manual_pubsub/src/publisher_member_function.cpp:85:84:[m[K [01;36m[Knote: [m[K  mismatched types ‘[01m[Kconst _CharT*[m[K’ and ‘[01m[Kfloat[m[K’
   85 |     message.data = "Message " + std::to_string(count_++) + " (x,y,z,r,b): (" + msg.[01;36m[Kx[m[K + "," + msg.y + "," + msg.z + "," + msg.r + "," + msg.buttons + ")";
      |                                                                                    [01;36m[K^[m[K
In file included from [01m[K/usr/include/c++/9/string:55[m[K,
                 from [01m[K/usr/include/c++/9/stdexcept:39[m[K,
                 from [01m[K/usr/include/c++/9/array:39[m[K,
                 from [01m[K/usr/include/c++/9/tuple:39[m[K,
                 from [01m[K/usr/include/c++/9/bits/unique_ptr.h:37[m[K,
                 from [01m[K/usr/include/c++/9/memory:80[m[K,
                 from [01m[K/home/lur/controller/src/manual_pubsub/src/publisher_member_function.cpp:16[m[K:
[01m[K/usr/include/c++/9/bits/basic_string.h:6130:5:[m[K [01;36m[Knote: [m[Kcandidate: ‘[01m[Ktemplate<class _CharT, class _Traits, class _Alloc> std::__cxx11::basic_string<_CharT, _Traits, _Alloc> std::operator+(std::__cxx11::basic_string<_CharT, _Traits, _Alloc>&&, _CharT)[m[K’
 6130 |     [01;36m[Koperator[m[K+(basic_string<_CharT, _Traits, _Alloc>&& __lhs,
      |     [01;36m[K^~~~~~~~[m[K
[01m[K/usr/include/c++/9/bits/basic_string.h:6130:5:[m[K [01;36m[Knote: [m[K  template argument deduction/substitution failed:
[01m[K/home/lur/controller/src/manual_pubsub/src/publisher_member_function.cpp:85:84:[m[K [01;36m[Knote: [m[K  deduced conflicting types for parameter ‘[01m[K_CharT[m[K’ (‘[01m[Kchar[m[K’ and ‘[01m[Kfloat[m[K’)
   85 |     message.data = "Message " + std::to_string(count_++) + " (x,y,z,r,b): (" + msg.[01;36m[Kx[m[K + "," + msg.y + "," + msg.z + "," + msg.r + "," + msg.buttons + ")";
      |                                                                                    [01;36m[K^[m[K
In file included from [01m[K/usr/include/c++/9/vector:68[m[K,
                 from [01m[K/opt/ros/foxy/include/rclcpp/executor.hpp:27[m[K,
                 from [01m[K/opt/ros/foxy/include/rclcpp/executors/multi_threaded_executor.hpp:26[m[K,
                 from [01m[K/opt/ros/foxy/include/rclcpp/executors.hpp:21[m[K,
                 from [01m[K/opt/ros/foxy/include/rclcpp/rclcpp.hpp:146[m[K,
                 from [01m[K/home/lur/controller/src/manual_pubsub/src/publisher_member_function.cpp:18[m[K:
[01m[K/usr/include/c++/9/bits/stl_bvector.h:303:3:[m[K [01;36m[Knote: [m[Kcandidate: ‘[01m[Kstd::_Bit_iterator std::operator+(std::ptrdiff_t, const std::_Bit_iterator&)[m[K’
  303 |   [01;36m[Koperator[m[K+(ptrdiff_t __n, const _Bit_iterator& __x)
      |   [01;36m[K^~~~~~~~[m[K
[01m[K/usr/include/c++/9/bits/stl_bvector.h:303:23:[m[K [01;36m[Knote: [m[K  no known conversion for argument 1 from ‘[01m[Kstd::__cxx11::basic_string<char>[m[K’ to ‘[01m[Kstd::ptrdiff_t[m[K’ {aka ‘[01m[Klong int[m[K’}
  303 |   operator+([01;36m[Kptrdiff_t __n[m[K, const _Bit_iterator& __x)
      |             [01;36m[K~~~~~~~~~~^~~[m[K
[01m[K/usr/include/c++/9/bits/stl_bvector.h:393:3:[m[K [01;36m[Knote: [m[Kcandidate: ‘[01m[Kstd::_Bit_const_iterator std::operator+(std::ptrdiff_t, const std::_Bit_const_iterator&)[m[K’
  393 |   [01;36m[Koperator[m[K+(ptrdiff_t __n, const _Bit_const_iterator& __x)
      |   [01;36m[K^~~~~~~~[m[K
[01m[K/usr/include/c++/9/bits/stl_bvector.h:393:23:[m[K [01;36m[Knote: [m[K  no known conversion for argument 1 from ‘[01m[Kstd::__cxx11::basic_string<char>[m[K’ to ‘[01m[Kstd::ptrdiff_t[m[K’ {aka ‘[01m[Klong int[m[K’}
  393 |   operator+([01;36m[Kptrdiff_t __n[m[K, const _Bit_const_iterator& __x)
      |             [01;36m[K~~~~~~~~~~^~~[m[K
In file included from [01m[K/usr/include/c++/9/bits/stl_algobase.h:67[m[K,
                 from [01m[K/usr/include/c++/9/memory:62[m[K,
                 from [01m[K/home/lur/controller/src/manual_pubsub/src/publisher_member_function.cpp:16[m[K:
[01m[K/usr/include/c++/9/bits/stl_iterator.h:993:5:[m[K [01;36m[Knote: [m[Kcandidate: ‘[01m[Ktemplate<class _Iterator, class _Container> __gnu_cxx::__normal_iterator<_Iterator, _Container> __gnu_cxx::operator+(typename __gnu_cxx::__normal_iterator<_Iterator, _Container>::difference_type, const __gnu_cxx::__normal_iterator<_Iterator, _Container>&)[m[K’
  993 |     [01;36m[Koperator[m[K+(typename __normal_iterator<_Iterator, _Container>::difference_type
      |     [01;36m[K^~~~~~~~[m[K
[01m[K/usr/include/c++/9/bits/stl_iterator.h:993:5:[m[K [01;36m[Knote: [m[K  template argument deduction/substitution failed:
[01m[K/home/lur/controller/src/manual_pubsub/src/publisher_member_function.cpp:85:84:[m[K [01;36m[Knote: [m[K  mismatched types ‘[01m[Kconst __gnu_cxx::__normal_iterator<_Iterator, _Container>[m[K’ and ‘[01m[Kmavros_msgs::msg::ManualControl_<std::allocator<void> >::_x_type[m[K’ {aka ‘[01m[Kfloat[m[K’}
   85 |     message.data = "Message " + std::to_string(count_++) + " (x,y,z,r,b): (" + msg.[01;36m[Kx[m[K + "," + msg.y + "," + msg.z + "," + msg.r + "," + msg.buttons + ")";
      |                                                                                    [01;36m[K^[m[K
make[2]: *** [CMakeFiles/talker.dir/build.make:63: CMakeFiles/talker.dir/src/publisher_member_function.cpp.o] Error 1
make[1]: *** [CMakeFiles/Makefile2:107: CMakeFiles/talker.dir/all] Error 2
make: *** [Makefile:141: all] Error 2
