[0.753s] DEBUG:colcon:Command line arguments: ['/usr/bin/colcon', 'build', '--packages-select', 'manual_pubsub']
[0.754s] DEBUG:colcon:Parsed command line arguments: Namespace(allow_overriding=[], ament_cmake_args=None, base_paths=['.'], build_base='build', catkin_cmake_args=None, catkin_skip_building_tests=False, cmake_args=None, cmake_clean_cache=False, cmake_clean_first=False, cmake_force_configure=False, cmake_target=None, cmake_target_skip_unavailable=False, continue_on_error=False, event_handlers=None, executor='parallel', ignore_user_meta=False, install_base='install', log_base=None, log_level=None, main=<bound method BuildVerb.main of <colcon_core.verb.build.BuildVerb object at 0xffff84d7d100>>, merge_install=False, metas=['./colcon.meta'], packages_above=None, packages_above_and_dependencies=None, packages_above_depth=None, packages_end=None, packages_ignore=None, packages_ignore_regex=None, packages_select=['manual_pubsub'], packages_select_build_failed=False, packages_select_by_dep=None, packages_select_regex=None, packages_select_test_failures=False, packages_skip=None, packages_skip_build_finished=False, packages_skip_by_dep=None, packages_skip_regex=None, packages_skip_test_passed=False, packages_skip_up_to=None, packages_start=None, packages_up_to=None, packages_up_to_regex=None, parallel_workers=4, paths=None, symlink_install=False, test_result_base=None, verb_extension=<colcon_core.verb.build.BuildVerb object at 0xffff84d7d100>, verb_name='build', verb_parser=<colcon_defaults.argument_parser.defaults.DefaultArgumentsDecorator object at 0xffff84d7d640>)
[0.905s] Level 1:colcon.colcon_core.package_discovery:discover_packages(colcon_meta) check parameters
[0.906s] Level 1:colcon.colcon_core.package_discovery:discover_packages(recursive) check parameters
[0.906s] Level 1:colcon.colcon_core.package_discovery:discover_packages(ignore) check parameters
[0.906s] Level 1:colcon.colcon_core.package_discovery:discover_packages(path) check parameters
[0.906s] Level 1:colcon.colcon_core.package_discovery:discover_packages(colcon_meta) discover
[0.907s] Level 1:colcon.colcon_core.package_discovery:discover_packages(recursive) discover
[0.907s] INFO:colcon.colcon_core.package_discovery:Crawling recursively for packages in '/home/lur/controller'
[0.907s] Level 1:colcon.colcon_core.package_identification:_identify(.) by extensions ['ignore', 'ignore_ament_install']
[0.908s] Level 1:colcon.colcon_core.package_identification:_identify(.) by extension 'ignore'
[0.908s] Level 1:colcon.colcon_core.package_identification:_identify(.) by extension 'ignore_ament_install'
[0.908s] Level 1:colcon.colcon_core.package_identification:_identify(.) by extensions ['colcon_pkg']
[0.909s] Level 1:colcon.colcon_core.package_identification:_identify(.) by extension 'colcon_pkg'
[0.909s] Level 1:colcon.colcon_core.package_identification:_identify(.) by extensions ['colcon_meta']
[0.909s] Level 1:colcon.colcon_core.package_identification:_identify(.) by extension 'colcon_meta'
[0.909s] Level 1:colcon.colcon_core.package_identification:_identify(.) by extensions ['ros']
[0.909s] Level 1:colcon.colcon_core.package_identification:_identify(.) by extension 'ros'
[0.952s] Level 1:colcon.colcon_core.package_identification:_identify(.) by extensions ['cmake', 'python']
[0.952s] Level 1:colcon.colcon_core.package_identification:_identify(.) by extension 'cmake'
[0.952s] Level 1:colcon.colcon_core.package_identification:_identify(.) by extension 'python'
[0.953s] Level 1:colcon.colcon_core.package_identification:_identify(.) by extensions ['python_setup_py']
[0.953s] Level 1:colcon.colcon_core.package_identification:_identify(.) by extension 'python_setup_py'
[0.953s] Level 1:colcon.colcon_core.package_identification:_identify(build) by extensions ['ignore', 'ignore_ament_install']
[0.954s] Level 1:colcon.colcon_core.package_identification:_identify(build) by extension 'ignore'
[0.954s] Level 1:colcon.colcon_core.package_identification:_identify(build) ignored
[0.957s] Level 1:colcon.colcon_core.package_identification:_identify(examples) by extensions ['ignore', 'ignore_ament_install']
[0.957s] Level 1:colcon.colcon_core.package_identification:_identify(examples) by extension 'ignore'
[0.957s] Level 1:colcon.colcon_core.package_identification:_identify(examples) by extension 'ignore_ament_install'
[0.958s] Level 1:colcon.colcon_core.package_identification:_identify(examples) by extensions ['colcon_pkg']
[0.958s] Level 1:colcon.colcon_core.package_identification:_identify(examples) by extension 'colcon_pkg'
[0.958s] Level 1:colcon.colcon_core.package_identification:_identify(examples) by extensions ['colcon_meta']
[0.958s] Level 1:colcon.colcon_core.package_identification:_identify(examples) by extension 'colcon_meta'
[0.958s] Level 1:colcon.colcon_core.package_identification:_identify(examples) by extensions ['ros']
[0.959s] Level 1:colcon.colcon_core.package_identification:_identify(examples) by extension 'ros'
[0.959s] Level 1:colcon.colcon_core.package_identification:_identify(examples) by extensions ['cmake', 'python']
[0.959s] Level 1:colcon.colcon_core.package_identification:_identify(examples) by extension 'cmake'
[0.959s] Level 1:colcon.colcon_core.package_identification:_identify(examples) by extension 'python'
[0.959s] Level 1:colcon.colcon_core.package_identification:_identify(examples) by extensions ['python_setup_py']
[0.960s] Level 1:colcon.colcon_core.package_identification:_identify(examples) by extension 'python_setup_py'
[0.961s] Level 1:colcon.colcon_core.package_identification:_identify(examples/launch_testing) by extensions ['ignore', 'ignore_ament_install']
[0.961s] Level 1:colcon.colcon_core.package_identification:_identify(examples/launch_testing) by extension 'ignore'
[0.961s] Level 1:colcon.colcon_core.package_identification:_identify(examples/launch_testing) by extension 'ignore_ament_install'
[0.961s] Level 1:colcon.colcon_core.package_identification:_identify(examples/launch_testing) by extensions ['colcon_pkg']
[0.961s] Level 1:colcon.colcon_core.package_identification:_identify(examples/launch_testing) by extension 'colcon_pkg'
[0.962s] Level 1:colcon.colcon_core.package_identification:_identify(examples/launch_testing) by extensions ['colcon_meta']
[0.962s] Level 1:colcon.colcon_core.package_identification:_identify(examples/launch_testing) by extension 'colcon_meta'
[0.962s] Level 1:colcon.colcon_core.package_identification:_identify(examples/launch_testing) by extensions ['ros']
[0.962s] Level 1:colcon.colcon_core.package_identification:_identify(examples/launch_testing) by extension 'ros'
[0.962s] Level 1:colcon.colcon_core.package_identification:_identify(examples/launch_testing) by extensions ['cmake', 'python']
[0.963s] Level 1:colcon.colcon_core.package_identification:_identify(examples/launch_testing) by extension 'cmake'
[0.963s] Level 1:colcon.colcon_core.package_identification:_identify(examples/launch_testing) by extension 'python'
[0.963s] Level 1:colcon.colcon_core.package_identification:_identify(examples/launch_testing) by extensions ['python_setup_py']
[0.963s] Level 1:colcon.colcon_core.package_identification:_identify(examples/launch_testing) by extension 'python_setup_py'
[0.964s] Level 1:colcon.colcon_core.package_identification:_identify(examples/launch_testing/launch_testing_examples) by extensions ['ignore', 'ignore_ament_install']
[0.964s] Level 1:colcon.colcon_core.package_identification:_identify(examples/launch_testing/launch_testing_examples) by extension 'ignore'
[0.965s] Level 1:colcon.colcon_core.package_identification:_identify(examples/launch_testing/launch_testing_examples) by extension 'ignore_ament_install'
[0.965s] Level 1:colcon.colcon_core.package_identification:_identify(examples/launch_testing/launch_testing_examples) by extensions ['colcon_pkg']
[0.965s] Level 1:colcon.colcon_core.package_identification:_identify(examples/launch_testing/launch_testing_examples) by extension 'colcon_pkg'
[0.965s] Level 1:colcon.colcon_core.package_identification:_identify(examples/launch_testing/launch_testing_examples) by extensions ['colcon_meta']
[0.965s] Level 1:colcon.colcon_core.package_identification:_identify(examples/launch_testing/launch_testing_examples) by extension 'colcon_meta'
[0.966s] Level 1:colcon.colcon_core.package_identification:_identify(examples/launch_testing/launch_testing_examples) by extensions ['ros']
[0.966s] Level 1:colcon.colcon_core.package_identification:_identify(examples/launch_testing/launch_testing_examples) by extension 'ros'
[0.979s] DEBUG:colcon.colcon_core.package_identification:Package 'examples/launch_testing/launch_testing_examples' with type 'ros.ament_python' and name 'launch_testing_examples'
[0.982s] Level 1:colcon.colcon_core.package_identification:_identify(examples/rclcpp) by extensions ['ignore', 'ignore_ament_install']
[0.983s] Level 1:colcon.colcon_core.package_identification:_identify(examples/rclcpp) by extension 'ignore'
[0.983s] Level 1:colcon.colcon_core.package_identification:_identify(examples/rclcpp) by extension 'ignore_ament_install'
[0.983s] Level 1:colcon.colcon_core.package_identification:_identify(examples/rclcpp) by extensions ['colcon_pkg']
[0.984s] Level 1:colcon.colcon_core.package_identification:_identify(examples/rclcpp) by extension 'colcon_pkg'
[0.984s] Level 1:colcon.colcon_core.package_identification:_identify(examples/rclcpp) by extensions ['colcon_meta']
[0.984s] Level 1:colcon.colcon_core.package_identification:_identify(examples/rclcpp) by extension 'colcon_meta'
[0.984s] Level 1:colcon.colcon_core.package_identification:_identify(examples/rclcpp) by extensions ['ros']
[0.984s] Level 1:colcon.colcon_core.package_identification:_identify(examples/rclcpp) by extension 'ros'
[0.984s] Level 1:colcon.colcon_core.package_identification:_identify(examples/rclcpp) by extensions ['cmake', 'python']
[0.985s] Level 1:colcon.colcon_core.package_identification:_identify(examples/rclcpp) by extension 'cmake'
[0.985s] Level 1:colcon.colcon_core.package_identification:_identify(examples/rclcpp) by extension 'python'
[0.985s] Level 1:colcon.colcon_core.package_identification:_identify(examples/rclcpp) by extensions ['python_setup_py']
[0.985s] Level 1:colcon.colcon_core.package_identification:_identify(examples/rclcpp) by extension 'python_setup_py'
[0.986s] Level 1:colcon.colcon_core.package_identification:_identify(examples/rclcpp/actions) by extensions ['ignore', 'ignore_ament_install']
[0.986s] Level 1:colcon.colcon_core.package_identification:_identify(examples/rclcpp/actions) by extension 'ignore'
[0.987s] Level 1:colcon.colcon_core.package_identification:_identify(examples/rclcpp/actions) by extension 'ignore_ament_install'
[0.987s] Level 1:colcon.colcon_core.package_identification:_identify(examples/rclcpp/actions) by extensions ['colcon_pkg']
[0.987s] Level 1:colcon.colcon_core.package_identification:_identify(examples/rclcpp/actions) by extension 'colcon_pkg'
[0.987s] Level 1:colcon.colcon_core.package_identification:_identify(examples/rclcpp/actions) by extensions ['colcon_meta']
[0.987s] Level 1:colcon.colcon_core.package_identification:_identify(examples/rclcpp/actions) by extension 'colcon_meta'
[0.988s] Level 1:colcon.colcon_core.package_identification:_identify(examples/rclcpp/actions) by extensions ['ros']
[0.988s] Level 1:colcon.colcon_core.package_identification:_identify(examples/rclcpp/actions) by extension 'ros'
[0.988s] Level 1:colcon.colcon_core.package_identification:_identify(examples/rclcpp/actions) by extensions ['cmake', 'python']
[0.988s] Level 1:colcon.colcon_core.package_identification:_identify(examples/rclcpp/actions) by extension 'cmake'
[0.988s] Level 1:colcon.colcon_core.package_identification:_identify(examples/rclcpp/actions) by extension 'python'
[0.988s] Level 1:colcon.colcon_core.package_identification:_identify(examples/rclcpp/actions) by extensions ['python_setup_py']
[0.989s] Level 1:colcon.colcon_core.package_identification:_identify(examples/rclcpp/actions) by extension 'python_setup_py'
[0.990s] Level 1:colcon.colcon_core.package_identification:_identify(examples/rclcpp/actions/minimal_action_client) by extensions ['ignore', 'ignore_ament_install']
[0.990s] Level 1:colcon.colcon_core.package_identification:_identify(examples/rclcpp/actions/minimal_action_client) by extension 'ignore'
[0.990s] Level 1:colcon.colcon_core.package_identification:_identify(examples/rclcpp/actions/minimal_action_client) by extension 'ignore_ament_install'
[0.991s] Level 1:colcon.colcon_core.package_identification:_identify(examples/rclcpp/actions/minimal_action_client) by extensions ['colcon_pkg']
[0.991s] Level 1:colcon.colcon_core.package_identification:_identify(examples/rclcpp/actions/minimal_action_client) by extension 'colcon_pkg'
[0.991s] Level 1:colcon.colcon_core.package_identification:_identify(examples/rclcpp/actions/minimal_action_client) by extensions ['colcon_meta']
[0.991s] Level 1:colcon.colcon_core.package_identification:_identify(examples/rclcpp/actions/minimal_action_client) by extension 'colcon_meta'
[0.991s] Level 1:colcon.colcon_core.package_identification:_identify(examples/rclcpp/actions/minimal_action_client) by extensions ['ros']
[0.991s] Level 1:colcon.colcon_core.package_identification:_identify(examples/rclcpp/actions/minimal_action_client) by extension 'ros'
[0.995s] DEBUG:colcon.colcon_core.package_identification:Package 'examples/rclcpp/actions/minimal_action_client' with type 'ros.ament_cmake' and name 'examples_rclcpp_minimal_action_client'
[0.997s] Level 1:colcon.colcon_core.package_identification:_identify(examples/rclcpp/actions/minimal_action_server) by extensions ['ignore', 'ignore_ament_install']
[0.997s] Level 1:colcon.colcon_core.package_identification:_identify(examples/rclcpp/actions/minimal_action_server) by extension 'ignore'
[0.997s] Level 1:colcon.colcon_core.package_identification:_identify(examples/rclcpp/actions/minimal_action_server) by extension 'ignore_ament_install'
[0.998s] Level 1:colcon.colcon_core.package_identification:_identify(examples/rclcpp/actions/minimal_action_server) by extensions ['colcon_pkg']
[0.998s] Level 1:colcon.colcon_core.package_identification:_identify(examples/rclcpp/actions/minimal_action_server) by extension 'colcon_pkg'
[0.998s] Level 1:colcon.colcon_core.package_identification:_identify(examples/rclcpp/actions/minimal_action_server) by extensions ['colcon_meta']
[0.998s] Level 1:colcon.colcon_core.package_identification:_identify(examples/rclcpp/actions/minimal_action_server) by extension 'colcon_meta'
[0.998s] Level 1:colcon.colcon_core.package_identification:_identify(examples/rclcpp/actions/minimal_action_server) by extensions ['ros']
[0.998s] Level 1:colcon.colcon_core.package_identification:_identify(examples/rclcpp/actions/minimal_action_server) by extension 'ros'
[1.002s] DEBUG:colcon.colcon_core.package_identification:Package 'examples/rclcpp/actions/minimal_action_server' with type 'ros.ament_cmake' and name 'examples_rclcpp_minimal_action_server'
[1.003s] Level 1:colcon.colcon_core.package_identification:_identify(examples/rclcpp/composition) by extensions ['ignore', 'ignore_ament_install']
[1.003s] Level 1:colcon.colcon_core.package_identification:_identify(examples/rclcpp/composition) by extension 'ignore'
[1.004s] Level 1:colcon.colcon_core.package_identification:_identify(examples/rclcpp/composition) by extension 'ignore_ament_install'
[1.004s] Level 1:colcon.colcon_core.package_identification:_identify(examples/rclcpp/composition) by extensions ['colcon_pkg']
[1.004s] Level 1:colcon.colcon_core.package_identification:_identify(examples/rclcpp/composition) by extension 'colcon_pkg'
[1.004s] Level 1:colcon.colcon_core.package_identification:_identify(examples/rclcpp/composition) by extensions ['colcon_meta']
[1.004s] Level 1:colcon.colcon_core.package_identification:_identify(examples/rclcpp/composition) by extension 'colcon_meta'
[1.004s] Level 1:colcon.colcon_core.package_identification:_identify(examples/rclcpp/composition) by extensions ['ros']
[1.005s] Level 1:colcon.colcon_core.package_identification:_identify(examples/rclcpp/composition) by extension 'ros'
[1.005s] Level 1:colcon.colcon_core.package_identification:_identify(examples/rclcpp/composition) by extensions ['cmake', 'python']
[1.005s] Level 1:colcon.colcon_core.package_identification:_identify(examples/rclcpp/composition) by extension 'cmake'
[1.005s] Level 1:colcon.colcon_core.package_identification:_identify(examples/rclcpp/composition) by extension 'python'
[1.005s] Level 1:colcon.colcon_core.package_identification:_identify(examples/rclcpp/composition) by extensions ['python_setup_py']
[1.006s] Level 1:colcon.colcon_core.package_identification:_identify(examples/rclcpp/composition) by extension 'python_setup_py'
[1.007s] Level 1:colcon.colcon_core.package_identification:_identify(examples/rclcpp/composition/minimal_composition) by extensions ['ignore', 'ignore_ament_install']
[1.007s] Level 1:colcon.colcon_core.package_identification:_identify(examples/rclcpp/composition/minimal_composition) by extension 'ignore'
[1.007s] Level 1:colcon.colcon_core.package_identification:_identify(examples/rclcpp/composition/minimal_composition) by extension 'ignore_ament_install'
[1.007s] Level 1:colcon.colcon_core.package_identification:_identify(examples/rclcpp/composition/minimal_composition) by extensions ['colcon_pkg']
[1.007s] Level 1:colcon.colcon_core.package_identification:_identify(examples/rclcpp/composition/minimal_composition) by extension 'colcon_pkg'
[1.008s] Level 1:colcon.colcon_core.package_identification:_identify(examples/rclcpp/composition/minimal_composition) by extensions ['colcon_meta']
[1.008s] Level 1:colcon.colcon_core.package_identification:_identify(examples/rclcpp/composition/minimal_composition) by extension 'colcon_meta'
[1.008s] Level 1:colcon.colcon_core.package_identification:_identify(examples/rclcpp/composition/minimal_composition) by extensions ['ros']
[1.008s] Level 1:colcon.colcon_core.package_identification:_identify(examples/rclcpp/composition/minimal_composition) by extension 'ros'
[1.011s] DEBUG:colcon.colcon_core.package_identification:Package 'examples/rclcpp/composition/minimal_composition' with type 'ros.ament_cmake' and name 'examples_rclcpp_minimal_composition'
[1.012s] Level 1:colcon.colcon_core.package_identification:_identify(examples/rclcpp/executors) by extensions ['ignore', 'ignore_ament_install']
[1.013s] Level 1:colcon.colcon_core.package_identification:_identify(examples/rclcpp/executors) by extension 'ignore'
[1.013s] Level 1:colcon.colcon_core.package_identification:_identify(examples/rclcpp/executors) by extension 'ignore_ament_install'
[1.013s] Level 1:colcon.colcon_core.package_identification:_identify(examples/rclcpp/executors) by extensions ['colcon_pkg']
[1.013s] Level 1:colcon.colcon_core.package_identification:_identify(examples/rclcpp/executors) by extension 'colcon_pkg'
[1.014s] Level 1:colcon.colcon_core.package_identification:_identify(examples/rclcpp/executors) by extensions ['colcon_meta']
[1.014s] Level 1:colcon.colcon_core.package_identification:_identify(examples/rclcpp/executors) by extension 'colcon_meta'
[1.014s] Level 1:colcon.colcon_core.package_identification:_identify(examples/rclcpp/executors) by extensions ['ros']
[1.014s] Level 1:colcon.colcon_core.package_identification:_identify(examples/rclcpp/executors) by extension 'ros'
[1.015s] Level 1:colcon.colcon_core.package_identification:_identify(examples/rclcpp/executors) by extensions ['cmake', 'python']
[1.015s] Level 1:colcon.colcon_core.package_identification:_identify(examples/rclcpp/executors) by extension 'cmake'
[1.015s] Level 1:colcon.colcon_core.package_identification:_identify(examples/rclcpp/executors) by extension 'python'
[1.015s] Level 1:colcon.colcon_core.package_identification:_identify(examples/rclcpp/executors) by extensions ['python_setup_py']
[1.015s] Level 1:colcon.colcon_core.package_identification:_identify(examples/rclcpp/executors) by extension 'python_setup_py'
[1.016s] Level 1:colcon.colcon_core.package_identification:_identify(examples/rclcpp/executors/cbg_executor) by extensions ['ignore', 'ignore_ament_install']
[1.017s] Level 1:colcon.colcon_core.package_identification:_identify(examples/rclcpp/executors/cbg_executor) by extension 'ignore'
[1.017s] Level 1:colcon.colcon_core.package_identification:_identify(examples/rclcpp/executors/cbg_executor) by extension 'ignore_ament_install'
[1.017s] Level 1:colcon.colcon_core.package_identification:_identify(examples/rclcpp/executors/cbg_executor) by extensions ['colcon_pkg']
[1.017s] Level 1:colcon.colcon_core.package_identification:_identify(examples/rclcpp/executors/cbg_executor) by extension 'colcon_pkg'
[1.017s] Level 1:colcon.colcon_core.package_identification:_identify(examples/rclcpp/executors/cbg_executor) by extensions ['colcon_meta']
[1.018s] Level 1:colcon.colcon_core.package_identification:_identify(examples/rclcpp/executors/cbg_executor) by extension 'colcon_meta'
[1.018s] Level 1:colcon.colcon_core.package_identification:_identify(examples/rclcpp/executors/cbg_executor) by extensions ['ros']
[1.018s] Level 1:colcon.colcon_core.package_identification:_identify(examples/rclcpp/executors/cbg_executor) by extension 'ros'
[1.021s] DEBUG:colcon.colcon_core.package_identification:Package 'examples/rclcpp/executors/cbg_executor' with type 'ros.ament_cmake' and name 'examples_rclcpp_cbg_executor'
[1.022s] Level 1:colcon.colcon_core.package_identification:_identify(examples/rclcpp/executors/multithreaded_executor) by extensions ['ignore', 'ignore_ament_install']
[1.022s] Level 1:colcon.colcon_core.package_identification:_identify(examples/rclcpp/executors/multithreaded_executor) by extension 'ignore'
[1.023s] Level 1:colcon.colcon_core.package_identification:_identify(examples/rclcpp/executors/multithreaded_executor) by extension 'ignore_ament_install'
[1.023s] Level 1:colcon.colcon_core.package_identification:_identify(examples/rclcpp/executors/multithreaded_executor) by extensions ['colcon_pkg']
[1.023s] Level 1:colcon.colcon_core.package_identification:_identify(examples/rclcpp/executors/multithreaded_executor) by extension 'colcon_pkg'
[1.023s] Level 1:colcon.colcon_core.package_identification:_identify(examples/rclcpp/executors/multithreaded_executor) by extensions ['colcon_meta']
[1.023s] Level 1:colcon.colcon_core.package_identification:_identify(examples/rclcpp/executors/multithreaded_executor) by extension 'colcon_meta'
[1.024s] Level 1:colcon.colcon_core.package_identification:_identify(examples/rclcpp/executors/multithreaded_executor) by extensions ['ros']
[1.024s] Level 1:colcon.colcon_core.package_identification:_identify(examples/rclcpp/executors/multithreaded_executor) by extension 'ros'
[1.026s] DEBUG:colcon.colcon_core.package_identification:Package 'examples/rclcpp/executors/multithreaded_executor' with type 'ros.ament_cmake' and name 'examples_rclcpp_multithreaded_executor'
[1.027s] Level 1:colcon.colcon_core.package_identification:_identify(examples/rclcpp/services) by extensions ['ignore', 'ignore_ament_install']
[1.028s] Level 1:colcon.colcon_core.package_identification:_identify(examples/rclcpp/services) by extension 'ignore'
[1.028s] Level 1:colcon.colcon_core.package_identification:_identify(examples/rclcpp/services) by extension 'ignore_ament_install'
[1.029s] Level 1:colcon.colcon_core.package_identification:_identify(examples/rclcpp/services) by extensions ['colcon_pkg']
[1.029s] Level 1:colcon.colcon_core.package_identification:_identify(examples/rclcpp/services) by extension 'colcon_pkg'
[1.029s] Level 1:colcon.colcon_core.package_identification:_identify(examples/rclcpp/services) by extensions ['colcon_meta']
[1.029s] Level 1:colcon.colcon_core.package_identification:_identify(examples/rclcpp/services) by extension 'colcon_meta'
[1.029s] Level 1:colcon.colcon_core.package_identification:_identify(examples/rclcpp/services) by extensions ['ros']
[1.030s] Level 1:colcon.colcon_core.package_identification:_identify(examples/rclcpp/services) by extension 'ros'
[1.030s] Level 1:colcon.colcon_core.package_identification:_identify(examples/rclcpp/services) by extensions ['cmake', 'python']
[1.030s] Level 1:colcon.colcon_core.package_identification:_identify(examples/rclcpp/services) by extension 'cmake'
[1.030s] Level 1:colcon.colcon_core.package_identification:_identify(examples/rclcpp/services) by extension 'python'
[1.030s] Level 1:colcon.colcon_core.package_identification:_identify(examples/rclcpp/services) by extensions ['python_setup_py']
[1.030s] Level 1:colcon.colcon_core.package_identification:_identify(examples/rclcpp/services) by extension 'python_setup_py'
[1.032s] Level 1:colcon.colcon_core.package_identification:_identify(examples/rclcpp/services/async_client) by extensions ['ignore', 'ignore_ament_install']
[1.032s] Level 1:colcon.colcon_core.package_identification:_identify(examples/rclcpp/services/async_client) by extension 'ignore'
[1.032s] Level 1:colcon.colcon_core.package_identification:_identify(examples/rclcpp/services/async_client) by extension 'ignore_ament_install'
[1.032s] Level 1:colcon.colcon_core.package_identification:_identify(examples/rclcpp/services/async_client) by extensions ['colcon_pkg']
[1.032s] Level 1:colcon.colcon_core.package_identification:_identify(examples/rclcpp/services/async_client) by extension 'colcon_pkg'
[1.033s] Level 1:colcon.colcon_core.package_identification:_identify(examples/rclcpp/services/async_client) by extensions ['colcon_meta']
[1.033s] Level 1:colcon.colcon_core.package_identification:_identify(examples/rclcpp/services/async_client) by extension 'colcon_meta'
[1.033s] Level 1:colcon.colcon_core.package_identification:_identify(examples/rclcpp/services/async_client) by extensions ['ros']
[1.033s] Level 1:colcon.colcon_core.package_identification:_identify(examples/rclcpp/services/async_client) by extension 'ros'
[1.036s] DEBUG:colcon.colcon_core.package_identification:Package 'examples/rclcpp/services/async_client' with type 'ros.ament_cmake' and name 'examples_rclcpp_async_client'
[1.037s] Level 1:colcon.colcon_core.package_identification:_identify(examples/rclcpp/services/minimal_client) by extensions ['ignore', 'ignore_ament_install']
[1.037s] Level 1:colcon.colcon_core.package_identification:_identify(examples/rclcpp/services/minimal_client) by extension 'ignore'
[1.038s] Level 1:colcon.colcon_core.package_identification:_identify(examples/rclcpp/services/minimal_client) by extension 'ignore_ament_install'
[1.038s] Level 1:colcon.colcon_core.package_identification:_identify(examples/rclcpp/services/minimal_client) by extensions ['colcon_pkg']
[1.038s] Level 1:colcon.colcon_core.package_identification:_identify(examples/rclcpp/services/minimal_client) by extension 'colcon_pkg'
[1.038s] Level 1:colcon.colcon_core.package_identification:_identify(examples/rclcpp/services/minimal_client) by extensions ['colcon_meta']
[1.038s] Level 1:colcon.colcon_core.package_identification:_identify(examples/rclcpp/services/minimal_client) by extension 'colcon_meta'
[1.038s] Level 1:colcon.colcon_core.package_identification:_identify(examples/rclcpp/services/minimal_client) by extensions ['ros']
[1.039s] Level 1:colcon.colcon_core.package_identification:_identify(examples/rclcpp/services/minimal_client) by extension 'ros'
[1.041s] DEBUG:colcon.colcon_core.package_identification:Package 'examples/rclcpp/services/minimal_client' with type 'ros.ament_cmake' and name 'examples_rclcpp_minimal_client'
[1.042s] Level 1:colcon.colcon_core.package_identification:_identify(examples/rclcpp/services/minimal_service) by extensions ['ignore', 'ignore_ament_install']
[1.043s] Level 1:colcon.colcon_core.package_identification:_identify(examples/rclcpp/services/minimal_service) by extension 'ignore'
[1.043s] Level 1:colcon.colcon_core.package_identification:_identify(examples/rclcpp/services/minimal_service) by extension 'ignore_ament_install'
[1.043s] Level 1:colcon.colcon_core.package_identification:_identify(examples/rclcpp/services/minimal_service) by extensions ['colcon_pkg']
[1.043s] Level 1:colcon.colcon_core.package_identification:_identify(examples/rclcpp/services/minimal_service) by extension 'colcon_pkg'
[1.043s] Level 1:colcon.colcon_core.package_identification:_identify(examples/rclcpp/services/minimal_service) by extensions ['colcon_meta']
[1.044s] Level 1:colcon.colcon_core.package_identification:_identify(examples/rclcpp/services/minimal_service) by extension 'colcon_meta'
[1.044s] Level 1:colcon.colcon_core.package_identification:_identify(examples/rclcpp/services/minimal_service) by extensions ['ros']
[1.044s] Level 1:colcon.colcon_core.package_identification:_identify(examples/rclcpp/services/minimal_service) by extension 'ros'
[1.047s] DEBUG:colcon.colcon_core.package_identification:Package 'examples/rclcpp/services/minimal_service' with type 'ros.ament_cmake' and name 'examples_rclcpp_minimal_service'
[1.048s] Level 1:colcon.colcon_core.package_identification:_identify(examples/rclcpp/timers) by extensions ['ignore', 'ignore_ament_install']
[1.048s] Level 1:colcon.colcon_core.package_identification:_identify(examples/rclcpp/timers) by extension 'ignore'
[1.048s] Level 1:colcon.colcon_core.package_identification:_identify(examples/rclcpp/timers) by extension 'ignore_ament_install'
[1.048s] Level 1:colcon.colcon_core.package_identification:_identify(examples/rclcpp/timers) by extensions ['colcon_pkg']
[1.048s] Level 1:colcon.colcon_core.package_identification:_identify(examples/rclcpp/timers) by extension 'colcon_pkg'
[1.049s] Level 1:colcon.colcon_core.package_identification:_identify(examples/rclcpp/timers) by extensions ['colcon_meta']
[1.049s] Level 1:colcon.colcon_core.package_identification:_identify(examples/rclcpp/timers) by extension 'colcon_meta'
[1.049s] Level 1:colcon.colcon_core.package_identification:_identify(examples/rclcpp/timers) by extensions ['ros']
[1.049s] Level 1:colcon.colcon_core.package_identification:_identify(examples/rclcpp/timers) by extension 'ros'
[1.049s] Level 1:colcon.colcon_core.package_identification:_identify(examples/rclcpp/timers) by extensions ['cmake', 'python']
[1.050s] Level 1:colcon.colcon_core.package_identification:_identify(examples/rclcpp/timers) by extension 'cmake'
[1.050s] Level 1:colcon.colcon_core.package_identification:_identify(examples/rclcpp/timers) by extension 'python'
[1.050s] Level 1:colcon.colcon_core.package_identification:_identify(examples/rclcpp/timers) by extensions ['python_setup_py']
[1.050s] Level 1:colcon.colcon_core.package_identification:_identify(examples/rclcpp/timers) by extension 'python_setup_py'
[1.051s] Level 1:colcon.colcon_core.package_identification:_identify(examples/rclcpp/timers/minimal_timer) by extensions ['ignore', 'ignore_ament_install']
[1.051s] Level 1:colcon.colcon_core.package_identification:_identify(examples/rclcpp/timers/minimal_timer) by extension 'ignore'
[1.052s] Level 1:colcon.colcon_core.package_identification:_identify(examples/rclcpp/timers/minimal_timer) by extension 'ignore_ament_install'
[1.052s] Level 1:colcon.colcon_core.package_identification:_identify(examples/rclcpp/timers/minimal_timer) by extensions ['colcon_pkg']
[1.052s] Level 1:colcon.colcon_core.package_identification:_identify(examples/rclcpp/timers/minimal_timer) by extension 'colcon_pkg'
[1.052s] Level 1:colcon.colcon_core.package_identification:_identify(examples/rclcpp/timers/minimal_timer) by extensions ['colcon_meta']
[1.052s] Level 1:colcon.colcon_core.package_identification:_identify(examples/rclcpp/timers/minimal_timer) by extension 'colcon_meta'
[1.052s] Level 1:colcon.colcon_core.package_identification:_identify(examples/rclcpp/timers/minimal_timer) by extensions ['ros']
[1.053s] Level 1:colcon.colcon_core.package_identification:_identify(examples/rclcpp/timers/minimal_timer) by extension 'ros'
[1.055s] DEBUG:colcon.colcon_core.package_identification:Package 'examples/rclcpp/timers/minimal_timer' with type 'ros.ament_cmake' and name 'examples_rclcpp_minimal_timer'
[1.056s] Level 1:colcon.colcon_core.package_identification:_identify(examples/rclcpp/topics) by extensions ['ignore', 'ignore_ament_install']
[1.056s] Level 1:colcon.colcon_core.package_identification:_identify(examples/rclcpp/topics) by extension 'ignore'
[1.057s] Level 1:colcon.colcon_core.package_identification:_identify(examples/rclcpp/topics) by extension 'ignore_ament_install'
[1.057s] Level 1:colcon.colcon_core.package_identification:_identify(examples/rclcpp/topics) by extensions ['colcon_pkg']
[1.057s] Level 1:colcon.colcon_core.package_identification:_identify(examples/rclcpp/topics) by extension 'colcon_pkg'
[1.057s] Level 1:colcon.colcon_core.package_identification:_identify(examples/rclcpp/topics) by extensions ['colcon_meta']
[1.057s] Level 1:colcon.colcon_core.package_identification:_identify(examples/rclcpp/topics) by extension 'colcon_meta'
[1.058s] Level 1:colcon.colcon_core.package_identification:_identify(examples/rclcpp/topics) by extensions ['ros']
[1.058s] Level 1:colcon.colcon_core.package_identification:_identify(examples/rclcpp/topics) by extension 'ros'
[1.058s] Level 1:colcon.colcon_core.package_identification:_identify(examples/rclcpp/topics) by extensions ['cmake', 'python']
[1.058s] Level 1:colcon.colcon_core.package_identification:_identify(examples/rclcpp/topics) by extension 'cmake'
[1.058s] Level 1:colcon.colcon_core.package_identification:_identify(examples/rclcpp/topics) by extension 'python'
[1.059s] Level 1:colcon.colcon_core.package_identification:_identify(examples/rclcpp/topics) by extensions ['python_setup_py']
[1.059s] Level 1:colcon.colcon_core.package_identification:_identify(examples/rclcpp/topics) by extension 'python_setup_py'
[1.060s] Level 1:colcon.colcon_core.package_identification:_identify(examples/rclcpp/topics/minimal_publisher) by extensions ['ignore', 'ignore_ament_install']
[1.060s] Level 1:colcon.colcon_core.package_identification:_identify(examples/rclcpp/topics/minimal_publisher) by extension 'ignore'
[1.060s] Level 1:colcon.colcon_core.package_identification:_identify(examples/rclcpp/topics/minimal_publisher) by extension 'ignore_ament_install'
[1.060s] Level 1:colcon.colcon_core.package_identification:_identify(examples/rclcpp/topics/minimal_publisher) by extensions ['colcon_pkg']
[1.061s] Level 1:colcon.colcon_core.package_identification:_identify(examples/rclcpp/topics/minimal_publisher) by extension 'colcon_pkg'
[1.061s] Level 1:colcon.colcon_core.package_identification:_identify(examples/rclcpp/topics/minimal_publisher) by extensions ['colcon_meta']
[1.061s] Level 1:colcon.colcon_core.package_identification:_identify(examples/rclcpp/topics/minimal_publisher) by extension 'colcon_meta'
[1.061s] Level 1:colcon.colcon_core.package_identification:_identify(examples/rclcpp/topics/minimal_publisher) by extensions ['ros']
[1.061s] Level 1:colcon.colcon_core.package_identification:_identify(examples/rclcpp/topics/minimal_publisher) by extension 'ros'
[1.064s] DEBUG:colcon.colcon_core.package_identification:Package 'examples/rclcpp/topics/minimal_publisher' with type 'ros.ament_cmake' and name 'examples_rclcpp_minimal_publisher'
[1.066s] Level 1:colcon.colcon_core.package_identification:_identify(examples/rclcpp/topics/minimal_subscriber) by extensions ['ignore', 'ignore_ament_install']
[1.066s] Level 1:colcon.colcon_core.package_identification:_identify(examples/rclcpp/topics/minimal_subscriber) by extension 'ignore'
[1.066s] Level 1:colcon.colcon_core.package_identification:_identify(examples/rclcpp/topics/minimal_subscriber) by extension 'ignore_ament_install'
[1.067s] Level 1:colcon.colcon_core.package_identification:_identify(examples/rclcpp/topics/minimal_subscriber) by extensions ['colcon_pkg']
[1.067s] Level 1:colcon.colcon_core.package_identification:_identify(examples/rclcpp/topics/minimal_subscriber) by extension 'colcon_pkg'
[1.067s] Level 1:colcon.colcon_core.package_identification:_identify(examples/rclcpp/topics/minimal_subscriber) by extensions ['colcon_meta']
[1.067s] Level 1:colcon.colcon_core.package_identification:_identify(examples/rclcpp/topics/minimal_subscriber) by extension 'colcon_meta'
[1.067s] Level 1:colcon.colcon_core.package_identification:_identify(examples/rclcpp/topics/minimal_subscriber) by extensions ['ros']
[1.067s] Level 1:colcon.colcon_core.package_identification:_identify(examples/rclcpp/topics/minimal_subscriber) by extension 'ros'
[1.070s] DEBUG:colcon.colcon_core.package_identification:Package 'examples/rclcpp/topics/minimal_subscriber' with type 'ros.ament_cmake' and name 'examples_rclcpp_minimal_subscriber'
[1.071s] Level 1:colcon.colcon_core.package_identification:_identify(examples/rclcpp/wait_set) by extensions ['ignore', 'ignore_ament_install']
[1.072s] Level 1:colcon.colcon_core.package_identification:_identify(examples/rclcpp/wait_set) by extension 'ignore'
[1.072s] Level 1:colcon.colcon_core.package_identification:_identify(examples/rclcpp/wait_set) by extension 'ignore_ament_install'
[1.072s] Level 1:colcon.colcon_core.package_identification:_identify(examples/rclcpp/wait_set) by extensions ['colcon_pkg']
[1.072s] Level 1:colcon.colcon_core.package_identification:_identify(examples/rclcpp/wait_set) by extension 'colcon_pkg'
[1.073s] Level 1:colcon.colcon_core.package_identification:_identify(examples/rclcpp/wait_set) by extensions ['colcon_meta']
[1.073s] Level 1:colcon.colcon_core.package_identification:_identify(examples/rclcpp/wait_set) by extension 'colcon_meta'
[1.073s] Level 1:colcon.colcon_core.package_identification:_identify(examples/rclcpp/wait_set) by extensions ['ros']
[1.073s] Level 1:colcon.colcon_core.package_identification:_identify(examples/rclcpp/wait_set) by extension 'ros'
[1.076s] DEBUG:colcon.colcon_core.package_identification:Package 'examples/rclcpp/wait_set' with type 'ros.ament_cmake' and name 'examples_rclcpp_wait_set'
[1.077s] Level 1:colcon.colcon_core.package_identification:_identify(examples/rclpy) by extensions ['ignore', 'ignore_ament_install']
[1.077s] Level 1:colcon.colcon_core.package_identification:_identify(examples/rclpy) by extension 'ignore'
[1.078s] Level 1:colcon.colcon_core.package_identification:_identify(examples/rclpy) by extension 'ignore_ament_install'
[1.078s] Level 1:colcon.colcon_core.package_identification:_identify(examples/rclpy) by extensions ['colcon_pkg']
[1.078s] Level 1:colcon.colcon_core.package_identification:_identify(examples/rclpy) by extension 'colcon_pkg'
[1.078s] Level 1:colcon.colcon_core.package_identification:_identify(examples/rclpy) by extensions ['colcon_meta']
[1.078s] Level 1:colcon.colcon_core.package_identification:_identify(examples/rclpy) by extension 'colcon_meta'
[1.078s] Level 1:colcon.colcon_core.package_identification:_identify(examples/rclpy) by extensions ['ros']
[1.079s] Level 1:colcon.colcon_core.package_identification:_identify(examples/rclpy) by extension 'ros'
[1.079s] Level 1:colcon.colcon_core.package_identification:_identify(examples/rclpy) by extensions ['cmake', 'python']
[1.079s] Level 1:colcon.colcon_core.package_identification:_identify(examples/rclpy) by extension 'cmake'
[1.079s] Level 1:colcon.colcon_core.package_identification:_identify(examples/rclpy) by extension 'python'
[1.079s] Level 1:colcon.colcon_core.package_identification:_identify(examples/rclpy) by extensions ['python_setup_py']
[1.080s] Level 1:colcon.colcon_core.package_identification:_identify(examples/rclpy) by extension 'python_setup_py'
[1.080s] Level 1:colcon.colcon_core.package_identification:_identify(examples/rclpy/actions) by extensions ['ignore', 'ignore_ament_install']
[1.081s] Level 1:colcon.colcon_core.package_identification:_identify(examples/rclpy/actions) by extension 'ignore'
[1.081s] Level 1:colcon.colcon_core.package_identification:_identify(examples/rclpy/actions) by extension 'ignore_ament_install'
[1.081s] Level 1:colcon.colcon_core.package_identification:_identify(examples/rclpy/actions) by extensions ['colcon_pkg']
[1.081s] Level 1:colcon.colcon_core.package_identification:_identify(examples/rclpy/actions) by extension 'colcon_pkg'
[1.082s] Level 1:colcon.colcon_core.package_identification:_identify(examples/rclpy/actions) by extensions ['colcon_meta']
[1.082s] Level 1:colcon.colcon_core.package_identification:_identify(examples/rclpy/actions) by extension 'colcon_meta'
[1.082s] Level 1:colcon.colcon_core.package_identification:_identify(examples/rclpy/actions) by extensions ['ros']
[1.082s] Level 1:colcon.colcon_core.package_identification:_identify(examples/rclpy/actions) by extension 'ros'
[1.082s] Level 1:colcon.colcon_core.package_identification:_identify(examples/rclpy/actions) by extensions ['cmake', 'python']
[1.083s] Level 1:colcon.colcon_core.package_identification:_identify(examples/rclpy/actions) by extension 'cmake'
[1.083s] Level 1:colcon.colcon_core.package_identification:_identify(examples/rclpy/actions) by extension 'python'
[1.083s] Level 1:colcon.colcon_core.package_identification:_identify(examples/rclpy/actions) by extensions ['python_setup_py']
[1.083s] Level 1:colcon.colcon_core.package_identification:_identify(examples/rclpy/actions) by extension 'python_setup_py'
[1.084s] Level 1:colcon.colcon_core.package_identification:_identify(examples/rclpy/actions/minimal_action_client) by extensions ['ignore', 'ignore_ament_install']
[1.084s] Level 1:colcon.colcon_core.package_identification:_identify(examples/rclpy/actions/minimal_action_client) by extension 'ignore'
[1.084s] Level 1:colcon.colcon_core.package_identification:_identify(examples/rclpy/actions/minimal_action_client) by extension 'ignore_ament_install'
[1.085s] Level 1:colcon.colcon_core.package_identification:_identify(examples/rclpy/actions/minimal_action_client) by extensions ['colcon_pkg']
[1.085s] Level 1:colcon.colcon_core.package_identification:_identify(examples/rclpy/actions/minimal_action_client) by extension 'colcon_pkg'
[1.085s] Level 1:colcon.colcon_core.package_identification:_identify(examples/rclpy/actions/minimal_action_client) by extensions ['colcon_meta']
[1.085s] Level 1:colcon.colcon_core.package_identification:_identify(examples/rclpy/actions/minimal_action_client) by extension 'colcon_meta'
[1.085s] Level 1:colcon.colcon_core.package_identification:_identify(examples/rclpy/actions/minimal_action_client) by extensions ['ros']
[1.086s] Level 1:colcon.colcon_core.package_identification:_identify(examples/rclpy/actions/minimal_action_client) by extension 'ros'
[1.088s] DEBUG:colcon.colcon_core.package_identification:Package 'examples/rclpy/actions/minimal_action_client' with type 'ros.ament_python' and name 'examples_rclpy_minimal_action_client'
[1.089s] Level 1:colcon.colcon_core.package_identification:_identify(examples/rclpy/actions/minimal_action_server) by extensions ['ignore', 'ignore_ament_install']
[1.090s] Level 1:colcon.colcon_core.package_identification:_identify(examples/rclpy/actions/minimal_action_server) by extension 'ignore'
[1.090s] Level 1:colcon.colcon_core.package_identification:_identify(examples/rclpy/actions/minimal_action_server) by extension 'ignore_ament_install'
[1.090s] Level 1:colcon.colcon_core.package_identification:_identify(examples/rclpy/actions/minimal_action_server) by extensions ['colcon_pkg']
[1.090s] Level 1:colcon.colcon_core.package_identification:_identify(examples/rclpy/actions/minimal_action_server) by extension 'colcon_pkg'
[1.090s] Level 1:colcon.colcon_core.package_identification:_identify(examples/rclpy/actions/minimal_action_server) by extensions ['colcon_meta']
[1.090s] Level 1:colcon.colcon_core.package_identification:_identify(examples/rclpy/actions/minimal_action_server) by extension 'colcon_meta'
[1.091s] Level 1:colcon.colcon_core.package_identification:_identify(examples/rclpy/actions/minimal_action_server) by extensions ['ros']
[1.091s] Level 1:colcon.colcon_core.package_identification:_identify(examples/rclpy/actions/minimal_action_server) by extension 'ros'
[1.094s] DEBUG:colcon.colcon_core.package_identification:Package 'examples/rclpy/actions/minimal_action_server' with type 'ros.ament_python' and name 'examples_rclpy_minimal_action_server'
[1.096s] Level 1:colcon.colcon_core.package_identification:_identify(examples/rclpy/executors) by extensions ['ignore', 'ignore_ament_install']
[1.096s] Level 1:colcon.colcon_core.package_identification:_identify(examples/rclpy/executors) by extension 'ignore'
[1.096s] Level 1:colcon.colcon_core.package_identification:_identify(examples/rclpy/executors) by extension 'ignore_ament_install'
[1.097s] Level 1:colcon.colcon_core.package_identification:_identify(examples/rclpy/executors) by extensions ['colcon_pkg']
[1.097s] Level 1:colcon.colcon_core.package_identification:_identify(examples/rclpy/executors) by extension 'colcon_pkg'
[1.097s] Level 1:colcon.colcon_core.package_identification:_identify(examples/rclpy/executors) by extensions ['colcon_meta']
[1.097s] Level 1:colcon.colcon_core.package_identification:_identify(examples/rclpy/executors) by extension 'colcon_meta'
[1.097s] Level 1:colcon.colcon_core.package_identification:_identify(examples/rclpy/executors) by extensions ['ros']
[1.097s] Level 1:colcon.colcon_core.package_identification:_identify(examples/rclpy/executors) by extension 'ros'
[1.100s] DEBUG:colcon.colcon_core.package_identification:Package 'examples/rclpy/executors' with type 'ros.ament_python' and name 'examples_rclpy_executors'
[1.101s] Level 1:colcon.colcon_core.package_identification:_identify(examples/rclpy/guard_conditions) by extensions ['ignore', 'ignore_ament_install']
[1.102s] Level 1:colcon.colcon_core.package_identification:_identify(examples/rclpy/guard_conditions) by extension 'ignore'
[1.102s] Level 1:colcon.colcon_core.package_identification:_identify(examples/rclpy/guard_conditions) by extension 'ignore_ament_install'
[1.102s] Level 1:colcon.colcon_core.package_identification:_identify(examples/rclpy/guard_conditions) by extensions ['colcon_pkg']
[1.102s] Level 1:colcon.colcon_core.package_identification:_identify(examples/rclpy/guard_conditions) by extension 'colcon_pkg'
[1.102s] Level 1:colcon.colcon_core.package_identification:_identify(examples/rclpy/guard_conditions) by extensions ['colcon_meta']
[1.102s] Level 1:colcon.colcon_core.package_identification:_identify(examples/rclpy/guard_conditions) by extension 'colcon_meta'
[1.103s] Level 1:colcon.colcon_core.package_identification:_identify(examples/rclpy/guard_conditions) by extensions ['ros']
[1.103s] Level 1:colcon.colcon_core.package_identification:_identify(examples/rclpy/guard_conditions) by extension 'ros'
[1.106s] DEBUG:colcon.colcon_core.package_identification:Package 'examples/rclpy/guard_conditions' with type 'ros.ament_python' and name 'examples_rclpy_guard_conditions'
[1.107s] Level 1:colcon.colcon_core.package_identification:_identify(examples/rclpy/services) by extensions ['ignore', 'ignore_ament_install']
[1.107s] Level 1:colcon.colcon_core.package_identification:_identify(examples/rclpy/services) by extension 'ignore'
[1.107s] Level 1:colcon.colcon_core.package_identification:_identify(examples/rclpy/services) by extension 'ignore_ament_install'
[1.108s] Level 1:colcon.colcon_core.package_identification:_identify(examples/rclpy/services) by extensions ['colcon_pkg']
[1.108s] Level 1:colcon.colcon_core.package_identification:_identify(examples/rclpy/services) by extension 'colcon_pkg'
[1.108s] Level 1:colcon.colcon_core.package_identification:_identify(examples/rclpy/services) by extensions ['colcon_meta']
[1.108s] Level 1:colcon.colcon_core.package_identification:_identify(examples/rclpy/services) by extension 'colcon_meta'
[1.108s] Level 1:colcon.colcon_core.package_identification:_identify(examples/rclpy/services) by extensions ['ros']
[1.108s] Level 1:colcon.colcon_core.package_identification:_identify(examples/rclpy/services) by extension 'ros'
[1.109s] Level 1:colcon.colcon_core.package_identification:_identify(examples/rclpy/services) by extensions ['cmake', 'python']
[1.109s] Level 1:colcon.colcon_core.package_identification:_identify(examples/rclpy/services) by extension 'cmake'
[1.109s] Level 1:colcon.colcon_core.package_identification:_identify(examples/rclpy/services) by extension 'python'
[1.109s] Level 1:colcon.colcon_core.package_identification:_identify(examples/rclpy/services) by extensions ['python_setup_py']
[1.110s] Level 1:colcon.colcon_core.package_identification:_identify(examples/rclpy/services) by extension 'python_setup_py'
[1.111s] Level 1:colcon.colcon_core.package_identification:_identify(examples/rclpy/services/minimal_client) by extensions ['ignore', 'ignore_ament_install']
[1.111s] Level 1:colcon.colcon_core.package_identification:_identify(examples/rclpy/services/minimal_client) by extension 'ignore'
[1.111s] Level 1:colcon.colcon_core.package_identification:_identify(examples/rclpy/services/minimal_client) by extension 'ignore_ament_install'
[1.111s] Level 1:colcon.colcon_core.package_identification:_identify(examples/rclpy/services/minimal_client) by extensions ['colcon_pkg']
[1.112s] Level 1:colcon.colcon_core.package_identification:_identify(examples/rclpy/services/minimal_client) by extension 'colcon_pkg'
[1.112s] Level 1:colcon.colcon_core.package_identification:_identify(examples/rclpy/services/minimal_client) by extensions ['colcon_meta']
[1.112s] Level 1:colcon.colcon_core.package_identification:_identify(examples/rclpy/services/minimal_client) by extension 'colcon_meta'
[1.112s] Level 1:colcon.colcon_core.package_identification:_identify(examples/rclpy/services/minimal_client) by extensions ['ros']
[1.112s] Level 1:colcon.colcon_core.package_identification:_identify(examples/rclpy/services/minimal_client) by extension 'ros'
[1.115s] DEBUG:colcon.colcon_core.package_identification:Package 'examples/rclpy/services/minimal_client' with type 'ros.ament_python' and name 'examples_rclpy_minimal_client'
[1.116s] Level 1:colcon.colcon_core.package_identification:_identify(examples/rclpy/services/minimal_service) by extensions ['ignore', 'ignore_ament_install']
[1.117s] Level 1:colcon.colcon_core.package_identification:_identify(examples/rclpy/services/minimal_service) by extension 'ignore'
[1.117s] Level 1:colcon.colcon_core.package_identification:_identify(examples/rclpy/services/minimal_service) by extension 'ignore_ament_install'
[1.117s] Level 1:colcon.colcon_core.package_identification:_identify(examples/rclpy/services/minimal_service) by extensions ['colcon_pkg']
[1.117s] Level 1:colcon.colcon_core.package_identification:_identify(examples/rclpy/services/minimal_service) by extension 'colcon_pkg'
[1.118s] Level 1:colcon.colcon_core.package_identification:_identify(examples/rclpy/services/minimal_service) by extensions ['colcon_meta']
[1.118s] Level 1:colcon.colcon_core.package_identification:_identify(examples/rclpy/services/minimal_service) by extension 'colcon_meta'
[1.118s] Level 1:colcon.colcon_core.package_identification:_identify(examples/rclpy/services/minimal_service) by extensions ['ros']
[1.118s] Level 1:colcon.colcon_core.package_identification:_identify(examples/rclpy/services/minimal_service) by extension 'ros'
[1.121s] DEBUG:colcon.colcon_core.package_identification:Package 'examples/rclpy/services/minimal_service' with type 'ros.ament_python' and name 'examples_rclpy_minimal_service'
[1.122s] Level 1:colcon.colcon_core.package_identification:_identify(examples/rclpy/topics) by extensions ['ignore', 'ignore_ament_install']
[1.122s] Level 1:colcon.colcon_core.package_identification:_identify(examples/rclpy/topics) by extension 'ignore'
[1.123s] Level 1:colcon.colcon_core.package_identification:_identify(examples/rclpy/topics) by extension 'ignore_ament_install'
[1.123s] Level 1:colcon.colcon_core.package_identification:_identify(examples/rclpy/topics) by extensions ['colcon_pkg']
[1.123s] Level 1:colcon.colcon_core.package_identification:_identify(examples/rclpy/topics) by extension 'colcon_pkg'
[1.123s] Level 1:colcon.colcon_core.package_identification:_identify(examples/rclpy/topics) by extensions ['colcon_meta']
[1.123s] Level 1:colcon.colcon_core.package_identification:_identify(examples/rclpy/topics) by extension 'colcon_meta'
[1.123s] Level 1:colcon.colcon_core.package_identification:_identify(examples/rclpy/topics) by extensions ['ros']
[1.124s] Level 1:colcon.colcon_core.package_identification:_identify(examples/rclpy/topics) by extension 'ros'
[1.124s] Level 1:colcon.colcon_core.package_identification:_identify(examples/rclpy/topics) by extensions ['cmake', 'python']
[1.124s] Level 1:colcon.colcon_core.package_identification:_identify(examples/rclpy/topics) by extension 'cmake'
[1.124s] Level 1:colcon.colcon_core.package_identification:_identify(examples/rclpy/topics) by extension 'python'
[1.124s] Level 1:colcon.colcon_core.package_identification:_identify(examples/rclpy/topics) by extensions ['python_setup_py']
[1.125s] Level 1:colcon.colcon_core.package_identification:_identify(examples/rclpy/topics) by extension 'python_setup_py'
[1.126s] Level 1:colcon.colcon_core.package_identification:_identify(examples/rclpy/topics/minimal_publisher) by extensions ['ignore', 'ignore_ament_install']
[1.126s] Level 1:colcon.colcon_core.package_identification:_identify(examples/rclpy/topics/minimal_publisher) by extension 'ignore'
[1.126s] Level 1:colcon.colcon_core.package_identification:_identify(examples/rclpy/topics/minimal_publisher) by extension 'ignore_ament_install'
[1.127s] Level 1:colcon.colcon_core.package_identification:_identify(examples/rclpy/topics/minimal_publisher) by extensions ['colcon_pkg']
[1.127s] Level 1:colcon.colcon_core.package_identification:_identify(examples/rclpy/topics/minimal_publisher) by extension 'colcon_pkg'
[1.127s] Level 1:colcon.colcon_core.package_identification:_identify(examples/rclpy/topics/minimal_publisher) by extensions ['colcon_meta']
[1.127s] Level 1:colcon.colcon_core.package_identification:_identify(examples/rclpy/topics/minimal_publisher) by extension 'colcon_meta'
[1.127s] Level 1:colcon.colcon_core.package_identification:_identify(examples/rclpy/topics/minimal_publisher) by extensions ['ros']
[1.127s] Level 1:colcon.colcon_core.package_identification:_identify(examples/rclpy/topics/minimal_publisher) by extension 'ros'
[1.130s] DEBUG:colcon.colcon_core.package_identification:Package 'examples/rclpy/topics/minimal_publisher' with type 'ros.ament_python' and name 'examples_rclpy_minimal_publisher'
[1.131s] Level 1:colcon.colcon_core.package_identification:_identify(examples/rclpy/topics/minimal_subscriber) by extensions ['ignore', 'ignore_ament_install']
[1.132s] Level 1:colcon.colcon_core.package_identification:_identify(examples/rclpy/topics/minimal_subscriber) by extension 'ignore'
[1.133s] Level 1:colcon.colcon_core.package_identification:_identify(examples/rclpy/topics/minimal_subscriber) by extension 'ignore_ament_install'
[1.133s] Level 1:colcon.colcon_core.package_identification:_identify(examples/rclpy/topics/minimal_subscriber) by extensions ['colcon_pkg']
[1.133s] Level 1:colcon.colcon_core.package_identification:_identify(examples/rclpy/topics/minimal_subscriber) by extension 'colcon_pkg'
[1.133s] Level 1:colcon.colcon_core.package_identification:_identify(examples/rclpy/topics/minimal_subscriber) by extensions ['colcon_meta']
[1.133s] Level 1:colcon.colcon_core.package_identification:_identify(examples/rclpy/topics/minimal_subscriber) by extension 'colcon_meta'
[1.134s] Level 1:colcon.colcon_core.package_identification:_identify(examples/rclpy/topics/minimal_subscriber) by extensions ['ros']
[1.134s] Level 1:colcon.colcon_core.package_identification:_identify(examples/rclpy/topics/minimal_subscriber) by extension 'ros'
[1.136s] DEBUG:colcon.colcon_core.package_identification:Package 'examples/rclpy/topics/minimal_subscriber' with type 'ros.ament_python' and name 'examples_rclpy_minimal_subscriber'
[1.137s] Level 1:colcon.colcon_core.package_identification:_identify(examples/rclpy/topics/pointcloud_publisher) by extensions ['ignore', 'ignore_ament_install']
[1.138s] Level 1:colcon.colcon_core.package_identification:_identify(examples/rclpy/topics/pointcloud_publisher) by extension 'ignore'
[1.138s] Level 1:colcon.colcon_core.package_identification:_identify(examples/rclpy/topics/pointcloud_publisher) by extension 'ignore_ament_install'
[1.138s] Level 1:colcon.colcon_core.package_identification:_identify(examples/rclpy/topics/pointcloud_publisher) by extensions ['colcon_pkg']
[1.138s] Level 1:colcon.colcon_core.package_identification:_identify(examples/rclpy/topics/pointcloud_publisher) by extension 'colcon_pkg'
[1.138s] Level 1:colcon.colcon_core.package_identification:_identify(examples/rclpy/topics/pointcloud_publisher) by extensions ['colcon_meta']
[1.139s] Level 1:colcon.colcon_core.package_identification:_identify(examples/rclpy/topics/pointcloud_publisher) by extension 'colcon_meta'
[1.139s] Level 1:colcon.colcon_core.package_identification:_identify(examples/rclpy/topics/pointcloud_publisher) by extensions ['ros']
[1.139s] Level 1:colcon.colcon_core.package_identification:_identify(examples/rclpy/topics/pointcloud_publisher) by extension 'ros'
[1.141s] DEBUG:colcon.colcon_core.package_identification:Package 'examples/rclpy/topics/pointcloud_publisher' with type 'ros.ament_python' and name 'examples_rclpy_pointcloud_publisher'
[1.142s] Level 1:colcon.colcon_core.package_identification:_identify(install) by extensions ['ignore', 'ignore_ament_install']
[1.142s] Level 1:colcon.colcon_core.package_identification:_identify(install) by extension 'ignore'
[1.142s] Level 1:colcon.colcon_core.package_identification:_identify(install) ignored
[1.143s] Level 1:colcon.colcon_core.package_identification:_identify(log) by extensions ['ignore', 'ignore_ament_install']
[1.144s] Level 1:colcon.colcon_core.package_identification:_identify(log) by extension 'ignore'
[1.144s] Level 1:colcon.colcon_core.package_identification:_identify(log) ignored
[1.144s] Level 1:colcon.colcon_core.package_identification:_identify(publisher_subscriber) by extensions ['ignore', 'ignore_ament_install']
[1.145s] Level 1:colcon.colcon_core.package_identification:_identify(publisher_subscriber) by extension 'ignore'
[1.145s] Level 1:colcon.colcon_core.package_identification:_identify(publisher_subscriber) by extension 'ignore_ament_install'
[1.145s] Level 1:colcon.colcon_core.package_identification:_identify(publisher_subscriber) by extensions ['colcon_pkg']
[1.145s] Level 1:colcon.colcon_core.package_identification:_identify(publisher_subscriber) by extension 'colcon_pkg'
[1.146s] Level 1:colcon.colcon_core.package_identification:_identify(publisher_subscriber) by extensions ['colcon_meta']
[1.146s] Level 1:colcon.colcon_core.package_identification:_identify(publisher_subscriber) by extension 'colcon_meta'
[1.146s] Level 1:colcon.colcon_core.package_identification:_identify(publisher_subscriber) by extensions ['ros']
[1.146s] Level 1:colcon.colcon_core.package_identification:_identify(publisher_subscriber) by extension 'ros'
[1.150s] DEBUG:colcon.colcon_core.package_identification:Package 'publisher_subscriber' with type 'ros.ament_cmake' and name 'publisher_subscriber'
[1.150s] Level 1:colcon.colcon_core.package_identification:_identify(src) by extensions ['ignore', 'ignore_ament_install']
[1.150s] Level 1:colcon.colcon_core.package_identification:_identify(src) by extension 'ignore'
[1.150s] Level 1:colcon.colcon_core.package_identification:_identify(src) by extension 'ignore_ament_install'
[1.151s] Level 1:colcon.colcon_core.package_identification:_identify(src) by extensions ['colcon_pkg']
[1.151s] Level 1:colcon.colcon_core.package_identification:_identify(src) by extension 'colcon_pkg'
[1.151s] Level 1:colcon.colcon_core.package_identification:_identify(src) by extensions ['colcon_meta']
[1.151s] Level 1:colcon.colcon_core.package_identification:_identify(src) by extension 'colcon_meta'
[1.151s] Level 1:colcon.colcon_core.package_identification:_identify(src) by extensions ['ros']
[1.151s] Level 1:colcon.colcon_core.package_identification:_identify(src) by extension 'ros'
[1.152s] Level 1:colcon.colcon_core.package_identification:_identify(src) by extensions ['cmake', 'python']
[1.152s] Level 1:colcon.colcon_core.package_identification:_identify(src) by extension 'cmake'
[1.152s] Level 1:colcon.colcon_core.package_identification:_identify(src) by extension 'python'
[1.152s] Level 1:colcon.colcon_core.package_identification:_identify(src) by extensions ['python_setup_py']
[1.152s] Level 1:colcon.colcon_core.package_identification:_identify(src) by extension 'python_setup_py'
[1.153s] Level 1:colcon.colcon_core.package_identification:_identify(src/cpp_pubsub) by extensions ['ignore', 'ignore_ament_install']
[1.153s] Level 1:colcon.colcon_core.package_identification:_identify(src/cpp_pubsub) by extension 'ignore'
[1.153s] Level 1:colcon.colcon_core.package_identification:_identify(src/cpp_pubsub) by extension 'ignore_ament_install'
[1.153s] Level 1:colcon.colcon_core.package_identification:_identify(src/cpp_pubsub) by extensions ['colcon_pkg']
[1.154s] Level 1:colcon.colcon_core.package_identification:_identify(src/cpp_pubsub) by extension 'colcon_pkg'
[1.154s] Level 1:colcon.colcon_core.package_identification:_identify(src/cpp_pubsub) by extensions ['colcon_meta']
[1.154s] Level 1:colcon.colcon_core.package_identification:_identify(src/cpp_pubsub) by extension 'colcon_meta'
[1.154s] Level 1:colcon.colcon_core.package_identification:_identify(src/cpp_pubsub) by extensions ['ros']
[1.154s] Level 1:colcon.colcon_core.package_identification:_identify(src/cpp_pubsub) by extension 'ros'
[1.156s] DEBUG:colcon.colcon_core.package_identification:Package 'src/cpp_pubsub' with type 'ros.ament_cmake' and name 'cpp_pubsub'
[1.156s] Level 1:colcon.colcon_core.package_identification:_identify(src/manual_pubsub) by extensions ['ignore', 'ignore_ament_install']
[1.157s] Level 1:colcon.colcon_core.package_identification:_identify(src/manual_pubsub) by extension 'ignore'
[1.157s] Level 1:colcon.colcon_core.package_identification:_identify(src/manual_pubsub) by extension 'ignore_ament_install'
[1.157s] Level 1:colcon.colcon_core.package_identification:_identify(src/manual_pubsub) by extensions ['colcon_pkg']
[1.157s] Level 1:colcon.colcon_core.package_identification:_identify(src/manual_pubsub) by extension 'colcon_pkg'
[1.157s] Level 1:colcon.colcon_core.package_identification:_identify(src/manual_pubsub) by extensions ['colcon_meta']
[1.157s] Level 1:colcon.colcon_core.package_identification:_identify(src/manual_pubsub) by extension 'colcon_meta'
[1.158s] Level 1:colcon.colcon_core.package_identification:_identify(src/manual_pubsub) by extensions ['ros']
[1.158s] Level 1:colcon.colcon_core.package_identification:_identify(src/manual_pubsub) by extension 'ros'
[1.160s] DEBUG:colcon.colcon_core.package_identification:Package 'src/manual_pubsub' with type 'ros.ament_cmake' and name 'manual_pubsub'
[1.160s] Level 1:colcon.colcon_core.package_identification:_identify(src/robosub) by extensions ['ignore', 'ignore_ament_install']
[1.160s] Level 1:colcon.colcon_core.package_identification:_identify(src/robosub) by extension 'ignore'
[1.160s] Level 1:colcon.colcon_core.package_identification:_identify(src/robosub) by extension 'ignore_ament_install'
[1.161s] Level 1:colcon.colcon_core.package_identification:_identify(src/robosub) by extensions ['colcon_pkg']
[1.161s] Level 1:colcon.colcon_core.package_identification:_identify(src/robosub) by extension 'colcon_pkg'
[1.161s] Level 1:colcon.colcon_core.package_identification:_identify(src/robosub) by extensions ['colcon_meta']
[1.161s] Level 1:colcon.colcon_core.package_identification:_identify(src/robosub) by extension 'colcon_meta'
[1.161s] Level 1:colcon.colcon_core.package_identification:_identify(src/robosub) by extensions ['ros']
[1.161s] Level 1:colcon.colcon_core.package_identification:_identify(src/robosub) by extension 'ros'
[1.164s] DEBUG:colcon.colcon_core.package_identification:Package 'src/robosub' with type 'ros.ament_cmake' and name 'robosub'
[1.164s] Level 1:colcon.colcon_core.package_discovery:discover_packages(recursive) using defaults
[1.165s] Level 1:colcon.colcon_core.package_discovery:discover_packages(ignore) discover
[1.165s] Level 1:colcon.colcon_core.package_discovery:discover_packages(ignore) using defaults
[1.165s] Level 1:colcon.colcon_core.package_discovery:discover_packages(path) discover
[1.165s] Level 1:colcon.colcon_core.package_discovery:discover_packages(path) using defaults
[1.306s] INFO:colcon.colcon_core.package_selection:Skipping not selected package 'cpp_pubsub' in 'src/cpp_pubsub'
[1.306s] INFO:colcon.colcon_core.package_selection:Skipping not selected package 'examples_rclcpp_async_client' in 'examples/rclcpp/services/async_client'
[1.306s] INFO:colcon.colcon_core.package_selection:Skipping not selected package 'examples_rclcpp_cbg_executor' in 'examples/rclcpp/executors/cbg_executor'
[1.306s] INFO:colcon.colcon_core.package_selection:Skipping not selected package 'examples_rclcpp_minimal_action_client' in 'examples/rclcpp/actions/minimal_action_client'
[1.306s] INFO:colcon.colcon_core.package_selection:Skipping not selected package 'examples_rclcpp_minimal_action_server' in 'examples/rclcpp/actions/minimal_action_server'
[1.306s] INFO:colcon.colcon_core.package_selection:Skipping not selected package 'examples_rclcpp_minimal_client' in 'examples/rclcpp/services/minimal_client'
[1.307s] INFO:colcon.colcon_core.package_selection:Skipping not selected package 'examples_rclcpp_minimal_composition' in 'examples/rclcpp/composition/minimal_composition'
[1.307s] INFO:colcon.colcon_core.package_selection:Skipping not selected package 'examples_rclcpp_minimal_publisher' in 'examples/rclcpp/topics/minimal_publisher'
[1.307s] INFO:colcon.colcon_core.package_selection:Skipping not selected package 'examples_rclcpp_minimal_service' in 'examples/rclcpp/services/minimal_service'
[1.307s] INFO:colcon.colcon_core.package_selection:Skipping not selected package 'examples_rclcpp_minimal_subscriber' in 'examples/rclcpp/topics/minimal_subscriber'
[1.307s] INFO:colcon.colcon_core.package_selection:Skipping not selected package 'examples_rclcpp_minimal_timer' in 'examples/rclcpp/timers/minimal_timer'
[1.307s] INFO:colcon.colcon_core.package_selection:Skipping not selected package 'examples_rclcpp_multithreaded_executor' in 'examples/rclcpp/executors/multithreaded_executor'
[1.307s] INFO:colcon.colcon_core.package_selection:Skipping not selected package 'examples_rclcpp_wait_set' in 'examples/rclcpp/wait_set'
[1.307s] INFO:colcon.colcon_core.package_selection:Skipping not selected package 'examples_rclpy_executors' in 'examples/rclpy/executors'
[1.307s] INFO:colcon.colcon_core.package_selection:Skipping not selected package 'examples_rclpy_guard_conditions' in 'examples/rclpy/guard_conditions'
[1.308s] INFO:colcon.colcon_core.package_selection:Skipping not selected package 'examples_rclpy_minimal_action_client' in 'examples/rclpy/actions/minimal_action_client'
[1.308s] INFO:colcon.colcon_core.package_selection:Skipping not selected package 'examples_rclpy_minimal_action_server' in 'examples/rclpy/actions/minimal_action_server'
[1.308s] INFO:colcon.colcon_core.package_selection:Skipping not selected package 'examples_rclpy_minimal_client' in 'examples/rclpy/services/minimal_client'
[1.308s] INFO:colcon.colcon_core.package_selection:Skipping not selected package 'examples_rclpy_minimal_publisher' in 'examples/rclpy/topics/minimal_publisher'
[1.308s] INFO:colcon.colcon_core.package_selection:Skipping not selected package 'examples_rclpy_minimal_service' in 'examples/rclpy/services/minimal_service'
[1.308s] INFO:colcon.colcon_core.package_selection:Skipping not selected package 'examples_rclpy_minimal_subscriber' in 'examples/rclpy/topics/minimal_subscriber'
[1.308s] INFO:colcon.colcon_core.package_selection:Skipping not selected package 'examples_rclpy_pointcloud_publisher' in 'examples/rclpy/topics/pointcloud_publisher'
[1.308s] INFO:colcon.colcon_core.package_selection:Skipping not selected package 'launch_testing_examples' in 'examples/launch_testing/launch_testing_examples'
[1.308s] INFO:colcon.colcon_core.package_selection:Skipping not selected package 'publisher_subscriber' in 'publisher_subscriber'
[1.308s] INFO:colcon.colcon_core.package_selection:Skipping not selected package 'robosub' in 'src/robosub'
[1.312s] Level 1:colcon.colcon_core.package_discovery:discover_packages(prefix_path) check parameters
[1.312s] Level 1:colcon.colcon_core.package_discovery:discover_packages(prefix_path) discover
[1.328s] DEBUG:colcon.colcon_installed_package_information.package_discovery:Found 263 installed packages in /opt/ros/foxy
[1.336s] Level 1:colcon.colcon_core.package_discovery:discover_packages(prefix_path) using defaults
[1.668s] Level 5:colcon.colcon_core.verb:set package 'manual_pubsub' build argument 'cmake_args' from command line to 'None'
[1.668s] Level 5:colcon.colcon_core.verb:set package 'manual_pubsub' build argument 'cmake_target' from command line to 'None'
[1.668s] Level 5:colcon.colcon_core.verb:set package 'manual_pubsub' build argument 'cmake_target_skip_unavailable' from command line to 'False'
[1.668s] Level 5:colcon.colcon_core.verb:set package 'manual_pubsub' build argument 'cmake_clean_cache' from command line to 'False'
[1.668s] Level 5:colcon.colcon_core.verb:set package 'manual_pubsub' build argument 'cmake_clean_first' from command line to 'False'
[1.669s] Level 5:colcon.colcon_core.verb:set package 'manual_pubsub' build argument 'cmake_force_configure' from command line to 'False'
[1.669s] Level 5:colcon.colcon_core.verb:set package 'manual_pubsub' build argument 'ament_cmake_args' from command line to 'None'
[1.669s] Level 5:colcon.colcon_core.verb:set package 'manual_pubsub' build argument 'catkin_cmake_args' from command line to 'None'
[1.669s] Level 5:colcon.colcon_core.verb:set package 'manual_pubsub' build argument 'catkin_skip_building_tests' from command line to 'False'
[1.669s] DEBUG:colcon.colcon_core.verb:Building package 'manual_pubsub' with the following arguments: {'ament_cmake_args': None, 'build_base': '/home/lur/controller/build/manual_pubsub', 'catkin_cmake_args': None, 'catkin_skip_building_tests': False, 'cmake_args': None, 'cmake_clean_cache': False, 'cmake_clean_first': False, 'cmake_force_configure': False, 'cmake_target': None, 'cmake_target_skip_unavailable': False, 'install_base': '/home/lur/controller/install/manual_pubsub', 'merge_install': False, 'path': '/home/lur/controller/src/manual_pubsub', 'symlink_install': False, 'test_result_base': None}
[1.671s] INFO:colcon.colcon_core.executor:Executing jobs using 'parallel' executor
[1.678s] DEBUG:colcon.colcon_parallel_executor.executor.parallel:run_until_complete
[1.680s] INFO:colcon.colcon_ros.task.ament_cmake.build:Building ROS package in '/home/lur/controller/src/manual_pubsub' with build type 'ament_cmake'
[1.681s] INFO:colcon.colcon_cmake.task.cmake.build:Building CMake package in '/home/lur/controller/src/manual_pubsub'
[1.711s] INFO:colcon.colcon_core.plugin_system:Skipping extension 'colcon_core.shell.bat': Not used on non-Windows systems
[1.712s] INFO:colcon.colcon_core.shell:Skip shell extension 'powershell' for command environment: Not usable outside of PowerShell
[1.712s] DEBUG:colcon.colcon_core.shell:Skip shell extension 'dsv' for command environment
[1.764s] DEBUG:colcon.colcon_core.event_handler.log_command:Invoking command in '/home/lur/controller/build/manual_pubsub': CMAKE_PREFIX_PATH=/opt/ros/foxy /usr/bin/cmake --build /home/lur/controller/build/manual_pubsub -- -j4 -l4
[15.686s] DEBUG:colcon.colcon_core.event_handler.log_command:Invoked command in '/home/lur/controller/build/manual_pubsub' returned '0': CMAKE_PREFIX_PATH=/opt/ros/foxy /usr/bin/cmake --build /home/lur/controller/build/manual_pubsub -- -j4 -l4
[15.834s] DEBUG:colcon.colcon_core.event_handler.log_command:Invoking command in '/home/lur/controller/build/manual_pubsub': CMAKE_PREFIX_PATH=/opt/ros/foxy /usr/bin/cmake --install /home/lur/controller/build/manual_pubsub
[15.898s] Level 1:colcon.colcon_core.environment:create_environment_scripts_only(manual_pubsub)
[15.904s] DEBUG:colcon.colcon_core.event_handler.log_command:Invoked command in '/home/lur/controller/build/manual_pubsub' returned '0': CMAKE_PREFIX_PATH=/opt/ros/foxy /usr/bin/cmake --install /home/lur/controller/build/manual_pubsub
[15.941s] Level 1:colcon.colcon_core.environment:checking '/home/lur/controller/install/manual_pubsub' for CMake module files
[15.943s] Level 1:colcon.colcon_core.environment:checking '/home/lur/controller/install/manual_pubsub' for CMake config files
[15.946s] Level 1:colcon.colcon_core.shell:create_environment_hook('manual_pubsub', 'cmake_prefix_path')
[15.948s] INFO:colcon.colcon_core.shell:Creating environment hook '/home/lur/controller/install/manual_pubsub/share/manual_pubsub/hook/cmake_prefix_path.ps1'
[15.953s] INFO:colcon.colcon_core.shell:Creating environment descriptor '/home/lur/controller/install/manual_pubsub/share/manual_pubsub/hook/cmake_prefix_path.dsv'
[15.956s] INFO:colcon.colcon_core.shell:Creating environment hook '/home/lur/controller/install/manual_pubsub/share/manual_pubsub/hook/cmake_prefix_path.sh'
[15.960s] Level 1:colcon.colcon_core.environment:checking '/home/lur/controller/install/manual_pubsub/lib'
[15.961s] Level 1:colcon.colcon_core.environment:checking '/home/lur/controller/install/manual_pubsub/bin'
[15.962s] Level 1:colcon.colcon_core.environment:checking '/home/lur/controller/install/manual_pubsub/lib/pkgconfig/manual_pubsub.pc'
[15.963s] Level 1:colcon.colcon_core.environment:checking '/home/lur/controller/install/manual_pubsub/lib/python3.8/site-packages'
[15.963s] Level 1:colcon.colcon_core.environment:checking '/home/lur/controller/install/manual_pubsub/bin'
[15.965s] INFO:colcon.colcon_core.shell:Creating package script '/home/lur/controller/install/manual_pubsub/share/manual_pubsub/package.ps1'
[15.969s] INFO:colcon.colcon_core.shell:Creating package descriptor '/home/lur/controller/install/manual_pubsub/share/manual_pubsub/package.dsv'
[15.972s] INFO:colcon.colcon_core.shell:Creating package script '/home/lur/controller/install/manual_pubsub/share/manual_pubsub/package.sh'
[15.975s] INFO:colcon.colcon_core.shell:Creating package script '/home/lur/controller/install/manual_pubsub/share/manual_pubsub/package.bash'
[15.981s] INFO:colcon.colcon_core.shell:Creating package script '/home/lur/controller/install/manual_pubsub/share/manual_pubsub/package.zsh'
[15.985s] Level 1:colcon.colcon_core.environment:create_file_with_runtime_dependencies(/home/lur/controller/install/manual_pubsub/share/colcon-core/packages/manual_pubsub)
[16.087s] Level 1:colcon.colcon_core.environment:create_environment_scripts_only(manual_pubsub)
[16.092s] Level 1:colcon.colcon_core.environment:checking '/home/lur/controller/install/manual_pubsub' for CMake module files
[16.095s] Level 1:colcon.colcon_core.environment:checking '/home/lur/controller/install/manual_pubsub' for CMake config files
[16.096s] Level 1:colcon.colcon_core.shell:create_environment_hook('manual_pubsub', 'cmake_prefix_path')
[16.099s] INFO:colcon.colcon_core.shell:Creating environment hook '/home/lur/controller/install/manual_pubsub/share/manual_pubsub/hook/cmake_prefix_path.ps1'
[16.102s] INFO:colcon.colcon_core.shell:Creating environment descriptor '/home/lur/controller/install/manual_pubsub/share/manual_pubsub/hook/cmake_prefix_path.dsv'
[16.104s] INFO:colcon.colcon_core.shell:Creating environment hook '/home/lur/controller/install/manual_pubsub/share/manual_pubsub/hook/cmake_prefix_path.sh'
[16.106s] Level 1:colcon.colcon_core.environment:checking '/home/lur/controller/install/manual_pubsub/lib'
[16.107s] Level 1:colcon.colcon_core.environment:checking '/home/lur/controller/install/manual_pubsub/bin'
[16.107s] Level 1:colcon.colcon_core.environment:checking '/home/lur/controller/install/manual_pubsub/lib/pkgconfig/manual_pubsub.pc'
[16.108s] Level 1:colcon.colcon_core.environment:checking '/home/lur/controller/install/manual_pubsub/lib/python3.8/site-packages'
[16.109s] Level 1:colcon.colcon_core.environment:checking '/home/lur/controller/install/manual_pubsub/bin'
[16.111s] INFO:colcon.colcon_core.shell:Creating package script '/home/lur/controller/install/manual_pubsub/share/manual_pubsub/package.ps1'
[16.114s] INFO:colcon.colcon_core.shell:Creating package descriptor '/home/lur/controller/install/manual_pubsub/share/manual_pubsub/package.dsv'
[16.116s] INFO:colcon.colcon_core.shell:Creating package script '/home/lur/controller/install/manual_pubsub/share/manual_pubsub/package.sh'
[16.118s] INFO:colcon.colcon_core.shell:Creating package script '/home/lur/controller/install/manual_pubsub/share/manual_pubsub/package.bash'
[16.119s] INFO:colcon.colcon_core.shell:Creating package script '/home/lur/controller/install/manual_pubsub/share/manual_pubsub/package.zsh'
[16.122s] Level 1:colcon.colcon_core.environment:create_file_with_runtime_dependencies(/home/lur/controller/install/manual_pubsub/share/colcon-core/packages/manual_pubsub)
[16.123s] DEBUG:colcon.colcon_parallel_executor.executor.parallel:closing loop
[16.124s] DEBUG:colcon.colcon_parallel_executor.executor.parallel:loop closed
[16.124s] DEBUG:colcon.colcon_parallel_executor.executor.parallel:run_until_complete finished with '0'
[16.124s] DEBUG:colcon.colcon_core.event_reactor:joining thread
[16.158s] INFO:colcon.colcon_core.plugin_system:Skipping extension 'colcon_notification.desktop_notification.terminal_notifier': Not used on non-Darwin systems
[16.158s] INFO:colcon.colcon_core.plugin_system:Skipping extension 'colcon_notification.desktop_notification.win32': Not used on non-Windows systems
[16.158s] INFO:colcon.colcon_notification.desktop_notification:Sending desktop notification using 'notify2'
[16.221s] DEBUG:colcon.colcon_core.event_reactor:joined thread
[16.223s] INFO:colcon.colcon_core.shell:Creating prefix script '/home/lur/controller/install/local_setup.ps1'
[16.231s] INFO:colcon.colcon_core.shell:Creating prefix util module '/home/lur/controller/install/_local_setup_util_ps1.py'
[16.238s] INFO:colcon.colcon_core.shell:Creating prefix chain script '/home/lur/controller/install/setup.ps1'
[16.242s] INFO:colcon.colcon_core.shell:Creating prefix script '/home/lur/controller/install/local_setup.sh'
[16.246s] INFO:colcon.colcon_core.shell:Creating prefix util module '/home/lur/controller/install/_local_setup_util_sh.py'
[16.249s] INFO:colcon.colcon_core.shell:Creating prefix chain script '/home/lur/controller/install/setup.sh'
[16.254s] INFO:colcon.colcon_core.shell:Creating prefix script '/home/lur/controller/install/local_setup.bash'
[16.258s] INFO:colcon.colcon_core.shell:Creating prefix chain script '/home/lur/controller/install/setup.bash'
[16.263s] INFO:colcon.colcon_core.shell:Creating prefix script '/home/lur/controller/install/local_setup.zsh'
[16.266s] INFO:colcon.colcon_core.shell:Creating prefix chain script '/home/lur/controller/install/setup.zsh'
