[0.090s] Invoking command in '/home/lur/controller/build/robosub': CMAKE_PREFIX_PATH=/opt/ros/foxy /usr/bin/cmake --build /home/lur/controller/build/robosub -- -j4 -l4
[0.558s] [35m[1mScanning dependencies of target controller_node[0m
[0.691s] [ 50%] [32mBuilding CXX object CMakeFiles/controller_node.dir/src/controller_node.cpp.o[0m
[19.229s] [100%] [32m[1mLinking CXX executable controller_node[0m
[20.440s] [100%] Built target controller_node
[20.488s] Invoked command in '/home/lur/controller/build/robosub' returned '0': CMAKE_PREFIX_PATH=/opt/ros/foxy /usr/bin/cmake --build /home/lur/controller/build/robosub -- -j4 -l4
[20.635s] Invoking command in '/home/lur/controller/build/robosub': CMAKE_PREFIX_PATH=/opt/ros/foxy /usr/bin/cmake --install /home/lur/controller/build/robosub
[20.667s] -- Install configuration: ""
[20.672s] -- Installing: /home/lur/controller/install/robosub/lib/robosub/controller_node
[20.685s] -- Set runtime path of "/home/lur/controller/install/robosub/lib/robosub/controller_node" to ""
[20.689s] -- Up-to-date: /home/lur/controller/install/robosub/share/ament_index/resource_index/package_run_dependencies/robosub
[20.689s] -- Up-to-date: /home/lur/controller/install/robosub/share/ament_index/resource_index/parent_prefix_path/robosub
[20.690s] -- Up-to-date: /home/lur/controller/install/robosub/share/robosub/environment/ament_prefix_path.sh
[20.691s] -- Up-to-date: /home/lur/controller/install/robosub/share/robosub/environment/ament_prefix_path.dsv
[20.692s] -- Up-to-date: /home/lur/controller/install/robosub/share/robosub/environment/path.sh
[20.692s] -- Up-to-date: /home/lur/controller/install/robosub/share/robosub/environment/path.dsv
[20.693s] -- Up-to-date: /home/lur/controller/install/robosub/share/robosub/local_setup.bash
[20.693s] -- Up-to-date: /home/lur/controller/install/robosub/share/robosub/local_setup.sh
[20.693s] -- Up-to-date: /home/lur/controller/install/robosub/share/robosub/local_setup.zsh
[20.694s] -- Up-to-date: /home/lur/controller/install/robosub/share/robosub/local_setup.dsv
[20.694s] -- Installing: /home/lur/controller/install/robosub/share/robosub/package.dsv
[20.695s] -- Up-to-date: /home/lur/controller/install/robosub/share/ament_index/resource_index/packages/robosub
[20.696s] -- Up-to-date: /home/lur/controller/install/robosub/share/robosub/cmake/robosubConfig.cmake
[20.696s] -- Up-to-date: /home/lur/controller/install/robosub/share/robosub/cmake/robosubConfig-version.cmake
[20.697s] -- Up-to-date: /home/lur/controller/install/robosub/share/robosub/package.xml
[20.709s] Invoked command in '/home/lur/controller/build/robosub' returned '0': CMAKE_PREFIX_PATH=/opt/ros/foxy /usr/bin/cmake --install /home/lur/controller/build/robosub
