[0.059s] Invoking command in '/home/lur/controller/build/manual_pubsub': CMAKE_PREFIX_PATH=/opt/ros/foxy /usr/bin/cmake --build /home/lur/controller/build/manual_pubsub -- -j4 -l4
[0.164s] -- Found ament_cmake: 0.9.9 (/opt/ros/foxy/share/ament_cmake/cmake)
[0.248s] -- Using PYTHON_EXECUTABLE: /usr/bin/python3
[0.898s] -- Found rclcpp: 2.4.1 (/opt/ros/foxy/share/rclcpp/cmake)
[1.042s] -- Using all available rosidl_typesupport_c: rosidl_typesupport_fastrtps_c;rosidl_typesupport_introspection_c
[1.057s] -- Found rosidl_adapter: 1.2.1 (/opt/ros/foxy/share/rosidl_adapter/cmake)
[1.487s] -- Using all available rosidl_typesupport_cpp: rosidl_typesupport_fastrtps_cpp;rosidl_typesupport_introspection_cpp
[1.676s] -- Found rmw_implementation_cmake: 1.0.3 (/opt/ros/foxy/share/rmw_implementation_cmake/cmake)
[1.680s] -- Using RMW implementation 'rmw_fastrtps_cpp' as default
[2.177s] -- Found mavros_msgs: 2.1.1 (/opt/ros/foxy/share/mavros_msgs/cmake)
[3.749s] -- Found ament_lint_auto: 0.9.6 (/opt/ros/foxy/share/ament_lint_auto/cmake)
[3.976s] -- Added test 'copyright' to check source files copyright and LICENSE
[3.985s] -- Added test 'cppcheck' to perform static code analysis on C / C++ code
[3.985s] -- Configured cppcheck include dirs: 
[3.986s] -- Configured cppcheck exclude dirs and/or files: 
[3.994s] -- Added test 'cpplint' to check C / C++ code against the Google style
[3.994s] -- Configured cpplint exclude dirs and/or files: 
[3.996s] -- Added test 'flake8' to check Python code syntax and style conventions
[3.999s] -- Added test 'lint_cmake' to check CMake code style
[4.000s] -- Added test 'pep257' to check Python code against some of the style conventions in PEP 257
[4.009s] -- Added test 'uncrustify' to check C / C++ code style
[4.009s] -- Configured uncrustify additional arguments: 
[4.011s] -- Added test 'xmllint' to check XML markup files
[4.022s] -- Configuring done
[4.099s] -- Generating done
[4.107s] -- Build files have been written to: /home/lur/controller/build/manual_pubsub
[4.214s] [35m[1mScanning dependencies of target talker[0m
[4.215s] [35m[1mScanning dependencies of target listener[0m
[4.340s] [ 25%] [32mBuilding CXX object CMakeFiles/listener.dir/src/subscriber_member_function.cpp.o[0m
[4.341s] [ 50%] [32mBuilding CXX object CMakeFiles/talker.dir/src/publisher_member_function.cpp.o[0m
[15.041s] [ 75%] [32m[1mLinking CXX executable talker[0m
[15.675s] [ 75%] Built target talker
[20.009s] [100%] [32m[1mLinking CXX executable listener[0m
[20.802s] [100%] Built target listener
[20.847s] Invoked command in '/home/lur/controller/build/manual_pubsub' returned '0': CMAKE_PREFIX_PATH=/opt/ros/foxy /usr/bin/cmake --build /home/lur/controller/build/manual_pubsub -- -j4 -l4
[20.994s] Invoking command in '/home/lur/controller/build/manual_pubsub': CMAKE_PREFIX_PATH=/opt/ros/foxy /usr/bin/cmake --install /home/lur/controller/build/manual_pubsub
[21.024s] -- Install configuration: ""
[21.024s] -- Installing: /home/lur/controller/install/manual_pubsub/lib/manual_pubsub/talker
[21.032s] -- Set runtime path of "/home/lur/controller/install/manual_pubsub/lib/manual_pubsub/talker" to ""
[21.033s] -- Installing: /home/lur/controller/install/manual_pubsub/lib/manual_pubsub/listener
[21.047s] -- Set runtime path of "/home/lur/controller/install/manual_pubsub/lib/manual_pubsub/listener" to ""
[21.047s] -- Up-to-date: /home/lur/controller/install/manual_pubsub/share/ament_index/resource_index/package_run_dependencies/manual_pubsub
[21.048s] -- Up-to-date: /home/lur/controller/install/manual_pubsub/share/ament_index/resource_index/parent_prefix_path/manual_pubsub
[21.048s] -- Up-to-date: /home/lur/controller/install/manual_pubsub/share/manual_pubsub/environment/ament_prefix_path.sh
[21.049s] -- Installing: /home/lur/controller/install/manual_pubsub/share/manual_pubsub/environment/ament_prefix_path.dsv
[21.050s] -- Up-to-date: /home/lur/controller/install/manual_pubsub/share/manual_pubsub/environment/path.sh
[21.050s] -- Installing: /home/lur/controller/install/manual_pubsub/share/manual_pubsub/environment/path.dsv
[21.051s] -- Up-to-date: /home/lur/controller/install/manual_pubsub/share/manual_pubsub/local_setup.bash
[21.051s] -- Up-to-date: /home/lur/controller/install/manual_pubsub/share/manual_pubsub/local_setup.sh
[21.052s] -- Up-to-date: /home/lur/controller/install/manual_pubsub/share/manual_pubsub/local_setup.zsh
[21.052s] -- Installing: /home/lur/controller/install/manual_pubsub/share/manual_pubsub/local_setup.dsv
[21.052s] -- Installing: /home/lur/controller/install/manual_pubsub/share/manual_pubsub/package.dsv
[21.053s] -- Up-to-date: /home/lur/controller/install/manual_pubsub/share/ament_index/resource_index/packages/manual_pubsub
[21.053s] -- Up-to-date: /home/lur/controller/install/manual_pubsub/share/manual_pubsub/cmake/manual_pubsubConfig.cmake
[21.054s] -- Up-to-date: /home/lur/controller/install/manual_pubsub/share/manual_pubsub/cmake/manual_pubsubConfig-version.cmake
[21.054s] -- Installing: /home/lur/controller/install/manual_pubsub/share/manual_pubsub/package.xml
[21.067s] Invoked command in '/home/lur/controller/build/manual_pubsub' returned '0': CMAKE_PREFIX_PATH=/opt/ros/foxy /usr/bin/cmake --install /home/lur/controller/build/manual_pubsub
