[0.469s] DEBUG:colcon:Command line arguments: ['/usr/bin/colcon', 'build', '--packages-select', 'manual_pubsub']
[0.469s] DEBUG:colcon:Parsed command line arguments: Namespace(allow_overriding=[], ament_cmake_args=None, base_paths=['.'], build_base='build', catkin_cmake_args=None, catkin_skip_building_tests=False, cmake_args=None, cmake_clean_cache=False, cmake_clean_first=False, cmake_force_configure=False, cmake_target=None, cmake_target_skip_unavailable=False, continue_on_error=False, event_handlers=None, executor='parallel', ignore_user_meta=False, install_base='install', log_base=None, log_level=None, main=<bound method BuildVerb.main of <colcon_core.verb.build.BuildVerb object at 0xffff883eb5e0>>, merge_install=False, metas=['./colcon.meta'], packages_above=None, packages_above_and_dependencies=None, packages_above_depth=None, packages_end=None, packages_ignore=None, packages_ignore_regex=None, packages_select=['manual_pubsub'], packages_select_build_failed=False, packages_select_by_dep=None, packages_select_regex=None, packages_select_test_failures=False, packages_skip=None, packages_skip_build_finished=False, packages_skip_by_dep=None, packages_skip_regex=None, packages_skip_test_passed=False, packages_skip_up_to=None, packages_start=None, packages_up_to=None, packages_up_to_regex=None, parallel_workers=4, paths=None, symlink_install=False, test_result_base=None, verb_extension=<colcon_core.verb.build.BuildVerb object at 0xffff883eb5e0>, verb_name='build', verb_parser=<colcon_defaults.argument_parser.defaults.DefaultArgumentsDecorator object at 0xffff883ebb20>)
[0.550s] Level 1:colcon.colcon_core.package_discovery:discover_packages(colcon_meta) check parameters
[0.550s] Level 1:colcon.colcon_core.package_discovery:discover_packages(recursive) check parameters
[0.551s] Level 1:colcon.colcon_core.package_discovery:discover_packages(ignore) check parameters
[0.551s] Level 1:colcon.colcon_core.package_discovery:discover_packages(path) check parameters
[0.551s] Level 1:colcon.colcon_core.package_discovery:discover_packages(colcon_meta) discover
[0.551s] Level 1:colcon.colcon_core.package_discovery:discover_packages(recursive) discover
[0.551s] INFO:colcon.colcon_core.package_discovery:Crawling recursively for packages in '/home/lur/controller'
[0.552s] Level 1:colcon.colcon_core.package_identification:_identify(.) by extensions ['ignore', 'ignore_ament_install']
[0.552s] Level 1:colcon.colcon_core.package_identification:_identify(.) by extension 'ignore'
[0.553s] Level 1:colcon.colcon_core.package_identification:_identify(.) by extension 'ignore_ament_install'
[0.553s] Level 1:colcon.colcon_core.package_identification:_identify(.) by extensions ['colcon_pkg']
[0.553s] Level 1:colcon.colcon_core.package_identification:_identify(.) by extension 'colcon_pkg'
[0.553s] Level 1:colcon.colcon_core.package_identification:_identify(.) by extensions ['colcon_meta']
[0.553s] Level 1:colcon.colcon_core.package_identification:_identify(.) by extension 'colcon_meta'
[0.553s] Level 1:colcon.colcon_core.package_identification:_identify(.) by extensions ['ros']
[0.553s] Level 1:colcon.colcon_core.package_identification:_identify(.) by extension 'ros'
[0.594s] Level 1:colcon.colcon_core.package_identification:_identify(.) by extensions ['cmake', 'python']
[0.594s] Level 1:colcon.colcon_core.package_identification:_identify(.) by extension 'cmake'
[0.595s] Level 1:colcon.colcon_core.package_identification:_identify(.) by extension 'python'
[0.595s] Level 1:colcon.colcon_core.package_identification:_identify(.) by extensions ['python_setup_py']
[0.595s] Level 1:colcon.colcon_core.package_identification:_identify(.) by extension 'python_setup_py'
[0.595s] Level 1:colcon.colcon_core.package_identification:_identify(build) by extensions ['ignore', 'ignore_ament_install']
[0.596s] Level 1:colcon.colcon_core.package_identification:_identify(build) by extension 'ignore'
[0.596s] Level 1:colcon.colcon_core.package_identification:_identify(build) ignored
[0.596s] Level 1:colcon.colcon_core.package_identification:_identify(examples) by extensions ['ignore', 'ignore_ament_install']
[0.597s] Level 1:colcon.colcon_core.package_identification:_identify(examples) by extension 'ignore'
[0.597s] Level 1:colcon.colcon_core.package_identification:_identify(examples) by extension 'ignore_ament_install'
[0.597s] Level 1:colcon.colcon_core.package_identification:_identify(examples) by extensions ['colcon_pkg']
[0.597s] Level 1:colcon.colcon_core.package_identification:_identify(examples) by extension 'colcon_pkg'
[0.598s] Level 1:colcon.colcon_core.package_identification:_identify(examples) by extensions ['colcon_meta']
[0.598s] Level 1:colcon.colcon_core.package_identification:_identify(examples) by extension 'colcon_meta'
[0.598s] Level 1:colcon.colcon_core.package_identification:_identify(examples) by extensions ['ros']
[0.598s] Level 1:colcon.colcon_core.package_identification:_identify(examples) by extension 'ros'
[0.598s] Level 1:colcon.colcon_core.package_identification:_identify(examples) by extensions ['cmake', 'python']
[0.599s] Level 1:colcon.colcon_core.package_identification:_identify(examples) by extension 'cmake'
[0.599s] Level 1:colcon.colcon_core.package_identification:_identify(examples) by extension 'python'
[0.599s] Level 1:colcon.colcon_core.package_identification:_identify(examples) by extensions ['python_setup_py']
[0.599s] Level 1:colcon.colcon_core.package_identification:_identify(examples) by extension 'python_setup_py'
[0.600s] Level 1:colcon.colcon_core.package_identification:_identify(examples/launch_testing) by extensions ['ignore', 'ignore_ament_install']
[0.600s] Level 1:colcon.colcon_core.package_identification:_identify(examples/launch_testing) by extension 'ignore'
[0.600s] Level 1:colcon.colcon_core.package_identification:_identify(examples/launch_testing) by extension 'ignore_ament_install'
[0.600s] Level 1:colcon.colcon_core.package_identification:_identify(examples/launch_testing) by extensions ['colcon_pkg']
[0.600s] Level 1:colcon.colcon_core.package_identification:_identify(examples/launch_testing) by extension 'colcon_pkg'
[0.600s] Level 1:colcon.colcon_core.package_identification:_identify(examples/launch_testing) by extensions ['colcon_meta']
[0.601s] Level 1:colcon.colcon_core.package_identification:_identify(examples/launch_testing) by extension 'colcon_meta'
[0.601s] Level 1:colcon.colcon_core.package_identification:_identify(examples/launch_testing) by extensions ['ros']
[0.601s] Level 1:colcon.colcon_core.package_identification:_identify(examples/launch_testing) by extension 'ros'
[0.601s] Level 1:colcon.colcon_core.package_identification:_identify(examples/launch_testing) by extensions ['cmake', 'python']
[0.601s] Level 1:colcon.colcon_core.package_identification:_identify(examples/launch_testing) by extension 'cmake'
[0.601s] Level 1:colcon.colcon_core.package_identification:_identify(examples/launch_testing) by extension 'python'
[0.602s] Level 1:colcon.colcon_core.package_identification:_identify(examples/launch_testing) by extensions ['python_setup_py']
[0.602s] Level 1:colcon.colcon_core.package_identification:_identify(examples/launch_testing) by extension 'python_setup_py'
[0.602s] Level 1:colcon.colcon_core.package_identification:_identify(examples/launch_testing/launch_testing_examples) by extensions ['ignore', 'ignore_ament_install']
[0.603s] Level 1:colcon.colcon_core.package_identification:_identify(examples/launch_testing/launch_testing_examples) by extension 'ignore'
[0.603s] Level 1:colcon.colcon_core.package_identification:_identify(examples/launch_testing/launch_testing_examples) by extension 'ignore_ament_install'
[0.603s] Level 1:colcon.colcon_core.package_identification:_identify(examples/launch_testing/launch_testing_examples) by extensions ['colcon_pkg']
[0.603s] Level 1:colcon.colcon_core.package_identification:_identify(examples/launch_testing/launch_testing_examples) by extension 'colcon_pkg'
[0.603s] Level 1:colcon.colcon_core.package_identification:_identify(examples/launch_testing/launch_testing_examples) by extensions ['colcon_meta']
[0.603s] Level 1:colcon.colcon_core.package_identification:_identify(examples/launch_testing/launch_testing_examples) by extension 'colcon_meta'
[0.604s] Level 1:colcon.colcon_core.package_identification:_identify(examples/launch_testing/launch_testing_examples) by extensions ['ros']
[0.604s] Level 1:colcon.colcon_core.package_identification:_identify(examples/launch_testing/launch_testing_examples) by extension 'ros'
[0.615s] DEBUG:colcon.colcon_core.package_identification:Package 'examples/launch_testing/launch_testing_examples' with type 'ros.ament_python' and name 'launch_testing_examples'
[0.616s] Level 1:colcon.colcon_core.package_identification:_identify(examples/rclcpp) by extensions ['ignore', 'ignore_ament_install']
[0.616s] Level 1:colcon.colcon_core.package_identification:_identify(examples/rclcpp) by extension 'ignore'
[0.616s] Level 1:colcon.colcon_core.package_identification:_identify(examples/rclcpp) by extension 'ignore_ament_install'
[0.617s] Level 1:colcon.colcon_core.package_identification:_identify(examples/rclcpp) by extensions ['colcon_pkg']
[0.617s] Level 1:colcon.colcon_core.package_identification:_identify(examples/rclcpp) by extension 'colcon_pkg'
[0.617s] Level 1:colcon.colcon_core.package_identification:_identify(examples/rclcpp) by extensions ['colcon_meta']
[0.617s] Level 1:colcon.colcon_core.package_identification:_identify(examples/rclcpp) by extension 'colcon_meta'
[0.617s] Level 1:colcon.colcon_core.package_identification:_identify(examples/rclcpp) by extensions ['ros']
[0.617s] Level 1:colcon.colcon_core.package_identification:_identify(examples/rclcpp) by extension 'ros'
[0.618s] Level 1:colcon.colcon_core.package_identification:_identify(examples/rclcpp) by extensions ['cmake', 'python']
[0.618s] Level 1:colcon.colcon_core.package_identification:_identify(examples/rclcpp) by extension 'cmake'
[0.618s] Level 1:colcon.colcon_core.package_identification:_identify(examples/rclcpp) by extension 'python'
[0.618s] Level 1:colcon.colcon_core.package_identification:_identify(examples/rclcpp) by extensions ['python_setup_py']
[0.618s] Level 1:colcon.colcon_core.package_identification:_identify(examples/rclcpp) by extension 'python_setup_py'
[0.619s] Level 1:colcon.colcon_core.package_identification:_identify(examples/rclcpp/actions) by extensions ['ignore', 'ignore_ament_install']
[0.619s] Level 1:colcon.colcon_core.package_identification:_identify(examples/rclcpp/actions) by extension 'ignore'
[0.619s] Level 1:colcon.colcon_core.package_identification:_identify(examples/rclcpp/actions) by extension 'ignore_ament_install'
[0.620s] Level 1:colcon.colcon_core.package_identification:_identify(examples/rclcpp/actions) by extensions ['colcon_pkg']
[0.620s] Level 1:colcon.colcon_core.package_identification:_identify(examples/rclcpp/actions) by extension 'colcon_pkg'
[0.620s] Level 1:colcon.colcon_core.package_identification:_identify(examples/rclcpp/actions) by extensions ['colcon_meta']
[0.620s] Level 1:colcon.colcon_core.package_identification:_identify(examples/rclcpp/actions) by extension 'colcon_meta'
[0.620s] Level 1:colcon.colcon_core.package_identification:_identify(examples/rclcpp/actions) by extensions ['ros']
[0.620s] Level 1:colcon.colcon_core.package_identification:_identify(examples/rclcpp/actions) by extension 'ros'
[0.621s] Level 1:colcon.colcon_core.package_identification:_identify(examples/rclcpp/actions) by extensions ['cmake', 'python']
[0.621s] Level 1:colcon.colcon_core.package_identification:_identify(examples/rclcpp/actions) by extension 'cmake'
[0.621s] Level 1:colcon.colcon_core.package_identification:_identify(examples/rclcpp/actions) by extension 'python'
[0.621s] Level 1:colcon.colcon_core.package_identification:_identify(examples/rclcpp/actions) by extensions ['python_setup_py']
[0.621s] Level 1:colcon.colcon_core.package_identification:_identify(examples/rclcpp/actions) by extension 'python_setup_py'
[0.622s] Level 1:colcon.colcon_core.package_identification:_identify(examples/rclcpp/actions/minimal_action_client) by extensions ['ignore', 'ignore_ament_install']
[0.622s] Level 1:colcon.colcon_core.package_identification:_identify(examples/rclcpp/actions/minimal_action_client) by extension 'ignore'
[0.622s] Level 1:colcon.colcon_core.package_identification:_identify(examples/rclcpp/actions/minimal_action_client) by extension 'ignore_ament_install'
[0.622s] Level 1:colcon.colcon_core.package_identification:_identify(examples/rclcpp/actions/minimal_action_client) by extensions ['colcon_pkg']
[0.622s] Level 1:colcon.colcon_core.package_identification:_identify(examples/rclcpp/actions/minimal_action_client) by extension 'colcon_pkg'
[0.623s] Level 1:colcon.colcon_core.package_identification:_identify(examples/rclcpp/actions/minimal_action_client) by extensions ['colcon_meta']
[0.623s] Level 1:colcon.colcon_core.package_identification:_identify(examples/rclcpp/actions/minimal_action_client) by extension 'colcon_meta'
[0.623s] Level 1:colcon.colcon_core.package_identification:_identify(examples/rclcpp/actions/minimal_action_client) by extensions ['ros']
[0.623s] Level 1:colcon.colcon_core.package_identification:_identify(examples/rclcpp/actions/minimal_action_client) by extension 'ros'
[0.626s] DEBUG:colcon.colcon_core.package_identification:Package 'examples/rclcpp/actions/minimal_action_client' with type 'ros.ament_cmake' and name 'examples_rclcpp_minimal_action_client'
[0.627s] Level 1:colcon.colcon_core.package_identification:_identify(examples/rclcpp/actions/minimal_action_server) by extensions ['ignore', 'ignore_ament_install']
[0.627s] Level 1:colcon.colcon_core.package_identification:_identify(examples/rclcpp/actions/minimal_action_server) by extension 'ignore'
[0.627s] Level 1:colcon.colcon_core.package_identification:_identify(examples/rclcpp/actions/minimal_action_server) by extension 'ignore_ament_install'
[0.627s] Level 1:colcon.colcon_core.package_identification:_identify(examples/rclcpp/actions/minimal_action_server) by extensions ['colcon_pkg']
[0.627s] Level 1:colcon.colcon_core.package_identification:_identify(examples/rclcpp/actions/minimal_action_server) by extension 'colcon_pkg'
[0.628s] Level 1:colcon.colcon_core.package_identification:_identify(examples/rclcpp/actions/minimal_action_server) by extensions ['colcon_meta']
[0.628s] Level 1:colcon.colcon_core.package_identification:_identify(examples/rclcpp/actions/minimal_action_server) by extension 'colcon_meta'
[0.628s] Level 1:colcon.colcon_core.package_identification:_identify(examples/rclcpp/actions/minimal_action_server) by extensions ['ros']
[0.628s] Level 1:colcon.colcon_core.package_identification:_identify(examples/rclcpp/actions/minimal_action_server) by extension 'ros'
[0.631s] DEBUG:colcon.colcon_core.package_identification:Package 'examples/rclcpp/actions/minimal_action_server' with type 'ros.ament_cmake' and name 'examples_rclcpp_minimal_action_server'
[0.631s] Level 1:colcon.colcon_core.package_identification:_identify(examples/rclcpp/composition) by extensions ['ignore', 'ignore_ament_install']
[0.631s] Level 1:colcon.colcon_core.package_identification:_identify(examples/rclcpp/composition) by extension 'ignore'
[0.631s] Level 1:colcon.colcon_core.package_identification:_identify(examples/rclcpp/composition) by extension 'ignore_ament_install'
[0.632s] Level 1:colcon.colcon_core.package_identification:_identify(examples/rclcpp/composition) by extensions ['colcon_pkg']
[0.632s] Level 1:colcon.colcon_core.package_identification:_identify(examples/rclcpp/composition) by extension 'colcon_pkg'
[0.632s] Level 1:colcon.colcon_core.package_identification:_identify(examples/rclcpp/composition) by extensions ['colcon_meta']
[0.632s] Level 1:colcon.colcon_core.package_identification:_identify(examples/rclcpp/composition) by extension 'colcon_meta'
[0.632s] Level 1:colcon.colcon_core.package_identification:_identify(examples/rclcpp/composition) by extensions ['ros']
[0.632s] Level 1:colcon.colcon_core.package_identification:_identify(examples/rclcpp/composition) by extension 'ros'
[0.633s] Level 1:colcon.colcon_core.package_identification:_identify(examples/rclcpp/composition) by extensions ['cmake', 'python']
[0.633s] Level 1:colcon.colcon_core.package_identification:_identify(examples/rclcpp/composition) by extension 'cmake'
[0.633s] Level 1:colcon.colcon_core.package_identification:_identify(examples/rclcpp/composition) by extension 'python'
[0.633s] Level 1:colcon.colcon_core.package_identification:_identify(examples/rclcpp/composition) by extensions ['python_setup_py']
[0.633s] Level 1:colcon.colcon_core.package_identification:_identify(examples/rclcpp/composition) by extension 'python_setup_py'
[0.634s] Level 1:colcon.colcon_core.package_identification:_identify(examples/rclcpp/composition/minimal_composition) by extensions ['ignore', 'ignore_ament_install']
[0.634s] Level 1:colcon.colcon_core.package_identification:_identify(examples/rclcpp/composition/minimal_composition) by extension 'ignore'
[0.634s] Level 1:colcon.colcon_core.package_identification:_identify(examples/rclcpp/composition/minimal_composition) by extension 'ignore_ament_install'
[0.634s] Level 1:colcon.colcon_core.package_identification:_identify(examples/rclcpp/composition/minimal_composition) by extensions ['colcon_pkg']
[0.635s] Level 1:colcon.colcon_core.package_identification:_identify(examples/rclcpp/composition/minimal_composition) by extension 'colcon_pkg'
[0.635s] Level 1:colcon.colcon_core.package_identification:_identify(examples/rclcpp/composition/minimal_composition) by extensions ['colcon_meta']
[0.635s] Level 1:colcon.colcon_core.package_identification:_identify(examples/rclcpp/composition/minimal_composition) by extension 'colcon_meta'
[0.635s] Level 1:colcon.colcon_core.package_identification:_identify(examples/rclcpp/composition/minimal_composition) by extensions ['ros']
[0.635s] Level 1:colcon.colcon_core.package_identification:_identify(examples/rclcpp/composition/minimal_composition) by extension 'ros'
[0.637s] DEBUG:colcon.colcon_core.package_identification:Package 'examples/rclcpp/composition/minimal_composition' with type 'ros.ament_cmake' and name 'examples_rclcpp_minimal_composition'
[0.638s] Level 1:colcon.colcon_core.package_identification:_identify(examples/rclcpp/executors) by extensions ['ignore', 'ignore_ament_install']
[0.638s] Level 1:colcon.colcon_core.package_identification:_identify(examples/rclcpp/executors) by extension 'ignore'
[0.638s] Level 1:colcon.colcon_core.package_identification:_identify(examples/rclcpp/executors) by extension 'ignore_ament_install'
[0.638s] Level 1:colcon.colcon_core.package_identification:_identify(examples/rclcpp/executors) by extensions ['colcon_pkg']
[0.638s] Level 1:colcon.colcon_core.package_identification:_identify(examples/rclcpp/executors) by extension 'colcon_pkg'
[0.639s] Level 1:colcon.colcon_core.package_identification:_identify(examples/rclcpp/executors) by extensions ['colcon_meta']
[0.639s] Level 1:colcon.colcon_core.package_identification:_identify(examples/rclcpp/executors) by extension 'colcon_meta'
[0.639s] Level 1:colcon.colcon_core.package_identification:_identify(examples/rclcpp/executors) by extensions ['ros']
[0.639s] Level 1:colcon.colcon_core.package_identification:_identify(examples/rclcpp/executors) by extension 'ros'
[0.639s] Level 1:colcon.colcon_core.package_identification:_identify(examples/rclcpp/executors) by extensions ['cmake', 'python']
[0.639s] Level 1:colcon.colcon_core.package_identification:_identify(examples/rclcpp/executors) by extension 'cmake'
[0.640s] Level 1:colcon.colcon_core.package_identification:_identify(examples/rclcpp/executors) by extension 'python'
[0.640s] Level 1:colcon.colcon_core.package_identification:_identify(examples/rclcpp/executors) by extensions ['python_setup_py']
[0.640s] Level 1:colcon.colcon_core.package_identification:_identify(examples/rclcpp/executors) by extension 'python_setup_py'
[0.640s] Level 1:colcon.colcon_core.package_identification:_identify(examples/rclcpp/executors/cbg_executor) by extensions ['ignore', 'ignore_ament_install']
[0.641s] Level 1:colcon.colcon_core.package_identification:_identify(examples/rclcpp/executors/cbg_executor) by extension 'ignore'
[0.641s] Level 1:colcon.colcon_core.package_identification:_identify(examples/rclcpp/executors/cbg_executor) by extension 'ignore_ament_install'
[0.641s] Level 1:colcon.colcon_core.package_identification:_identify(examples/rclcpp/executors/cbg_executor) by extensions ['colcon_pkg']
[0.641s] Level 1:colcon.colcon_core.package_identification:_identify(examples/rclcpp/executors/cbg_executor) by extension 'colcon_pkg'
[0.641s] Level 1:colcon.colcon_core.package_identification:_identify(examples/rclcpp/executors/cbg_executor) by extensions ['colcon_meta']
[0.641s] Level 1:colcon.colcon_core.package_identification:_identify(examples/rclcpp/executors/cbg_executor) by extension 'colcon_meta'
[0.642s] Level 1:colcon.colcon_core.package_identification:_identify(examples/rclcpp/executors/cbg_executor) by extensions ['ros']
[0.642s] Level 1:colcon.colcon_core.package_identification:_identify(examples/rclcpp/executors/cbg_executor) by extension 'ros'
[0.644s] DEBUG:colcon.colcon_core.package_identification:Package 'examples/rclcpp/executors/cbg_executor' with type 'ros.ament_cmake' and name 'examples_rclcpp_cbg_executor'
[0.644s] Level 1:colcon.colcon_core.package_identification:_identify(examples/rclcpp/executors/multithreaded_executor) by extensions ['ignore', 'ignore_ament_install']
[0.645s] Level 1:colcon.colcon_core.package_identification:_identify(examples/rclcpp/executors/multithreaded_executor) by extension 'ignore'
[0.645s] Level 1:colcon.colcon_core.package_identification:_identify(examples/rclcpp/executors/multithreaded_executor) by extension 'ignore_ament_install'
[0.645s] Level 1:colcon.colcon_core.package_identification:_identify(examples/rclcpp/executors/multithreaded_executor) by extensions ['colcon_pkg']
[0.645s] Level 1:colcon.colcon_core.package_identification:_identify(examples/rclcpp/executors/multithreaded_executor) by extension 'colcon_pkg'
[0.645s] Level 1:colcon.colcon_core.package_identification:_identify(examples/rclcpp/executors/multithreaded_executor) by extensions ['colcon_meta']
[0.646s] Level 1:colcon.colcon_core.package_identification:_identify(examples/rclcpp/executors/multithreaded_executor) by extension 'colcon_meta'
[0.646s] Level 1:colcon.colcon_core.package_identification:_identify(examples/rclcpp/executors/multithreaded_executor) by extensions ['ros']
[0.646s] Level 1:colcon.colcon_core.package_identification:_identify(examples/rclcpp/executors/multithreaded_executor) by extension 'ros'
[0.648s] DEBUG:colcon.colcon_core.package_identification:Package 'examples/rclcpp/executors/multithreaded_executor' with type 'ros.ament_cmake' and name 'examples_rclcpp_multithreaded_executor'
[0.648s] Level 1:colcon.colcon_core.package_identification:_identify(examples/rclcpp/services) by extensions ['ignore', 'ignore_ament_install']
[0.649s] Level 1:colcon.colcon_core.package_identification:_identify(examples/rclcpp/services) by extension 'ignore'
[0.649s] Level 1:colcon.colcon_core.package_identification:_identify(examples/rclcpp/services) by extension 'ignore_ament_install'
[0.649s] Level 1:colcon.colcon_core.package_identification:_identify(examples/rclcpp/services) by extensions ['colcon_pkg']
[0.649s] Level 1:colcon.colcon_core.package_identification:_identify(examples/rclcpp/services) by extension 'colcon_pkg'
[0.649s] Level 1:colcon.colcon_core.package_identification:_identify(examples/rclcpp/services) by extensions ['colcon_meta']
[0.650s] Level 1:colcon.colcon_core.package_identification:_identify(examples/rclcpp/services) by extension 'colcon_meta'
[0.650s] Level 1:colcon.colcon_core.package_identification:_identify(examples/rclcpp/services) by extensions ['ros']
[0.650s] Level 1:colcon.colcon_core.package_identification:_identify(examples/rclcpp/services) by extension 'ros'
[0.650s] Level 1:colcon.colcon_core.package_identification:_identify(examples/rclcpp/services) by extensions ['cmake', 'python']
[0.650s] Level 1:colcon.colcon_core.package_identification:_identify(examples/rclcpp/services) by extension 'cmake'
[0.651s] Level 1:colcon.colcon_core.package_identification:_identify(examples/rclcpp/services) by extension 'python'
[0.651s] Level 1:colcon.colcon_core.package_identification:_identify(examples/rclcpp/services) by extensions ['python_setup_py']
[0.651s] Level 1:colcon.colcon_core.package_identification:_identify(examples/rclcpp/services) by extension 'python_setup_py'
[0.651s] Level 1:colcon.colcon_core.package_identification:_identify(examples/rclcpp/services/async_client) by extensions ['ignore', 'ignore_ament_install']
[0.652s] Level 1:colcon.colcon_core.package_identification:_identify(examples/rclcpp/services/async_client) by extension 'ignore'
[0.652s] Level 1:colcon.colcon_core.package_identification:_identify(examples/rclcpp/services/async_client) by extension 'ignore_ament_install'
[0.652s] Level 1:colcon.colcon_core.package_identification:_identify(examples/rclcpp/services/async_client) by extensions ['colcon_pkg']
[0.652s] Level 1:colcon.colcon_core.package_identification:_identify(examples/rclcpp/services/async_client) by extension 'colcon_pkg'
[0.652s] Level 1:colcon.colcon_core.package_identification:_identify(examples/rclcpp/services/async_client) by extensions ['colcon_meta']
[0.652s] Level 1:colcon.colcon_core.package_identification:_identify(examples/rclcpp/services/async_client) by extension 'colcon_meta'
[0.653s] Level 1:colcon.colcon_core.package_identification:_identify(examples/rclcpp/services/async_client) by extensions ['ros']
[0.653s] Level 1:colcon.colcon_core.package_identification:_identify(examples/rclcpp/services/async_client) by extension 'ros'
[0.655s] DEBUG:colcon.colcon_core.package_identification:Package 'examples/rclcpp/services/async_client' with type 'ros.ament_cmake' and name 'examples_rclcpp_async_client'
[0.655s] Level 1:colcon.colcon_core.package_identification:_identify(examples/rclcpp/services/minimal_client) by extensions ['ignore', 'ignore_ament_install']
[0.655s] Level 1:colcon.colcon_core.package_identification:_identify(examples/rclcpp/services/minimal_client) by extension 'ignore'
[0.655s] Level 1:colcon.colcon_core.package_identification:_identify(examples/rclcpp/services/minimal_client) by extension 'ignore_ament_install'
[0.656s] Level 1:colcon.colcon_core.package_identification:_identify(examples/rclcpp/services/minimal_client) by extensions ['colcon_pkg']
[0.656s] Level 1:colcon.colcon_core.package_identification:_identify(examples/rclcpp/services/minimal_client) by extension 'colcon_pkg'
[0.656s] Level 1:colcon.colcon_core.package_identification:_identify(examples/rclcpp/services/minimal_client) by extensions ['colcon_meta']
[0.656s] Level 1:colcon.colcon_core.package_identification:_identify(examples/rclcpp/services/minimal_client) by extension 'colcon_meta'
[0.656s] Level 1:colcon.colcon_core.package_identification:_identify(examples/rclcpp/services/minimal_client) by extensions ['ros']
[0.656s] Level 1:colcon.colcon_core.package_identification:_identify(examples/rclcpp/services/minimal_client) by extension 'ros'
[0.658s] DEBUG:colcon.colcon_core.package_identification:Package 'examples/rclcpp/services/minimal_client' with type 'ros.ament_cmake' and name 'examples_rclcpp_minimal_client'
[0.659s] Level 1:colcon.colcon_core.package_identification:_identify(examples/rclcpp/services/minimal_service) by extensions ['ignore', 'ignore_ament_install']
[0.659s] Level 1:colcon.colcon_core.package_identification:_identify(examples/rclcpp/services/minimal_service) by extension 'ignore'
[0.659s] Level 1:colcon.colcon_core.package_identification:_identify(examples/rclcpp/services/minimal_service) by extension 'ignore_ament_install'
[0.659s] Level 1:colcon.colcon_core.package_identification:_identify(examples/rclcpp/services/minimal_service) by extensions ['colcon_pkg']
[0.659s] Level 1:colcon.colcon_core.package_identification:_identify(examples/rclcpp/services/minimal_service) by extension 'colcon_pkg'
[0.659s] Level 1:colcon.colcon_core.package_identification:_identify(examples/rclcpp/services/minimal_service) by extensions ['colcon_meta']
[0.660s] Level 1:colcon.colcon_core.package_identification:_identify(examples/rclcpp/services/minimal_service) by extension 'colcon_meta'
[0.660s] Level 1:colcon.colcon_core.package_identification:_identify(examples/rclcpp/services/minimal_service) by extensions ['ros']
[0.660s] Level 1:colcon.colcon_core.package_identification:_identify(examples/rclcpp/services/minimal_service) by extension 'ros'
[0.662s] DEBUG:colcon.colcon_core.package_identification:Package 'examples/rclcpp/services/minimal_service' with type 'ros.ament_cmake' and name 'examples_rclcpp_minimal_service'
[0.662s] Level 1:colcon.colcon_core.package_identification:_identify(examples/rclcpp/timers) by extensions ['ignore', 'ignore_ament_install']
[0.663s] Level 1:colcon.colcon_core.package_identification:_identify(examples/rclcpp/timers) by extension 'ignore'
[0.663s] Level 1:colcon.colcon_core.package_identification:_identify(examples/rclcpp/timers) by extension 'ignore_ament_install'
[0.663s] Level 1:colcon.colcon_core.package_identification:_identify(examples/rclcpp/timers) by extensions ['colcon_pkg']
[0.663s] Level 1:colcon.colcon_core.package_identification:_identify(examples/rclcpp/timers) by extension 'colcon_pkg'
[0.663s] Level 1:colcon.colcon_core.package_identification:_identify(examples/rclcpp/timers) by extensions ['colcon_meta']
[0.663s] Level 1:colcon.colcon_core.package_identification:_identify(examples/rclcpp/timers) by extension 'colcon_meta'
[0.664s] Level 1:colcon.colcon_core.package_identification:_identify(examples/rclcpp/timers) by extensions ['ros']
[0.664s] Level 1:colcon.colcon_core.package_identification:_identify(examples/rclcpp/timers) by extension 'ros'
[0.664s] Level 1:colcon.colcon_core.package_identification:_identify(examples/rclcpp/timers) by extensions ['cmake', 'python']
[0.664s] Level 1:colcon.colcon_core.package_identification:_identify(examples/rclcpp/timers) by extension 'cmake'
[0.664s] Level 1:colcon.colcon_core.package_identification:_identify(examples/rclcpp/timers) by extension 'python'
[0.664s] Level 1:colcon.colcon_core.package_identification:_identify(examples/rclcpp/timers) by extensions ['python_setup_py']
[0.664s] Level 1:colcon.colcon_core.package_identification:_identify(examples/rclcpp/timers) by extension 'python_setup_py'
[0.665s] Level 1:colcon.colcon_core.package_identification:_identify(examples/rclcpp/timers/minimal_timer) by extensions ['ignore', 'ignore_ament_install']
[0.665s] Level 1:colcon.colcon_core.package_identification:_identify(examples/rclcpp/timers/minimal_timer) by extension 'ignore'
[0.665s] Level 1:colcon.colcon_core.package_identification:_identify(examples/rclcpp/timers/minimal_timer) by extension 'ignore_ament_install'
[0.666s] Level 1:colcon.colcon_core.package_identification:_identify(examples/rclcpp/timers/minimal_timer) by extensions ['colcon_pkg']
[0.666s] Level 1:colcon.colcon_core.package_identification:_identify(examples/rclcpp/timers/minimal_timer) by extension 'colcon_pkg'
[0.666s] Level 1:colcon.colcon_core.package_identification:_identify(examples/rclcpp/timers/minimal_timer) by extensions ['colcon_meta']
[0.666s] Level 1:colcon.colcon_core.package_identification:_identify(examples/rclcpp/timers/minimal_timer) by extension 'colcon_meta'
[0.666s] Level 1:colcon.colcon_core.package_identification:_identify(examples/rclcpp/timers/minimal_timer) by extensions ['ros']
[0.666s] Level 1:colcon.colcon_core.package_identification:_identify(examples/rclcpp/timers/minimal_timer) by extension 'ros'
[0.668s] DEBUG:colcon.colcon_core.package_identification:Package 'examples/rclcpp/timers/minimal_timer' with type 'ros.ament_cmake' and name 'examples_rclcpp_minimal_timer'
[0.669s] Level 1:colcon.colcon_core.package_identification:_identify(examples/rclcpp/topics) by extensions ['ignore', 'ignore_ament_install']
[0.669s] Level 1:colcon.colcon_core.package_identification:_identify(examples/rclcpp/topics) by extension 'ignore'
[0.669s] Level 1:colcon.colcon_core.package_identification:_identify(examples/rclcpp/topics) by extension 'ignore_ament_install'
[0.669s] Level 1:colcon.colcon_core.package_identification:_identify(examples/rclcpp/topics) by extensions ['colcon_pkg']
[0.669s] Level 1:colcon.colcon_core.package_identification:_identify(examples/rclcpp/topics) by extension 'colcon_pkg'
[0.670s] Level 1:colcon.colcon_core.package_identification:_identify(examples/rclcpp/topics) by extensions ['colcon_meta']
[0.670s] Level 1:colcon.colcon_core.package_identification:_identify(examples/rclcpp/topics) by extension 'colcon_meta'
[0.670s] Level 1:colcon.colcon_core.package_identification:_identify(examples/rclcpp/topics) by extensions ['ros']
[0.670s] Level 1:colcon.colcon_core.package_identification:_identify(examples/rclcpp/topics) by extension 'ros'
[0.671s] Level 1:colcon.colcon_core.package_identification:_identify(examples/rclcpp/topics) by extensions ['cmake', 'python']
[0.671s] Level 1:colcon.colcon_core.package_identification:_identify(examples/rclcpp/topics) by extension 'cmake'
[0.671s] Level 1:colcon.colcon_core.package_identification:_identify(examples/rclcpp/topics) by extension 'python'
[0.671s] Level 1:colcon.colcon_core.package_identification:_identify(examples/rclcpp/topics) by extensions ['python_setup_py']
[0.671s] Level 1:colcon.colcon_core.package_identification:_identify(examples/rclcpp/topics) by extension 'python_setup_py'
[0.672s] Level 1:colcon.colcon_core.package_identification:_identify(examples/rclcpp/topics/minimal_publisher) by extensions ['ignore', 'ignore_ament_install']
[0.672s] Level 1:colcon.colcon_core.package_identification:_identify(examples/rclcpp/topics/minimal_publisher) by extension 'ignore'
[0.672s] Level 1:colcon.colcon_core.package_identification:_identify(examples/rclcpp/topics/minimal_publisher) by extension 'ignore_ament_install'
[0.672s] Level 1:colcon.colcon_core.package_identification:_identify(examples/rclcpp/topics/minimal_publisher) by extensions ['colcon_pkg']
[0.672s] Level 1:colcon.colcon_core.package_identification:_identify(examples/rclcpp/topics/minimal_publisher) by extension 'colcon_pkg'
[0.672s] Level 1:colcon.colcon_core.package_identification:_identify(examples/rclcpp/topics/minimal_publisher) by extensions ['colcon_meta']
[0.673s] Level 1:colcon.colcon_core.package_identification:_identify(examples/rclcpp/topics/minimal_publisher) by extension 'colcon_meta'
[0.673s] Level 1:colcon.colcon_core.package_identification:_identify(examples/rclcpp/topics/minimal_publisher) by extensions ['ros']
[0.673s] Level 1:colcon.colcon_core.package_identification:_identify(examples/rclcpp/topics/minimal_publisher) by extension 'ros'
[0.675s] DEBUG:colcon.colcon_core.package_identification:Package 'examples/rclcpp/topics/minimal_publisher' with type 'ros.ament_cmake' and name 'examples_rclcpp_minimal_publisher'
[0.676s] Level 1:colcon.colcon_core.package_identification:_identify(examples/rclcpp/topics/minimal_subscriber) by extensions ['ignore', 'ignore_ament_install']
[0.676s] Level 1:colcon.colcon_core.package_identification:_identify(examples/rclcpp/topics/minimal_subscriber) by extension 'ignore'
[0.676s] Level 1:colcon.colcon_core.package_identification:_identify(examples/rclcpp/topics/minimal_subscriber) by extension 'ignore_ament_install'
[0.676s] Level 1:colcon.colcon_core.package_identification:_identify(examples/rclcpp/topics/minimal_subscriber) by extensions ['colcon_pkg']
[0.677s] Level 1:colcon.colcon_core.package_identification:_identify(examples/rclcpp/topics/minimal_subscriber) by extension 'colcon_pkg'
[0.677s] Level 1:colcon.colcon_core.package_identification:_identify(examples/rclcpp/topics/minimal_subscriber) by extensions ['colcon_meta']
[0.677s] Level 1:colcon.colcon_core.package_identification:_identify(examples/rclcpp/topics/minimal_subscriber) by extension 'colcon_meta'
[0.677s] Level 1:colcon.colcon_core.package_identification:_identify(examples/rclcpp/topics/minimal_subscriber) by extensions ['ros']
[0.677s] Level 1:colcon.colcon_core.package_identification:_identify(examples/rclcpp/topics/minimal_subscriber) by extension 'ros'
[0.679s] DEBUG:colcon.colcon_core.package_identification:Package 'examples/rclcpp/topics/minimal_subscriber' with type 'ros.ament_cmake' and name 'examples_rclcpp_minimal_subscriber'
[0.679s] Level 1:colcon.colcon_core.package_identification:_identify(examples/rclcpp/wait_set) by extensions ['ignore', 'ignore_ament_install']
[0.680s] Level 1:colcon.colcon_core.package_identification:_identify(examples/rclcpp/wait_set) by extension 'ignore'
[0.680s] Level 1:colcon.colcon_core.package_identification:_identify(examples/rclcpp/wait_set) by extension 'ignore_ament_install'
[0.680s] Level 1:colcon.colcon_core.package_identification:_identify(examples/rclcpp/wait_set) by extensions ['colcon_pkg']
[0.680s] Level 1:colcon.colcon_core.package_identification:_identify(examples/rclcpp/wait_set) by extension 'colcon_pkg'
[0.680s] Level 1:colcon.colcon_core.package_identification:_identify(examples/rclcpp/wait_set) by extensions ['colcon_meta']
[0.681s] Level 1:colcon.colcon_core.package_identification:_identify(examples/rclcpp/wait_set) by extension 'colcon_meta'
[0.681s] Level 1:colcon.colcon_core.package_identification:_identify(examples/rclcpp/wait_set) by extensions ['ros']
[0.681s] Level 1:colcon.colcon_core.package_identification:_identify(examples/rclcpp/wait_set) by extension 'ros'
[0.683s] DEBUG:colcon.colcon_core.package_identification:Package 'examples/rclcpp/wait_set' with type 'ros.ament_cmake' and name 'examples_rclcpp_wait_set'
[0.683s] Level 1:colcon.colcon_core.package_identification:_identify(examples/rclpy) by extensions ['ignore', 'ignore_ament_install']
[0.684s] Level 1:colcon.colcon_core.package_identification:_identify(examples/rclpy) by extension 'ignore'
[0.684s] Level 1:colcon.colcon_core.package_identification:_identify(examples/rclpy) by extension 'ignore_ament_install'
[0.684s] Level 1:colcon.colcon_core.package_identification:_identify(examples/rclpy) by extensions ['colcon_pkg']
[0.684s] Level 1:colcon.colcon_core.package_identification:_identify(examples/rclpy) by extension 'colcon_pkg'
[0.684s] Level 1:colcon.colcon_core.package_identification:_identify(examples/rclpy) by extensions ['colcon_meta']
[0.684s] Level 1:colcon.colcon_core.package_identification:_identify(examples/rclpy) by extension 'colcon_meta'
[0.685s] Level 1:colcon.colcon_core.package_identification:_identify(examples/rclpy) by extensions ['ros']
[0.685s] Level 1:colcon.colcon_core.package_identification:_identify(examples/rclpy) by extension 'ros'
[0.685s] Level 1:colcon.colcon_core.package_identification:_identify(examples/rclpy) by extensions ['cmake', 'python']
[0.685s] Level 1:colcon.colcon_core.package_identification:_identify(examples/rclpy) by extension 'cmake'
[0.685s] Level 1:colcon.colcon_core.package_identification:_identify(examples/rclpy) by extension 'python'
[0.686s] Level 1:colcon.colcon_core.package_identification:_identify(examples/rclpy) by extensions ['python_setup_py']
[0.686s] Level 1:colcon.colcon_core.package_identification:_identify(examples/rclpy) by extension 'python_setup_py'
[0.686s] Level 1:colcon.colcon_core.package_identification:_identify(examples/rclpy/actions) by extensions ['ignore', 'ignore_ament_install']
[0.686s] Level 1:colcon.colcon_core.package_identification:_identify(examples/rclpy/actions) by extension 'ignore'
[0.687s] Level 1:colcon.colcon_core.package_identification:_identify(examples/rclpy/actions) by extension 'ignore_ament_install'
[0.687s] Level 1:colcon.colcon_core.package_identification:_identify(examples/rclpy/actions) by extensions ['colcon_pkg']
[0.687s] Level 1:colcon.colcon_core.package_identification:_identify(examples/rclpy/actions) by extension 'colcon_pkg'
[0.687s] Level 1:colcon.colcon_core.package_identification:_identify(examples/rclpy/actions) by extensions ['colcon_meta']
[0.687s] Level 1:colcon.colcon_core.package_identification:_identify(examples/rclpy/actions) by extension 'colcon_meta'
[0.687s] Level 1:colcon.colcon_core.package_identification:_identify(examples/rclpy/actions) by extensions ['ros']
[0.688s] Level 1:colcon.colcon_core.package_identification:_identify(examples/rclpy/actions) by extension 'ros'
[0.688s] Level 1:colcon.colcon_core.package_identification:_identify(examples/rclpy/actions) by extensions ['cmake', 'python']
[0.688s] Level 1:colcon.colcon_core.package_identification:_identify(examples/rclpy/actions) by extension 'cmake'
[0.688s] Level 1:colcon.colcon_core.package_identification:_identify(examples/rclpy/actions) by extension 'python'
[0.688s] Level 1:colcon.colcon_core.package_identification:_identify(examples/rclpy/actions) by extensions ['python_setup_py']
[0.688s] Level 1:colcon.colcon_core.package_identification:_identify(examples/rclpy/actions) by extension 'python_setup_py'
[0.689s] Level 1:colcon.colcon_core.package_identification:_identify(examples/rclpy/actions/minimal_action_client) by extensions ['ignore', 'ignore_ament_install']
[0.689s] Level 1:colcon.colcon_core.package_identification:_identify(examples/rclpy/actions/minimal_action_client) by extension 'ignore'
[0.689s] Level 1:colcon.colcon_core.package_identification:_identify(examples/rclpy/actions/minimal_action_client) by extension 'ignore_ament_install'
[0.690s] Level 1:colcon.colcon_core.package_identification:_identify(examples/rclpy/actions/minimal_action_client) by extensions ['colcon_pkg']
[0.690s] Level 1:colcon.colcon_core.package_identification:_identify(examples/rclpy/actions/minimal_action_client) by extension 'colcon_pkg'
[0.690s] Level 1:colcon.colcon_core.package_identification:_identify(examples/rclpy/actions/minimal_action_client) by extensions ['colcon_meta']
[0.690s] Level 1:colcon.colcon_core.package_identification:_identify(examples/rclpy/actions/minimal_action_client) by extension 'colcon_meta'
[0.690s] Level 1:colcon.colcon_core.package_identification:_identify(examples/rclpy/actions/minimal_action_client) by extensions ['ros']
[0.690s] Level 1:colcon.colcon_core.package_identification:_identify(examples/rclpy/actions/minimal_action_client) by extension 'ros'
[0.692s] DEBUG:colcon.colcon_core.package_identification:Package 'examples/rclpy/actions/minimal_action_client' with type 'ros.ament_python' and name 'examples_rclpy_minimal_action_client'
[0.693s] Level 1:colcon.colcon_core.package_identification:_identify(examples/rclpy/actions/minimal_action_server) by extensions ['ignore', 'ignore_ament_install']
[0.693s] Level 1:colcon.colcon_core.package_identification:_identify(examples/rclpy/actions/minimal_action_server) by extension 'ignore'
[0.693s] Level 1:colcon.colcon_core.package_identification:_identify(examples/rclpy/actions/minimal_action_server) by extension 'ignore_ament_install'
[0.694s] Level 1:colcon.colcon_core.package_identification:_identify(examples/rclpy/actions/minimal_action_server) by extensions ['colcon_pkg']
[0.694s] Level 1:colcon.colcon_core.package_identification:_identify(examples/rclpy/actions/minimal_action_server) by extension 'colcon_pkg'
[0.694s] Level 1:colcon.colcon_core.package_identification:_identify(examples/rclpy/actions/minimal_action_server) by extensions ['colcon_meta']
[0.694s] Level 1:colcon.colcon_core.package_identification:_identify(examples/rclpy/actions/minimal_action_server) by extension 'colcon_meta'
[0.694s] Level 1:colcon.colcon_core.package_identification:_identify(examples/rclpy/actions/minimal_action_server) by extensions ['ros']
[0.695s] Level 1:colcon.colcon_core.package_identification:_identify(examples/rclpy/actions/minimal_action_server) by extension 'ros'
[0.697s] DEBUG:colcon.colcon_core.package_identification:Package 'examples/rclpy/actions/minimal_action_server' with type 'ros.ament_python' and name 'examples_rclpy_minimal_action_server'
[0.698s] Level 1:colcon.colcon_core.package_identification:_identify(examples/rclpy/executors) by extensions ['ignore', 'ignore_ament_install']
[0.698s] Level 1:colcon.colcon_core.package_identification:_identify(examples/rclpy/executors) by extension 'ignore'
[0.698s] Level 1:colcon.colcon_core.package_identification:_identify(examples/rclpy/executors) by extension 'ignore_ament_install'
[0.699s] Level 1:colcon.colcon_core.package_identification:_identify(examples/rclpy/executors) by extensions ['colcon_pkg']
[0.699s] Level 1:colcon.colcon_core.package_identification:_identify(examples/rclpy/executors) by extension 'colcon_pkg'
[0.699s] Level 1:colcon.colcon_core.package_identification:_identify(examples/rclpy/executors) by extensions ['colcon_meta']
[0.699s] Level 1:colcon.colcon_core.package_identification:_identify(examples/rclpy/executors) by extension 'colcon_meta'
[0.699s] Level 1:colcon.colcon_core.package_identification:_identify(examples/rclpy/executors) by extensions ['ros']
[0.700s] Level 1:colcon.colcon_core.package_identification:_identify(examples/rclpy/executors) by extension 'ros'
[0.702s] DEBUG:colcon.colcon_core.package_identification:Package 'examples/rclpy/executors' with type 'ros.ament_python' and name 'examples_rclpy_executors'
[0.702s] Level 1:colcon.colcon_core.package_identification:_identify(examples/rclpy/guard_conditions) by extensions ['ignore', 'ignore_ament_install']
[0.703s] Level 1:colcon.colcon_core.package_identification:_identify(examples/rclpy/guard_conditions) by extension 'ignore'
[0.703s] Level 1:colcon.colcon_core.package_identification:_identify(examples/rclpy/guard_conditions) by extension 'ignore_ament_install'
[0.703s] Level 1:colcon.colcon_core.package_identification:_identify(examples/rclpy/guard_conditions) by extensions ['colcon_pkg']
[0.703s] Level 1:colcon.colcon_core.package_identification:_identify(examples/rclpy/guard_conditions) by extension 'colcon_pkg'
[0.703s] Level 1:colcon.colcon_core.package_identification:_identify(examples/rclpy/guard_conditions) by extensions ['colcon_meta']
[0.704s] Level 1:colcon.colcon_core.package_identification:_identify(examples/rclpy/guard_conditions) by extension 'colcon_meta'
[0.704s] Level 1:colcon.colcon_core.package_identification:_identify(examples/rclpy/guard_conditions) by extensions ['ros']
[0.704s] Level 1:colcon.colcon_core.package_identification:_identify(examples/rclpy/guard_conditions) by extension 'ros'
[0.706s] DEBUG:colcon.colcon_core.package_identification:Package 'examples/rclpy/guard_conditions' with type 'ros.ament_python' and name 'examples_rclpy_guard_conditions'
[0.706s] Level 1:colcon.colcon_core.package_identification:_identify(examples/rclpy/services) by extensions ['ignore', 'ignore_ament_install']
[0.707s] Level 1:colcon.colcon_core.package_identification:_identify(examples/rclpy/services) by extension 'ignore'
[0.707s] Level 1:colcon.colcon_core.package_identification:_identify(examples/rclpy/services) by extension 'ignore_ament_install'
[0.707s] Level 1:colcon.colcon_core.package_identification:_identify(examples/rclpy/services) by extensions ['colcon_pkg']
[0.707s] Level 1:colcon.colcon_core.package_identification:_identify(examples/rclpy/services) by extension 'colcon_pkg'
[0.707s] Level 1:colcon.colcon_core.package_identification:_identify(examples/rclpy/services) by extensions ['colcon_meta']
[0.708s] Level 1:colcon.colcon_core.package_identification:_identify(examples/rclpy/services) by extension 'colcon_meta'
[0.708s] Level 1:colcon.colcon_core.package_identification:_identify(examples/rclpy/services) by extensions ['ros']
[0.708s] Level 1:colcon.colcon_core.package_identification:_identify(examples/rclpy/services) by extension 'ros'
[0.708s] Level 1:colcon.colcon_core.package_identification:_identify(examples/rclpy/services) by extensions ['cmake', 'python']
[0.708s] Level 1:colcon.colcon_core.package_identification:_identify(examples/rclpy/services) by extension 'cmake'
[0.709s] Level 1:colcon.colcon_core.package_identification:_identify(examples/rclpy/services) by extension 'python'
[0.709s] Level 1:colcon.colcon_core.package_identification:_identify(examples/rclpy/services) by extensions ['python_setup_py']
[0.709s] Level 1:colcon.colcon_core.package_identification:_identify(examples/rclpy/services) by extension 'python_setup_py'
[0.709s] Level 1:colcon.colcon_core.package_identification:_identify(examples/rclpy/services/minimal_client) by extensions ['ignore', 'ignore_ament_install']
[0.710s] Level 1:colcon.colcon_core.package_identification:_identify(examples/rclpy/services/minimal_client) by extension 'ignore'
[0.710s] Level 1:colcon.colcon_core.package_identification:_identify(examples/rclpy/services/minimal_client) by extension 'ignore_ament_install'
[0.710s] Level 1:colcon.colcon_core.package_identification:_identify(examples/rclpy/services/minimal_client) by extensions ['colcon_pkg']
[0.710s] Level 1:colcon.colcon_core.package_identification:_identify(examples/rclpy/services/minimal_client) by extension 'colcon_pkg'
[0.710s] Level 1:colcon.colcon_core.package_identification:_identify(examples/rclpy/services/minimal_client) by extensions ['colcon_meta']
[0.711s] Level 1:colcon.colcon_core.package_identification:_identify(examples/rclpy/services/minimal_client) by extension 'colcon_meta'
[0.711s] Level 1:colcon.colcon_core.package_identification:_identify(examples/rclpy/services/minimal_client) by extensions ['ros']
[0.711s] Level 1:colcon.colcon_core.package_identification:_identify(examples/rclpy/services/minimal_client) by extension 'ros'
[0.713s] DEBUG:colcon.colcon_core.package_identification:Package 'examples/rclpy/services/minimal_client' with type 'ros.ament_python' and name 'examples_rclpy_minimal_client'
[0.713s] Level 1:colcon.colcon_core.package_identification:_identify(examples/rclpy/services/minimal_service) by extensions ['ignore', 'ignore_ament_install']
[0.714s] Level 1:colcon.colcon_core.package_identification:_identify(examples/rclpy/services/minimal_service) by extension 'ignore'
[0.714s] Level 1:colcon.colcon_core.package_identification:_identify(examples/rclpy/services/minimal_service) by extension 'ignore_ament_install'
[0.714s] Level 1:colcon.colcon_core.package_identification:_identify(examples/rclpy/services/minimal_service) by extensions ['colcon_pkg']
[0.714s] Level 1:colcon.colcon_core.package_identification:_identify(examples/rclpy/services/minimal_service) by extension 'colcon_pkg'
[0.714s] Level 1:colcon.colcon_core.package_identification:_identify(examples/rclpy/services/minimal_service) by extensions ['colcon_meta']
[0.715s] Level 1:colcon.colcon_core.package_identification:_identify(examples/rclpy/services/minimal_service) by extension 'colcon_meta'
[0.715s] Level 1:colcon.colcon_core.package_identification:_identify(examples/rclpy/services/minimal_service) by extensions ['ros']
[0.715s] Level 1:colcon.colcon_core.package_identification:_identify(examples/rclpy/services/minimal_service) by extension 'ros'
[0.717s] DEBUG:colcon.colcon_core.package_identification:Package 'examples/rclpy/services/minimal_service' with type 'ros.ament_python' and name 'examples_rclpy_minimal_service'
[0.717s] Level 1:colcon.colcon_core.package_identification:_identify(examples/rclpy/topics) by extensions ['ignore', 'ignore_ament_install']
[0.717s] Level 1:colcon.colcon_core.package_identification:_identify(examples/rclpy/topics) by extension 'ignore'
[0.718s] Level 1:colcon.colcon_core.package_identification:_identify(examples/rclpy/topics) by extension 'ignore_ament_install'
[0.718s] Level 1:colcon.colcon_core.package_identification:_identify(examples/rclpy/topics) by extensions ['colcon_pkg']
[0.718s] Level 1:colcon.colcon_core.package_identification:_identify(examples/rclpy/topics) by extension 'colcon_pkg'
[0.718s] Level 1:colcon.colcon_core.package_identification:_identify(examples/rclpy/topics) by extensions ['colcon_meta']
[0.718s] Level 1:colcon.colcon_core.package_identification:_identify(examples/rclpy/topics) by extension 'colcon_meta'
[0.719s] Level 1:colcon.colcon_core.package_identification:_identify(examples/rclpy/topics) by extensions ['ros']
[0.719s] Level 1:colcon.colcon_core.package_identification:_identify(examples/rclpy/topics) by extension 'ros'
[0.719s] Level 1:colcon.colcon_core.package_identification:_identify(examples/rclpy/topics) by extensions ['cmake', 'python']
[0.719s] Level 1:colcon.colcon_core.package_identification:_identify(examples/rclpy/topics) by extension 'cmake'
[0.719s] Level 1:colcon.colcon_core.package_identification:_identify(examples/rclpy/topics) by extension 'python'
[0.720s] Level 1:colcon.colcon_core.package_identification:_identify(examples/rclpy/topics) by extensions ['python_setup_py']
[0.720s] Level 1:colcon.colcon_core.package_identification:_identify(examples/rclpy/topics) by extension 'python_setup_py'
[0.720s] Level 1:colcon.colcon_core.package_identification:_identify(examples/rclpy/topics/minimal_publisher) by extensions ['ignore', 'ignore_ament_install']
[0.720s] Level 1:colcon.colcon_core.package_identification:_identify(examples/rclpy/topics/minimal_publisher) by extension 'ignore'
[0.721s] Level 1:colcon.colcon_core.package_identification:_identify(examples/rclpy/topics/minimal_publisher) by extension 'ignore_ament_install'
[0.721s] Level 1:colcon.colcon_core.package_identification:_identify(examples/rclpy/topics/minimal_publisher) by extensions ['colcon_pkg']
[0.721s] Level 1:colcon.colcon_core.package_identification:_identify(examples/rclpy/topics/minimal_publisher) by extension 'colcon_pkg'
[0.721s] Level 1:colcon.colcon_core.package_identification:_identify(examples/rclpy/topics/minimal_publisher) by extensions ['colcon_meta']
[0.721s] Level 1:colcon.colcon_core.package_identification:_identify(examples/rclpy/topics/minimal_publisher) by extension 'colcon_meta'
[0.721s] Level 1:colcon.colcon_core.package_identification:_identify(examples/rclpy/topics/minimal_publisher) by extensions ['ros']
[0.722s] Level 1:colcon.colcon_core.package_identification:_identify(examples/rclpy/topics/minimal_publisher) by extension 'ros'
[0.724s] DEBUG:colcon.colcon_core.package_identification:Package 'examples/rclpy/topics/minimal_publisher' with type 'ros.ament_python' and name 'examples_rclpy_minimal_publisher'
[0.724s] Level 1:colcon.colcon_core.package_identification:_identify(examples/rclpy/topics/minimal_subscriber) by extensions ['ignore', 'ignore_ament_install']
[0.725s] Level 1:colcon.colcon_core.package_identification:_identify(examples/rclpy/topics/minimal_subscriber) by extension 'ignore'
[0.725s] Level 1:colcon.colcon_core.package_identification:_identify(examples/rclpy/topics/minimal_subscriber) by extension 'ignore_ament_install'
[0.725s] Level 1:colcon.colcon_core.package_identification:_identify(examples/rclpy/topics/minimal_subscriber) by extensions ['colcon_pkg']
[0.726s] Level 1:colcon.colcon_core.package_identification:_identify(examples/rclpy/topics/minimal_subscriber) by extension 'colcon_pkg'
[0.726s] Level 1:colcon.colcon_core.package_identification:_identify(examples/rclpy/topics/minimal_subscriber) by extensions ['colcon_meta']
[0.726s] Level 1:colcon.colcon_core.package_identification:_identify(examples/rclpy/topics/minimal_subscriber) by extension 'colcon_meta'
[0.726s] Level 1:colcon.colcon_core.package_identification:_identify(examples/rclpy/topics/minimal_subscriber) by extensions ['ros']
[0.726s] Level 1:colcon.colcon_core.package_identification:_identify(examples/rclpy/topics/minimal_subscriber) by extension 'ros'
[0.728s] DEBUG:colcon.colcon_core.package_identification:Package 'examples/rclpy/topics/minimal_subscriber' with type 'ros.ament_python' and name 'examples_rclpy_minimal_subscriber'
[0.729s] Level 1:colcon.colcon_core.package_identification:_identify(examples/rclpy/topics/pointcloud_publisher) by extensions ['ignore', 'ignore_ament_install']
[0.729s] Level 1:colcon.colcon_core.package_identification:_identify(examples/rclpy/topics/pointcloud_publisher) by extension 'ignore'
[0.729s] Level 1:colcon.colcon_core.package_identification:_identify(examples/rclpy/topics/pointcloud_publisher) by extension 'ignore_ament_install'
[0.729s] Level 1:colcon.colcon_core.package_identification:_identify(examples/rclpy/topics/pointcloud_publisher) by extensions ['colcon_pkg']
[0.729s] Level 1:colcon.colcon_core.package_identification:_identify(examples/rclpy/topics/pointcloud_publisher) by extension 'colcon_pkg'
[0.729s] Level 1:colcon.colcon_core.package_identification:_identify(examples/rclpy/topics/pointcloud_publisher) by extensions ['colcon_meta']
[0.730s] Level 1:colcon.colcon_core.package_identification:_identify(examples/rclpy/topics/pointcloud_publisher) by extension 'colcon_meta'
[0.730s] Level 1:colcon.colcon_core.package_identification:_identify(examples/rclpy/topics/pointcloud_publisher) by extensions ['ros']
[0.730s] Level 1:colcon.colcon_core.package_identification:_identify(examples/rclpy/topics/pointcloud_publisher) by extension 'ros'
[0.732s] DEBUG:colcon.colcon_core.package_identification:Package 'examples/rclpy/topics/pointcloud_publisher' with type 'ros.ament_python' and name 'examples_rclpy_pointcloud_publisher'
[0.732s] Level 1:colcon.colcon_core.package_identification:_identify(install) by extensions ['ignore', 'ignore_ament_install']
[0.732s] Level 1:colcon.colcon_core.package_identification:_identify(install) by extension 'ignore'
[0.733s] Level 1:colcon.colcon_core.package_identification:_identify(install) ignored
[0.733s] Level 1:colcon.colcon_core.package_identification:_identify(log) by extensions ['ignore', 'ignore_ament_install']
[0.734s] Level 1:colcon.colcon_core.package_identification:_identify(log) by extension 'ignore'
[0.734s] Level 1:colcon.colcon_core.package_identification:_identify(log) ignored
[0.734s] Level 1:colcon.colcon_core.package_identification:_identify(publisher_subscriber) by extensions ['ignore', 'ignore_ament_install']
[0.735s] Level 1:colcon.colcon_core.package_identification:_identify(publisher_subscriber) by extension 'ignore'
[0.735s] Level 1:colcon.colcon_core.package_identification:_identify(publisher_subscriber) by extension 'ignore_ament_install'
[0.735s] Level 1:colcon.colcon_core.package_identification:_identify(publisher_subscriber) by extensions ['colcon_pkg']
[0.735s] Level 1:colcon.colcon_core.package_identification:_identify(publisher_subscriber) by extension 'colcon_pkg'
[0.735s] Level 1:colcon.colcon_core.package_identification:_identify(publisher_subscriber) by extensions ['colcon_meta']
[0.735s] Level 1:colcon.colcon_core.package_identification:_identify(publisher_subscriber) by extension 'colcon_meta'
[0.736s] Level 1:colcon.colcon_core.package_identification:_identify(publisher_subscriber) by extensions ['ros']
[0.736s] Level 1:colcon.colcon_core.package_identification:_identify(publisher_subscriber) by extension 'ros'
[0.738s] DEBUG:colcon.colcon_core.package_identification:Package 'publisher_subscriber' with type 'ros.ament_cmake' and name 'publisher_subscriber'
[0.738s] Level 1:colcon.colcon_core.package_identification:_identify(src) by extensions ['ignore', 'ignore_ament_install']
[0.739s] Level 1:colcon.colcon_core.package_identification:_identify(src) by extension 'ignore'
[0.739s] Level 1:colcon.colcon_core.package_identification:_identify(src) by extension 'ignore_ament_install'
[0.739s] Level 1:colcon.colcon_core.package_identification:_identify(src) by extensions ['colcon_pkg']
[0.739s] Level 1:colcon.colcon_core.package_identification:_identify(src) by extension 'colcon_pkg'
[0.739s] Level 1:colcon.colcon_core.package_identification:_identify(src) by extensions ['colcon_meta']
[0.739s] Level 1:colcon.colcon_core.package_identification:_identify(src) by extension 'colcon_meta'
[0.740s] Level 1:colcon.colcon_core.package_identification:_identify(src) by extensions ['ros']
[0.740s] Level 1:colcon.colcon_core.package_identification:_identify(src) by extension 'ros'
[0.740s] Level 1:colcon.colcon_core.package_identification:_identify(src) by extensions ['cmake', 'python']
[0.740s] Level 1:colcon.colcon_core.package_identification:_identify(src) by extension 'cmake'
[0.740s] Level 1:colcon.colcon_core.package_identification:_identify(src) by extension 'python'
[0.740s] Level 1:colcon.colcon_core.package_identification:_identify(src) by extensions ['python_setup_py']
[0.740s] Level 1:colcon.colcon_core.package_identification:_identify(src) by extension 'python_setup_py'
[0.741s] Level 1:colcon.colcon_core.package_identification:_identify(src/cpp_pubsub) by extensions ['ignore', 'ignore_ament_install']
[0.741s] Level 1:colcon.colcon_core.package_identification:_identify(src/cpp_pubsub) by extension 'ignore'
[0.741s] Level 1:colcon.colcon_core.package_identification:_identify(src/cpp_pubsub) by extension 'ignore_ament_install'
[0.742s] Level 1:colcon.colcon_core.package_identification:_identify(src/cpp_pubsub) by extensions ['colcon_pkg']
[0.742s] Level 1:colcon.colcon_core.package_identification:_identify(src/cpp_pubsub) by extension 'colcon_pkg'
[0.742s] Level 1:colcon.colcon_core.package_identification:_identify(src/cpp_pubsub) by extensions ['colcon_meta']
[0.742s] Level 1:colcon.colcon_core.package_identification:_identify(src/cpp_pubsub) by extension 'colcon_meta'
[0.742s] Level 1:colcon.colcon_core.package_identification:_identify(src/cpp_pubsub) by extensions ['ros']
[0.742s] Level 1:colcon.colcon_core.package_identification:_identify(src/cpp_pubsub) by extension 'ros'
[0.744s] DEBUG:colcon.colcon_core.package_identification:Package 'src/cpp_pubsub' with type 'ros.ament_cmake' and name 'cpp_pubsub'
[0.744s] Level 1:colcon.colcon_core.package_identification:_identify(src/manual_pubsub) by extensions ['ignore', 'ignore_ament_install']
[0.744s] Level 1:colcon.colcon_core.package_identification:_identify(src/manual_pubsub) by extension 'ignore'
[0.745s] Level 1:colcon.colcon_core.package_identification:_identify(src/manual_pubsub) by extension 'ignore_ament_install'
[0.745s] Level 1:colcon.colcon_core.package_identification:_identify(src/manual_pubsub) by extensions ['colcon_pkg']
[0.745s] Level 1:colcon.colcon_core.package_identification:_identify(src/manual_pubsub) by extension 'colcon_pkg'
[0.745s] Level 1:colcon.colcon_core.package_identification:_identify(src/manual_pubsub) by extensions ['colcon_meta']
[0.745s] Level 1:colcon.colcon_core.package_identification:_identify(src/manual_pubsub) by extension 'colcon_meta'
[0.745s] Level 1:colcon.colcon_core.package_identification:_identify(src/manual_pubsub) by extensions ['ros']
[0.746s] Level 1:colcon.colcon_core.package_identification:_identify(src/manual_pubsub) by extension 'ros'
[0.747s] DEBUG:colcon.colcon_core.package_identification:Package 'src/manual_pubsub' with type 'ros.ament_cmake' and name 'manual_pubsub'
[0.748s] Level 1:colcon.colcon_core.package_identification:_identify(src/robosub) by extensions ['ignore', 'ignore_ament_install']
[0.748s] Level 1:colcon.colcon_core.package_identification:_identify(src/robosub) by extension 'ignore'
[0.748s] Level 1:colcon.colcon_core.package_identification:_identify(src/robosub) by extension 'ignore_ament_install'
[0.748s] Level 1:colcon.colcon_core.package_identification:_identify(src/robosub) by extensions ['colcon_pkg']
[0.748s] Level 1:colcon.colcon_core.package_identification:_identify(src/robosub) by extension 'colcon_pkg'
[0.748s] Level 1:colcon.colcon_core.package_identification:_identify(src/robosub) by extensions ['colcon_meta']
[0.749s] Level 1:colcon.colcon_core.package_identification:_identify(src/robosub) by extension 'colcon_meta'
[0.749s] Level 1:colcon.colcon_core.package_identification:_identify(src/robosub) by extensions ['ros']
[0.749s] Level 1:colcon.colcon_core.package_identification:_identify(src/robosub) by extension 'ros'
[0.752s] DEBUG:colcon.colcon_core.package_identification:Package 'src/robosub' with type 'ros.ament_cmake' and name 'robosub'
[0.752s] Level 1:colcon.colcon_core.package_discovery:discover_packages(recursive) using defaults
[0.752s] Level 1:colcon.colcon_core.package_discovery:discover_packages(ignore) discover
[0.752s] Level 1:colcon.colcon_core.package_discovery:discover_packages(ignore) using defaults
[0.752s] Level 1:colcon.colcon_core.package_discovery:discover_packages(path) discover
[0.752s] Level 1:colcon.colcon_core.package_discovery:discover_packages(path) using defaults
[0.851s] INFO:colcon.colcon_core.package_selection:Skipping not selected package 'cpp_pubsub' in 'src/cpp_pubsub'
[0.852s] INFO:colcon.colcon_core.package_selection:Skipping not selected package 'examples_rclcpp_async_client' in 'examples/rclcpp/services/async_client'
[0.852s] INFO:colcon.colcon_core.package_selection:Skipping not selected package 'examples_rclcpp_cbg_executor' in 'examples/rclcpp/executors/cbg_executor'
[0.852s] INFO:colcon.colcon_core.package_selection:Skipping not selected package 'examples_rclcpp_minimal_action_client' in 'examples/rclcpp/actions/minimal_action_client'
[0.852s] INFO:colcon.colcon_core.package_selection:Skipping not selected package 'examples_rclcpp_minimal_action_server' in 'examples/rclcpp/actions/minimal_action_server'
[0.852s] INFO:colcon.colcon_core.package_selection:Skipping not selected package 'examples_rclcpp_minimal_client' in 'examples/rclcpp/services/minimal_client'
[0.852s] INFO:colcon.colcon_core.package_selection:Skipping not selected package 'examples_rclcpp_minimal_composition' in 'examples/rclcpp/composition/minimal_composition'
[0.852s] INFO:colcon.colcon_core.package_selection:Skipping not selected package 'examples_rclcpp_minimal_publisher' in 'examples/rclcpp/topics/minimal_publisher'
[0.852s] INFO:colcon.colcon_core.package_selection:Skipping not selected package 'examples_rclcpp_minimal_service' in 'examples/rclcpp/services/minimal_service'
[0.853s] INFO:colcon.colcon_core.package_selection:Skipping not selected package 'examples_rclcpp_minimal_subscriber' in 'examples/rclcpp/topics/minimal_subscriber'
[0.853s] INFO:colcon.colcon_core.package_selection:Skipping not selected package 'examples_rclcpp_minimal_timer' in 'examples/rclcpp/timers/minimal_timer'
[0.853s] INFO:colcon.colcon_core.package_selection:Skipping not selected package 'examples_rclcpp_multithreaded_executor' in 'examples/rclcpp/executors/multithreaded_executor'
[0.853s] INFO:colcon.colcon_core.package_selection:Skipping not selected package 'examples_rclcpp_wait_set' in 'examples/rclcpp/wait_set'
[0.853s] INFO:colcon.colcon_core.package_selection:Skipping not selected package 'examples_rclpy_executors' in 'examples/rclpy/executors'
[0.853s] INFO:colcon.colcon_core.package_selection:Skipping not selected package 'examples_rclpy_guard_conditions' in 'examples/rclpy/guard_conditions'
[0.853s] INFO:colcon.colcon_core.package_selection:Skipping not selected package 'examples_rclpy_minimal_action_client' in 'examples/rclpy/actions/minimal_action_client'
[0.853s] INFO:colcon.colcon_core.package_selection:Skipping not selected package 'examples_rclpy_minimal_action_server' in 'examples/rclpy/actions/minimal_action_server'
[0.853s] INFO:colcon.colcon_core.package_selection:Skipping not selected package 'examples_rclpy_minimal_client' in 'examples/rclpy/services/minimal_client'
[0.854s] INFO:colcon.colcon_core.package_selection:Skipping not selected package 'examples_rclpy_minimal_publisher' in 'examples/rclpy/topics/minimal_publisher'
[0.854s] INFO:colcon.colcon_core.package_selection:Skipping not selected package 'examples_rclpy_minimal_service' in 'examples/rclpy/services/minimal_service'
[0.854s] INFO:colcon.colcon_core.package_selection:Skipping not selected package 'examples_rclpy_minimal_subscriber' in 'examples/rclpy/topics/minimal_subscriber'
[0.854s] INFO:colcon.colcon_core.package_selection:Skipping not selected package 'examples_rclpy_pointcloud_publisher' in 'examples/rclpy/topics/pointcloud_publisher'
[0.854s] INFO:colcon.colcon_core.package_selection:Skipping not selected package 'launch_testing_examples' in 'examples/launch_testing/launch_testing_examples'
[0.854s] INFO:colcon.colcon_core.package_selection:Skipping not selected package 'publisher_subscriber' in 'publisher_subscriber'
[0.854s] INFO:colcon.colcon_core.package_selection:Skipping not selected package 'robosub' in 'src/robosub'
[0.857s] Level 1:colcon.colcon_core.package_discovery:discover_packages(prefix_path) check parameters
[0.857s] Level 1:colcon.colcon_core.package_discovery:discover_packages(prefix_path) discover
[0.867s] DEBUG:colcon.colcon_installed_package_information.package_discovery:Found 263 installed packages in /opt/ros/foxy
[0.874s] Level 1:colcon.colcon_core.package_discovery:discover_packages(prefix_path) using defaults
[1.111s] Level 5:colcon.colcon_core.verb:set package 'manual_pubsub' build argument 'cmake_args' from command line to 'None'
[1.112s] Level 5:colcon.colcon_core.verb:set package 'manual_pubsub' build argument 'cmake_target' from command line to 'None'
[1.112s] Level 5:colcon.colcon_core.verb:set package 'manual_pubsub' build argument 'cmake_target_skip_unavailable' from command line to 'False'
[1.112s] Level 5:colcon.colcon_core.verb:set package 'manual_pubsub' build argument 'cmake_clean_cache' from command line to 'False'
[1.112s] Level 5:colcon.colcon_core.verb:set package 'manual_pubsub' build argument 'cmake_clean_first' from command line to 'False'
[1.112s] Level 5:colcon.colcon_core.verb:set package 'manual_pubsub' build argument 'cmake_force_configure' from command line to 'False'
[1.112s] Level 5:colcon.colcon_core.verb:set package 'manual_pubsub' build argument 'ament_cmake_args' from command line to 'None'
[1.113s] Level 5:colcon.colcon_core.verb:set package 'manual_pubsub' build argument 'catkin_cmake_args' from command line to 'None'
[1.113s] Level 5:colcon.colcon_core.verb:set package 'manual_pubsub' build argument 'catkin_skip_building_tests' from command line to 'False'
[1.113s] DEBUG:colcon.colcon_core.verb:Building package 'manual_pubsub' with the following arguments: {'ament_cmake_args': None, 'build_base': '/home/lur/controller/build/manual_pubsub', 'catkin_cmake_args': None, 'catkin_skip_building_tests': False, 'cmake_args': None, 'cmake_clean_cache': False, 'cmake_clean_first': False, 'cmake_force_configure': False, 'cmake_target': None, 'cmake_target_skip_unavailable': False, 'install_base': '/home/lur/controller/install/manual_pubsub', 'merge_install': False, 'path': '/home/lur/controller/src/manual_pubsub', 'symlink_install': False, 'test_result_base': None}
[1.114s] INFO:colcon.colcon_core.executor:Executing jobs using 'parallel' executor
[1.121s] DEBUG:colcon.colcon_parallel_executor.executor.parallel:run_until_complete
[1.122s] INFO:colcon.colcon_ros.task.ament_cmake.build:Building ROS package in '/home/lur/controller/src/manual_pubsub' with build type 'ament_cmake'
[1.123s] INFO:colcon.colcon_cmake.task.cmake.build:Building CMake package in '/home/lur/controller/src/manual_pubsub'
[1.138s] INFO:colcon.colcon_core.plugin_system:Skipping extension 'colcon_core.shell.bat': Not used on non-Windows systems
[1.139s] INFO:colcon.colcon_core.shell:Skip shell extension 'powershell' for command environment: Not usable outside of PowerShell
[1.139s] DEBUG:colcon.colcon_core.shell:Skip shell extension 'dsv' for command environment
[1.194s] DEBUG:colcon.colcon_core.event_handler.log_command:Invoking command in '/home/lur/controller/build/manual_pubsub': CMAKE_PREFIX_PATH=/opt/ros/foxy /usr/bin/cmake --build /home/lur/controller/build/manual_pubsub -- -j4 -l4
[12.185s] DEBUG:colcon.colcon_core.event_handler.log_command:Invoked command in '/home/lur/controller/build/manual_pubsub' returned '0': CMAKE_PREFIX_PATH=/opt/ros/foxy /usr/bin/cmake --build /home/lur/controller/build/manual_pubsub -- -j4 -l4
[12.330s] DEBUG:colcon.colcon_core.event_handler.log_command:Invoking command in '/home/lur/controller/build/manual_pubsub': CMAKE_PREFIX_PATH=/opt/ros/foxy /usr/bin/cmake --install /home/lur/controller/build/manual_pubsub
[12.380s] Level 1:colcon.colcon_core.environment:create_environment_scripts_only(manual_pubsub)
[12.391s] DEBUG:colcon.colcon_core.event_handler.log_command:Invoked command in '/home/lur/controller/build/manual_pubsub' returned '0': CMAKE_PREFIX_PATH=/opt/ros/foxy /usr/bin/cmake --install /home/lur/controller/build/manual_pubsub
[12.414s] Level 1:colcon.colcon_core.environment:checking '/home/lur/controller/install/manual_pubsub' for CMake module files
[12.416s] Level 1:colcon.colcon_core.environment:checking '/home/lur/controller/install/manual_pubsub' for CMake config files
[12.418s] Level 1:colcon.colcon_core.shell:create_environment_hook('manual_pubsub', 'cmake_prefix_path')
[12.420s] INFO:colcon.colcon_core.shell:Creating environment hook '/home/lur/controller/install/manual_pubsub/share/manual_pubsub/hook/cmake_prefix_path.ps1'
[12.423s] INFO:colcon.colcon_core.shell:Creating environment descriptor '/home/lur/controller/install/manual_pubsub/share/manual_pubsub/hook/cmake_prefix_path.dsv'
[12.425s] INFO:colcon.colcon_core.shell:Creating environment hook '/home/lur/controller/install/manual_pubsub/share/manual_pubsub/hook/cmake_prefix_path.sh'
[12.429s] Level 1:colcon.colcon_core.environment:checking '/home/lur/controller/install/manual_pubsub/lib'
[12.430s] Level 1:colcon.colcon_core.environment:checking '/home/lur/controller/install/manual_pubsub/bin'
[12.430s] Level 1:colcon.colcon_core.environment:checking '/home/lur/controller/install/manual_pubsub/lib/pkgconfig/manual_pubsub.pc'
[12.431s] Level 1:colcon.colcon_core.environment:checking '/home/lur/controller/install/manual_pubsub/lib/python3.8/site-packages'
[12.432s] Level 1:colcon.colcon_core.environment:checking '/home/lur/controller/install/manual_pubsub/bin'
[12.434s] INFO:colcon.colcon_core.shell:Creating package script '/home/lur/controller/install/manual_pubsub/share/manual_pubsub/package.ps1'
[12.437s] INFO:colcon.colcon_core.shell:Creating package descriptor '/home/lur/controller/install/manual_pubsub/share/manual_pubsub/package.dsv'
[12.439s] INFO:colcon.colcon_core.shell:Creating package script '/home/lur/controller/install/manual_pubsub/share/manual_pubsub/package.sh'
[12.441s] INFO:colcon.colcon_core.shell:Creating package script '/home/lur/controller/install/manual_pubsub/share/manual_pubsub/package.bash'
[12.444s] INFO:colcon.colcon_core.shell:Creating package script '/home/lur/controller/install/manual_pubsub/share/manual_pubsub/package.zsh'
[12.446s] Level 1:colcon.colcon_core.environment:create_file_with_runtime_dependencies(/home/lur/controller/install/manual_pubsub/share/colcon-core/packages/manual_pubsub)
[12.543s] Level 1:colcon.colcon_core.environment:create_environment_scripts_only(manual_pubsub)
[12.549s] Level 1:colcon.colcon_core.environment:checking '/home/lur/controller/install/manual_pubsub' for CMake module files
[12.553s] Level 1:colcon.colcon_core.environment:checking '/home/lur/controller/install/manual_pubsub' for CMake config files
[12.555s] Level 1:colcon.colcon_core.shell:create_environment_hook('manual_pubsub', 'cmake_prefix_path')
[12.557s] INFO:colcon.colcon_core.shell:Creating environment hook '/home/lur/controller/install/manual_pubsub/share/manual_pubsub/hook/cmake_prefix_path.ps1'
[12.560s] INFO:colcon.colcon_core.shell:Creating environment descriptor '/home/lur/controller/install/manual_pubsub/share/manual_pubsub/hook/cmake_prefix_path.dsv'
[12.564s] INFO:colcon.colcon_core.shell:Creating environment hook '/home/lur/controller/install/manual_pubsub/share/manual_pubsub/hook/cmake_prefix_path.sh'
[12.567s] Level 1:colcon.colcon_core.environment:checking '/home/lur/controller/install/manual_pubsub/lib'
[12.567s] Level 1:colcon.colcon_core.environment:checking '/home/lur/controller/install/manual_pubsub/bin'
[12.568s] Level 1:colcon.colcon_core.environment:checking '/home/lur/controller/install/manual_pubsub/lib/pkgconfig/manual_pubsub.pc'
[12.569s] Level 1:colcon.colcon_core.environment:checking '/home/lur/controller/install/manual_pubsub/lib/python3.8/site-packages'
[12.569s] Level 1:colcon.colcon_core.environment:checking '/home/lur/controller/install/manual_pubsub/bin'
[12.571s] INFO:colcon.colcon_core.shell:Creating package script '/home/lur/controller/install/manual_pubsub/share/manual_pubsub/package.ps1'
[12.574s] INFO:colcon.colcon_core.shell:Creating package descriptor '/home/lur/controller/install/manual_pubsub/share/manual_pubsub/package.dsv'
[12.576s] INFO:colcon.colcon_core.shell:Creating package script '/home/lur/controller/install/manual_pubsub/share/manual_pubsub/package.sh'
[12.578s] INFO:colcon.colcon_core.shell:Creating package script '/home/lur/controller/install/manual_pubsub/share/manual_pubsub/package.bash'
[12.579s] INFO:colcon.colcon_core.shell:Creating package script '/home/lur/controller/install/manual_pubsub/share/manual_pubsub/package.zsh'
[12.581s] Level 1:colcon.colcon_core.environment:create_file_with_runtime_dependencies(/home/lur/controller/install/manual_pubsub/share/colcon-core/packages/manual_pubsub)
[12.582s] DEBUG:colcon.colcon_parallel_executor.executor.parallel:closing loop
[12.583s] DEBUG:colcon.colcon_parallel_executor.executor.parallel:loop closed
[12.583s] DEBUG:colcon.colcon_parallel_executor.executor.parallel:run_until_complete finished with '0'
[12.583s] DEBUG:colcon.colcon_core.event_reactor:joining thread
[12.611s] INFO:colcon.colcon_core.plugin_system:Skipping extension 'colcon_notification.desktop_notification.terminal_notifier': Not used on non-Darwin systems
[12.611s] INFO:colcon.colcon_core.plugin_system:Skipping extension 'colcon_notification.desktop_notification.win32': Not used on non-Windows systems
[12.612s] INFO:colcon.colcon_notification.desktop_notification:Sending desktop notification using 'notify2'
[12.666s] DEBUG:colcon.colcon_core.event_reactor:joined thread
[12.670s] INFO:colcon.colcon_core.shell:Creating prefix script '/home/lur/controller/install/local_setup.ps1'
[12.674s] INFO:colcon.colcon_core.shell:Creating prefix util module '/home/lur/controller/install/_local_setup_util_ps1.py'
[12.679s] INFO:colcon.colcon_core.shell:Creating prefix chain script '/home/lur/controller/install/setup.ps1'
[12.683s] INFO:colcon.colcon_core.shell:Creating prefix script '/home/lur/controller/install/local_setup.sh'
[12.686s] INFO:colcon.colcon_core.shell:Creating prefix util module '/home/lur/controller/install/_local_setup_util_sh.py'
[12.688s] INFO:colcon.colcon_core.shell:Creating prefix chain script '/home/lur/controller/install/setup.sh'
[12.692s] INFO:colcon.colcon_core.shell:Creating prefix script '/home/lur/controller/install/local_setup.bash'
[12.693s] INFO:colcon.colcon_core.shell:Creating prefix chain script '/home/lur/controller/install/setup.bash'
[12.697s] INFO:colcon.colcon_core.shell:Creating prefix script '/home/lur/controller/install/local_setup.zsh'
[12.699s] INFO:colcon.colcon_core.shell:Creating prefix chain script '/home/lur/controller/install/setup.zsh'
