[0.964s] DEBUG:colcon:Command line arguments: ['/usr/bin/colcon', 'build']
[0.965s] DEBUG:colcon:Parsed command line arguments: Namespace(allow_overriding=[], ament_cmake_args=None, base_paths=['.'], build_base='build', catkin_cmake_args=None, catkin_skip_building_tests=False, cmake_args=None, cmake_clean_cache=False, cmake_clean_first=False, cmake_force_configure=False, cmake_target=None, cmake_target_skip_unavailable=False, continue_on_error=False, event_handlers=None, executor='parallel', ignore_user_meta=False, install_base='install', log_base=None, log_level=None, main=<bound method BuildVerb.main of <colcon_core.verb.build.BuildVerb object at 0xffffbb39e760>>, merge_install=False, metas=['./colcon.meta'], packages_above=None, packages_above_and_dependencies=None, packages_above_depth=None, packages_end=None, packages_ignore=None, packages_ignore_regex=None, packages_select=None, packages_select_build_failed=False, packages_select_by_dep=None, packages_select_regex=None, packages_select_test_failures=False, packages_skip=None, packages_skip_build_finished=False, packages_skip_by_dep=None, packages_skip_regex=None, packages_skip_test_passed=False, packages_skip_up_to=None, packages_start=None, packages_up_to=None, packages_up_to_regex=None, parallel_workers=4, paths=None, symlink_install=False, test_result_base=None, verb_extension=<colcon_core.verb.build.BuildVerb object at 0xffffbb39e760>, verb_name='build', verb_parser=<colcon_defaults.argument_parser.defaults.DefaultArgumentsDecorator object at 0xffffbb39eca0>)
[1.132s] Level 1:colcon.colcon_core.package_discovery:discover_packages(colcon_meta) check parameters
[1.133s] Level 1:colcon.colcon_core.package_discovery:discover_packages(recursive) check parameters
[1.133s] Level 1:colcon.colcon_core.package_discovery:discover_packages(ignore) check parameters
[1.133s] Level 1:colcon.colcon_core.package_discovery:discover_packages(path) check parameters
[1.133s] Level 1:colcon.colcon_core.package_discovery:discover_packages(colcon_meta) discover
[1.134s] Level 1:colcon.colcon_core.package_discovery:discover_packages(recursive) discover
[1.134s] INFO:colcon.colcon_core.package_discovery:Crawling recursively for packages in '/home/lur/controller'
[1.134s] Level 1:colcon.colcon_core.package_identification:_identify(.) by extensions ['ignore', 'ignore_ament_install']
[1.135s] Level 1:colcon.colcon_core.package_identification:_identify(.) by extension 'ignore'
[1.135s] Level 1:colcon.colcon_core.package_identification:_identify(.) by extension 'ignore_ament_install'
[1.135s] Level 1:colcon.colcon_core.package_identification:_identify(.) by extensions ['colcon_pkg']
[1.135s] Level 1:colcon.colcon_core.package_identification:_identify(.) by extension 'colcon_pkg'
[1.136s] Level 1:colcon.colcon_core.package_identification:_identify(.) by extensions ['colcon_meta']
[1.136s] Level 1:colcon.colcon_core.package_identification:_identify(.) by extension 'colcon_meta'
[1.136s] Level 1:colcon.colcon_core.package_identification:_identify(.) by extensions ['ros']
[1.136s] Level 1:colcon.colcon_core.package_identification:_identify(.) by extension 'ros'
[1.191s] Level 1:colcon.colcon_core.package_identification:_identify(.) by extensions ['cmake', 'python']
[1.191s] Level 1:colcon.colcon_core.package_identification:_identify(.) by extension 'cmake'
[1.192s] Level 1:colcon.colcon_core.package_identification:_identify(.) by extension 'python'
[1.192s] Level 1:colcon.colcon_core.package_identification:_identify(.) by extensions ['python_setup_py']
[1.192s] Level 1:colcon.colcon_core.package_identification:_identify(.) by extension 'python_setup_py'
[1.193s] Level 1:colcon.colcon_core.package_identification:_identify(build) by extensions ['ignore', 'ignore_ament_install']
[1.193s] Level 1:colcon.colcon_core.package_identification:_identify(build) by extension 'ignore'
[1.193s] Level 1:colcon.colcon_core.package_identification:_identify(build) ignored
[1.194s] Level 1:colcon.colcon_core.package_identification:_identify(install) by extensions ['ignore', 'ignore_ament_install']
[1.194s] Level 1:colcon.colcon_core.package_identification:_identify(install) by extension 'ignore'
[1.194s] Level 1:colcon.colcon_core.package_identification:_identify(install) ignored
[1.195s] Level 1:colcon.colcon_core.package_identification:_identify(log) by extensions ['ignore', 'ignore_ament_install']
[1.195s] Level 1:colcon.colcon_core.package_identification:_identify(log) by extension 'ignore'
[1.195s] Level 1:colcon.colcon_core.package_identification:_identify(log) ignored
[1.196s] Level 1:colcon.colcon_core.package_identification:_identify(src) by extensions ['ignore', 'ignore_ament_install']
[1.196s] Level 1:colcon.colcon_core.package_identification:_identify(src) by extension 'ignore'
[1.196s] Level 1:colcon.colcon_core.package_identification:_identify(src) by extension 'ignore_ament_install'
[1.196s] Level 1:colcon.colcon_core.package_identification:_identify(src) by extensions ['colcon_pkg']
[1.196s] Level 1:colcon.colcon_core.package_identification:_identify(src) by extension 'colcon_pkg'
[1.197s] Level 1:colcon.colcon_core.package_identification:_identify(src) by extensions ['colcon_meta']
[1.197s] Level 1:colcon.colcon_core.package_identification:_identify(src) by extension 'colcon_meta'
[1.197s] Level 1:colcon.colcon_core.package_identification:_identify(src) by extensions ['ros']
[1.197s] Level 1:colcon.colcon_core.package_identification:_identify(src) by extension 'ros'
[1.198s] Level 1:colcon.colcon_core.package_identification:_identify(src) by extensions ['cmake', 'python']
[1.198s] Level 1:colcon.colcon_core.package_identification:_identify(src) by extension 'cmake'
[1.198s] Level 1:colcon.colcon_core.package_identification:_identify(src) by extension 'python'
[1.198s] Level 1:colcon.colcon_core.package_identification:_identify(src) by extensions ['python_setup_py']
[1.198s] Level 1:colcon.colcon_core.package_identification:_identify(src) by extension 'python_setup_py'
[1.199s] Level 1:colcon.colcon_core.package_identification:_identify(src/robosub) by extensions ['ignore', 'ignore_ament_install']
[1.199s] Level 1:colcon.colcon_core.package_identification:_identify(src/robosub) by extension 'ignore'
[1.199s] Level 1:colcon.colcon_core.package_identification:_identify(src/robosub) by extension 'ignore_ament_install'
[1.199s] Level 1:colcon.colcon_core.package_identification:_identify(src/robosub) by extensions ['colcon_pkg']
[1.199s] Level 1:colcon.colcon_core.package_identification:_identify(src/robosub) by extension 'colcon_pkg'
[1.200s] Level 1:colcon.colcon_core.package_identification:_identify(src/robosub) by extensions ['colcon_meta']
[1.200s] Level 1:colcon.colcon_core.package_identification:_identify(src/robosub) by extension 'colcon_meta'
[1.200s] Level 1:colcon.colcon_core.package_identification:_identify(src/robosub) by extensions ['ros']
[1.200s] Level 1:colcon.colcon_core.package_identification:_identify(src/robosub) by extension 'ros'
[1.220s] DEBUG:colcon.colcon_core.package_identification:Package 'src/robosub' with type 'ros.ament_cmake' and name 'robosub'
[1.221s] Level 1:colcon.colcon_core.package_discovery:discover_packages(recursive) using defaults
[1.221s] Level 1:colcon.colcon_core.package_discovery:discover_packages(ignore) discover
[1.221s] Level 1:colcon.colcon_core.package_discovery:discover_packages(ignore) using defaults
[1.221s] Level 1:colcon.colcon_core.package_discovery:discover_packages(path) discover
[1.221s] Level 1:colcon.colcon_core.package_discovery:discover_packages(path) using defaults
[1.309s] Level 1:colcon.colcon_core.package_discovery:discover_packages(prefix_path) check parameters
[1.309s] Level 1:colcon.colcon_core.package_discovery:discover_packages(prefix_path) discover
[1.326s] DEBUG:colcon.colcon_installed_package_information.package_discovery:Found 263 installed packages in /opt/ros/foxy
[1.334s] Level 1:colcon.colcon_core.package_discovery:discover_packages(prefix_path) using defaults
[1.701s] Level 5:colcon.colcon_core.verb:set package 'robosub' build argument 'cmake_args' from command line to 'None'
[1.701s] Level 5:colcon.colcon_core.verb:set package 'robosub' build argument 'cmake_target' from command line to 'None'
[1.702s] Level 5:colcon.colcon_core.verb:set package 'robosub' build argument 'cmake_target_skip_unavailable' from command line to 'False'
[1.702s] Level 5:colcon.colcon_core.verb:set package 'robosub' build argument 'cmake_clean_cache' from command line to 'False'
[1.702s] Level 5:colcon.colcon_core.verb:set package 'robosub' build argument 'cmake_clean_first' from command line to 'False'
[1.702s] Level 5:colcon.colcon_core.verb:set package 'robosub' build argument 'cmake_force_configure' from command line to 'False'
[1.702s] Level 5:colcon.colcon_core.verb:set package 'robosub' build argument 'ament_cmake_args' from command line to 'None'
[1.702s] Level 5:colcon.colcon_core.verb:set package 'robosub' build argument 'catkin_cmake_args' from command line to 'None'
[1.703s] Level 5:colcon.colcon_core.verb:set package 'robosub' build argument 'catkin_skip_building_tests' from command line to 'False'
[1.703s] DEBUG:colcon.colcon_core.verb:Building package 'robosub' with the following arguments: {'ament_cmake_args': None, 'build_base': '/home/lur/controller/build/robosub', 'catkin_cmake_args': None, 'catkin_skip_building_tests': False, 'cmake_args': None, 'cmake_clean_cache': False, 'cmake_clean_first': False, 'cmake_force_configure': False, 'cmake_target': None, 'cmake_target_skip_unavailable': False, 'install_base': '/home/lur/controller/install/robosub', 'merge_install': False, 'path': '/home/lur/controller/src/robosub', 'symlink_install': False, 'test_result_base': None}
[1.704s] INFO:colcon.colcon_core.executor:Executing jobs using 'parallel' executor
[1.712s] DEBUG:colcon.colcon_parallel_executor.executor.parallel:run_until_complete
[1.713s] INFO:colcon.colcon_ros.task.ament_cmake.build:Building ROS package in '/home/lur/controller/src/robosub' with build type 'ament_cmake'
[1.714s] INFO:colcon.colcon_cmake.task.cmake.build:Building CMake package in '/home/lur/controller/src/robosub'
[1.748s] INFO:colcon.colcon_core.plugin_system:Skipping extension 'colcon_core.shell.bat': Not used on non-Windows systems
[1.749s] INFO:colcon.colcon_core.shell:Skip shell extension 'powershell' for command environment: Not usable outside of PowerShell
[1.749s] DEBUG:colcon.colcon_core.shell:Skip shell extension 'dsv' for command environment
[1.805s] DEBUG:colcon.colcon_core.event_handler.log_command:Invoking command in '/home/lur/controller/build/robosub': CMAKE_PREFIX_PATH=/opt/ros/foxy /usr/bin/cmake --build /home/lur/controller/build/robosub -- -j4 -l4
[22.203s] DEBUG:colcon.colcon_core.event_handler.log_command:Invoked command in '/home/lur/controller/build/robosub' returned '0': CMAKE_PREFIX_PATH=/opt/ros/foxy /usr/bin/cmake --build /home/lur/controller/build/robosub -- -j4 -l4
[22.351s] DEBUG:colcon.colcon_core.event_handler.log_command:Invoking command in '/home/lur/controller/build/robosub': CMAKE_PREFIX_PATH=/opt/ros/foxy /usr/bin/cmake --install /home/lur/controller/build/robosub
[22.417s] Level 1:colcon.colcon_core.environment:create_environment_scripts_only(robosub)
[22.423s] DEBUG:colcon.colcon_core.event_handler.log_command:Invoked command in '/home/lur/controller/build/robosub' returned '0': CMAKE_PREFIX_PATH=/opt/ros/foxy /usr/bin/cmake --install /home/lur/controller/build/robosub
[22.463s] Level 1:colcon.colcon_core.environment:checking '/home/lur/controller/install/robosub' for CMake module files
[22.468s] Level 1:colcon.colcon_core.environment:checking '/home/lur/controller/install/robosub' for CMake config files
[22.471s] Level 1:colcon.colcon_core.shell:create_environment_hook('robosub', 'cmake_prefix_path')
[22.474s] INFO:colcon.colcon_core.shell:Creating environment hook '/home/lur/controller/install/robosub/share/robosub/hook/cmake_prefix_path.ps1'
[22.479s] INFO:colcon.colcon_core.shell:Creating environment descriptor '/home/lur/controller/install/robosub/share/robosub/hook/cmake_prefix_path.dsv'
[22.481s] INFO:colcon.colcon_core.shell:Creating environment hook '/home/lur/controller/install/robosub/share/robosub/hook/cmake_prefix_path.sh'
[22.486s] Level 1:colcon.colcon_core.environment:checking '/home/lur/controller/install/robosub/lib'
[22.487s] Level 1:colcon.colcon_core.environment:checking '/home/lur/controller/install/robosub/bin'
[22.487s] Level 1:colcon.colcon_core.environment:checking '/home/lur/controller/install/robosub/lib/pkgconfig/robosub.pc'
[22.488s] Level 1:colcon.colcon_core.environment:checking '/home/lur/controller/install/robosub/lib/python3.8/site-packages'
[22.489s] Level 1:colcon.colcon_core.environment:checking '/home/lur/controller/install/robosub/bin'
[22.491s] INFO:colcon.colcon_core.shell:Creating package script '/home/lur/controller/install/robosub/share/robosub/package.ps1'
[22.494s] INFO:colcon.colcon_core.shell:Creating package descriptor '/home/lur/controller/install/robosub/share/robosub/package.dsv'
[22.497s] INFO:colcon.colcon_core.shell:Creating package script '/home/lur/controller/install/robosub/share/robosub/package.sh'
[22.501s] INFO:colcon.colcon_core.shell:Creating package script '/home/lur/controller/install/robosub/share/robosub/package.bash'
[22.504s] INFO:colcon.colcon_core.shell:Creating package script '/home/lur/controller/install/robosub/share/robosub/package.zsh'
[22.508s] Level 1:colcon.colcon_core.environment:create_file_with_runtime_dependencies(/home/lur/controller/install/robosub/share/colcon-core/packages/robosub)
[22.606s] Level 1:colcon.colcon_core.environment:create_environment_scripts_only(robosub)
[22.612s] Level 1:colcon.colcon_core.environment:checking '/home/lur/controller/install/robosub' for CMake module files
[22.615s] Level 1:colcon.colcon_core.environment:checking '/home/lur/controller/install/robosub' for CMake config files
[22.617s] Level 1:colcon.colcon_core.shell:create_environment_hook('robosub', 'cmake_prefix_path')
[22.618s] INFO:colcon.colcon_core.shell:Creating environment hook '/home/lur/controller/install/robosub/share/robosub/hook/cmake_prefix_path.ps1'
[22.621s] INFO:colcon.colcon_core.shell:Creating environment descriptor '/home/lur/controller/install/robosub/share/robosub/hook/cmake_prefix_path.dsv'
[22.623s] INFO:colcon.colcon_core.shell:Creating environment hook '/home/lur/controller/install/robosub/share/robosub/hook/cmake_prefix_path.sh'
[22.626s] Level 1:colcon.colcon_core.environment:checking '/home/lur/controller/install/robosub/lib'
[22.626s] Level 1:colcon.colcon_core.environment:checking '/home/lur/controller/install/robosub/bin'
[22.627s] Level 1:colcon.colcon_core.environment:checking '/home/lur/controller/install/robosub/lib/pkgconfig/robosub.pc'
[22.628s] Level 1:colcon.colcon_core.environment:checking '/home/lur/controller/install/robosub/lib/python3.8/site-packages'
[22.629s] Level 1:colcon.colcon_core.environment:checking '/home/lur/controller/install/robosub/bin'
[22.631s] INFO:colcon.colcon_core.shell:Creating package script '/home/lur/controller/install/robosub/share/robosub/package.ps1'
[22.633s] INFO:colcon.colcon_core.shell:Creating package descriptor '/home/lur/controller/install/robosub/share/robosub/package.dsv'
[22.635s] INFO:colcon.colcon_core.shell:Creating package script '/home/lur/controller/install/robosub/share/robosub/package.sh'
[22.637s] INFO:colcon.colcon_core.shell:Creating package script '/home/lur/controller/install/robosub/share/robosub/package.bash'
[22.640s] INFO:colcon.colcon_core.shell:Creating package script '/home/lur/controller/install/robosub/share/robosub/package.zsh'
[22.641s] Level 1:colcon.colcon_core.environment:create_file_with_runtime_dependencies(/home/lur/controller/install/robosub/share/colcon-core/packages/robosub)
[22.643s] DEBUG:colcon.colcon_parallel_executor.executor.parallel:closing loop
[22.645s] DEBUG:colcon.colcon_parallel_executor.executor.parallel:loop closed
[22.646s] DEBUG:colcon.colcon_parallel_executor.executor.parallel:run_until_complete finished with '0'
[22.646s] DEBUG:colcon.colcon_core.event_reactor:joining thread
[22.675s] INFO:colcon.colcon_core.plugin_system:Skipping extension 'colcon_notification.desktop_notification.terminal_notifier': Not used on non-Darwin systems
[22.676s] INFO:colcon.colcon_core.plugin_system:Skipping extension 'colcon_notification.desktop_notification.win32': Not used on non-Windows systems
[22.676s] INFO:colcon.colcon_notification.desktop_notification:Sending desktop notification using 'notify2'
[22.761s] DEBUG:colcon.colcon_core.event_reactor:joined thread
[22.764s] INFO:colcon.colcon_core.shell:Creating prefix script '/home/lur/controller/install/local_setup.ps1'
[22.771s] INFO:colcon.colcon_core.shell:Creating prefix util module '/home/lur/controller/install/_local_setup_util_ps1.py'
[22.777s] INFO:colcon.colcon_core.shell:Creating prefix chain script '/home/lur/controller/install/setup.ps1'
[22.782s] INFO:colcon.colcon_core.shell:Creating prefix script '/home/lur/controller/install/local_setup.sh'
[22.786s] INFO:colcon.colcon_core.shell:Creating prefix util module '/home/lur/controller/install/_local_setup_util_sh.py'
[22.788s] INFO:colcon.colcon_core.shell:Creating prefix chain script '/home/lur/controller/install/setup.sh'
[22.793s] INFO:colcon.colcon_core.shell:Creating prefix script '/home/lur/controller/install/local_setup.bash'
[22.796s] INFO:colcon.colcon_core.shell:Creating prefix chain script '/home/lur/controller/install/setup.bash'
[22.800s] INFO:colcon.colcon_core.shell:Creating prefix script '/home/lur/controller/install/local_setup.zsh'
[22.804s] INFO:colcon.colcon_core.shell:Creating prefix chain script '/home/lur/controller/install/setup.zsh'
