-- Found ament_cmake: 0.9.9 (/opt/ros/foxy/share/ament_cmake/cmake)
-- Using PYTHON_EXECUTABLE: /usr/bin/python3
-- Found mavros: 2.1.1 (/opt/ros/foxy/share/mavros/cmake)
-- Found ament_lint_auto: 0.9.6 (/opt/ros/foxy/share/ament_lint_auto/cmake)
-- Added test 'copyright' to check source files copyright and LICENSE
-- Added test 'cppcheck' to perform static code analysis on C / C++ code
-- Configured cppcheck include dirs: $<BUILD_INTERFACE:/home/lur/controller/src/robosub/include>
-- Configured cppcheck exclude dirs and/or files: 
-- Added test 'cpplint' to check C / C++ code against the Google style
-- Configured cpplint exclude dirs and/or files: 
-- Added test 'lint_cmake' to check CMake code style
-- Added test 'uncrustify' to check C / C++ code style
-- Configured uncrustify additional arguments: 
-- Added test 'xmllint' to check XML markup files
-- Configuring done
-- Generating done
-- Build files have been written to: /home/lur/controller/build/robosub
[35m[1mScanning dependencies of target controller_node[0m
[ 50%] [32mBuilding CXX object CMakeFiles/controller_node.dir/src/controller_node.cpp.o[0m
[100%] [32m[1mLinking CXX executable controller_node[0m
[100%] Built target controller_node
-- Install configuration: ""
-- Installing: /home/lur/controller/install/robosub/lib/robosub/controller_node
-- Set runtime path of "/home/lur/controller/install/robosub/lib/robosub/controller_node" to ""
-- Installing: /home/lur/controller/install/robosub/share/ament_index/resource_index/package_run_dependencies/robosub
-- Installing: /home/lur/controller/install/robosub/share/ament_index/resource_index/parent_prefix_path/robosub
-- Installing: /home/lur/controller/install/robosub/share/robosub/environment/ament_prefix_path.sh
-- Installing: /home/lur/controller/install/robosub/share/robosub/environment/ament_prefix_path.dsv
-- Installing: /home/lur/controller/install/robosub/share/robosub/environment/path.sh
-- Installing: /home/lur/controller/install/robosub/share/robosub/environment/path.dsv
-- Installing: /home/lur/controller/install/robosub/share/robosub/local_setup.bash
-- Installing: /home/lur/controller/install/robosub/share/robosub/local_setup.sh
-- Installing: /home/lur/controller/install/robosub/share/robosub/local_setup.zsh
-- Installing: /home/lur/controller/install/robosub/share/robosub/local_setup.dsv
-- Installing: /home/lur/controller/install/robosub/share/robosub/package.dsv
-- Installing: /home/lur/controller/install/robosub/share/ament_index/resource_index/packages/robosub
-- Installing: /home/lur/controller/install/robosub/share/robosub/cmake/robosubConfig.cmake
-- Installing: /home/lur/controller/install/robosub/share/robosub/cmake/robosubConfig-version.cmake
-- Installing: /home/lur/controller/install/robosub/share/robosub/package.xml
