[0.074s] Invoking command in '/home/lur/controller/build/robosub': CMAKE_PREFIX_PATH=/opt/ros/foxy /usr/bin/cmake /home/lur/controller/src/robosub -DCMAKE_INSTALL_PREFIX=/home/lur/controller/install/robosub
[0.128s] -- Found ament_cmake: 0.9.9 (/opt/ros/foxy/share/ament_cmake/cmake)
[0.219s] -- Using PYTHON_EXECUTABLE: /usr/bin/python3
[0.889s] -- Found mavros: 2.1.1 (/opt/ros/foxy/share/mavros/cmake)
[0.938s] -- Found ament_lint_auto: 0.9.6 (/opt/ros/foxy/share/ament_lint_auto/cmake)
[1.236s] -- Added test 'copyright' to check source files copyright and LICENSE
[1.242s] -- Added test 'cppcheck' to perform static code analysis on C / C++ code
[1.243s] -- Configured cppcheck include dirs: $<BUILD_INTERFACE:/home/lur/controller/src/robosub/include>
[1.243s] -- Configured cppcheck exclude dirs and/or files: 
[1.247s] -- Added test 'cpplint' to check C / C++ code against the Google style
[1.248s] -- Configured cpplint exclude dirs and/or files: 
[1.252s] -- Added test 'lint_cmake' to check CMake code style
[1.257s] -- Added test 'uncrustify' to check C / C++ code style
[1.257s] -- Configured uncrustify additional arguments: 
[1.260s] -- Added test 'xmllint' to check XML markup files
[1.270s] -- Configuring done
[1.291s] -- Generating done
[1.295s] -- Build files have been written to: /home/lur/controller/build/robosub
[1.310s] Invoked command in '/home/lur/controller/build/robosub' returned '0': CMAKE_PREFIX_PATH=/opt/ros/foxy /usr/bin/cmake /home/lur/controller/src/robosub -DCMAKE_INSTALL_PREFIX=/home/lur/controller/install/robosub
[1.323s] Invoking command in '/home/lur/controller/build/robosub': CMAKE_PREFIX_PATH=/opt/ros/foxy /usr/bin/cmake --build /home/lur/controller/build/robosub -- -j4 -l4
[1.465s] [35m[1mScanning dependencies of target controller_node[0m
[1.505s] [ 50%] [32mBuilding CXX object CMakeFiles/controller_node.dir/src/controller_node.cpp.o[0m
[1.695s] [100%] [32m[1mLinking CXX executable controller_node[0m
[1.865s] [100%] Built target controller_node
[1.907s] Invoked command in '/home/lur/controller/build/robosub' returned '0': CMAKE_PREFIX_PATH=/opt/ros/foxy /usr/bin/cmake --build /home/lur/controller/build/robosub -- -j4 -l4
[2.045s] Invoking command in '/home/lur/controller/build/robosub': CMAKE_PREFIX_PATH=/opt/ros/foxy /usr/bin/cmake --install /home/lur/controller/build/robosub
[2.071s] -- Install configuration: ""
[2.072s] -- Installing: /home/lur/controller/install/robosub/lib/robosub/controller_node
[2.074s] -- Set runtime path of "/home/lur/controller/install/robosub/lib/robosub/controller_node" to ""
[2.074s] -- Installing: /home/lur/controller/install/robosub/share/ament_index/resource_index/package_run_dependencies/robosub
[2.075s] -- Installing: /home/lur/controller/install/robosub/share/ament_index/resource_index/parent_prefix_path/robosub
[2.076s] -- Installing: /home/lur/controller/install/robosub/share/robosub/environment/ament_prefix_path.sh
[2.077s] -- Installing: /home/lur/controller/install/robosub/share/robosub/environment/ament_prefix_path.dsv
[2.078s] -- Installing: /home/lur/controller/install/robosub/share/robosub/environment/path.sh
[2.078s] -- Installing: /home/lur/controller/install/robosub/share/robosub/environment/path.dsv
[2.079s] -- Installing: /home/lur/controller/install/robosub/share/robosub/local_setup.bash
[2.080s] -- Installing: /home/lur/controller/install/robosub/share/robosub/local_setup.sh
[2.081s] -- Installing: /home/lur/controller/install/robosub/share/robosub/local_setup.zsh
[2.081s] -- Installing: /home/lur/controller/install/robosub/share/robosub/local_setup.dsv
[2.082s] -- Installing: /home/lur/controller/install/robosub/share/robosub/package.dsv
[2.083s] -- Installing: /home/lur/controller/install/robosub/share/ament_index/resource_index/packages/robosub
[2.083s] -- Installing: /home/lur/controller/install/robosub/share/robosub/cmake/robosubConfig.cmake
[2.084s] -- Installing: /home/lur/controller/install/robosub/share/robosub/cmake/robosubConfig-version.cmake
[2.085s] -- Installing: /home/lur/controller/install/robosub/share/robosub/package.xml
[2.096s] Invoked command in '/home/lur/controller/build/robosub' returned '0': CMAKE_PREFIX_PATH=/opt/ros/foxy /usr/bin/cmake --install /home/lur/controller/build/robosub
