[0.068s] Invoking command in '/home/lur/controller/build/manual_pubsub': CMAKE_PREFIX_PATH=${CMAKE_PREFIX_PATH}:/opt/ros/foxy /usr/bin/cmake --build /home/lur/controller/build/manual_pubsub -- -j4 -l4
[0.231s] [35m[1mScanning dependencies of target talker[0m
[0.301s] [ 50%] Built target listener
[0.341s] [ 75%] [32mBuilding CXX object CMakeFiles/talker.dir/src/publisher_member_function.cpp.o[0m
[9.729s] [100%] [32m[1mLinking CXX executable talker[0m
[10.279s] [100%] Built target talker
[10.322s] Invoked command in '/home/lur/controller/build/manual_pubsub' returned '0': CMAKE_PREFIX_PATH=${CMAKE_PREFIX_PATH}:/opt/ros/foxy /usr/bin/cmake --build /home/lur/controller/build/manual_pubsub -- -j4 -l4
[10.470s] Invoking command in '/home/lur/controller/build/manual_pubsub': CMAKE_PREFIX_PATH=${CMAKE_PREFIX_PATH}:/opt/ros/foxy /usr/bin/cmake --install /home/lur/controller/build/manual_pubsub
[10.500s] -- Install configuration: ""
[10.500s] -- Installing: /home/lur/controller/install/manual_pubsub/lib/manual_pubsub/talker
[10.507s] -- Set runtime path of "/home/lur/controller/install/manual_pubsub/lib/manual_pubsub/talker" to ""
[10.508s] -- Up-to-date: /home/lur/controller/install/manual_pubsub/lib/manual_pubsub/listener
[10.509s] -- Up-to-date: /home/lur/controller/install/manual_pubsub/share/ament_index/resource_index/package_run_dependencies/manual_pubsub
[10.510s] -- Up-to-date: /home/lur/controller/install/manual_pubsub/share/ament_index/resource_index/parent_prefix_path/manual_pubsub
[10.510s] -- Up-to-date: /home/lur/controller/install/manual_pubsub/share/manual_pubsub/environment/ament_prefix_path.sh
[10.511s] -- Up-to-date: /home/lur/controller/install/manual_pubsub/share/manual_pubsub/environment/ament_prefix_path.dsv
[10.511s] -- Up-to-date: /home/lur/controller/install/manual_pubsub/share/manual_pubsub/environment/path.sh
[10.512s] -- Up-to-date: /home/lur/controller/install/manual_pubsub/share/manual_pubsub/environment/path.dsv
[10.512s] -- Up-to-date: /home/lur/controller/install/manual_pubsub/share/manual_pubsub/local_setup.bash
[10.512s] -- Up-to-date: /home/lur/controller/install/manual_pubsub/share/manual_pubsub/local_setup.sh
[10.512s] -- Up-to-date: /home/lur/controller/install/manual_pubsub/share/manual_pubsub/local_setup.zsh
[10.513s] -- Up-to-date: /home/lur/controller/install/manual_pubsub/share/manual_pubsub/local_setup.dsv
[10.513s] -- Installing: /home/lur/controller/install/manual_pubsub/share/manual_pubsub/package.dsv
[10.513s] -- Up-to-date: /home/lur/controller/install/manual_pubsub/share/ament_index/resource_index/packages/manual_pubsub
[10.514s] -- Up-to-date: /home/lur/controller/install/manual_pubsub/share/manual_pubsub/cmake/manual_pubsubConfig.cmake
[10.514s] -- Up-to-date: /home/lur/controller/install/manual_pubsub/share/manual_pubsub/cmake/manual_pubsubConfig-version.cmake
[10.514s] -- Up-to-date: /home/lur/controller/install/manual_pubsub/share/manual_pubsub/package.xml
[10.524s] Invoked command in '/home/lur/controller/build/manual_pubsub' returned '0': CMAKE_PREFIX_PATH=${CMAKE_PREFIX_PATH}:/opt/ros/foxy /usr/bin/cmake --install /home/lur/controller/build/manual_pubsub
