[0.079s] Invoking command in '/home/lur/controller/build/manual_pubsub': CMAKE_PREFIX_PATH=/opt/ros/foxy /usr/bin/cmake --build /home/lur/controller/build/manual_pubsub -- -j4 -l4
[0.466s] [35m[1mScanning dependencies of target talker[0m
[0.551s] [ 50%] Built target listener
[0.580s] [ 75%] [32mBuilding CXX object CMakeFiles/talker.dir/src/publisher_member_function.cpp.o[0m
[13.152s] [100%] [32m[1mLinking CXX executable talker[0m
[13.957s] [100%] Built target talker
[14.001s] Invoked command in '/home/lur/controller/build/manual_pubsub' returned '0': CMAKE_PREFIX_PATH=/opt/ros/foxy /usr/bin/cmake --build /home/lur/controller/build/manual_pubsub -- -j4 -l4
[14.150s] Invoking command in '/home/lur/controller/build/manual_pubsub': CMAKE_PREFIX_PATH=/opt/ros/foxy /usr/bin/cmake --install /home/lur/controller/build/manual_pubsub
[14.182s] -- Install configuration: ""
[14.187s] -- Installing: /home/lur/controller/install/manual_pubsub/lib/manual_pubsub/talker
[14.194s] -- Set runtime path of "/home/lur/controller/install/manual_pubsub/lib/manual_pubsub/talker" to ""
[14.197s] -- Up-to-date: /home/lur/controller/install/manual_pubsub/lib/manual_pubsub/listener
[14.200s] -- Up-to-date: /home/lur/controller/install/manual_pubsub/share/ament_index/resource_index/package_run_dependencies/manual_pubsub
[14.201s] -- Up-to-date: /home/lur/controller/install/manual_pubsub/share/ament_index/resource_index/parent_prefix_path/manual_pubsub
[14.202s] -- Up-to-date: /home/lur/controller/install/manual_pubsub/share/manual_pubsub/environment/ament_prefix_path.sh
[14.202s] -- Up-to-date: /home/lur/controller/install/manual_pubsub/share/manual_pubsub/environment/ament_prefix_path.dsv
[14.203s] -- Up-to-date: /home/lur/controller/install/manual_pubsub/share/manual_pubsub/environment/path.sh
[14.203s] -- Up-to-date: /home/lur/controller/install/manual_pubsub/share/manual_pubsub/environment/path.dsv
[14.203s] -- Up-to-date: /home/lur/controller/install/manual_pubsub/share/manual_pubsub/local_setup.bash
[14.204s] -- Up-to-date: /home/lur/controller/install/manual_pubsub/share/manual_pubsub/local_setup.sh
[14.204s] -- Up-to-date: /home/lur/controller/install/manual_pubsub/share/manual_pubsub/local_setup.zsh
[14.205s] -- Up-to-date: /home/lur/controller/install/manual_pubsub/share/manual_pubsub/local_setup.dsv
[14.205s] -- Installing: /home/lur/controller/install/manual_pubsub/share/manual_pubsub/package.dsv
[14.206s] -- Up-to-date: /home/lur/controller/install/manual_pubsub/share/ament_index/resource_index/packages/manual_pubsub
[14.207s] -- Up-to-date: /home/lur/controller/install/manual_pubsub/share/manual_pubsub/cmake/manual_pubsubConfig.cmake
[14.207s] -- Up-to-date: /home/lur/controller/install/manual_pubsub/share/manual_pubsub/cmake/manual_pubsubConfig-version.cmake
[14.207s] -- Up-to-date: /home/lur/controller/install/manual_pubsub/share/manual_pubsub/package.xml
[14.219s] Invoked command in '/home/lur/controller/build/manual_pubsub' returned '0': CMAKE_PREFIX_PATH=/opt/ros/foxy /usr/bin/cmake --install /home/lur/controller/build/manual_pubsub
