[0.069s] Invoking command in '/home/lur/controller/build/robosub': CMAKE_PREFIX_PATH=/opt/ros/foxy /usr/bin/cmake --build /home/lur/controller/build/robosub -- -j4 -l4
[0.535s] [100%] Built target controller_node
[0.584s] Invoked command in '/home/lur/controller/build/robosub' returned '0': CMAKE_PREFIX_PATH=/opt/ros/foxy /usr/bin/cmake --build /home/lur/controller/build/robosub -- -j4 -l4
[0.721s] Invoking command in '/home/lur/controller/build/robosub': CMAKE_PREFIX_PATH=/opt/ros/foxy /usr/bin/cmake --install /home/lur/controller/build/robosub
[0.753s] -- Install configuration: ""
[0.757s] -- Up-to-date: /home/lur/controller/install/robosub/lib/robosub/controller_node
[0.761s] -- Up-to-date: /home/lur/controller/install/robosub/share/ament_index/resource_index/package_run_dependencies/robosub
[0.762s] -- Up-to-date: /home/lur/controller/install/robosub/share/ament_index/resource_index/parent_prefix_path/robosub
[0.764s] -- Up-to-date: /home/lur/controller/install/robosub/share/robosub/environment/ament_prefix_path.sh
[0.764s] -- Up-to-date: /home/lur/controller/install/robosub/share/robosub/environment/ament_prefix_path.dsv
[0.765s] -- Up-to-date: /home/lur/controller/install/robosub/share/robosub/environment/path.sh
[0.765s] -- Up-to-date: /home/lur/controller/install/robosub/share/robosub/environment/path.dsv
[0.766s] -- Up-to-date: /home/lur/controller/install/robosub/share/robosub/local_setup.bash
[0.766s] -- Up-to-date: /home/lur/controller/install/robosub/share/robosub/local_setup.sh
[0.767s] -- Up-to-date: /home/lur/controller/install/robosub/share/robosub/local_setup.zsh
[0.767s] -- Up-to-date: /home/lur/controller/install/robosub/share/robosub/local_setup.dsv
[0.767s] -- Installing: /home/lur/controller/install/robosub/share/robosub/package.dsv
[0.769s] -- Up-to-date: /home/lur/controller/install/robosub/share/ament_index/resource_index/packages/robosub
[0.770s] -- Up-to-date: /home/lur/controller/install/robosub/share/robosub/cmake/robosubConfig.cmake
[0.771s] -- Up-to-date: /home/lur/controller/install/robosub/share/robosub/cmake/robosubConfig-version.cmake
[0.771s] -- Up-to-date: /home/lur/controller/install/robosub/share/robosub/package.xml
[0.781s] Invoked command in '/home/lur/controller/build/robosub' returned '0': CMAKE_PREFIX_PATH=/opt/ros/foxy /usr/bin/cmake --install /home/lur/controller/build/robosub
