[0.868s] DEBUG:colcon:Command line arguments: ['/usr/bin/colcon', 'build', '--packages-select', 'manual_pubsub']
[0.868s] DEBUG:colcon:Parsed command line arguments: Namespace(allow_overriding=[], ament_cmake_args=None, base_paths=['.'], build_base='build', catkin_cmake_args=None, catkin_skip_building_tests=False, cmake_args=None, cmake_clean_cache=False, cmake_clean_first=False, cmake_force_configure=False, cmake_target=None, cmake_target_skip_unavailable=False, continue_on_error=False, event_handlers=None, executor='parallel', ignore_user_meta=False, install_base='install', log_base=None, log_level=None, main=<bound method BuildVerb.main of <colcon_core.verb.build.BuildVerb object at 0xffffb4b56fd0>>, merge_install=False, metas=['./colcon.meta'], packages_above=None, packages_above_and_dependencies=None, packages_above_depth=None, packages_end=None, packages_ignore=None, packages_ignore_regex=None, packages_select=['manual_pubsub'], packages_select_build_failed=False, packages_select_by_dep=None, packages_select_regex=None, packages_select_test_failures=False, packages_skip=None, packages_skip_build_finished=False, packages_skip_by_dep=None, packages_skip_regex=None, packages_skip_test_passed=False, packages_skip_up_to=None, packages_start=None, packages_up_to=None, packages_up_to_regex=None, parallel_workers=4, paths=None, symlink_install=False, test_result_base=None, verb_extension=<colcon_core.verb.build.BuildVerb object at 0xffffb4b56fd0>, verb_name='build', verb_parser=<colcon_defaults.argument_parser.defaults.DefaultArgumentsDecorator object at 0xffffb4b60490>)
[1.030s] Level 1:colcon.colcon_core.package_discovery:discover_packages(colcon_meta) check parameters
[1.030s] Level 1:colcon.colcon_core.package_discovery:discover_packages(recursive) check parameters
[1.031s] Level 1:colcon.colcon_core.package_discovery:discover_packages(ignore) check parameters
[1.031s] Level 1:colcon.colcon_core.package_discovery:discover_packages(path) check parameters
[1.031s] Level 1:colcon.colcon_core.package_discovery:discover_packages(colcon_meta) discover
[1.031s] Level 1:colcon.colcon_core.package_discovery:discover_packages(recursive) discover
[1.031s] INFO:colcon.colcon_core.package_discovery:Crawling recursively for packages in '/home/lur/controller'
[1.032s] Level 1:colcon.colcon_core.package_identification:_identify(.) by extensions ['ignore', 'ignore_ament_install']
[1.032s] Level 1:colcon.colcon_core.package_identification:_identify(.) by extension 'ignore'
[1.033s] Level 1:colcon.colcon_core.package_identification:_identify(.) by extension 'ignore_ament_install'
[1.033s] Level 1:colcon.colcon_core.package_identification:_identify(.) by extensions ['colcon_pkg']
[1.033s] Level 1:colcon.colcon_core.package_identification:_identify(.) by extension 'colcon_pkg'
[1.033s] Level 1:colcon.colcon_core.package_identification:_identify(.) by extensions ['colcon_meta']
[1.033s] Level 1:colcon.colcon_core.package_identification:_identify(.) by extension 'colcon_meta'
[1.033s] Level 1:colcon.colcon_core.package_identification:_identify(.) by extensions ['ros']
[1.034s] Level 1:colcon.colcon_core.package_identification:_identify(.) by extension 'ros'
[1.078s] Level 1:colcon.colcon_core.package_identification:_identify(.) by extensions ['cmake', 'python']
[1.079s] Level 1:colcon.colcon_core.package_identification:_identify(.) by extension 'cmake'
[1.079s] Level 1:colcon.colcon_core.package_identification:_identify(.) by extension 'python'
[1.079s] Level 1:colcon.colcon_core.package_identification:_identify(.) by extensions ['python_setup_py']
[1.079s] Level 1:colcon.colcon_core.package_identification:_identify(.) by extension 'python_setup_py'
[1.080s] Level 1:colcon.colcon_core.package_identification:_identify(build) by extensions ['ignore', 'ignore_ament_install']
[1.080s] Level 1:colcon.colcon_core.package_identification:_identify(build) by extension 'ignore'
[1.080s] Level 1:colcon.colcon_core.package_identification:_identify(build) ignored
[1.081s] Level 1:colcon.colcon_core.package_identification:_identify(examples) by extensions ['ignore', 'ignore_ament_install']
[1.081s] Level 1:colcon.colcon_core.package_identification:_identify(examples) by extension 'ignore'
[1.081s] Level 1:colcon.colcon_core.package_identification:_identify(examples) by extension 'ignore_ament_install'
[1.082s] Level 1:colcon.colcon_core.package_identification:_identify(examples) by extensions ['colcon_pkg']
[1.082s] Level 1:colcon.colcon_core.package_identification:_identify(examples) by extension 'colcon_pkg'
[1.082s] Level 1:colcon.colcon_core.package_identification:_identify(examples) by extensions ['colcon_meta']
[1.082s] Level 1:colcon.colcon_core.package_identification:_identify(examples) by extension 'colcon_meta'
[1.082s] Level 1:colcon.colcon_core.package_identification:_identify(examples) by extensions ['ros']
[1.083s] Level 1:colcon.colcon_core.package_identification:_identify(examples) by extension 'ros'
[1.083s] Level 1:colcon.colcon_core.package_identification:_identify(examples) by extensions ['cmake', 'python']
[1.083s] Level 1:colcon.colcon_core.package_identification:_identify(examples) by extension 'cmake'
[1.083s] Level 1:colcon.colcon_core.package_identification:_identify(examples) by extension 'python'
[1.083s] Level 1:colcon.colcon_core.package_identification:_identify(examples) by extensions ['python_setup_py']
[1.084s] Level 1:colcon.colcon_core.package_identification:_identify(examples) by extension 'python_setup_py'
[1.084s] Level 1:colcon.colcon_core.package_identification:_identify(examples/launch_testing) by extensions ['ignore', 'ignore_ament_install']
[1.084s] Level 1:colcon.colcon_core.package_identification:_identify(examples/launch_testing) by extension 'ignore'
[1.085s] Level 1:colcon.colcon_core.package_identification:_identify(examples/launch_testing) by extension 'ignore_ament_install'
[1.085s] Level 1:colcon.colcon_core.package_identification:_identify(examples/launch_testing) by extensions ['colcon_pkg']
[1.085s] Level 1:colcon.colcon_core.package_identification:_identify(examples/launch_testing) by extension 'colcon_pkg'
[1.085s] Level 1:colcon.colcon_core.package_identification:_identify(examples/launch_testing) by extensions ['colcon_meta']
[1.085s] Level 1:colcon.colcon_core.package_identification:_identify(examples/launch_testing) by extension 'colcon_meta'
[1.085s] Level 1:colcon.colcon_core.package_identification:_identify(examples/launch_testing) by extensions ['ros']
[1.086s] Level 1:colcon.colcon_core.package_identification:_identify(examples/launch_testing) by extension 'ros'
[1.086s] Level 1:colcon.colcon_core.package_identification:_identify(examples/launch_testing) by extensions ['cmake', 'python']
[1.086s] Level 1:colcon.colcon_core.package_identification:_identify(examples/launch_testing) by extension 'cmake'
[1.086s] Level 1:colcon.colcon_core.package_identification:_identify(examples/launch_testing) by extension 'python'
[1.086s] Level 1:colcon.colcon_core.package_identification:_identify(examples/launch_testing) by extensions ['python_setup_py']
[1.087s] Level 1:colcon.colcon_core.package_identification:_identify(examples/launch_testing) by extension 'python_setup_py'
[1.087s] Level 1:colcon.colcon_core.package_identification:_identify(examples/launch_testing/launch_testing_examples) by extensions ['ignore', 'ignore_ament_install']
[1.087s] Level 1:colcon.colcon_core.package_identification:_identify(examples/launch_testing/launch_testing_examples) by extension 'ignore'
[1.087s] Level 1:colcon.colcon_core.package_identification:_identify(examples/launch_testing/launch_testing_examples) by extension 'ignore_ament_install'
[1.088s] Level 1:colcon.colcon_core.package_identification:_identify(examples/launch_testing/launch_testing_examples) by extensions ['colcon_pkg']
[1.088s] Level 1:colcon.colcon_core.package_identification:_identify(examples/launch_testing/launch_testing_examples) by extension 'colcon_pkg'
[1.088s] Level 1:colcon.colcon_core.package_identification:_identify(examples/launch_testing/launch_testing_examples) by extensions ['colcon_meta']
[1.088s] Level 1:colcon.colcon_core.package_identification:_identify(examples/launch_testing/launch_testing_examples) by extension 'colcon_meta'
[1.088s] Level 1:colcon.colcon_core.package_identification:_identify(examples/launch_testing/launch_testing_examples) by extensions ['ros']
[1.088s] Level 1:colcon.colcon_core.package_identification:_identify(examples/launch_testing/launch_testing_examples) by extension 'ros'
[1.101s] DEBUG:colcon.colcon_core.package_identification:Package 'examples/launch_testing/launch_testing_examples' with type 'ros.ament_python' and name 'launch_testing_examples'
[1.102s] Level 1:colcon.colcon_core.package_identification:_identify(examples/rclcpp) by extensions ['ignore', 'ignore_ament_install']
[1.102s] Level 1:colcon.colcon_core.package_identification:_identify(examples/rclcpp) by extension 'ignore'
[1.103s] Level 1:colcon.colcon_core.package_identification:_identify(examples/rclcpp) by extension 'ignore_ament_install'
[1.103s] Level 1:colcon.colcon_core.package_identification:_identify(examples/rclcpp) by extensions ['colcon_pkg']
[1.103s] Level 1:colcon.colcon_core.package_identification:_identify(examples/rclcpp) by extension 'colcon_pkg'
[1.103s] Level 1:colcon.colcon_core.package_identification:_identify(examples/rclcpp) by extensions ['colcon_meta']
[1.103s] Level 1:colcon.colcon_core.package_identification:_identify(examples/rclcpp) by extension 'colcon_meta'
[1.104s] Level 1:colcon.colcon_core.package_identification:_identify(examples/rclcpp) by extensions ['ros']
[1.104s] Level 1:colcon.colcon_core.package_identification:_identify(examples/rclcpp) by extension 'ros'
[1.104s] Level 1:colcon.colcon_core.package_identification:_identify(examples/rclcpp) by extensions ['cmake', 'python']
[1.104s] Level 1:colcon.colcon_core.package_identification:_identify(examples/rclcpp) by extension 'cmake'
[1.104s] Level 1:colcon.colcon_core.package_identification:_identify(examples/rclcpp) by extension 'python'
[1.105s] Level 1:colcon.colcon_core.package_identification:_identify(examples/rclcpp) by extensions ['python_setup_py']
[1.105s] Level 1:colcon.colcon_core.package_identification:_identify(examples/rclcpp) by extension 'python_setup_py'
[1.105s] Level 1:colcon.colcon_core.package_identification:_identify(examples/rclcpp/actions) by extensions ['ignore', 'ignore_ament_install']
[1.105s] Level 1:colcon.colcon_core.package_identification:_identify(examples/rclcpp/actions) by extension 'ignore'
[1.106s] Level 1:colcon.colcon_core.package_identification:_identify(examples/rclcpp/actions) by extension 'ignore_ament_install'
[1.106s] Level 1:colcon.colcon_core.package_identification:_identify(examples/rclcpp/actions) by extensions ['colcon_pkg']
[1.106s] Level 1:colcon.colcon_core.package_identification:_identify(examples/rclcpp/actions) by extension 'colcon_pkg'
[1.106s] Level 1:colcon.colcon_core.package_identification:_identify(examples/rclcpp/actions) by extensions ['colcon_meta']
[1.106s] Level 1:colcon.colcon_core.package_identification:_identify(examples/rclcpp/actions) by extension 'colcon_meta'
[1.107s] Level 1:colcon.colcon_core.package_identification:_identify(examples/rclcpp/actions) by extensions ['ros']
[1.107s] Level 1:colcon.colcon_core.package_identification:_identify(examples/rclcpp/actions) by extension 'ros'
[1.107s] Level 1:colcon.colcon_core.package_identification:_identify(examples/rclcpp/actions) by extensions ['cmake', 'python']
[1.107s] Level 1:colcon.colcon_core.package_identification:_identify(examples/rclcpp/actions) by extension 'cmake'
[1.107s] Level 1:colcon.colcon_core.package_identification:_identify(examples/rclcpp/actions) by extension 'python'
[1.108s] Level 1:colcon.colcon_core.package_identification:_identify(examples/rclcpp/actions) by extensions ['python_setup_py']
[1.108s] Level 1:colcon.colcon_core.package_identification:_identify(examples/rclcpp/actions) by extension 'python_setup_py'
[1.108s] Level 1:colcon.colcon_core.package_identification:_identify(examples/rclcpp/actions/minimal_action_client) by extensions ['ignore', 'ignore_ament_install']
[1.109s] Level 1:colcon.colcon_core.package_identification:_identify(examples/rclcpp/actions/minimal_action_client) by extension 'ignore'
[1.109s] Level 1:colcon.colcon_core.package_identification:_identify(examples/rclcpp/actions/minimal_action_client) by extension 'ignore_ament_install'
[1.109s] Level 1:colcon.colcon_core.package_identification:_identify(examples/rclcpp/actions/minimal_action_client) by extensions ['colcon_pkg']
[1.109s] Level 1:colcon.colcon_core.package_identification:_identify(examples/rclcpp/actions/minimal_action_client) by extension 'colcon_pkg'
[1.109s] Level 1:colcon.colcon_core.package_identification:_identify(examples/rclcpp/actions/minimal_action_client) by extensions ['colcon_meta']
[1.110s] Level 1:colcon.colcon_core.package_identification:_identify(examples/rclcpp/actions/minimal_action_client) by extension 'colcon_meta'
[1.110s] Level 1:colcon.colcon_core.package_identification:_identify(examples/rclcpp/actions/minimal_action_client) by extensions ['ros']
[1.110s] Level 1:colcon.colcon_core.package_identification:_identify(examples/rclcpp/actions/minimal_action_client) by extension 'ros'
[1.114s] DEBUG:colcon.colcon_core.package_identification:Package 'examples/rclcpp/actions/minimal_action_client' with type 'ros.ament_cmake' and name 'examples_rclcpp_minimal_action_client'
[1.114s] Level 1:colcon.colcon_core.package_identification:_identify(examples/rclcpp/actions/minimal_action_server) by extensions ['ignore', 'ignore_ament_install']
[1.114s] Level 1:colcon.colcon_core.package_identification:_identify(examples/rclcpp/actions/minimal_action_server) by extension 'ignore'
[1.115s] Level 1:colcon.colcon_core.package_identification:_identify(examples/rclcpp/actions/minimal_action_server) by extension 'ignore_ament_install'
[1.115s] Level 1:colcon.colcon_core.package_identification:_identify(examples/rclcpp/actions/minimal_action_server) by extensions ['colcon_pkg']
[1.115s] Level 1:colcon.colcon_core.package_identification:_identify(examples/rclcpp/actions/minimal_action_server) by extension 'colcon_pkg'
[1.115s] Level 1:colcon.colcon_core.package_identification:_identify(examples/rclcpp/actions/minimal_action_server) by extensions ['colcon_meta']
[1.115s] Level 1:colcon.colcon_core.package_identification:_identify(examples/rclcpp/actions/minimal_action_server) by extension 'colcon_meta'
[1.115s] Level 1:colcon.colcon_core.package_identification:_identify(examples/rclcpp/actions/minimal_action_server) by extensions ['ros']
[1.116s] Level 1:colcon.colcon_core.package_identification:_identify(examples/rclcpp/actions/minimal_action_server) by extension 'ros'
[1.119s] DEBUG:colcon.colcon_core.package_identification:Package 'examples/rclcpp/actions/minimal_action_server' with type 'ros.ament_cmake' and name 'examples_rclcpp_minimal_action_server'
[1.119s] Level 1:colcon.colcon_core.package_identification:_identify(examples/rclcpp/composition) by extensions ['ignore', 'ignore_ament_install']
[1.119s] Level 1:colcon.colcon_core.package_identification:_identify(examples/rclcpp/composition) by extension 'ignore'
[1.120s] Level 1:colcon.colcon_core.package_identification:_identify(examples/rclcpp/composition) by extension 'ignore_ament_install'
[1.120s] Level 1:colcon.colcon_core.package_identification:_identify(examples/rclcpp/composition) by extensions ['colcon_pkg']
[1.120s] Level 1:colcon.colcon_core.package_identification:_identify(examples/rclcpp/composition) by extension 'colcon_pkg'
[1.120s] Level 1:colcon.colcon_core.package_identification:_identify(examples/rclcpp/composition) by extensions ['colcon_meta']
[1.120s] Level 1:colcon.colcon_core.package_identification:_identify(examples/rclcpp/composition) by extension 'colcon_meta'
[1.121s] Level 1:colcon.colcon_core.package_identification:_identify(examples/rclcpp/composition) by extensions ['ros']
[1.121s] Level 1:colcon.colcon_core.package_identification:_identify(examples/rclcpp/composition) by extension 'ros'
[1.121s] Level 1:colcon.colcon_core.package_identification:_identify(examples/rclcpp/composition) by extensions ['cmake', 'python']
[1.121s] Level 1:colcon.colcon_core.package_identification:_identify(examples/rclcpp/composition) by extension 'cmake'
[1.121s] Level 1:colcon.colcon_core.package_identification:_identify(examples/rclcpp/composition) by extension 'python'
[1.122s] Level 1:colcon.colcon_core.package_identification:_identify(examples/rclcpp/composition) by extensions ['python_setup_py']
[1.122s] Level 1:colcon.colcon_core.package_identification:_identify(examples/rclcpp/composition) by extension 'python_setup_py'
[1.122s] Level 1:colcon.colcon_core.package_identification:_identify(examples/rclcpp/composition/minimal_composition) by extensions ['ignore', 'ignore_ament_install']
[1.122s] Level 1:colcon.colcon_core.package_identification:_identify(examples/rclcpp/composition/minimal_composition) by extension 'ignore'
[1.123s] Level 1:colcon.colcon_core.package_identification:_identify(examples/rclcpp/composition/minimal_composition) by extension 'ignore_ament_install'
[1.123s] Level 1:colcon.colcon_core.package_identification:_identify(examples/rclcpp/composition/minimal_composition) by extensions ['colcon_pkg']
[1.123s] Level 1:colcon.colcon_core.package_identification:_identify(examples/rclcpp/composition/minimal_composition) by extension 'colcon_pkg'
[1.123s] Level 1:colcon.colcon_core.package_identification:_identify(examples/rclcpp/composition/minimal_composition) by extensions ['colcon_meta']
[1.123s] Level 1:colcon.colcon_core.package_identification:_identify(examples/rclcpp/composition/minimal_composition) by extension 'colcon_meta'
[1.123s] Level 1:colcon.colcon_core.package_identification:_identify(examples/rclcpp/composition/minimal_composition) by extensions ['ros']
[1.124s] Level 1:colcon.colcon_core.package_identification:_identify(examples/rclcpp/composition/minimal_composition) by extension 'ros'
[1.126s] DEBUG:colcon.colcon_core.package_identification:Package 'examples/rclcpp/composition/minimal_composition' with type 'ros.ament_cmake' and name 'examples_rclcpp_minimal_composition'
[1.126s] Level 1:colcon.colcon_core.package_identification:_identify(examples/rclcpp/executors) by extensions ['ignore', 'ignore_ament_install']
[1.127s] Level 1:colcon.colcon_core.package_identification:_identify(examples/rclcpp/executors) by extension 'ignore'
[1.127s] Level 1:colcon.colcon_core.package_identification:_identify(examples/rclcpp/executors) by extension 'ignore_ament_install'
[1.127s] Level 1:colcon.colcon_core.package_identification:_identify(examples/rclcpp/executors) by extensions ['colcon_pkg']
[1.127s] Level 1:colcon.colcon_core.package_identification:_identify(examples/rclcpp/executors) by extension 'colcon_pkg'
[1.128s] Level 1:colcon.colcon_core.package_identification:_identify(examples/rclcpp/executors) by extensions ['colcon_meta']
[1.128s] Level 1:colcon.colcon_core.package_identification:_identify(examples/rclcpp/executors) by extension 'colcon_meta'
[1.128s] Level 1:colcon.colcon_core.package_identification:_identify(examples/rclcpp/executors) by extensions ['ros']
[1.128s] Level 1:colcon.colcon_core.package_identification:_identify(examples/rclcpp/executors) by extension 'ros'
[1.129s] Level 1:colcon.colcon_core.package_identification:_identify(examples/rclcpp/executors) by extensions ['cmake', 'python']
[1.129s] Level 1:colcon.colcon_core.package_identification:_identify(examples/rclcpp/executors) by extension 'cmake'
[1.129s] Level 1:colcon.colcon_core.package_identification:_identify(examples/rclcpp/executors) by extension 'python'
[1.129s] Level 1:colcon.colcon_core.package_identification:_identify(examples/rclcpp/executors) by extensions ['python_setup_py']
[1.129s] Level 1:colcon.colcon_core.package_identification:_identify(examples/rclcpp/executors) by extension 'python_setup_py'
[1.130s] Level 1:colcon.colcon_core.package_identification:_identify(examples/rclcpp/executors/cbg_executor) by extensions ['ignore', 'ignore_ament_install']
[1.130s] Level 1:colcon.colcon_core.package_identification:_identify(examples/rclcpp/executors/cbg_executor) by extension 'ignore'
[1.130s] Level 1:colcon.colcon_core.package_identification:_identify(examples/rclcpp/executors/cbg_executor) by extension 'ignore_ament_install'
[1.131s] Level 1:colcon.colcon_core.package_identification:_identify(examples/rclcpp/executors/cbg_executor) by extensions ['colcon_pkg']
[1.131s] Level 1:colcon.colcon_core.package_identification:_identify(examples/rclcpp/executors/cbg_executor) by extension 'colcon_pkg'
[1.131s] Level 1:colcon.colcon_core.package_identification:_identify(examples/rclcpp/executors/cbg_executor) by extensions ['colcon_meta']
[1.131s] Level 1:colcon.colcon_core.package_identification:_identify(examples/rclcpp/executors/cbg_executor) by extension 'colcon_meta'
[1.131s] Level 1:colcon.colcon_core.package_identification:_identify(examples/rclcpp/executors/cbg_executor) by extensions ['ros']
[1.131s] Level 1:colcon.colcon_core.package_identification:_identify(examples/rclcpp/executors/cbg_executor) by extension 'ros'
[1.134s] DEBUG:colcon.colcon_core.package_identification:Package 'examples/rclcpp/executors/cbg_executor' with type 'ros.ament_cmake' and name 'examples_rclcpp_cbg_executor'
[1.134s] Level 1:colcon.colcon_core.package_identification:_identify(examples/rclcpp/executors/multithreaded_executor) by extensions ['ignore', 'ignore_ament_install']
[1.135s] Level 1:colcon.colcon_core.package_identification:_identify(examples/rclcpp/executors/multithreaded_executor) by extension 'ignore'
[1.135s] Level 1:colcon.colcon_core.package_identification:_identify(examples/rclcpp/executors/multithreaded_executor) by extension 'ignore_ament_install'
[1.136s] Level 1:colcon.colcon_core.package_identification:_identify(examples/rclcpp/executors/multithreaded_executor) by extensions ['colcon_pkg']
[1.136s] Level 1:colcon.colcon_core.package_identification:_identify(examples/rclcpp/executors/multithreaded_executor) by extension 'colcon_pkg'
[1.136s] Level 1:colcon.colcon_core.package_identification:_identify(examples/rclcpp/executors/multithreaded_executor) by extensions ['colcon_meta']
[1.136s] Level 1:colcon.colcon_core.package_identification:_identify(examples/rclcpp/executors/multithreaded_executor) by extension 'colcon_meta'
[1.136s] Level 1:colcon.colcon_core.package_identification:_identify(examples/rclcpp/executors/multithreaded_executor) by extensions ['ros']
[1.136s] Level 1:colcon.colcon_core.package_identification:_identify(examples/rclcpp/executors/multithreaded_executor) by extension 'ros'
[1.139s] DEBUG:colcon.colcon_core.package_identification:Package 'examples/rclcpp/executors/multithreaded_executor' with type 'ros.ament_cmake' and name 'examples_rclcpp_multithreaded_executor'
[1.139s] Level 1:colcon.colcon_core.package_identification:_identify(examples/rclcpp/services) by extensions ['ignore', 'ignore_ament_install']
[1.140s] Level 1:colcon.colcon_core.package_identification:_identify(examples/rclcpp/services) by extension 'ignore'
[1.140s] Level 1:colcon.colcon_core.package_identification:_identify(examples/rclcpp/services) by extension 'ignore_ament_install'
[1.140s] Level 1:colcon.colcon_core.package_identification:_identify(examples/rclcpp/services) by extensions ['colcon_pkg']
[1.141s] Level 1:colcon.colcon_core.package_identification:_identify(examples/rclcpp/services) by extension 'colcon_pkg'
[1.141s] Level 1:colcon.colcon_core.package_identification:_identify(examples/rclcpp/services) by extensions ['colcon_meta']
[1.141s] Level 1:colcon.colcon_core.package_identification:_identify(examples/rclcpp/services) by extension 'colcon_meta'
[1.141s] Level 1:colcon.colcon_core.package_identification:_identify(examples/rclcpp/services) by extensions ['ros']
[1.141s] Level 1:colcon.colcon_core.package_identification:_identify(examples/rclcpp/services) by extension 'ros'
[1.142s] Level 1:colcon.colcon_core.package_identification:_identify(examples/rclcpp/services) by extensions ['cmake', 'python']
[1.142s] Level 1:colcon.colcon_core.package_identification:_identify(examples/rclcpp/services) by extension 'cmake'
[1.142s] Level 1:colcon.colcon_core.package_identification:_identify(examples/rclcpp/services) by extension 'python'
[1.142s] Level 1:colcon.colcon_core.package_identification:_identify(examples/rclcpp/services) by extensions ['python_setup_py']
[1.142s] Level 1:colcon.colcon_core.package_identification:_identify(examples/rclcpp/services) by extension 'python_setup_py'
[1.143s] Level 1:colcon.colcon_core.package_identification:_identify(examples/rclcpp/services/async_client) by extensions ['ignore', 'ignore_ament_install']
[1.143s] Level 1:colcon.colcon_core.package_identification:_identify(examples/rclcpp/services/async_client) by extension 'ignore'
[1.143s] Level 1:colcon.colcon_core.package_identification:_identify(examples/rclcpp/services/async_client) by extension 'ignore_ament_install'
[1.143s] Level 1:colcon.colcon_core.package_identification:_identify(examples/rclcpp/services/async_client) by extensions ['colcon_pkg']
[1.144s] Level 1:colcon.colcon_core.package_identification:_identify(examples/rclcpp/services/async_client) by extension 'colcon_pkg'
[1.144s] Level 1:colcon.colcon_core.package_identification:_identify(examples/rclcpp/services/async_client) by extensions ['colcon_meta']
[1.144s] Level 1:colcon.colcon_core.package_identification:_identify(examples/rclcpp/services/async_client) by extension 'colcon_meta'
[1.144s] Level 1:colcon.colcon_core.package_identification:_identify(examples/rclcpp/services/async_client) by extensions ['ros']
[1.144s] Level 1:colcon.colcon_core.package_identification:_identify(examples/rclcpp/services/async_client) by extension 'ros'
[1.147s] DEBUG:colcon.colcon_core.package_identification:Package 'examples/rclcpp/services/async_client' with type 'ros.ament_cmake' and name 'examples_rclcpp_async_client'
[1.147s] Level 1:colcon.colcon_core.package_identification:_identify(examples/rclcpp/services/minimal_client) by extensions ['ignore', 'ignore_ament_install']
[1.148s] Level 1:colcon.colcon_core.package_identification:_identify(examples/rclcpp/services/minimal_client) by extension 'ignore'
[1.148s] Level 1:colcon.colcon_core.package_identification:_identify(examples/rclcpp/services/minimal_client) by extension 'ignore_ament_install'
[1.148s] Level 1:colcon.colcon_core.package_identification:_identify(examples/rclcpp/services/minimal_client) by extensions ['colcon_pkg']
[1.148s] Level 1:colcon.colcon_core.package_identification:_identify(examples/rclcpp/services/minimal_client) by extension 'colcon_pkg'
[1.149s] Level 1:colcon.colcon_core.package_identification:_identify(examples/rclcpp/services/minimal_client) by extensions ['colcon_meta']
[1.149s] Level 1:colcon.colcon_core.package_identification:_identify(examples/rclcpp/services/minimal_client) by extension 'colcon_meta'
[1.149s] Level 1:colcon.colcon_core.package_identification:_identify(examples/rclcpp/services/minimal_client) by extensions ['ros']
[1.149s] Level 1:colcon.colcon_core.package_identification:_identify(examples/rclcpp/services/minimal_client) by extension 'ros'
[1.152s] DEBUG:colcon.colcon_core.package_identification:Package 'examples/rclcpp/services/minimal_client' with type 'ros.ament_cmake' and name 'examples_rclcpp_minimal_client'
[1.152s] Level 1:colcon.colcon_core.package_identification:_identify(examples/rclcpp/services/minimal_service) by extensions ['ignore', 'ignore_ament_install']
[1.152s] Level 1:colcon.colcon_core.package_identification:_identify(examples/rclcpp/services/minimal_service) by extension 'ignore'
[1.153s] Level 1:colcon.colcon_core.package_identification:_identify(examples/rclcpp/services/minimal_service) by extension 'ignore_ament_install'
[1.153s] Level 1:colcon.colcon_core.package_identification:_identify(examples/rclcpp/services/minimal_service) by extensions ['colcon_pkg']
[1.153s] Level 1:colcon.colcon_core.package_identification:_identify(examples/rclcpp/services/minimal_service) by extension 'colcon_pkg'
[1.153s] Level 1:colcon.colcon_core.package_identification:_identify(examples/rclcpp/services/minimal_service) by extensions ['colcon_meta']
[1.153s] Level 1:colcon.colcon_core.package_identification:_identify(examples/rclcpp/services/minimal_service) by extension 'colcon_meta'
[1.154s] Level 1:colcon.colcon_core.package_identification:_identify(examples/rclcpp/services/minimal_service) by extensions ['ros']
[1.154s] Level 1:colcon.colcon_core.package_identification:_identify(examples/rclcpp/services/minimal_service) by extension 'ros'
[1.156s] DEBUG:colcon.colcon_core.package_identification:Package 'examples/rclcpp/services/minimal_service' with type 'ros.ament_cmake' and name 'examples_rclcpp_minimal_service'
[1.157s] Level 1:colcon.colcon_core.package_identification:_identify(examples/rclcpp/timers) by extensions ['ignore', 'ignore_ament_install']
[1.157s] Level 1:colcon.colcon_core.package_identification:_identify(examples/rclcpp/timers) by extension 'ignore'
[1.157s] Level 1:colcon.colcon_core.package_identification:_identify(examples/rclcpp/timers) by extension 'ignore_ament_install'
[1.158s] Level 1:colcon.colcon_core.package_identification:_identify(examples/rclcpp/timers) by extensions ['colcon_pkg']
[1.158s] Level 1:colcon.colcon_core.package_identification:_identify(examples/rclcpp/timers) by extension 'colcon_pkg'
[1.158s] Level 1:colcon.colcon_core.package_identification:_identify(examples/rclcpp/timers) by extensions ['colcon_meta']
[1.158s] Level 1:colcon.colcon_core.package_identification:_identify(examples/rclcpp/timers) by extension 'colcon_meta'
[1.158s] Level 1:colcon.colcon_core.package_identification:_identify(examples/rclcpp/timers) by extensions ['ros']
[1.158s] Level 1:colcon.colcon_core.package_identification:_identify(examples/rclcpp/timers) by extension 'ros'
[1.159s] Level 1:colcon.colcon_core.package_identification:_identify(examples/rclcpp/timers) by extensions ['cmake', 'python']
[1.159s] Level 1:colcon.colcon_core.package_identification:_identify(examples/rclcpp/timers) by extension 'cmake'
[1.159s] Level 1:colcon.colcon_core.package_identification:_identify(examples/rclcpp/timers) by extension 'python'
[1.159s] Level 1:colcon.colcon_core.package_identification:_identify(examples/rclcpp/timers) by extensions ['python_setup_py']
[1.159s] Level 1:colcon.colcon_core.package_identification:_identify(examples/rclcpp/timers) by extension 'python_setup_py'
[1.160s] Level 1:colcon.colcon_core.package_identification:_identify(examples/rclcpp/timers/minimal_timer) by extensions ['ignore', 'ignore_ament_install']
[1.160s] Level 1:colcon.colcon_core.package_identification:_identify(examples/rclcpp/timers/minimal_timer) by extension 'ignore'
[1.160s] Level 1:colcon.colcon_core.package_identification:_identify(examples/rclcpp/timers/minimal_timer) by extension 'ignore_ament_install'
[1.161s] Level 1:colcon.colcon_core.package_identification:_identify(examples/rclcpp/timers/minimal_timer) by extensions ['colcon_pkg']
[1.161s] Level 1:colcon.colcon_core.package_identification:_identify(examples/rclcpp/timers/minimal_timer) by extension 'colcon_pkg'
[1.161s] Level 1:colcon.colcon_core.package_identification:_identify(examples/rclcpp/timers/minimal_timer) by extensions ['colcon_meta']
[1.161s] Level 1:colcon.colcon_core.package_identification:_identify(examples/rclcpp/timers/minimal_timer) by extension 'colcon_meta'
[1.161s] Level 1:colcon.colcon_core.package_identification:_identify(examples/rclcpp/timers/minimal_timer) by extensions ['ros']
[1.161s] Level 1:colcon.colcon_core.package_identification:_identify(examples/rclcpp/timers/minimal_timer) by extension 'ros'
[1.164s] DEBUG:colcon.colcon_core.package_identification:Package 'examples/rclcpp/timers/minimal_timer' with type 'ros.ament_cmake' and name 'examples_rclcpp_minimal_timer'
[1.164s] Level 1:colcon.colcon_core.package_identification:_identify(examples/rclcpp/topics) by extensions ['ignore', 'ignore_ament_install']
[1.165s] Level 1:colcon.colcon_core.package_identification:_identify(examples/rclcpp/topics) by extension 'ignore'
[1.165s] Level 1:colcon.colcon_core.package_identification:_identify(examples/rclcpp/topics) by extension 'ignore_ament_install'
[1.165s] Level 1:colcon.colcon_core.package_identification:_identify(examples/rclcpp/topics) by extensions ['colcon_pkg']
[1.165s] Level 1:colcon.colcon_core.package_identification:_identify(examples/rclcpp/topics) by extension 'colcon_pkg'
[1.166s] Level 1:colcon.colcon_core.package_identification:_identify(examples/rclcpp/topics) by extensions ['colcon_meta']
[1.166s] Level 1:colcon.colcon_core.package_identification:_identify(examples/rclcpp/topics) by extension 'colcon_meta'
[1.166s] Level 1:colcon.colcon_core.package_identification:_identify(examples/rclcpp/topics) by extensions ['ros']
[1.166s] Level 1:colcon.colcon_core.package_identification:_identify(examples/rclcpp/topics) by extension 'ros'
[1.166s] Level 1:colcon.colcon_core.package_identification:_identify(examples/rclcpp/topics) by extensions ['cmake', 'python']
[1.167s] Level 1:colcon.colcon_core.package_identification:_identify(examples/rclcpp/topics) by extension 'cmake'
[1.167s] Level 1:colcon.colcon_core.package_identification:_identify(examples/rclcpp/topics) by extension 'python'
[1.167s] Level 1:colcon.colcon_core.package_identification:_identify(examples/rclcpp/topics) by extensions ['python_setup_py']
[1.167s] Level 1:colcon.colcon_core.package_identification:_identify(examples/rclcpp/topics) by extension 'python_setup_py'
[1.168s] Level 1:colcon.colcon_core.package_identification:_identify(examples/rclcpp/topics/minimal_publisher) by extensions ['ignore', 'ignore_ament_install']
[1.168s] Level 1:colcon.colcon_core.package_identification:_identify(examples/rclcpp/topics/minimal_publisher) by extension 'ignore'
[1.168s] Level 1:colcon.colcon_core.package_identification:_identify(examples/rclcpp/topics/minimal_publisher) by extension 'ignore_ament_install'
[1.168s] Level 1:colcon.colcon_core.package_identification:_identify(examples/rclcpp/topics/minimal_publisher) by extensions ['colcon_pkg']
[1.168s] Level 1:colcon.colcon_core.package_identification:_identify(examples/rclcpp/topics/minimal_publisher) by extension 'colcon_pkg'
[1.169s] Level 1:colcon.colcon_core.package_identification:_identify(examples/rclcpp/topics/minimal_publisher) by extensions ['colcon_meta']
[1.169s] Level 1:colcon.colcon_core.package_identification:_identify(examples/rclcpp/topics/minimal_publisher) by extension 'colcon_meta'
[1.169s] Level 1:colcon.colcon_core.package_identification:_identify(examples/rclcpp/topics/minimal_publisher) by extensions ['ros']
[1.169s] Level 1:colcon.colcon_core.package_identification:_identify(examples/rclcpp/topics/minimal_publisher) by extension 'ros'
[1.172s] DEBUG:colcon.colcon_core.package_identification:Package 'examples/rclcpp/topics/minimal_publisher' with type 'ros.ament_cmake' and name 'examples_rclcpp_minimal_publisher'
[1.173s] Level 1:colcon.colcon_core.package_identification:_identify(examples/rclcpp/topics/minimal_subscriber) by extensions ['ignore', 'ignore_ament_install']
[1.173s] Level 1:colcon.colcon_core.package_identification:_identify(examples/rclcpp/topics/minimal_subscriber) by extension 'ignore'
[1.173s] Level 1:colcon.colcon_core.package_identification:_identify(examples/rclcpp/topics/minimal_subscriber) by extension 'ignore_ament_install'
[1.173s] Level 1:colcon.colcon_core.package_identification:_identify(examples/rclcpp/topics/minimal_subscriber) by extensions ['colcon_pkg']
[1.174s] Level 1:colcon.colcon_core.package_identification:_identify(examples/rclcpp/topics/minimal_subscriber) by extension 'colcon_pkg'
[1.174s] Level 1:colcon.colcon_core.package_identification:_identify(examples/rclcpp/topics/minimal_subscriber) by extensions ['colcon_meta']
[1.174s] Level 1:colcon.colcon_core.package_identification:_identify(examples/rclcpp/topics/minimal_subscriber) by extension 'colcon_meta'
[1.174s] Level 1:colcon.colcon_core.package_identification:_identify(examples/rclcpp/topics/minimal_subscriber) by extensions ['ros']
[1.174s] Level 1:colcon.colcon_core.package_identification:_identify(examples/rclcpp/topics/minimal_subscriber) by extension 'ros'
[1.177s] DEBUG:colcon.colcon_core.package_identification:Package 'examples/rclcpp/topics/minimal_subscriber' with type 'ros.ament_cmake' and name 'examples_rclcpp_minimal_subscriber'
[1.177s] Level 1:colcon.colcon_core.package_identification:_identify(examples/rclcpp/wait_set) by extensions ['ignore', 'ignore_ament_install']
[1.177s] Level 1:colcon.colcon_core.package_identification:_identify(examples/rclcpp/wait_set) by extension 'ignore'
[1.178s] Level 1:colcon.colcon_core.package_identification:_identify(examples/rclcpp/wait_set) by extension 'ignore_ament_install'
[1.178s] Level 1:colcon.colcon_core.package_identification:_identify(examples/rclcpp/wait_set) by extensions ['colcon_pkg']
[1.178s] Level 1:colcon.colcon_core.package_identification:_identify(examples/rclcpp/wait_set) by extension 'colcon_pkg'
[1.178s] Level 1:colcon.colcon_core.package_identification:_identify(examples/rclcpp/wait_set) by extensions ['colcon_meta']
[1.178s] Level 1:colcon.colcon_core.package_identification:_identify(examples/rclcpp/wait_set) by extension 'colcon_meta'
[1.179s] Level 1:colcon.colcon_core.package_identification:_identify(examples/rclcpp/wait_set) by extensions ['ros']
[1.179s] Level 1:colcon.colcon_core.package_identification:_identify(examples/rclcpp/wait_set) by extension 'ros'
[1.181s] DEBUG:colcon.colcon_core.package_identification:Package 'examples/rclcpp/wait_set' with type 'ros.ament_cmake' and name 'examples_rclcpp_wait_set'
[1.181s] Level 1:colcon.colcon_core.package_identification:_identify(examples/rclpy) by extensions ['ignore', 'ignore_ament_install']
[1.181s] Level 1:colcon.colcon_core.package_identification:_identify(examples/rclpy) by extension 'ignore'
[1.182s] Level 1:colcon.colcon_core.package_identification:_identify(examples/rclpy) by extension 'ignore_ament_install'
[1.182s] Level 1:colcon.colcon_core.package_identification:_identify(examples/rclpy) by extensions ['colcon_pkg']
[1.182s] Level 1:colcon.colcon_core.package_identification:_identify(examples/rclpy) by extension 'colcon_pkg'
[1.182s] Level 1:colcon.colcon_core.package_identification:_identify(examples/rclpy) by extensions ['colcon_meta']
[1.182s] Level 1:colcon.colcon_core.package_identification:_identify(examples/rclpy) by extension 'colcon_meta'
[1.183s] Level 1:colcon.colcon_core.package_identification:_identify(examples/rclpy) by extensions ['ros']
[1.183s] Level 1:colcon.colcon_core.package_identification:_identify(examples/rclpy) by extension 'ros'
[1.183s] Level 1:colcon.colcon_core.package_identification:_identify(examples/rclpy) by extensions ['cmake', 'python']
[1.183s] Level 1:colcon.colcon_core.package_identification:_identify(examples/rclpy) by extension 'cmake'
[1.183s] Level 1:colcon.colcon_core.package_identification:_identify(examples/rclpy) by extension 'python'
[1.183s] Level 1:colcon.colcon_core.package_identification:_identify(examples/rclpy) by extensions ['python_setup_py']
[1.184s] Level 1:colcon.colcon_core.package_identification:_identify(examples/rclpy) by extension 'python_setup_py'
[1.184s] Level 1:colcon.colcon_core.package_identification:_identify(examples/rclpy/actions) by extensions ['ignore', 'ignore_ament_install']
[1.184s] Level 1:colcon.colcon_core.package_identification:_identify(examples/rclpy/actions) by extension 'ignore'
[1.185s] Level 1:colcon.colcon_core.package_identification:_identify(examples/rclpy/actions) by extension 'ignore_ament_install'
[1.185s] Level 1:colcon.colcon_core.package_identification:_identify(examples/rclpy/actions) by extensions ['colcon_pkg']
[1.185s] Level 1:colcon.colcon_core.package_identification:_identify(examples/rclpy/actions) by extension 'colcon_pkg'
[1.185s] Level 1:colcon.colcon_core.package_identification:_identify(examples/rclpy/actions) by extensions ['colcon_meta']
[1.185s] Level 1:colcon.colcon_core.package_identification:_identify(examples/rclpy/actions) by extension 'colcon_meta'
[1.186s] Level 1:colcon.colcon_core.package_identification:_identify(examples/rclpy/actions) by extensions ['ros']
[1.186s] Level 1:colcon.colcon_core.package_identification:_identify(examples/rclpy/actions) by extension 'ros'
[1.186s] Level 1:colcon.colcon_core.package_identification:_identify(examples/rclpy/actions) by extensions ['cmake', 'python']
[1.186s] Level 1:colcon.colcon_core.package_identification:_identify(examples/rclpy/actions) by extension 'cmake'
[1.186s] Level 1:colcon.colcon_core.package_identification:_identify(examples/rclpy/actions) by extension 'python'
[1.187s] Level 1:colcon.colcon_core.package_identification:_identify(examples/rclpy/actions) by extensions ['python_setup_py']
[1.187s] Level 1:colcon.colcon_core.package_identification:_identify(examples/rclpy/actions) by extension 'python_setup_py'
[1.187s] Level 1:colcon.colcon_core.package_identification:_identify(examples/rclpy/actions/minimal_action_client) by extensions ['ignore', 'ignore_ament_install']
[1.187s] Level 1:colcon.colcon_core.package_identification:_identify(examples/rclpy/actions/minimal_action_client) by extension 'ignore'
[1.187s] Level 1:colcon.colcon_core.package_identification:_identify(examples/rclpy/actions/minimal_action_client) by extension 'ignore_ament_install'
[1.188s] Level 1:colcon.colcon_core.package_identification:_identify(examples/rclpy/actions/minimal_action_client) by extensions ['colcon_pkg']
[1.188s] Level 1:colcon.colcon_core.package_identification:_identify(examples/rclpy/actions/minimal_action_client) by extension 'colcon_pkg'
[1.188s] Level 1:colcon.colcon_core.package_identification:_identify(examples/rclpy/actions/minimal_action_client) by extensions ['colcon_meta']
[1.188s] Level 1:colcon.colcon_core.package_identification:_identify(examples/rclpy/actions/minimal_action_client) by extension 'colcon_meta'
[1.188s] Level 1:colcon.colcon_core.package_identification:_identify(examples/rclpy/actions/minimal_action_client) by extensions ['ros']
[1.189s] Level 1:colcon.colcon_core.package_identification:_identify(examples/rclpy/actions/minimal_action_client) by extension 'ros'
[1.191s] DEBUG:colcon.colcon_core.package_identification:Package 'examples/rclpy/actions/minimal_action_client' with type 'ros.ament_python' and name 'examples_rclpy_minimal_action_client'
[1.191s] Level 1:colcon.colcon_core.package_identification:_identify(examples/rclpy/actions/minimal_action_server) by extensions ['ignore', 'ignore_ament_install']
[1.191s] Level 1:colcon.colcon_core.package_identification:_identify(examples/rclpy/actions/minimal_action_server) by extension 'ignore'
[1.192s] Level 1:colcon.colcon_core.package_identification:_identify(examples/rclpy/actions/minimal_action_server) by extension 'ignore_ament_install'
[1.192s] Level 1:colcon.colcon_core.package_identification:_identify(examples/rclpy/actions/minimal_action_server) by extensions ['colcon_pkg']
[1.192s] Level 1:colcon.colcon_core.package_identification:_identify(examples/rclpy/actions/minimal_action_server) by extension 'colcon_pkg'
[1.192s] Level 1:colcon.colcon_core.package_identification:_identify(examples/rclpy/actions/minimal_action_server) by extensions ['colcon_meta']
[1.192s] Level 1:colcon.colcon_core.package_identification:_identify(examples/rclpy/actions/minimal_action_server) by extension 'colcon_meta'
[1.192s] Level 1:colcon.colcon_core.package_identification:_identify(examples/rclpy/actions/minimal_action_server) by extensions ['ros']
[1.193s] Level 1:colcon.colcon_core.package_identification:_identify(examples/rclpy/actions/minimal_action_server) by extension 'ros'
[1.194s] DEBUG:colcon.colcon_core.package_identification:Package 'examples/rclpy/actions/minimal_action_server' with type 'ros.ament_python' and name 'examples_rclpy_minimal_action_server'
[1.195s] Level 1:colcon.colcon_core.package_identification:_identify(examples/rclpy/executors) by extensions ['ignore', 'ignore_ament_install']
[1.196s] Level 1:colcon.colcon_core.package_identification:_identify(examples/rclpy/executors) by extension 'ignore'
[1.196s] Level 1:colcon.colcon_core.package_identification:_identify(examples/rclpy/executors) by extension 'ignore_ament_install'
[1.196s] Level 1:colcon.colcon_core.package_identification:_identify(examples/rclpy/executors) by extensions ['colcon_pkg']
[1.196s] Level 1:colcon.colcon_core.package_identification:_identify(examples/rclpy/executors) by extension 'colcon_pkg'
[1.197s] Level 1:colcon.colcon_core.package_identification:_identify(examples/rclpy/executors) by extensions ['colcon_meta']
[1.197s] Level 1:colcon.colcon_core.package_identification:_identify(examples/rclpy/executors) by extension 'colcon_meta'
[1.197s] Level 1:colcon.colcon_core.package_identification:_identify(examples/rclpy/executors) by extensions ['ros']
[1.197s] Level 1:colcon.colcon_core.package_identification:_identify(examples/rclpy/executors) by extension 'ros'
[1.199s] DEBUG:colcon.colcon_core.package_identification:Package 'examples/rclpy/executors' with type 'ros.ament_python' and name 'examples_rclpy_executors'
[1.199s] Level 1:colcon.colcon_core.package_identification:_identify(examples/rclpy/guard_conditions) by extensions ['ignore', 'ignore_ament_install']
[1.200s] Level 1:colcon.colcon_core.package_identification:_identify(examples/rclpy/guard_conditions) by extension 'ignore'
[1.200s] Level 1:colcon.colcon_core.package_identification:_identify(examples/rclpy/guard_conditions) by extension 'ignore_ament_install'
[1.200s] Level 1:colcon.colcon_core.package_identification:_identify(examples/rclpy/guard_conditions) by extensions ['colcon_pkg']
[1.200s] Level 1:colcon.colcon_core.package_identification:_identify(examples/rclpy/guard_conditions) by extension 'colcon_pkg'
[1.200s] Level 1:colcon.colcon_core.package_identification:_identify(examples/rclpy/guard_conditions) by extensions ['colcon_meta']
[1.200s] Level 1:colcon.colcon_core.package_identification:_identify(examples/rclpy/guard_conditions) by extension 'colcon_meta'
[1.201s] Level 1:colcon.colcon_core.package_identification:_identify(examples/rclpy/guard_conditions) by extensions ['ros']
[1.201s] Level 1:colcon.colcon_core.package_identification:_identify(examples/rclpy/guard_conditions) by extension 'ros'
[1.203s] DEBUG:colcon.colcon_core.package_identification:Package 'examples/rclpy/guard_conditions' with type 'ros.ament_python' and name 'examples_rclpy_guard_conditions'
[1.203s] Level 1:colcon.colcon_core.package_identification:_identify(examples/rclpy/services) by extensions ['ignore', 'ignore_ament_install']
[1.203s] Level 1:colcon.colcon_core.package_identification:_identify(examples/rclpy/services) by extension 'ignore'
[1.204s] Level 1:colcon.colcon_core.package_identification:_identify(examples/rclpy/services) by extension 'ignore_ament_install'
[1.204s] Level 1:colcon.colcon_core.package_identification:_identify(examples/rclpy/services) by extensions ['colcon_pkg']
[1.204s] Level 1:colcon.colcon_core.package_identification:_identify(examples/rclpy/services) by extension 'colcon_pkg'
[1.204s] Level 1:colcon.colcon_core.package_identification:_identify(examples/rclpy/services) by extensions ['colcon_meta']
[1.204s] Level 1:colcon.colcon_core.package_identification:_identify(examples/rclpy/services) by extension 'colcon_meta'
[1.204s] Level 1:colcon.colcon_core.package_identification:_identify(examples/rclpy/services) by extensions ['ros']
[1.205s] Level 1:colcon.colcon_core.package_identification:_identify(examples/rclpy/services) by extension 'ros'
[1.205s] Level 1:colcon.colcon_core.package_identification:_identify(examples/rclpy/services) by extensions ['cmake', 'python']
[1.205s] Level 1:colcon.colcon_core.package_identification:_identify(examples/rclpy/services) by extension 'cmake'
[1.205s] Level 1:colcon.colcon_core.package_identification:_identify(examples/rclpy/services) by extension 'python'
[1.205s] Level 1:colcon.colcon_core.package_identification:_identify(examples/rclpy/services) by extensions ['python_setup_py']
[1.205s] Level 1:colcon.colcon_core.package_identification:_identify(examples/rclpy/services) by extension 'python_setup_py'
[1.206s] Level 1:colcon.colcon_core.package_identification:_identify(examples/rclpy/services/minimal_client) by extensions ['ignore', 'ignore_ament_install']
[1.206s] Level 1:colcon.colcon_core.package_identification:_identify(examples/rclpy/services/minimal_client) by extension 'ignore'
[1.206s] Level 1:colcon.colcon_core.package_identification:_identify(examples/rclpy/services/minimal_client) by extension 'ignore_ament_install'
[1.207s] Level 1:colcon.colcon_core.package_identification:_identify(examples/rclpy/services/minimal_client) by extensions ['colcon_pkg']
[1.207s] Level 1:colcon.colcon_core.package_identification:_identify(examples/rclpy/services/minimal_client) by extension 'colcon_pkg'
[1.207s] Level 1:colcon.colcon_core.package_identification:_identify(examples/rclpy/services/minimal_client) by extensions ['colcon_meta']
[1.207s] Level 1:colcon.colcon_core.package_identification:_identify(examples/rclpy/services/minimal_client) by extension 'colcon_meta'
[1.207s] Level 1:colcon.colcon_core.package_identification:_identify(examples/rclpy/services/minimal_client) by extensions ['ros']
[1.208s] Level 1:colcon.colcon_core.package_identification:_identify(examples/rclpy/services/minimal_client) by extension 'ros'
[1.210s] DEBUG:colcon.colcon_core.package_identification:Package 'examples/rclpy/services/minimal_client' with type 'ros.ament_python' and name 'examples_rclpy_minimal_client'
[1.210s] Level 1:colcon.colcon_core.package_identification:_identify(examples/rclpy/services/minimal_service) by extensions ['ignore', 'ignore_ament_install']
[1.210s] Level 1:colcon.colcon_core.package_identification:_identify(examples/rclpy/services/minimal_service) by extension 'ignore'
[1.211s] Level 1:colcon.colcon_core.package_identification:_identify(examples/rclpy/services/minimal_service) by extension 'ignore_ament_install'
[1.211s] Level 1:colcon.colcon_core.package_identification:_identify(examples/rclpy/services/minimal_service) by extensions ['colcon_pkg']
[1.211s] Level 1:colcon.colcon_core.package_identification:_identify(examples/rclpy/services/minimal_service) by extension 'colcon_pkg'
[1.211s] Level 1:colcon.colcon_core.package_identification:_identify(examples/rclpy/services/minimal_service) by extensions ['colcon_meta']
[1.211s] Level 1:colcon.colcon_core.package_identification:_identify(examples/rclpy/services/minimal_service) by extension 'colcon_meta'
[1.212s] Level 1:colcon.colcon_core.package_identification:_identify(examples/rclpy/services/minimal_service) by extensions ['ros']
[1.212s] Level 1:colcon.colcon_core.package_identification:_identify(examples/rclpy/services/minimal_service) by extension 'ros'
[1.214s] DEBUG:colcon.colcon_core.package_identification:Package 'examples/rclpy/services/minimal_service' with type 'ros.ament_python' and name 'examples_rclpy_minimal_service'
[1.214s] Level 1:colcon.colcon_core.package_identification:_identify(examples/rclpy/topics) by extensions ['ignore', 'ignore_ament_install']
[1.214s] Level 1:colcon.colcon_core.package_identification:_identify(examples/rclpy/topics) by extension 'ignore'
[1.215s] Level 1:colcon.colcon_core.package_identification:_identify(examples/rclpy/topics) by extension 'ignore_ament_install'
[1.215s] Level 1:colcon.colcon_core.package_identification:_identify(examples/rclpy/topics) by extensions ['colcon_pkg']
[1.215s] Level 1:colcon.colcon_core.package_identification:_identify(examples/rclpy/topics) by extension 'colcon_pkg'
[1.215s] Level 1:colcon.colcon_core.package_identification:_identify(examples/rclpy/topics) by extensions ['colcon_meta']
[1.215s] Level 1:colcon.colcon_core.package_identification:_identify(examples/rclpy/topics) by extension 'colcon_meta'
[1.216s] Level 1:colcon.colcon_core.package_identification:_identify(examples/rclpy/topics) by extensions ['ros']
[1.216s] Level 1:colcon.colcon_core.package_identification:_identify(examples/rclpy/topics) by extension 'ros'
[1.216s] Level 1:colcon.colcon_core.package_identification:_identify(examples/rclpy/topics) by extensions ['cmake', 'python']
[1.216s] Level 1:colcon.colcon_core.package_identification:_identify(examples/rclpy/topics) by extension 'cmake'
[1.216s] Level 1:colcon.colcon_core.package_identification:_identify(examples/rclpy/topics) by extension 'python'
[1.217s] Level 1:colcon.colcon_core.package_identification:_identify(examples/rclpy/topics) by extensions ['python_setup_py']
[1.217s] Level 1:colcon.colcon_core.package_identification:_identify(examples/rclpy/topics) by extension 'python_setup_py'
[1.217s] Level 1:colcon.colcon_core.package_identification:_identify(examples/rclpy/topics/minimal_publisher) by extensions ['ignore', 'ignore_ament_install']
[1.217s] Level 1:colcon.colcon_core.package_identification:_identify(examples/rclpy/topics/minimal_publisher) by extension 'ignore'
[1.218s] Level 1:colcon.colcon_core.package_identification:_identify(examples/rclpy/topics/minimal_publisher) by extension 'ignore_ament_install'
[1.218s] Level 1:colcon.colcon_core.package_identification:_identify(examples/rclpy/topics/minimal_publisher) by extensions ['colcon_pkg']
[1.218s] Level 1:colcon.colcon_core.package_identification:_identify(examples/rclpy/topics/minimal_publisher) by extension 'colcon_pkg'
[1.218s] Level 1:colcon.colcon_core.package_identification:_identify(examples/rclpy/topics/minimal_publisher) by extensions ['colcon_meta']
[1.218s] Level 1:colcon.colcon_core.package_identification:_identify(examples/rclpy/topics/minimal_publisher) by extension 'colcon_meta'
[1.219s] Level 1:colcon.colcon_core.package_identification:_identify(examples/rclpy/topics/minimal_publisher) by extensions ['ros']
[1.219s] Level 1:colcon.colcon_core.package_identification:_identify(examples/rclpy/topics/minimal_publisher) by extension 'ros'
[1.221s] DEBUG:colcon.colcon_core.package_identification:Package 'examples/rclpy/topics/minimal_publisher' with type 'ros.ament_python' and name 'examples_rclpy_minimal_publisher'
[1.221s] Level 1:colcon.colcon_core.package_identification:_identify(examples/rclpy/topics/minimal_subscriber) by extensions ['ignore', 'ignore_ament_install']
[1.222s] Level 1:colcon.colcon_core.package_identification:_identify(examples/rclpy/topics/minimal_subscriber) by extension 'ignore'
[1.222s] Level 1:colcon.colcon_core.package_identification:_identify(examples/rclpy/topics/minimal_subscriber) by extension 'ignore_ament_install'
[1.222s] Level 1:colcon.colcon_core.package_identification:_identify(examples/rclpy/topics/minimal_subscriber) by extensions ['colcon_pkg']
[1.223s] Level 1:colcon.colcon_core.package_identification:_identify(examples/rclpy/topics/minimal_subscriber) by extension 'colcon_pkg'
[1.223s] Level 1:colcon.colcon_core.package_identification:_identify(examples/rclpy/topics/minimal_subscriber) by extensions ['colcon_meta']
[1.223s] Level 1:colcon.colcon_core.package_identification:_identify(examples/rclpy/topics/minimal_subscriber) by extension 'colcon_meta'
[1.223s] Level 1:colcon.colcon_core.package_identification:_identify(examples/rclpy/topics/minimal_subscriber) by extensions ['ros']
[1.223s] Level 1:colcon.colcon_core.package_identification:_identify(examples/rclpy/topics/minimal_subscriber) by extension 'ros'
[1.225s] DEBUG:colcon.colcon_core.package_identification:Package 'examples/rclpy/topics/minimal_subscriber' with type 'ros.ament_python' and name 'examples_rclpy_minimal_subscriber'
[1.226s] Level 1:colcon.colcon_core.package_identification:_identify(examples/rclpy/topics/pointcloud_publisher) by extensions ['ignore', 'ignore_ament_install']
[1.226s] Level 1:colcon.colcon_core.package_identification:_identify(examples/rclpy/topics/pointcloud_publisher) by extension 'ignore'
[1.226s] Level 1:colcon.colcon_core.package_identification:_identify(examples/rclpy/topics/pointcloud_publisher) by extension 'ignore_ament_install'
[1.226s] Level 1:colcon.colcon_core.package_identification:_identify(examples/rclpy/topics/pointcloud_publisher) by extensions ['colcon_pkg']
[1.226s] Level 1:colcon.colcon_core.package_identification:_identify(examples/rclpy/topics/pointcloud_publisher) by extension 'colcon_pkg'
[1.227s] Level 1:colcon.colcon_core.package_identification:_identify(examples/rclpy/topics/pointcloud_publisher) by extensions ['colcon_meta']
[1.227s] Level 1:colcon.colcon_core.package_identification:_identify(examples/rclpy/topics/pointcloud_publisher) by extension 'colcon_meta'
[1.227s] Level 1:colcon.colcon_core.package_identification:_identify(examples/rclpy/topics/pointcloud_publisher) by extensions ['ros']
[1.227s] Level 1:colcon.colcon_core.package_identification:_identify(examples/rclpy/topics/pointcloud_publisher) by extension 'ros'
[1.229s] DEBUG:colcon.colcon_core.package_identification:Package 'examples/rclpy/topics/pointcloud_publisher' with type 'ros.ament_python' and name 'examples_rclpy_pointcloud_publisher'
[1.230s] Level 1:colcon.colcon_core.package_identification:_identify(install) by extensions ['ignore', 'ignore_ament_install']
[1.230s] Level 1:colcon.colcon_core.package_identification:_identify(install) by extension 'ignore'
[1.230s] Level 1:colcon.colcon_core.package_identification:_identify(install) ignored
[1.231s] Level 1:colcon.colcon_core.package_identification:_identify(log) by extensions ['ignore', 'ignore_ament_install']
[1.231s] Level 1:colcon.colcon_core.package_identification:_identify(log) by extension 'ignore'
[1.231s] Level 1:colcon.colcon_core.package_identification:_identify(log) ignored
[1.232s] Level 1:colcon.colcon_core.package_identification:_identify(publisher_subscriber) by extensions ['ignore', 'ignore_ament_install']
[1.232s] Level 1:colcon.colcon_core.package_identification:_identify(publisher_subscriber) by extension 'ignore'
[1.232s] Level 1:colcon.colcon_core.package_identification:_identify(publisher_subscriber) by extension 'ignore_ament_install'
[1.232s] Level 1:colcon.colcon_core.package_identification:_identify(publisher_subscriber) by extensions ['colcon_pkg']
[1.233s] Level 1:colcon.colcon_core.package_identification:_identify(publisher_subscriber) by extension 'colcon_pkg'
[1.233s] Level 1:colcon.colcon_core.package_identification:_identify(publisher_subscriber) by extensions ['colcon_meta']
[1.233s] Level 1:colcon.colcon_core.package_identification:_identify(publisher_subscriber) by extension 'colcon_meta'
[1.233s] Level 1:colcon.colcon_core.package_identification:_identify(publisher_subscriber) by extensions ['ros']
[1.233s] Level 1:colcon.colcon_core.package_identification:_identify(publisher_subscriber) by extension 'ros'
[1.236s] DEBUG:colcon.colcon_core.package_identification:Package 'publisher_subscriber' with type 'ros.ament_cmake' and name 'publisher_subscriber'
[1.236s] Level 1:colcon.colcon_core.package_identification:_identify(src) by extensions ['ignore', 'ignore_ament_install']
[1.237s] Level 1:colcon.colcon_core.package_identification:_identify(src) by extension 'ignore'
[1.237s] Level 1:colcon.colcon_core.package_identification:_identify(src) by extension 'ignore_ament_install'
[1.237s] Level 1:colcon.colcon_core.package_identification:_identify(src) by extensions ['colcon_pkg']
[1.237s] Level 1:colcon.colcon_core.package_identification:_identify(src) by extension 'colcon_pkg'
[1.237s] Level 1:colcon.colcon_core.package_identification:_identify(src) by extensions ['colcon_meta']
[1.238s] Level 1:colcon.colcon_core.package_identification:_identify(src) by extension 'colcon_meta'
[1.238s] Level 1:colcon.colcon_core.package_identification:_identify(src) by extensions ['ros']
[1.238s] Level 1:colcon.colcon_core.package_identification:_identify(src) by extension 'ros'
[1.238s] Level 1:colcon.colcon_core.package_identification:_identify(src) by extensions ['cmake', 'python']
[1.238s] Level 1:colcon.colcon_core.package_identification:_identify(src) by extension 'cmake'
[1.239s] Level 1:colcon.colcon_core.package_identification:_identify(src) by extension 'python'
[1.239s] Level 1:colcon.colcon_core.package_identification:_identify(src) by extensions ['python_setup_py']
[1.239s] Level 1:colcon.colcon_core.package_identification:_identify(src) by extension 'python_setup_py'
[1.239s] Level 1:colcon.colcon_core.package_identification:_identify(src/cpp_pubsub) by extensions ['ignore', 'ignore_ament_install']
[1.240s] Level 1:colcon.colcon_core.package_identification:_identify(src/cpp_pubsub) by extension 'ignore'
[1.240s] Level 1:colcon.colcon_core.package_identification:_identify(src/cpp_pubsub) by extension 'ignore_ament_install'
[1.240s] Level 1:colcon.colcon_core.package_identification:_identify(src/cpp_pubsub) by extensions ['colcon_pkg']
[1.240s] Level 1:colcon.colcon_core.package_identification:_identify(src/cpp_pubsub) by extension 'colcon_pkg'
[1.240s] Level 1:colcon.colcon_core.package_identification:_identify(src/cpp_pubsub) by extensions ['colcon_meta']
[1.240s] Level 1:colcon.colcon_core.package_identification:_identify(src/cpp_pubsub) by extension 'colcon_meta'
[1.241s] Level 1:colcon.colcon_core.package_identification:_identify(src/cpp_pubsub) by extensions ['ros']
[1.241s] Level 1:colcon.colcon_core.package_identification:_identify(src/cpp_pubsub) by extension 'ros'
[1.243s] DEBUG:colcon.colcon_core.package_identification:Package 'src/cpp_pubsub' with type 'ros.ament_cmake' and name 'cpp_pubsub'
[1.243s] Level 1:colcon.colcon_core.package_identification:_identify(src/manual_pubsub) by extensions ['ignore', 'ignore_ament_install']
[1.243s] Level 1:colcon.colcon_core.package_identification:_identify(src/manual_pubsub) by extension 'ignore'
[1.244s] Level 1:colcon.colcon_core.package_identification:_identify(src/manual_pubsub) by extension 'ignore_ament_install'
[1.244s] Level 1:colcon.colcon_core.package_identification:_identify(src/manual_pubsub) by extensions ['colcon_pkg']
[1.244s] Level 1:colcon.colcon_core.package_identification:_identify(src/manual_pubsub) by extension 'colcon_pkg'
[1.244s] Level 1:colcon.colcon_core.package_identification:_identify(src/manual_pubsub) by extensions ['colcon_meta']
[1.244s] Level 1:colcon.colcon_core.package_identification:_identify(src/manual_pubsub) by extension 'colcon_meta'
[1.245s] Level 1:colcon.colcon_core.package_identification:_identify(src/manual_pubsub) by extensions ['ros']
[1.245s] Level 1:colcon.colcon_core.package_identification:_identify(src/manual_pubsub) by extension 'ros'
[1.246s] DEBUG:colcon.colcon_core.package_identification:Package 'src/manual_pubsub' with type 'ros.ament_cmake' and name 'manual_pubsub'
[1.247s] Level 1:colcon.colcon_core.package_identification:_identify(src/robosub) by extensions ['ignore', 'ignore_ament_install']
[1.247s] Level 1:colcon.colcon_core.package_identification:_identify(src/robosub) by extension 'ignore'
[1.247s] Level 1:colcon.colcon_core.package_identification:_identify(src/robosub) by extension 'ignore_ament_install'
[1.247s] Level 1:colcon.colcon_core.package_identification:_identify(src/robosub) by extensions ['colcon_pkg']
[1.248s] Level 1:colcon.colcon_core.package_identification:_identify(src/robosub) by extension 'colcon_pkg'
[1.248s] Level 1:colcon.colcon_core.package_identification:_identify(src/robosub) by extensions ['colcon_meta']
[1.248s] Level 1:colcon.colcon_core.package_identification:_identify(src/robosub) by extension 'colcon_meta'
[1.248s] Level 1:colcon.colcon_core.package_identification:_identify(src/robosub) by extensions ['ros']
[1.248s] Level 1:colcon.colcon_core.package_identification:_identify(src/robosub) by extension 'ros'
[1.251s] DEBUG:colcon.colcon_core.package_identification:Package 'src/robosub' with type 'ros.ament_cmake' and name 'robosub'
[1.252s] Level 1:colcon.colcon_core.package_discovery:discover_packages(recursive) using defaults
[1.252s] Level 1:colcon.colcon_core.package_discovery:discover_packages(ignore) discover
[1.252s] Level 1:colcon.colcon_core.package_discovery:discover_packages(ignore) using defaults
[1.252s] Level 1:colcon.colcon_core.package_discovery:discover_packages(path) discover
[1.252s] Level 1:colcon.colcon_core.package_discovery:discover_packages(path) using defaults
[1.386s] INFO:colcon.colcon_core.package_selection:Skipping not selected package 'cpp_pubsub' in 'src/cpp_pubsub'
[1.386s] INFO:colcon.colcon_core.package_selection:Skipping not selected package 'examples_rclcpp_async_client' in 'examples/rclcpp/services/async_client'
[1.386s] INFO:colcon.colcon_core.package_selection:Skipping not selected package 'examples_rclcpp_cbg_executor' in 'examples/rclcpp/executors/cbg_executor'
[1.386s] INFO:colcon.colcon_core.package_selection:Skipping not selected package 'examples_rclcpp_minimal_action_client' in 'examples/rclcpp/actions/minimal_action_client'
[1.387s] INFO:colcon.colcon_core.package_selection:Skipping not selected package 'examples_rclcpp_minimal_action_server' in 'examples/rclcpp/actions/minimal_action_server'
[1.387s] INFO:colcon.colcon_core.package_selection:Skipping not selected package 'examples_rclcpp_minimal_client' in 'examples/rclcpp/services/minimal_client'
[1.387s] INFO:colcon.colcon_core.package_selection:Skipping not selected package 'examples_rclcpp_minimal_composition' in 'examples/rclcpp/composition/minimal_composition'
[1.387s] INFO:colcon.colcon_core.package_selection:Skipping not selected package 'examples_rclcpp_minimal_publisher' in 'examples/rclcpp/topics/minimal_publisher'
[1.387s] INFO:colcon.colcon_core.package_selection:Skipping not selected package 'examples_rclcpp_minimal_service' in 'examples/rclcpp/services/minimal_service'
[1.387s] INFO:colcon.colcon_core.package_selection:Skipping not selected package 'examples_rclcpp_minimal_subscriber' in 'examples/rclcpp/topics/minimal_subscriber'
[1.387s] INFO:colcon.colcon_core.package_selection:Skipping not selected package 'examples_rclcpp_minimal_timer' in 'examples/rclcpp/timers/minimal_timer'
[1.387s] INFO:colcon.colcon_core.package_selection:Skipping not selected package 'examples_rclcpp_multithreaded_executor' in 'examples/rclcpp/executors/multithreaded_executor'
[1.388s] INFO:colcon.colcon_core.package_selection:Skipping not selected package 'examples_rclcpp_wait_set' in 'examples/rclcpp/wait_set'
[1.388s] INFO:colcon.colcon_core.package_selection:Skipping not selected package 'examples_rclpy_executors' in 'examples/rclpy/executors'
[1.388s] INFO:colcon.colcon_core.package_selection:Skipping not selected package 'examples_rclpy_guard_conditions' in 'examples/rclpy/guard_conditions'
[1.388s] INFO:colcon.colcon_core.package_selection:Skipping not selected package 'examples_rclpy_minimal_action_client' in 'examples/rclpy/actions/minimal_action_client'
[1.388s] INFO:colcon.colcon_core.package_selection:Skipping not selected package 'examples_rclpy_minimal_action_server' in 'examples/rclpy/actions/minimal_action_server'
[1.388s] INFO:colcon.colcon_core.package_selection:Skipping not selected package 'examples_rclpy_minimal_client' in 'examples/rclpy/services/minimal_client'
[1.388s] INFO:colcon.colcon_core.package_selection:Skipping not selected package 'examples_rclpy_minimal_publisher' in 'examples/rclpy/topics/minimal_publisher'
[1.388s] INFO:colcon.colcon_core.package_selection:Skipping not selected package 'examples_rclpy_minimal_service' in 'examples/rclpy/services/minimal_service'
[1.389s] INFO:colcon.colcon_core.package_selection:Skipping not selected package 'examples_rclpy_minimal_subscriber' in 'examples/rclpy/topics/minimal_subscriber'
[1.389s] INFO:colcon.colcon_core.package_selection:Skipping not selected package 'examples_rclpy_pointcloud_publisher' in 'examples/rclpy/topics/pointcloud_publisher'
[1.389s] INFO:colcon.colcon_core.package_selection:Skipping not selected package 'launch_testing_examples' in 'examples/launch_testing/launch_testing_examples'
[1.389s] INFO:colcon.colcon_core.package_selection:Skipping not selected package 'publisher_subscriber' in 'publisher_subscriber'
[1.389s] INFO:colcon.colcon_core.package_selection:Skipping not selected package 'robosub' in 'src/robosub'
[1.394s] Level 1:colcon.colcon_core.package_discovery:discover_packages(prefix_path) check parameters
[1.394s] Level 1:colcon.colcon_core.package_discovery:discover_packages(prefix_path) discover
[1.411s] DEBUG:colcon.colcon_installed_package_information.package_discovery:Found 263 installed packages in /opt/ros/foxy
[1.418s] Level 1:colcon.colcon_core.package_discovery:discover_packages(prefix_path) using defaults
[1.746s] Level 5:colcon.colcon_core.verb:set package 'manual_pubsub' build argument 'cmake_args' from command line to 'None'
[1.746s] Level 5:colcon.colcon_core.verb:set package 'manual_pubsub' build argument 'cmake_target' from command line to 'None'
[1.746s] Level 5:colcon.colcon_core.verb:set package 'manual_pubsub' build argument 'cmake_target_skip_unavailable' from command line to 'False'
[1.746s] Level 5:colcon.colcon_core.verb:set package 'manual_pubsub' build argument 'cmake_clean_cache' from command line to 'False'
[1.746s] Level 5:colcon.colcon_core.verb:set package 'manual_pubsub' build argument 'cmake_clean_first' from command line to 'False'
[1.747s] Level 5:colcon.colcon_core.verb:set package 'manual_pubsub' build argument 'cmake_force_configure' from command line to 'False'
[1.747s] Level 5:colcon.colcon_core.verb:set package 'manual_pubsub' build argument 'ament_cmake_args' from command line to 'None'
[1.747s] Level 5:colcon.colcon_core.verb:set package 'manual_pubsub' build argument 'catkin_cmake_args' from command line to 'None'
[1.747s] Level 5:colcon.colcon_core.verb:set package 'manual_pubsub' build argument 'catkin_skip_building_tests' from command line to 'False'
[1.747s] DEBUG:colcon.colcon_core.verb:Building package 'manual_pubsub' with the following arguments: {'ament_cmake_args': None, 'build_base': '/home/lur/controller/build/manual_pubsub', 'catkin_cmake_args': None, 'catkin_skip_building_tests': False, 'cmake_args': None, 'cmake_clean_cache': False, 'cmake_clean_first': False, 'cmake_force_configure': False, 'cmake_target': None, 'cmake_target_skip_unavailable': False, 'install_base': '/home/lur/controller/install/manual_pubsub', 'merge_install': False, 'path': '/home/lur/controller/src/manual_pubsub', 'symlink_install': False, 'test_result_base': None}
[1.748s] INFO:colcon.colcon_core.executor:Executing jobs using 'parallel' executor
[1.757s] DEBUG:colcon.colcon_parallel_executor.executor.parallel:run_until_complete
[1.758s] INFO:colcon.colcon_ros.task.ament_cmake.build:Building ROS package in '/home/lur/controller/src/manual_pubsub' with build type 'ament_cmake'
[1.759s] INFO:colcon.colcon_cmake.task.cmake.build:Building CMake package in '/home/lur/controller/src/manual_pubsub'
[1.784s] INFO:colcon.colcon_core.plugin_system:Skipping extension 'colcon_core.shell.bat': Not used on non-Windows systems
[1.785s] INFO:colcon.colcon_core.shell:Skip shell extension 'powershell' for command environment: Not usable outside of PowerShell
[1.786s] DEBUG:colcon.colcon_core.shell:Skip shell extension 'dsv' for command environment
[1.820s] DEBUG:colcon.colcon_core.event_handler.log_command:Invoking command in '/home/lur/controller/build/manual_pubsub': CMAKE_PREFIX_PATH=/opt/ros/foxy /usr/bin/cmake /home/lur/controller/src/manual_pubsub -DCMAKE_INSTALL_PREFIX=/home/lur/controller/install/manual_pubsub
[9.410s] DEBUG:colcon.colcon_core.event_handler.log_command:Invoked command in '/home/lur/controller/build/manual_pubsub' returned '0': CMAKE_PREFIX_PATH=/opt/ros/foxy /usr/bin/cmake /home/lur/controller/src/manual_pubsub -DCMAKE_INSTALL_PREFIX=/home/lur/controller/install/manual_pubsub
[9.426s] DEBUG:colcon.colcon_core.event_handler.log_command:Invoking command in '/home/lur/controller/build/manual_pubsub': CMAKE_PREFIX_PATH=/opt/ros/foxy /usr/bin/cmake --build /home/lur/controller/build/manual_pubsub -- -j4 -l4
[28.919s] DEBUG:colcon.colcon_core.event_handler.log_command:Invoked command in '/home/lur/controller/build/manual_pubsub' returned '0': CMAKE_PREFIX_PATH=/opt/ros/foxy /usr/bin/cmake --build /home/lur/controller/build/manual_pubsub -- -j4 -l4
[29.069s] DEBUG:colcon.colcon_core.event_handler.log_command:Invoking command in '/home/lur/controller/build/manual_pubsub': CMAKE_PREFIX_PATH=/opt/ros/foxy /usr/bin/cmake --install /home/lur/controller/build/manual_pubsub
[29.140s] Level 1:colcon.colcon_core.environment:create_environment_scripts_only(manual_pubsub)
[29.145s] DEBUG:colcon.colcon_core.event_handler.log_command:Invoked command in '/home/lur/controller/build/manual_pubsub' returned '0': CMAKE_PREFIX_PATH=/opt/ros/foxy /usr/bin/cmake --install /home/lur/controller/build/manual_pubsub
[29.190s] Level 1:colcon.colcon_core.environment:checking '/home/lur/controller/install/manual_pubsub' for CMake module files
[29.193s] Level 1:colcon.colcon_core.environment:checking '/home/lur/controller/install/manual_pubsub' for CMake config files
[29.195s] Level 1:colcon.colcon_core.shell:create_environment_hook('manual_pubsub', 'cmake_prefix_path')
[29.198s] INFO:colcon.colcon_core.shell:Creating environment hook '/home/lur/controller/install/manual_pubsub/share/manual_pubsub/hook/cmake_prefix_path.ps1'
[29.202s] INFO:colcon.colcon_core.shell:Creating environment descriptor '/home/lur/controller/install/manual_pubsub/share/manual_pubsub/hook/cmake_prefix_path.dsv'
[29.205s] INFO:colcon.colcon_core.shell:Creating environment hook '/home/lur/controller/install/manual_pubsub/share/manual_pubsub/hook/cmake_prefix_path.sh'
[29.209s] Level 1:colcon.colcon_core.environment:checking '/home/lur/controller/install/manual_pubsub/lib'
[29.210s] Level 1:colcon.colcon_core.environment:checking '/home/lur/controller/install/manual_pubsub/bin'
[29.210s] Level 1:colcon.colcon_core.environment:checking '/home/lur/controller/install/manual_pubsub/lib/pkgconfig/manual_pubsub.pc'
[29.211s] Level 1:colcon.colcon_core.environment:checking '/home/lur/controller/install/manual_pubsub/lib/python3.8/site-packages'
[29.211s] Level 1:colcon.colcon_core.environment:checking '/home/lur/controller/install/manual_pubsub/bin'
[29.213s] INFO:colcon.colcon_core.shell:Creating package script '/home/lur/controller/install/manual_pubsub/share/manual_pubsub/package.ps1'
[29.217s] INFO:colcon.colcon_core.shell:Creating package descriptor '/home/lur/controller/install/manual_pubsub/share/manual_pubsub/package.dsv'
[29.219s] INFO:colcon.colcon_core.shell:Creating package script '/home/lur/controller/install/manual_pubsub/share/manual_pubsub/package.sh'
[29.223s] INFO:colcon.colcon_core.shell:Creating package script '/home/lur/controller/install/manual_pubsub/share/manual_pubsub/package.bash'
[29.226s] INFO:colcon.colcon_core.shell:Creating package script '/home/lur/controller/install/manual_pubsub/share/manual_pubsub/package.zsh'
[29.229s] Level 1:colcon.colcon_core.environment:create_file_with_runtime_dependencies(/home/lur/controller/install/manual_pubsub/share/colcon-core/packages/manual_pubsub)
[29.330s] Level 1:colcon.colcon_core.environment:create_environment_scripts_only(manual_pubsub)
[29.335s] Level 1:colcon.colcon_core.environment:checking '/home/lur/controller/install/manual_pubsub' for CMake module files
[29.338s] Level 1:colcon.colcon_core.environment:checking '/home/lur/controller/install/manual_pubsub' for CMake config files
[29.340s] Level 1:colcon.colcon_core.shell:create_environment_hook('manual_pubsub', 'cmake_prefix_path')
[29.341s] INFO:colcon.colcon_core.shell:Creating environment hook '/home/lur/controller/install/manual_pubsub/share/manual_pubsub/hook/cmake_prefix_path.ps1'
[29.344s] INFO:colcon.colcon_core.shell:Creating environment descriptor '/home/lur/controller/install/manual_pubsub/share/manual_pubsub/hook/cmake_prefix_path.dsv'
[29.346s] INFO:colcon.colcon_core.shell:Creating environment hook '/home/lur/controller/install/manual_pubsub/share/manual_pubsub/hook/cmake_prefix_path.sh'
[29.349s] Level 1:colcon.colcon_core.environment:checking '/home/lur/controller/install/manual_pubsub/lib'
[29.349s] Level 1:colcon.colcon_core.environment:checking '/home/lur/controller/install/manual_pubsub/bin'
[29.349s] Level 1:colcon.colcon_core.environment:checking '/home/lur/controller/install/manual_pubsub/lib/pkgconfig/manual_pubsub.pc'
[29.350s] Level 1:colcon.colcon_core.environment:checking '/home/lur/controller/install/manual_pubsub/lib/python3.8/site-packages'
[29.351s] Level 1:colcon.colcon_core.environment:checking '/home/lur/controller/install/manual_pubsub/bin'
[29.353s] INFO:colcon.colcon_core.shell:Creating package script '/home/lur/controller/install/manual_pubsub/share/manual_pubsub/package.ps1'
[29.355s] INFO:colcon.colcon_core.shell:Creating package descriptor '/home/lur/controller/install/manual_pubsub/share/manual_pubsub/package.dsv'
[29.357s] INFO:colcon.colcon_core.shell:Creating package script '/home/lur/controller/install/manual_pubsub/share/manual_pubsub/package.sh'
[29.359s] INFO:colcon.colcon_core.shell:Creating package script '/home/lur/controller/install/manual_pubsub/share/manual_pubsub/package.bash'
[29.360s] INFO:colcon.colcon_core.shell:Creating package script '/home/lur/controller/install/manual_pubsub/share/manual_pubsub/package.zsh'
[29.362s] Level 1:colcon.colcon_core.environment:create_file_with_runtime_dependencies(/home/lur/controller/install/manual_pubsub/share/colcon-core/packages/manual_pubsub)
[29.363s] DEBUG:colcon.colcon_parallel_executor.executor.parallel:closing loop
[29.364s] DEBUG:colcon.colcon_parallel_executor.executor.parallel:loop closed
[29.365s] DEBUG:colcon.colcon_parallel_executor.executor.parallel:run_until_complete finished with '0'
[29.365s] DEBUG:colcon.colcon_core.event_reactor:joining thread
[29.395s] INFO:colcon.colcon_core.plugin_system:Skipping extension 'colcon_notification.desktop_notification.terminal_notifier': Not used on non-Darwin systems
[29.396s] INFO:colcon.colcon_core.plugin_system:Skipping extension 'colcon_notification.desktop_notification.win32': Not used on non-Windows systems
[29.397s] INFO:colcon.colcon_notification.desktop_notification:Sending desktop notification using 'notify2'
[29.459s] DEBUG:colcon.colcon_core.event_reactor:joined thread
[29.461s] INFO:colcon.colcon_core.shell:Creating prefix script '/home/lur/controller/install/local_setup.ps1'
[29.469s] INFO:colcon.colcon_core.shell:Creating prefix util module '/home/lur/controller/install/_local_setup_util_ps1.py'
[29.475s] INFO:colcon.colcon_core.shell:Creating prefix chain script '/home/lur/controller/install/setup.ps1'
[29.480s] INFO:colcon.colcon_core.shell:Creating prefix script '/home/lur/controller/install/local_setup.sh'
[29.483s] INFO:colcon.colcon_core.shell:Creating prefix util module '/home/lur/controller/install/_local_setup_util_sh.py'
[29.486s] INFO:colcon.colcon_core.shell:Creating prefix chain script '/home/lur/controller/install/setup.sh'
[29.492s] INFO:colcon.colcon_core.shell:Creating prefix script '/home/lur/controller/install/local_setup.bash'
[29.495s] INFO:colcon.colcon_core.shell:Creating prefix chain script '/home/lur/controller/install/setup.bash'
[29.500s] INFO:colcon.colcon_core.shell:Creating prefix script '/home/lur/controller/install/local_setup.zsh'
[29.503s] INFO:colcon.colcon_core.shell:Creating prefix chain script '/home/lur/controller/install/setup.zsh'
