[0.069s] Invoking command in '/home/lur/controller/build/robosub': CMAKE_PREFIX_PATH=/opt/ros/foxy /usr/bin/cmake --build /home/lur/controller/build/robosub -- -j4 -l4
[0.231s] [35m[1mScanning dependencies of target controller_node[0m
[0.353s] [ 50%] [32mBuilding CXX object CMakeFiles/controller_node.dir/src/controller_node.cpp.o[0m
[17.025s] [100%] [32m[1mLinking CXX executable controller_node[0m
[17.981s] [100%] Built target controller_node
[18.026s] Invoked command in '/home/lur/controller/build/robosub' returned '0': CMAKE_PREFIX_PATH=/opt/ros/foxy /usr/bin/cmake --build /home/lur/controller/build/robosub -- -j4 -l4
[18.176s] Invoking command in '/home/lur/controller/build/robosub': CMAKE_PREFIX_PATH=/opt/ros/foxy /usr/bin/cmake --install /home/lur/controller/build/robosub
[18.208s] -- Install configuration: ""
[18.209s] -- Installing: /home/lur/controller/install/robosub/lib/robosub/controller_node
[18.223s] -- Set runtime path of "/home/lur/controller/install/robosub/lib/robosub/controller_node" to ""
[18.224s] -- Up-to-date: /home/lur/controller/install/robosub/share/ament_index/resource_index/package_run_dependencies/robosub
[18.227s] -- Up-to-date: /home/lur/controller/install/robosub/share/ament_index/resource_index/parent_prefix_path/robosub
[18.228s] -- Up-to-date: /home/lur/controller/install/robosub/share/robosub/environment/ament_prefix_path.sh
[18.228s] -- Up-to-date: /home/lur/controller/install/robosub/share/robosub/environment/ament_prefix_path.dsv
[18.229s] -- Up-to-date: /home/lur/controller/install/robosub/share/robosub/environment/path.sh
[18.229s] -- Up-to-date: /home/lur/controller/install/robosub/share/robosub/environment/path.dsv
[18.229s] -- Up-to-date: /home/lur/controller/install/robosub/share/robosub/local_setup.bash
[18.230s] -- Up-to-date: /home/lur/controller/install/robosub/share/robosub/local_setup.sh
[18.230s] -- Up-to-date: /home/lur/controller/install/robosub/share/robosub/local_setup.zsh
[18.230s] -- Up-to-date: /home/lur/controller/install/robosub/share/robosub/local_setup.dsv
[18.231s] -- Installing: /home/lur/controller/install/robosub/share/robosub/package.dsv
[18.231s] -- Up-to-date: /home/lur/controller/install/robosub/share/ament_index/resource_index/packages/robosub
[18.231s] -- Up-to-date: /home/lur/controller/install/robosub/share/robosub/cmake/robosubConfig.cmake
[18.231s] -- Up-to-date: /home/lur/controller/install/robosub/share/robosub/cmake/robosubConfig-version.cmake
[18.232s] -- Up-to-date: /home/lur/controller/install/robosub/share/robosub/package.xml
[18.239s] Invoked command in '/home/lur/controller/build/robosub' returned '0': CMAKE_PREFIX_PATH=/opt/ros/foxy /usr/bin/cmake --install /home/lur/controller/build/robosub
