[0.064s] Invoking command in '/home/lur/controller/build/manual_pubsub': CMAKE_PREFIX_PATH=${CMAKE_PREFIX_PATH}:/opt/ros/foxy /usr/bin/cmake --build /home/lur/controller/build/manual_pubsub -- -j4 -l4
[0.224s] [35m[1mScanning dependencies of target talker[0m
[0.295s] [ 50%] Built target listener
[0.330s] [ 75%] [32mBuilding CXX object CMakeFiles/talker.dir/src/publisher_member_function.cpp.o[0m
[4.511s] [01m[K/home/lur/controller/src/manual_pubsub/src/publisher_member_function.cpp:[m[K In constructor ‘[01m[KMinimalPublisher::MinimalPublisher()[m[K’:
[4.512s] [01m[K/home/lur/controller/src/manual_pubsub/src/publisher_member_function.cpp:68:86:[m[K [01;31m[Kerror: [m[K‘[01m[KQoS[m[K’ was not declared in this scope; did you mean ‘[01m[Krclcpp::QoS[m[K’?
[4.512s]    68 |     publisher_ = this->create_publisher<manualMsg>("/mavros/manual_control/control", [01;31m[KQoS[m[K(10));
[4.513s]       |                                                                                      [01;31m[K^~~[m[K
[4.513s]       |                                                                                      [32m[Krclcpp::QoS[m[K
[4.513s] In file included from [01m[K/opt/ros/foxy/include/rclcpp/node_interfaces/node_graph_interface.hpp:31[m[K,
[4.513s]                  from [01m[K/opt/ros/foxy/include/rclcpp/client.hpp:34[m[K,
[4.514s]                  from [01m[K/opt/ros/foxy/include/rclcpp/callback_group.hpp:23[m[K,
[4.514s]                  from [01m[K/opt/ros/foxy/include/rclcpp/any_executable.hpp:20[m[K,
[4.514s]                  from [01m[K/opt/ros/foxy/include/rclcpp/memory_strategy.hpp:24[m[K,
[4.515s]                  from [01m[K/opt/ros/foxy/include/rclcpp/memory_strategies.hpp:18[m[K,
[4.515s]                  from [01m[K/opt/ros/foxy/include/rclcpp/executor_options.hpp:20[m[K,
[4.515s]                  from [01m[K/opt/ros/foxy/include/rclcpp/executor.hpp:33[m[K,
[4.515s]                  from [01m[K/opt/ros/foxy/include/rclcpp/executors/multi_threaded_executor.hpp:26[m[K,
[4.516s]                  from [01m[K/opt/ros/foxy/include/rclcpp/executors.hpp:21[m[K,
[4.516s]                  from [01m[K/opt/ros/foxy/include/rclcpp/rclcpp.hpp:146[m[K,
[4.516s]                  from [01m[K/home/lur/controller/src/manual_pubsub/src/publisher_member_function.cpp:18[m[K:
[4.516s] [01m[K/opt/ros/foxy/include/rclcpp/qos.hpp:60:21:[m[K [01;36m[Knote: [m[K‘[01m[Krclcpp::QoS[m[K’ declared here
[4.517s]    60 | class RCLCPP_PUBLIC [01;36m[KQoS[m[K
[4.517s]       |                     [01;36m[K^~~[m[K
[6.722s] make[2]: *** [CMakeFiles/talker.dir/build.make:63: CMakeFiles/talker.dir/src/publisher_member_function.cpp.o] Error 1
[6.723s] make[1]: *** [CMakeFiles/Makefile2:107: CMakeFiles/talker.dir/all] Error 2
[6.724s] make: *** [Makefile:141: all] Error 2
[6.733s] Invoked command in '/home/lur/controller/build/manual_pubsub' returned '2': CMAKE_PREFIX_PATH=${CMAKE_PREFIX_PATH}:/opt/ros/foxy /usr/bin/cmake --build /home/lur/controller/build/manual_pubsub -- -j4 -l4
